<?xml version="1.0" encoding="UTF-8" ?>
<testsuite tests="46" failures="0" name="br.com.ricardotulio.mikrotikadmin.EditaClientesTest" time="9.855" errors="0" skipped="0">
  <properties>
    <property name="java.runtime.name" value="Java(TM) SE Runtime Environment"/>
    <property name="sun.boot.library.path" value="/opt/jdk/jdk1.8.0_51/jre/lib/amd64"/>
    <property name="java.vm.version" value="25.51-b03"/>
    <property name="java.vm.vendor" value="Oracle Corporation"/>
    <property name="java.vendor.url" value="http://java.oracle.com/"/>
    <property name="path.separator" value=":"/>
    <property name="guice.disable.misplaced.annotation.check" value="true"/>
    <property name="java.vm.name" value="Java HotSpot(TM) 64-Bit Server VM"/>
    <property name="file.encoding.pkg" value="sun.io"/>
    <property name="user.country" value="BR"/>
    <property name="sun.java.launcher" value="SUN_STANDARD"/>
    <property name="sun.os.patch.level" value="unknown"/>
    <property name="java.vm.specification.name" value="Java Virtual Machine Specification"/>
    <property name="user.dir" value="/home/ricardo/workspace/mikrotikadmin"/>
    <property name="java.runtime.version" value="1.8.0_51-b16"/>
    <property name="java.awt.graphicsenv" value="sun.awt.X11GraphicsEnvironment"/>
    <property name="java.endorsed.dirs" value="/opt/jdk/jdk1.8.0_51/jre/lib/endorsed"/>
    <property name="os.arch" value="amd64"/>
    <property name="java.io.tmpdir" value="/tmp"/>
    <property name="line.separator" value="
"/>
    <property name="java.vm.specification.vendor" value="Oracle Corporation"/>
    <property name="os.name" value="Linux"/>
    <property name="classworlds.conf" value="/usr/share/maven/bin/m2.conf"/>
    <property name="sun.jnu.encoding" value="UTF-8"/>
    <property name="java.library.path" value="/usr/java/packages/lib/amd64:/usr/lib64:/lib64:/lib:/usr/lib"/>
    <property name="java.specification.name" value="Java Platform API Specification"/>
    <property name="java.class.version" value="52.0"/>
    <property name="sun.management.compiler" value="HotSpot 64-Bit Tiered Compilers"/>
    <property name="os.version" value="3.16.0-4-amd64"/>
    <property name="user.home" value="/home/ricardo"/>
    <property name="user.timezone" value="America/Sao_Paulo"/>
    <property name="java.awt.printerjob" value="sun.print.PSPrinterJob"/>
    <property name="file.encoding" value="UTF-8"/>
    <property name="java.specification.version" value="1.8"/>
    <property name="user.name" value="ricardo"/>
    <property name="java.class.path" value="/usr/share/maven/boot/plexus-classworlds-2.x.jar"/>
    <property name="java.vm.specification.version" value="1.8"/>
    <property name="sun.arch.data.model" value="64"/>
    <property name="java.home" value="/opt/jdk/jdk1.8.0_51/jre"/>
    <property name="sun.java.command" value="org.codehaus.plexus.classworlds.launcher.Launcher package"/>
    <property name="java.specification.vendor" value="Oracle Corporation"/>
    <property name="user.language" value="pt"/>
    <property name="awt.toolkit" value="sun.awt.X11.XToolkit"/>
    <property name="java.vm.info" value="mixed mode"/>
    <property name="java.version" value="1.8.0_51"/>
    <property name="java.ext.dirs" value="/opt/jdk/jdk1.8.0_51/jre/lib/ext:/usr/java/packages/lib/ext"/>
    <property name="securerandom.source" value="file:/dev/./urandom"/>
    <property name="sun.boot.class.path" value="/opt/jdk/jdk1.8.0_51/jre/lib/resources.jar:/opt/jdk/jdk1.8.0_51/jre/lib/rt.jar:/opt/jdk/jdk1.8.0_51/jre/lib/sunrsasign.jar:/opt/jdk/jdk1.8.0_51/jre/lib/jsse.jar:/opt/jdk/jdk1.8.0_51/jre/lib/jce.jar:/opt/jdk/jdk1.8.0_51/jre/lib/charsets.jar:/opt/jdk/jdk1.8.0_51/jre/lib/jfr.jar:/opt/jdk/jdk1.8.0_51/jre/classes"/>
    <property name="java.vendor" value="Oracle Corporation"/>
    <property name="maven.home" value="/usr/share/maven"/>
    <property name="file.separator" value="/"/>
    <property name="java.vendor.url.bug" value="http://bugreport.sun.com/bugreport/"/>
    <property name="sun.cpu.endian" value="little"/>
    <property name="sun.io.unicode.encoding" value="UnicodeLittle"/>
    <property name="sun.desktop" value="gnome"/>
    <property name="sun.cpu.isalist" value=""/>
  </properties>
  <testcase classname="br.com.ricardotulio.mikrotikadmin.EditaClientesTest" name="testaSeCadastraCliente[0]" time="0.242"/>
  <testcase classname="br.com.ricardotulio.mikrotikadmin.EditaClientesTest" name="testaSeCadastraCliente[1]" time="0.133"/>
  <testcase classname="br.com.ricardotulio.mikrotikadmin.EditaClientesTest" name="testaSeCadastraCliente[2]" time="0.235"/>
  <testcase classname="br.com.ricardotulio.mikrotikadmin.EditaClientesTest" name="testaSeCadastraCliente[3]" time="0.109"/>
  <testcase classname="br.com.ricardotulio.mikrotikadmin.EditaClientesTest" name="testaSeCadastraCliente[4]" time="0.109"/>
  <testcase classname="br.com.ricardotulio.mikrotikadmin.EditaClientesTest" name="testaSeCadastraCliente[5]" time="0.107"/>
  <testcase classname="br.com.ricardotulio.mikrotikadmin.EditaClientesTest" name="testaSeCadastraCliente[6]" time="0.122"/>
  <testcase classname="br.com.ricardotulio.mikrotikadmin.EditaClientesTest" name="testaSeCadastraCliente[7]" time="0.129"/>
  <testcase classname="br.com.ricardotulio.mikrotikadmin.EditaClientesTest" name="testaSeCadastraCliente[8]" time="0.093"/>
  <testcase classname="br.com.ricardotulio.mikrotikadmin.EditaClientesTest" name="testaSeCadastraCliente[9]" time="0.097"/>
  <testcase classname="br.com.ricardotulio.mikrotikadmin.EditaClientesTest" name="testaSeCadastraCliente[10]" time="0.109"/>
  <testcase classname="br.com.ricardotulio.mikrotikadmin.EditaClientesTest" name="testaSeCadastraCliente[11]" time="0.104"/>
  <testcase classname="br.com.ricardotulio.mikrotikadmin.EditaClientesTest" name="testaSeCadastraCliente[12]" time="0.096"/>
  <testcase classname="br.com.ricardotulio.mikrotikadmin.EditaClientesTest" name="testaSeCadastraCliente[13]" time="0.111"/>
  <testcase classname="br.com.ricardotulio.mikrotikadmin.EditaClientesTest" name="testaSeCadastraCliente[14]" time="0.096"/>
  <testcase classname="br.com.ricardotulio.mikrotikadmin.EditaClientesTest" name="testaSeCadastraCliente[15]" time="0.111"/>
  <testcase classname="br.com.ricardotulio.mikrotikadmin.EditaClientesTest" name="testaSeCadastraCliente[16]" time="0.099"/>
  <testcase classname="br.com.ricardotulio.mikrotikadmin.EditaClientesTest" name="testaSeCadastraCliente[17]" time="0.092"/>
  <testcase classname="br.com.ricardotulio.mikrotikadmin.EditaClientesTest" name="testaSeCadastraCliente[18]" time="0.099"/>
  <testcase classname="br.com.ricardotulio.mikrotikadmin.EditaClientesTest" name="testaSeCadastraCliente[19]" time="0.096"/>
  <testcase classname="br.com.ricardotulio.mikrotikadmin.EditaClientesTest" name="testaSeCadastraCliente[20]" time="0.102"/>
  <testcase classname="br.com.ricardotulio.mikrotikadmin.EditaClientesTest" name="testaSeCadastraCliente[21]" time="0.206"/>
  <testcase classname="br.com.ricardotulio.mikrotikadmin.EditaClientesTest" name="testaSeCadastraCliente[22]" time="0.094"/>
  <testcase classname="br.com.ricardotulio.mikrotikadmin.EditaClientesTest" name="testaSeCadastraCliente[23]" time="0.106"/>
  <testcase classname="br.com.ricardotulio.mikrotikadmin.EditaClientesTest" name="testaSeCadastraCliente[24]" time="0.097"/>
  <testcase classname="br.com.ricardotulio.mikrotikadmin.EditaClientesTest" name="testaSeCadastraCliente[25]" time="0.105"/>
  <testcase classname="br.com.ricardotulio.mikrotikadmin.EditaClientesTest" name="testaSeCadastraCliente[26]" time="0.098"/>
  <testcase classname="br.com.ricardotulio.mikrotikadmin.EditaClientesTest" name="testaSeCadastraCliente[27]" time="0.1"/>
  <testcase classname="br.com.ricardotulio.mikrotikadmin.EditaClientesTest" name="testaSeCadastraCliente[28]" time="0.094"/>
  <testcase classname="br.com.ricardotulio.mikrotikadmin.EditaClientesTest" name="testaSeCadastraCliente[29]" time="0.102"/>
  <testcase classname="br.com.ricardotulio.mikrotikadmin.EditaClientesTest" name="testaSeCadastraCliente[30]" time="0.099"/>
  <testcase classname="br.com.ricardotulio.mikrotikadmin.EditaClientesTest" name="testaSeCadastraCliente[31]" time="0.097"/>
  <testcase classname="br.com.ricardotulio.mikrotikadmin.EditaClientesTest" name="testaSeCadastraCliente[32]" time="0.108"/>
  <testcase classname="br.com.ricardotulio.mikrotikadmin.EditaClientesTest" name="testaSeCadastraCliente[33]" time="0.096"/>
  <testcase classname="br.com.ricardotulio.mikrotikadmin.EditaClientesTest" name="testaSeCadastraCliente[34]" time="0.104"/>
  <testcase classname="br.com.ricardotulio.mikrotikadmin.EditaClientesTest" name="testaSeCadastraCliente[35]" time="0.096"/>
  <testcase classname="br.com.ricardotulio.mikrotikadmin.EditaClientesTest" name="testaSeCadastraCliente[36]" time="0.101"/>
  <testcase classname="br.com.ricardotulio.mikrotikadmin.EditaClientesTest" name="testaSeCadastraCliente[37]" time="0.104"/>
  <testcase classname="br.com.ricardotulio.mikrotikadmin.EditaClientesTest" name="testaSeCadastraCliente[38]" time="0.103"/>
  <testcase classname="br.com.ricardotulio.mikrotikadmin.EditaClientesTest" name="testaSeCadastraCliente[39]" time="0.097"/>
  <testcase classname="br.com.ricardotulio.mikrotikadmin.EditaClientesTest" name="testaSeCadastraCliente[40]" time="0.093"/>
  <testcase classname="br.com.ricardotulio.mikrotikadmin.EditaClientesTest" name="testaSeCadastraCliente[41]" time="0.104"/>
  <testcase classname="br.com.ricardotulio.mikrotikadmin.EditaClientesTest" name="testaSeCadastraCliente[42]" time="0.094"/>
  <testcase classname="br.com.ricardotulio.mikrotikadmin.EditaClientesTest" name="testaSeCadastraCliente[43]" time="0.097"/>
  <testcase classname="br.com.ricardotulio.mikrotikadmin.EditaClientesTest" name="testaSeCadastraCliente[44]" time="0.105"/>
  <testcase classname="br.com.ricardotulio.mikrotikadmin.EditaClientesTest" name="testaSeCadastraCliente[45]" time="0.101"/>
</testsuite>