<?xml version="1.0" encoding="UTF-8" ?>
<testsuite tests="30" failures="0" name="br.com.ricardotulio.mikrotikadmin.model.DataVencimentoTest" time="0.095" errors="0" skipped="0">
  <properties>
    <property name="java.runtime.name" value="Java(TM) SE Runtime Environment"/>
    <property name="sun.boot.library.path" value="/opt/jdk/jdk1.8.0_51/jre/lib/amd64"/>
    <property name="java.vm.version" value="25.51-b03"/>
    <property name="java.vm.vendor" value="Oracle Corporation"/>
    <property name="java.vendor.url" value="http://java.oracle.com/"/>
    <property name="path.separator" value=":"/>
    <property name="guice.disable.misplaced.annotation.check" value="true"/>
    <property name="java.vm.name" value="Java HotSpot(TM) 64-Bit Server VM"/>
    <property name="file.encoding.pkg" value="sun.io"/>
    <property name="user.country" value="BR"/>
    <property name="sun.java.launcher" value="SUN_STANDARD"/>
    <property name="sun.os.patch.level" value="unknown"/>
    <property name="java.vm.specification.name" value="Java Virtual Machine Specification"/>
    <property name="user.dir" value="/home/ricardo/workspace/mikrotikadmin"/>
    <property name="java.runtime.version" value="1.8.0_51-b16"/>
    <property name="java.awt.graphicsenv" value="sun.awt.X11GraphicsEnvironment"/>
    <property name="java.endorsed.dirs" value="/opt/jdk/jdk1.8.0_51/jre/lib/endorsed"/>
    <property name="os.arch" value="amd64"/>
    <property name="java.io.tmpdir" value="/tmp"/>
    <property name="line.separator" value="
"/>
    <property name="java.vm.specification.vendor" value="Oracle Corporation"/>
    <property name="os.name" value="Linux"/>
    <property name="classworlds.conf" value="/usr/share/maven/bin/m2.conf"/>
    <property name="sun.jnu.encoding" value="UTF-8"/>
    <property name="java.library.path" value="/usr/java/packages/lib/amd64:/usr/lib64:/lib64:/lib:/usr/lib"/>
    <property name="java.specification.name" value="Java Platform API Specification"/>
    <property name="java.class.version" value="52.0"/>
    <property name="sun.management.compiler" value="HotSpot 64-Bit Tiered Compilers"/>
    <property name="os.version" value="3.16.0-4-amd64"/>
    <property name="user.home" value="/home/ricardo"/>
    <property name="user.timezone" value="America/Sao_Paulo"/>
    <property name="java.awt.printerjob" value="sun.print.PSPrinterJob"/>
    <property name="file.encoding" value="UTF-8"/>
    <property name="java.specification.version" value="1.8"/>
    <property name="user.name" value="ricardo"/>
    <property name="java.class.path" value="/usr/share/maven/boot/plexus-classworlds-2.x.jar"/>
    <property name="java.vm.specification.version" value="1.8"/>
    <property name="sun.arch.data.model" value="64"/>
    <property name="java.home" value="/opt/jdk/jdk1.8.0_51/jre"/>
    <property name="sun.java.command" value="org.codehaus.plexus.classworlds.launcher.Launcher package"/>
    <property name="java.specification.vendor" value="Oracle Corporation"/>
    <property name="user.language" value="pt"/>
    <property name="awt.toolkit" value="sun.awt.X11.XToolkit"/>
    <property name="java.vm.info" value="mixed mode"/>
    <property name="java.version" value="1.8.0_51"/>
    <property name="java.ext.dirs" value="/opt/jdk/jdk1.8.0_51/jre/lib/ext:/usr/java/packages/lib/ext"/>
    <property name="securerandom.source" value="file:/dev/./urandom"/>
    <property name="sun.boot.class.path" value="/opt/jdk/jdk1.8.0_51/jre/lib/resources.jar:/opt/jdk/jdk1.8.0_51/jre/lib/rt.jar:/opt/jdk/jdk1.8.0_51/jre/lib/sunrsasign.jar:/opt/jdk/jdk1.8.0_51/jre/lib/jsse.jar:/opt/jdk/jdk1.8.0_51/jre/lib/jce.jar:/opt/jdk/jdk1.8.0_51/jre/lib/charsets.jar:/opt/jdk/jdk1.8.0_51/jre/lib/jfr.jar:/opt/jdk/jdk1.8.0_51/jre/classes"/>
    <property name="java.vendor" value="Oracle Corporation"/>
    <property name="maven.home" value="/usr/share/maven"/>
    <property name="file.separator" value="/"/>
    <property name="java.vendor.url.bug" value="http://bugreport.sun.com/bugreport/"/>
    <property name="sun.cpu.endian" value="little"/>
    <property name="sun.io.unicode.encoding" value="UnicodeLittle"/>
    <property name="sun.desktop" value="gnome"/>
    <property name="sun.cpu.isalist" value=""/>
  </properties>
  <testcase classname="br.com.ricardotulio.mikrotikadmin.model.DataVencimentoTest" name="testaSeCalculaDataVencimento[0]" time="0.001"/>
  <testcase classname="br.com.ricardotulio.mikrotikadmin.model.DataVencimentoTest" name="testaSeCalculaDataVencimento[1]" time="0"/>
  <testcase classname="br.com.ricardotulio.mikrotikadmin.model.DataVencimentoTest" name="testaSeCalculaDataVencimento[2]" time="0"/>
  <testcase classname="br.com.ricardotulio.mikrotikadmin.model.DataVencimentoTest" name="testaSeCalculaDataVencimento[3]" time="0"/>
  <testcase classname="br.com.ricardotulio.mikrotikadmin.model.DataVencimentoTest" name="testaSeCalculaDataVencimento[4]" time="0"/>
  <testcase classname="br.com.ricardotulio.mikrotikadmin.model.DataVencimentoTest" name="testaSeCalculaDataVencimento[5]" time="0"/>
  <testcase classname="br.com.ricardotulio.mikrotikadmin.model.DataVencimentoTest" name="testaSeCalculaDataVencimento[6]" time="0"/>
  <testcase classname="br.com.ricardotulio.mikrotikadmin.model.DataVencimentoTest" name="testaSeCalculaDataVencimento[7]" time="0"/>
  <testcase classname="br.com.ricardotulio.mikrotikadmin.model.DataVencimentoTest" name="testaSeCalculaDataVencimento[8]" time="0"/>
  <testcase classname="br.com.ricardotulio.mikrotikadmin.model.DataVencimentoTest" name="testaSeCalculaDataVencimento[9]" time="0"/>
  <testcase classname="br.com.ricardotulio.mikrotikadmin.model.DataVencimentoTest" name="testaSeCalculaDataVencimento[10]" time="0"/>
  <testcase classname="br.com.ricardotulio.mikrotikadmin.model.DataVencimentoTest" name="testaSeCalculaDataVencimento[11]" time="0"/>
  <testcase classname="br.com.ricardotulio.mikrotikadmin.model.DataVencimentoTest" name="testaSeCalculaDataVencimento[12]" time="0"/>
  <testcase classname="br.com.ricardotulio.mikrotikadmin.model.DataVencimentoTest" name="testaSeCalculaDataVencimento[13]" time="0.001"/>
  <testcase classname="br.com.ricardotulio.mikrotikadmin.model.DataVencimentoTest" name="testaSeCalculaDataVencimento[14]" time="0"/>
  <testcase classname="br.com.ricardotulio.mikrotikadmin.model.DataVencimentoTest" name="testaSeCalculaDataVencimento[15]" time="0"/>
  <testcase classname="br.com.ricardotulio.mikrotikadmin.model.DataVencimentoTest" name="testaSeCalculaDataVencimento[16]" time="0.001"/>
  <testcase classname="br.com.ricardotulio.mikrotikadmin.model.DataVencimentoTest" name="testaSeCalculaDataVencimento[17]" time="0"/>
  <testcase classname="br.com.ricardotulio.mikrotikadmin.model.DataVencimentoTest" name="testaSeCalculaDataVencimento[18]" time="0"/>
  <testcase classname="br.com.ricardotulio.mikrotikadmin.model.DataVencimentoTest" name="testaSeCalculaDataVencimento[19]" time="0"/>
  <testcase classname="br.com.ricardotulio.mikrotikadmin.model.DataVencimentoTest" name="testaSeCalculaDataVencimento[20]" time="0"/>
  <testcase classname="br.com.ricardotulio.mikrotikadmin.model.DataVencimentoTest" name="testaSeCalculaDataVencimento[21]" time="0"/>
  <testcase classname="br.com.ricardotulio.mikrotikadmin.model.DataVencimentoTest" name="testaSeCalculaDataVencimento[22]" time="0"/>
  <testcase classname="br.com.ricardotulio.mikrotikadmin.model.DataVencimentoTest" name="testaSeCalculaDataVencimento[23]" time="0"/>
  <testcase classname="br.com.ricardotulio.mikrotikadmin.model.DataVencimentoTest" name="testaSeCalculaDataVencimento[24]" time="0"/>
  <testcase classname="br.com.ricardotulio.mikrotikadmin.model.DataVencimentoTest" name="testaSeCalculaDataVencimento[25]" time="0.001"/>
  <testcase classname="br.com.ricardotulio.mikrotikadmin.model.DataVencimentoTest" name="testaSeCalculaDataVencimento[26]" time="0"/>
  <testcase classname="br.com.ricardotulio.mikrotikadmin.model.DataVencimentoTest" name="testaSeCalculaDataVencimento[27]" time="0"/>
  <testcase classname="br.com.ricardotulio.mikrotikadmin.model.DataVencimentoTest" name="testaSeCalculaDataVencimento[28]" time="0"/>
  <testcase classname="br.com.ricardotulio.mikrotikadmin.model.DataVencimentoTest" name="testaSeCalculaDataVencimento[29]" time="0"/>
</testsuite>