<?xml version="1.0" encoding="UTF-8" ?>
<testsuite tests="100" failures="0" name="br.com.ricardotulio.mikrotikadmin.model.ClienteTest" time="0.086" errors="0" skipped="0">
  <properties>
    <property name="java.runtime.name" value="Java(TM) SE Runtime Environment"/>
    <property name="sun.boot.library.path" value="/opt/jdk/jdk1.8.0_51/jre/lib/amd64"/>
    <property name="java.vm.version" value="25.51-b03"/>
    <property name="java.vm.vendor" value="Oracle Corporation"/>
    <property name="java.vendor.url" value="http://java.oracle.com/"/>
    <property name="path.separator" value=":"/>
    <property name="guice.disable.misplaced.annotation.check" value="true"/>
    <property name="java.vm.name" value="Java HotSpot(TM) 64-Bit Server VM"/>
    <property name="file.encoding.pkg" value="sun.io"/>
    <property name="user.country" value="BR"/>
    <property name="sun.java.launcher" value="SUN_STANDARD"/>
    <property name="sun.os.patch.level" value="unknown"/>
    <property name="java.vm.specification.name" value="Java Virtual Machine Specification"/>
    <property name="user.dir" value="/home/ricardo/workspace/mikrotikadmin"/>
    <property name="java.runtime.version" value="1.8.0_51-b16"/>
    <property name="java.awt.graphicsenv" value="sun.awt.X11GraphicsEnvironment"/>
    <property name="java.endorsed.dirs" value="/opt/jdk/jdk1.8.0_51/jre/lib/endorsed"/>
    <property name="os.arch" value="amd64"/>
    <property name="java.io.tmpdir" value="/tmp"/>
    <property name="line.separator" value="
"/>
    <property name="java.vm.specification.vendor" value="Oracle Corporation"/>
    <property name="os.name" value="Linux"/>
    <property name="classworlds.conf" value="/usr/share/maven/bin/m2.conf"/>
    <property name="sun.jnu.encoding" value="UTF-8"/>
    <property name="java.library.path" value="/usr/java/packages/lib/amd64:/usr/lib64:/lib64:/lib:/usr/lib"/>
    <property name="java.specification.name" value="Java Platform API Specification"/>
    <property name="java.class.version" value="52.0"/>
    <property name="sun.management.compiler" value="HotSpot 64-Bit Tiered Compilers"/>
    <property name="os.version" value="3.16.0-4-amd64"/>
    <property name="user.home" value="/home/ricardo"/>
    <property name="user.timezone" value="America/Sao_Paulo"/>
    <property name="java.awt.printerjob" value="sun.print.PSPrinterJob"/>
    <property name="file.encoding" value="UTF-8"/>
    <property name="java.specification.version" value="1.8"/>
    <property name="user.name" value="ricardo"/>
    <property name="java.class.path" value="/usr/share/maven/boot/plexus-classworlds-2.x.jar"/>
    <property name="java.vm.specification.version" value="1.8"/>
    <property name="sun.arch.data.model" value="64"/>
    <property name="java.home" value="/opt/jdk/jdk1.8.0_51/jre"/>
    <property name="sun.java.command" value="org.codehaus.plexus.classworlds.launcher.Launcher package"/>
    <property name="java.specification.vendor" value="Oracle Corporation"/>
    <property name="user.language" value="pt"/>
    <property name="awt.toolkit" value="sun.awt.X11.XToolkit"/>
    <property name="java.vm.info" value="mixed mode"/>
    <property name="java.version" value="1.8.0_51"/>
    <property name="java.ext.dirs" value="/opt/jdk/jdk1.8.0_51/jre/lib/ext:/usr/java/packages/lib/ext"/>
    <property name="securerandom.source" value="file:/dev/./urandom"/>
    <property name="sun.boot.class.path" value="/opt/jdk/jdk1.8.0_51/jre/lib/resources.jar:/opt/jdk/jdk1.8.0_51/jre/lib/rt.jar:/opt/jdk/jdk1.8.0_51/jre/lib/sunrsasign.jar:/opt/jdk/jdk1.8.0_51/jre/lib/jsse.jar:/opt/jdk/jdk1.8.0_51/jre/lib/jce.jar:/opt/jdk/jdk1.8.0_51/jre/lib/charsets.jar:/opt/jdk/jdk1.8.0_51/jre/lib/jfr.jar:/opt/jdk/jdk1.8.0_51/jre/classes"/>
    <property name="java.vendor" value="Oracle Corporation"/>
    <property name="maven.home" value="/usr/share/maven"/>
    <property name="file.separator" value="/"/>
    <property name="java.vendor.url.bug" value="http://bugreport.sun.com/bugreport/"/>
    <property name="sun.cpu.endian" value="little"/>
    <property name="sun.io.unicode.encoding" value="UnicodeLittle"/>
    <property name="sun.desktop" value="gnome"/>
    <property name="sun.cpu.isalist" value=""/>
  </properties>
  <testcase classname="br.com.ricardotulio.mikrotikadmin.model.ClienteTest" name="testaSeObtemDataInicioFaturamentoProximaFatura[0]" time="0.001"/>
  <testcase classname="br.com.ricardotulio.mikrotikadmin.model.ClienteTest" name="testaSeObtemDataInicioFaturamentoProximaFatura[1]" time="0"/>
  <testcase classname="br.com.ricardotulio.mikrotikadmin.model.ClienteTest" name="testaSeObtemDataInicioFaturamentoProximaFatura[2]" time="0"/>
  <testcase classname="br.com.ricardotulio.mikrotikadmin.model.ClienteTest" name="testaSeObtemDataInicioFaturamentoProximaFatura[3]" time="0"/>
  <testcase classname="br.com.ricardotulio.mikrotikadmin.model.ClienteTest" name="testaSeObtemDataInicioFaturamentoProximaFatura[4]" time="0"/>
  <testcase classname="br.com.ricardotulio.mikrotikadmin.model.ClienteTest" name="testaSeObtemDataInicioFaturamentoProximaFatura[5]" time="0.001"/>
  <testcase classname="br.com.ricardotulio.mikrotikadmin.model.ClienteTest" name="testaSeObtemDataInicioFaturamentoProximaFatura[6]" time="0"/>
  <testcase classname="br.com.ricardotulio.mikrotikadmin.model.ClienteTest" name="testaSeObtemDataInicioFaturamentoProximaFatura[7]" time="0"/>
  <testcase classname="br.com.ricardotulio.mikrotikadmin.model.ClienteTest" name="testaSeObtemDataInicioFaturamentoProximaFatura[8]" time="0"/>
  <testcase classname="br.com.ricardotulio.mikrotikadmin.model.ClienteTest" name="testaSeObtemDataInicioFaturamentoProximaFatura[9]" time="0"/>
  <testcase classname="br.com.ricardotulio.mikrotikadmin.model.ClienteTest" name="testaSeObtemDataInicioFaturamentoProximaFatura[10]" time="0"/>
  <testcase classname="br.com.ricardotulio.mikrotikadmin.model.ClienteTest" name="testaSeObtemDataInicioFaturamentoProximaFatura[11]" time="0"/>
  <testcase classname="br.com.ricardotulio.mikrotikadmin.model.ClienteTest" name="testaSeObtemDataInicioFaturamentoProximaFatura[12]" time="0"/>
  <testcase classname="br.com.ricardotulio.mikrotikadmin.model.ClienteTest" name="testaSeObtemDataInicioFaturamentoProximaFatura[13]" time="0"/>
  <testcase classname="br.com.ricardotulio.mikrotikadmin.model.ClienteTest" name="testaSeObtemDataInicioFaturamentoProximaFatura[14]" time="0"/>
  <testcase classname="br.com.ricardotulio.mikrotikadmin.model.ClienteTest" name="testaSeObtemDataInicioFaturamentoProximaFatura[15]" time="0.001"/>
  <testcase classname="br.com.ricardotulio.mikrotikadmin.model.ClienteTest" name="testaSeObtemDataInicioFaturamentoProximaFatura[16]" time="0"/>
  <testcase classname="br.com.ricardotulio.mikrotikadmin.model.ClienteTest" name="testaSeObtemDataInicioFaturamentoProximaFatura[17]" time="0"/>
  <testcase classname="br.com.ricardotulio.mikrotikadmin.model.ClienteTest" name="testaSeObtemDataInicioFaturamentoProximaFatura[18]" time="0"/>
  <testcase classname="br.com.ricardotulio.mikrotikadmin.model.ClienteTest" name="testaSeObtemDataInicioFaturamentoProximaFatura[19]" time="0.001"/>
  <testcase classname="br.com.ricardotulio.mikrotikadmin.model.ClienteTest" name="testaSeObtemDataInicioFaturamentoProximaFatura[20]" time="0"/>
  <testcase classname="br.com.ricardotulio.mikrotikadmin.model.ClienteTest" name="testaSeObtemDataInicioFaturamentoProximaFatura[21]" time="0"/>
  <testcase classname="br.com.ricardotulio.mikrotikadmin.model.ClienteTest" name="testaSeObtemDataInicioFaturamentoProximaFatura[22]" time="0"/>
  <testcase classname="br.com.ricardotulio.mikrotikadmin.model.ClienteTest" name="testaSeObtemDataInicioFaturamentoProximaFatura[23]" time="0"/>
  <testcase classname="br.com.ricardotulio.mikrotikadmin.model.ClienteTest" name="testaSeObtemDataInicioFaturamentoProximaFatura[24]" time="0"/>
  <testcase classname="br.com.ricardotulio.mikrotikadmin.model.ClienteTest" name="testaSeObtemDataInicioFaturamentoProximaFatura[25]" time="0"/>
  <testcase classname="br.com.ricardotulio.mikrotikadmin.model.ClienteTest" name="testaSeObtemDataInicioFaturamentoProximaFatura[26]" time="0"/>
  <testcase classname="br.com.ricardotulio.mikrotikadmin.model.ClienteTest" name="testaSeObtemDataInicioFaturamentoProximaFatura[27]" time="0"/>
  <testcase classname="br.com.ricardotulio.mikrotikadmin.model.ClienteTest" name="testaSeObtemDataInicioFaturamentoProximaFatura[28]" time="0"/>
  <testcase classname="br.com.ricardotulio.mikrotikadmin.model.ClienteTest" name="testaSeObtemDataInicioFaturamentoProximaFatura[29]" time="0"/>
  <testcase classname="br.com.ricardotulio.mikrotikadmin.model.ClienteTest" name="testaSeObtemDataInicioFaturamentoProximaFatura[30]" time="0.001"/>
  <testcase classname="br.com.ricardotulio.mikrotikadmin.model.ClienteTest" name="testaSeObtemDataInicioFaturamentoProximaFatura[31]" time="0"/>
  <testcase classname="br.com.ricardotulio.mikrotikadmin.model.ClienteTest" name="testaSeObtemDataInicioFaturamentoProximaFatura[32]" time="0"/>
  <testcase classname="br.com.ricardotulio.mikrotikadmin.model.ClienteTest" name="testaSeObtemDataInicioFaturamentoProximaFatura[33]" time="0"/>
  <testcase classname="br.com.ricardotulio.mikrotikadmin.model.ClienteTest" name="testaSeObtemDataInicioFaturamentoProximaFatura[34]" time="0"/>
  <testcase classname="br.com.ricardotulio.mikrotikadmin.model.ClienteTest" name="testaSeObtemDataInicioFaturamentoProximaFatura[35]" time="0"/>
  <testcase classname="br.com.ricardotulio.mikrotikadmin.model.ClienteTest" name="testaSeObtemDataInicioFaturamentoProximaFatura[36]" time="0"/>
  <testcase classname="br.com.ricardotulio.mikrotikadmin.model.ClienteTest" name="testaSeObtemDataInicioFaturamentoProximaFatura[37]" time="0"/>
  <testcase classname="br.com.ricardotulio.mikrotikadmin.model.ClienteTest" name="testaSeObtemDataInicioFaturamentoProximaFatura[38]" time="0"/>
  <testcase classname="br.com.ricardotulio.mikrotikadmin.model.ClienteTest" name="testaSeObtemDataInicioFaturamentoProximaFatura[39]" time="0"/>
  <testcase classname="br.com.ricardotulio.mikrotikadmin.model.ClienteTest" name="testaSeObtemDataInicioFaturamentoProximaFatura[40]" time="0"/>
  <testcase classname="br.com.ricardotulio.mikrotikadmin.model.ClienteTest" name="testaSeObtemDataInicioFaturamentoProximaFatura[41]" time="0"/>
  <testcase classname="br.com.ricardotulio.mikrotikadmin.model.ClienteTest" name="testaSeObtemDataInicioFaturamentoProximaFatura[42]" time="0"/>
  <testcase classname="br.com.ricardotulio.mikrotikadmin.model.ClienteTest" name="testaSeObtemDataInicioFaturamentoProximaFatura[43]" time="0"/>
  <testcase classname="br.com.ricardotulio.mikrotikadmin.model.ClienteTest" name="testaSeObtemDataInicioFaturamentoProximaFatura[44]" time="0.001"/>
  <testcase classname="br.com.ricardotulio.mikrotikadmin.model.ClienteTest" name="testaSeObtemDataInicioFaturamentoProximaFatura[45]" time="0"/>
  <testcase classname="br.com.ricardotulio.mikrotikadmin.model.ClienteTest" name="testaSeObtemDataInicioFaturamentoProximaFatura[46]" time="0"/>
  <testcase classname="br.com.ricardotulio.mikrotikadmin.model.ClienteTest" name="testaSeObtemDataInicioFaturamentoProximaFatura[47]" time="0"/>
  <testcase classname="br.com.ricardotulio.mikrotikadmin.model.ClienteTest" name="testaSeObtemDataInicioFaturamentoProximaFatura[48]" time="0"/>
  <testcase classname="br.com.ricardotulio.mikrotikadmin.model.ClienteTest" name="testaSeObtemDataInicioFaturamentoProximaFatura[49]" time="0"/>
  <testcase classname="br.com.ricardotulio.mikrotikadmin.model.ClienteTest" name="testaSeObtemDataInicioFaturamentoProximaFatura[50]" time="0"/>
  <testcase classname="br.com.ricardotulio.mikrotikadmin.model.ClienteTest" name="testaSeObtemDataInicioFaturamentoProximaFatura[51]" time="0"/>
  <testcase classname="br.com.ricardotulio.mikrotikadmin.model.ClienteTest" name="testaSeObtemDataInicioFaturamentoProximaFatura[52]" time="0"/>
  <testcase classname="br.com.ricardotulio.mikrotikadmin.model.ClienteTest" name="testaSeObtemDataInicioFaturamentoProximaFatura[53]" time="0.001"/>
  <testcase classname="br.com.ricardotulio.mikrotikadmin.model.ClienteTest" name="testaSeObtemDataInicioFaturamentoProximaFatura[54]" time="0"/>
  <testcase classname="br.com.ricardotulio.mikrotikadmin.model.ClienteTest" name="testaSeObtemDataInicioFaturamentoProximaFatura[55]" time="0"/>
  <testcase classname="br.com.ricardotulio.mikrotikadmin.model.ClienteTest" name="testaSeObtemDataInicioFaturamentoProximaFatura[56]" time="0"/>
  <testcase classname="br.com.ricardotulio.mikrotikadmin.model.ClienteTest" name="testaSeObtemDataInicioFaturamentoProximaFatura[57]" time="0"/>
  <testcase classname="br.com.ricardotulio.mikrotikadmin.model.ClienteTest" name="testaSeObtemDataInicioFaturamentoProximaFatura[58]" time="0.001"/>
  <testcase classname="br.com.ricardotulio.mikrotikadmin.model.ClienteTest" name="testaSeObtemDataInicioFaturamentoProximaFatura[59]" time="0"/>
  <testcase classname="br.com.ricardotulio.mikrotikadmin.model.ClienteTest" name="testaSeObtemDataInicioFaturamentoProximaFatura[60]" time="0"/>
  <testcase classname="br.com.ricardotulio.mikrotikadmin.model.ClienteTest" name="testaSeObtemDataInicioFaturamentoProximaFatura[61]" time="0"/>
  <testcase classname="br.com.ricardotulio.mikrotikadmin.model.ClienteTest" name="testaSeObtemDataInicioFaturamentoProximaFatura[62]" time="0"/>
  <testcase classname="br.com.ricardotulio.mikrotikadmin.model.ClienteTest" name="testaSeObtemDataInicioFaturamentoProximaFatura[63]" time="0"/>
  <testcase classname="br.com.ricardotulio.mikrotikadmin.model.ClienteTest" name="testaSeObtemDataInicioFaturamentoProximaFatura[64]" time="0.001"/>
  <testcase classname="br.com.ricardotulio.mikrotikadmin.model.ClienteTest" name="testaSeObtemDataInicioFaturamentoProximaFatura[65]" time="0"/>
  <testcase classname="br.com.ricardotulio.mikrotikadmin.model.ClienteTest" name="testaSeObtemDataInicioFaturamentoProximaFatura[66]" time="0"/>
  <testcase classname="br.com.ricardotulio.mikrotikadmin.model.ClienteTest" name="testaSeObtemDataInicioFaturamentoProximaFatura[67]" time="0"/>
  <testcase classname="br.com.ricardotulio.mikrotikadmin.model.ClienteTest" name="testaSeObtemDataInicioFaturamentoProximaFatura[68]" time="0"/>
  <testcase classname="br.com.ricardotulio.mikrotikadmin.model.ClienteTest" name="testaSeObtemDataInicioFaturamentoProximaFatura[69]" time="0"/>
  <testcase classname="br.com.ricardotulio.mikrotikadmin.model.ClienteTest" name="testaSeObtemDataInicioFaturamentoProximaFatura[70]" time="0.001"/>
  <testcase classname="br.com.ricardotulio.mikrotikadmin.model.ClienteTest" name="testaSeObtemDataInicioFaturamentoProximaFatura[71]" time="0"/>
  <testcase classname="br.com.ricardotulio.mikrotikadmin.model.ClienteTest" name="testaSeObtemDataInicioFaturamentoProximaFatura[72]" time="0"/>
  <testcase classname="br.com.ricardotulio.mikrotikadmin.model.ClienteTest" name="testaSeObtemDataInicioFaturamentoProximaFatura[73]" time="0"/>
  <testcase classname="br.com.ricardotulio.mikrotikadmin.model.ClienteTest" name="testaSeObtemDataInicioFaturamentoProximaFatura[74]" time="0"/>
  <testcase classname="br.com.ricardotulio.mikrotikadmin.model.ClienteTest" name="testaSeObtemDataInicioFaturamentoProximaFatura[75]" time="0"/>
  <testcase classname="br.com.ricardotulio.mikrotikadmin.model.ClienteTest" name="testaSeObtemDataInicioFaturamentoProximaFatura[76]" time="0.001"/>
  <testcase classname="br.com.ricardotulio.mikrotikadmin.model.ClienteTest" name="testaSeObtemDataInicioFaturamentoProximaFatura[77]" time="0"/>
  <testcase classname="br.com.ricardotulio.mikrotikadmin.model.ClienteTest" name="testaSeObtemDataInicioFaturamentoProximaFatura[78]" time="0"/>
  <testcase classname="br.com.ricardotulio.mikrotikadmin.model.ClienteTest" name="testaSeObtemDataInicioFaturamentoProximaFatura[79]" time="0"/>
  <testcase classname="br.com.ricardotulio.mikrotikadmin.model.ClienteTest" name="testaSeObtemDataInicioFaturamentoProximaFatura[80]" time="0"/>
  <testcase classname="br.com.ricardotulio.mikrotikadmin.model.ClienteTest" name="testaSeObtemDataInicioFaturamentoProximaFatura[81]" time="0"/>
  <testcase classname="br.com.ricardotulio.mikrotikadmin.model.ClienteTest" name="testaSeObtemDataInicioFaturamentoProximaFatura[82]" time="0.001"/>
  <testcase classname="br.com.ricardotulio.mikrotikadmin.model.ClienteTest" name="testaSeObtemDataInicioFaturamentoProximaFatura[83]" time="0"/>
  <testcase classname="br.com.ricardotulio.mikrotikadmin.model.ClienteTest" name="testaSeObtemDataInicioFaturamentoProximaFatura[84]" time="0"/>
  <testcase classname="br.com.ricardotulio.mikrotikadmin.model.ClienteTest" name="testaSeObtemDataInicioFaturamentoProximaFatura[85]" time="0"/>
  <testcase classname="br.com.ricardotulio.mikrotikadmin.model.ClienteTest" name="testaSeObtemDataInicioFaturamentoProximaFatura[86]" time="0"/>
  <testcase classname="br.com.ricardotulio.mikrotikadmin.model.ClienteTest" name="testaSeObtemDataInicioFaturamentoProximaFatura[87]" time="0"/>
  <testcase classname="br.com.ricardotulio.mikrotikadmin.model.ClienteTest" name="testaSeObtemDataInicioFaturamentoProximaFatura[88]" time="0.001"/>
  <testcase classname="br.com.ricardotulio.mikrotikadmin.model.ClienteTest" name="testaSeObtemDataInicioFaturamentoProximaFatura[89]" time="0"/>
  <testcase classname="br.com.ricardotulio.mikrotikadmin.model.ClienteTest" name="testaSeObtemDataInicioFaturamentoProximaFatura[90]" time="0"/>
  <testcase classname="br.com.ricardotulio.mikrotikadmin.model.ClienteTest" name="testaSeObtemDataInicioFaturamentoProximaFatura[91]" time="0"/>
  <testcase classname="br.com.ricardotulio.mikrotikadmin.model.ClienteTest" name="testaSeObtemDataInicioFaturamentoProximaFatura[92]" time="0"/>
  <testcase classname="br.com.ricardotulio.mikrotikadmin.model.ClienteTest" name="testaSeObtemDataInicioFaturamentoProximaFatura[93]" time="0"/>
  <testcase classname="br.com.ricardotulio.mikrotikadmin.model.ClienteTest" name="testaSeObtemDataInicioFaturamentoProximaFatura[94]" time="0"/>
  <testcase classname="br.com.ricardotulio.mikrotikadmin.model.ClienteTest" name="testaSeObtemDataInicioFaturamentoProximaFatura[95]" time="0"/>
  <testcase classname="br.com.ricardotulio.mikrotikadmin.model.ClienteTest" name="testaSeObtemDataInicioFaturamentoProximaFatura[96]" time="0"/>
  <testcase classname="br.com.ricardotulio.mikrotikadmin.model.ClienteTest" name="testaSeObtemDataInicioFaturamentoProximaFatura[97]" time="0"/>
  <testcase classname="br.com.ricardotulio.mikrotikadmin.model.ClienteTest" name="testaSeObtemDataInicioFaturamentoProximaFatura[98]" time="0"/>
  <testcase classname="br.com.ricardotulio.mikrotikadmin.model.ClienteTest" name="testaSeObtemDataInicioFaturamentoProximaFatura[99]" time="0"/>
</testsuite>