<?xml version="1.0" encoding="UTF-8" ?>
<testsuite tests="300" failures="0" name="br.com.ricardotulio.mikrotikadmin.model.PeriodoFaturamentoTest" time="0.137" errors="0" skipped="0">
  <properties>
    <property name="java.runtime.name" value="Java(TM) SE Runtime Environment"/>
    <property name="sun.boot.library.path" value="/opt/jdk/jdk1.8.0_51/jre/lib/amd64"/>
    <property name="java.vm.version" value="25.51-b03"/>
    <property name="java.vm.vendor" value="Oracle Corporation"/>
    <property name="java.vendor.url" value="http://java.oracle.com/"/>
    <property name="path.separator" value=":"/>
    <property name="guice.disable.misplaced.annotation.check" value="true"/>
    <property name="java.vm.name" value="Java HotSpot(TM) 64-Bit Server VM"/>
    <property name="file.encoding.pkg" value="sun.io"/>
    <property name="user.country" value="BR"/>
    <property name="sun.java.launcher" value="SUN_STANDARD"/>
    <property name="sun.os.patch.level" value="unknown"/>
    <property name="java.vm.specification.name" value="Java Virtual Machine Specification"/>
    <property name="user.dir" value="/home/ricardo/workspace/mikrotikadmin"/>
    <property name="java.runtime.version" value="1.8.0_51-b16"/>
    <property name="java.awt.graphicsenv" value="sun.awt.X11GraphicsEnvironment"/>
    <property name="java.endorsed.dirs" value="/opt/jdk/jdk1.8.0_51/jre/lib/endorsed"/>
    <property name="os.arch" value="amd64"/>
    <property name="java.io.tmpdir" value="/tmp"/>
    <property name="line.separator" value="
"/>
    <property name="java.vm.specification.vendor" value="Oracle Corporation"/>
    <property name="os.name" value="Linux"/>
    <property name="classworlds.conf" value="/usr/share/maven/bin/m2.conf"/>
    <property name="sun.jnu.encoding" value="UTF-8"/>
    <property name="java.library.path" value="/usr/java/packages/lib/amd64:/usr/lib64:/lib64:/lib:/usr/lib"/>
    <property name="java.specification.name" value="Java Platform API Specification"/>
    <property name="java.class.version" value="52.0"/>
    <property name="sun.management.compiler" value="HotSpot 64-Bit Tiered Compilers"/>
    <property name="os.version" value="3.16.0-4-amd64"/>
    <property name="user.home" value="/home/ricardo"/>
    <property name="user.timezone" value="America/Sao_Paulo"/>
    <property name="java.awt.printerjob" value="sun.print.PSPrinterJob"/>
    <property name="file.encoding" value="UTF-8"/>
    <property name="java.specification.version" value="1.8"/>
    <property name="user.name" value="ricardo"/>
    <property name="java.class.path" value="/usr/share/maven/boot/plexus-classworlds-2.x.jar"/>
    <property name="java.vm.specification.version" value="1.8"/>
    <property name="sun.arch.data.model" value="64"/>
    <property name="java.home" value="/opt/jdk/jdk1.8.0_51/jre"/>
    <property name="sun.java.command" value="org.codehaus.plexus.classworlds.launcher.Launcher package"/>
    <property name="java.specification.vendor" value="Oracle Corporation"/>
    <property name="user.language" value="pt"/>
    <property name="awt.toolkit" value="sun.awt.X11.XToolkit"/>
    <property name="java.vm.info" value="mixed mode"/>
    <property name="java.version" value="1.8.0_51"/>
    <property name="java.ext.dirs" value="/opt/jdk/jdk1.8.0_51/jre/lib/ext:/usr/java/packages/lib/ext"/>
    <property name="securerandom.source" value="file:/dev/./urandom"/>
    <property name="sun.boot.class.path" value="/opt/jdk/jdk1.8.0_51/jre/lib/resources.jar:/opt/jdk/jdk1.8.0_51/jre/lib/rt.jar:/opt/jdk/jdk1.8.0_51/jre/lib/sunrsasign.jar:/opt/jdk/jdk1.8.0_51/jre/lib/jsse.jar:/opt/jdk/jdk1.8.0_51/jre/lib/jce.jar:/opt/jdk/jdk1.8.0_51/jre/lib/charsets.jar:/opt/jdk/jdk1.8.0_51/jre/lib/jfr.jar:/opt/jdk/jdk1.8.0_51/jre/classes"/>
    <property name="java.vendor" value="Oracle Corporation"/>
    <property name="maven.home" value="/usr/share/maven"/>
    <property name="file.separator" value="/"/>
    <property name="java.vendor.url.bug" value="http://bugreport.sun.com/bugreport/"/>
    <property name="sun.cpu.endian" value="little"/>
    <property name="sun.io.unicode.encoding" value="UnicodeLittle"/>
    <property name="sun.desktop" value="gnome"/>
    <property name="sun.cpu.isalist" value=""/>
  </properties>
  <testcase classname="br.com.ricardotulio.mikrotikadmin.model.PeriodoFaturamentoTest" name="testaSeCalculaPeriodoCompletaUmMes[0]" time="0.001"/>
  <testcase classname="br.com.ricardotulio.mikrotikadmin.model.PeriodoFaturamentoTest" name="testaSeCalculaIntervaloEntrePeriodoFaturamento[0]" time="0"/>
  <testcase classname="br.com.ricardotulio.mikrotikadmin.model.PeriodoFaturamentoTest" name="testaSeCriaPeriodoFaturamentoComIntervaloEmDias[0]" time="0"/>
  <testcase classname="br.com.ricardotulio.mikrotikadmin.model.PeriodoFaturamentoTest" name="testaSeCalculaPeriodoCompletaUmMes[1]" time="0"/>
  <testcase classname="br.com.ricardotulio.mikrotikadmin.model.PeriodoFaturamentoTest" name="testaSeCalculaIntervaloEntrePeriodoFaturamento[1]" time="0"/>
  <testcase classname="br.com.ricardotulio.mikrotikadmin.model.PeriodoFaturamentoTest" name="testaSeCriaPeriodoFaturamentoComIntervaloEmDias[1]" time="0"/>
  <testcase classname="br.com.ricardotulio.mikrotikadmin.model.PeriodoFaturamentoTest" name="testaSeCalculaPeriodoCompletaUmMes[2]" time="0"/>
  <testcase classname="br.com.ricardotulio.mikrotikadmin.model.PeriodoFaturamentoTest" name="testaSeCalculaIntervaloEntrePeriodoFaturamento[2]" time="0"/>
  <testcase classname="br.com.ricardotulio.mikrotikadmin.model.PeriodoFaturamentoTest" name="testaSeCriaPeriodoFaturamentoComIntervaloEmDias[2]" time="0"/>
  <testcase classname="br.com.ricardotulio.mikrotikadmin.model.PeriodoFaturamentoTest" name="testaSeCalculaPeriodoCompletaUmMes[3]" time="0"/>
  <testcase classname="br.com.ricardotulio.mikrotikadmin.model.PeriodoFaturamentoTest" name="testaSeCalculaIntervaloEntrePeriodoFaturamento[3]" time="0"/>
  <testcase classname="br.com.ricardotulio.mikrotikadmin.model.PeriodoFaturamentoTest" name="testaSeCriaPeriodoFaturamentoComIntervaloEmDias[3]" time="0"/>
  <testcase classname="br.com.ricardotulio.mikrotikadmin.model.PeriodoFaturamentoTest" name="testaSeCalculaPeriodoCompletaUmMes[4]" time="0"/>
  <testcase classname="br.com.ricardotulio.mikrotikadmin.model.PeriodoFaturamentoTest" name="testaSeCalculaIntervaloEntrePeriodoFaturamento[4]" time="0"/>
  <testcase classname="br.com.ricardotulio.mikrotikadmin.model.PeriodoFaturamentoTest" name="testaSeCriaPeriodoFaturamentoComIntervaloEmDias[4]" time="0"/>
  <testcase classname="br.com.ricardotulio.mikrotikadmin.model.PeriodoFaturamentoTest" name="testaSeCalculaPeriodoCompletaUmMes[5]" time="0"/>
  <testcase classname="br.com.ricardotulio.mikrotikadmin.model.PeriodoFaturamentoTest" name="testaSeCalculaIntervaloEntrePeriodoFaturamento[5]" time="0.001"/>
  <testcase classname="br.com.ricardotulio.mikrotikadmin.model.PeriodoFaturamentoTest" name="testaSeCriaPeriodoFaturamentoComIntervaloEmDias[5]" time="0"/>
  <testcase classname="br.com.ricardotulio.mikrotikadmin.model.PeriodoFaturamentoTest" name="testaSeCalculaPeriodoCompletaUmMes[6]" time="0.001"/>
  <testcase classname="br.com.ricardotulio.mikrotikadmin.model.PeriodoFaturamentoTest" name="testaSeCalculaIntervaloEntrePeriodoFaturamento[6]" time="0"/>
  <testcase classname="br.com.ricardotulio.mikrotikadmin.model.PeriodoFaturamentoTest" name="testaSeCriaPeriodoFaturamentoComIntervaloEmDias[6]" time="0"/>
  <testcase classname="br.com.ricardotulio.mikrotikadmin.model.PeriodoFaturamentoTest" name="testaSeCalculaPeriodoCompletaUmMes[7]" time="0"/>
  <testcase classname="br.com.ricardotulio.mikrotikadmin.model.PeriodoFaturamentoTest" name="testaSeCalculaIntervaloEntrePeriodoFaturamento[7]" time="0"/>
  <testcase classname="br.com.ricardotulio.mikrotikadmin.model.PeriodoFaturamentoTest" name="testaSeCriaPeriodoFaturamentoComIntervaloEmDias[7]" time="0"/>
  <testcase classname="br.com.ricardotulio.mikrotikadmin.model.PeriodoFaturamentoTest" name="testaSeCalculaPeriodoCompletaUmMes[8]" time="0"/>
  <testcase classname="br.com.ricardotulio.mikrotikadmin.model.PeriodoFaturamentoTest" name="testaSeCalculaIntervaloEntrePeriodoFaturamento[8]" time="0"/>
  <testcase classname="br.com.ricardotulio.mikrotikadmin.model.PeriodoFaturamentoTest" name="testaSeCriaPeriodoFaturamentoComIntervaloEmDias[8]" time="0"/>
  <testcase classname="br.com.ricardotulio.mikrotikadmin.model.PeriodoFaturamentoTest" name="testaSeCalculaPeriodoCompletaUmMes[9]" time="0"/>
  <testcase classname="br.com.ricardotulio.mikrotikadmin.model.PeriodoFaturamentoTest" name="testaSeCalculaIntervaloEntrePeriodoFaturamento[9]" time="0"/>
  <testcase classname="br.com.ricardotulio.mikrotikadmin.model.PeriodoFaturamentoTest" name="testaSeCriaPeriodoFaturamentoComIntervaloEmDias[9]" time="0"/>
  <testcase classname="br.com.ricardotulio.mikrotikadmin.model.PeriodoFaturamentoTest" name="testaSeCalculaPeriodoCompletaUmMes[10]" time="0"/>
  <testcase classname="br.com.ricardotulio.mikrotikadmin.model.PeriodoFaturamentoTest" name="testaSeCalculaIntervaloEntrePeriodoFaturamento[10]" time="0"/>
  <testcase classname="br.com.ricardotulio.mikrotikadmin.model.PeriodoFaturamentoTest" name="testaSeCriaPeriodoFaturamentoComIntervaloEmDias[10]" time="0"/>
  <testcase classname="br.com.ricardotulio.mikrotikadmin.model.PeriodoFaturamentoTest" name="testaSeCalculaPeriodoCompletaUmMes[11]" time="0"/>
  <testcase classname="br.com.ricardotulio.mikrotikadmin.model.PeriodoFaturamentoTest" name="testaSeCalculaIntervaloEntrePeriodoFaturamento[11]" time="0"/>
  <testcase classname="br.com.ricardotulio.mikrotikadmin.model.PeriodoFaturamentoTest" name="testaSeCriaPeriodoFaturamentoComIntervaloEmDias[11]" time="0"/>
  <testcase classname="br.com.ricardotulio.mikrotikadmin.model.PeriodoFaturamentoTest" name="testaSeCalculaPeriodoCompletaUmMes[12]" time="0"/>
  <testcase classname="br.com.ricardotulio.mikrotikadmin.model.PeriodoFaturamentoTest" name="testaSeCalculaIntervaloEntrePeriodoFaturamento[12]" time="0"/>
  <testcase classname="br.com.ricardotulio.mikrotikadmin.model.PeriodoFaturamentoTest" name="testaSeCriaPeriodoFaturamentoComIntervaloEmDias[12]" time="0"/>
  <testcase classname="br.com.ricardotulio.mikrotikadmin.model.PeriodoFaturamentoTest" name="testaSeCalculaPeriodoCompletaUmMes[13]" time="0"/>
  <testcase classname="br.com.ricardotulio.mikrotikadmin.model.PeriodoFaturamentoTest" name="testaSeCalculaIntervaloEntrePeriodoFaturamento[13]" time="0"/>
  <testcase classname="br.com.ricardotulio.mikrotikadmin.model.PeriodoFaturamentoTest" name="testaSeCriaPeriodoFaturamentoComIntervaloEmDias[13]" time="0"/>
  <testcase classname="br.com.ricardotulio.mikrotikadmin.model.PeriodoFaturamentoTest" name="testaSeCalculaPeriodoCompletaUmMes[14]" time="0"/>
  <testcase classname="br.com.ricardotulio.mikrotikadmin.model.PeriodoFaturamentoTest" name="testaSeCalculaIntervaloEntrePeriodoFaturamento[14]" time="0"/>
  <testcase classname="br.com.ricardotulio.mikrotikadmin.model.PeriodoFaturamentoTest" name="testaSeCriaPeriodoFaturamentoComIntervaloEmDias[14]" time="0"/>
  <testcase classname="br.com.ricardotulio.mikrotikadmin.model.PeriodoFaturamentoTest" name="testaSeCalculaPeriodoCompletaUmMes[15]" time="0"/>
  <testcase classname="br.com.ricardotulio.mikrotikadmin.model.PeriodoFaturamentoTest" name="testaSeCalculaIntervaloEntrePeriodoFaturamento[15]" time="0"/>
  <testcase classname="br.com.ricardotulio.mikrotikadmin.model.PeriodoFaturamentoTest" name="testaSeCriaPeriodoFaturamentoComIntervaloEmDias[15]" time="0"/>
  <testcase classname="br.com.ricardotulio.mikrotikadmin.model.PeriodoFaturamentoTest" name="testaSeCalculaPeriodoCompletaUmMes[16]" time="0"/>
  <testcase classname="br.com.ricardotulio.mikrotikadmin.model.PeriodoFaturamentoTest" name="testaSeCalculaIntervaloEntrePeriodoFaturamento[16]" time="0"/>
  <testcase classname="br.com.ricardotulio.mikrotikadmin.model.PeriodoFaturamentoTest" name="testaSeCriaPeriodoFaturamentoComIntervaloEmDias[16]" time="0.004"/>
  <testcase classname="br.com.ricardotulio.mikrotikadmin.model.PeriodoFaturamentoTest" name="testaSeCalculaPeriodoCompletaUmMes[17]" time="0"/>
  <testcase classname="br.com.ricardotulio.mikrotikadmin.model.PeriodoFaturamentoTest" name="testaSeCalculaIntervaloEntrePeriodoFaturamento[17]" time="0"/>
  <testcase classname="br.com.ricardotulio.mikrotikadmin.model.PeriodoFaturamentoTest" name="testaSeCriaPeriodoFaturamentoComIntervaloEmDias[17]" time="0"/>
  <testcase classname="br.com.ricardotulio.mikrotikadmin.model.PeriodoFaturamentoTest" name="testaSeCalculaPeriodoCompletaUmMes[18]" time="0"/>
  <testcase classname="br.com.ricardotulio.mikrotikadmin.model.PeriodoFaturamentoTest" name="testaSeCalculaIntervaloEntrePeriodoFaturamento[18]" time="0"/>
  <testcase classname="br.com.ricardotulio.mikrotikadmin.model.PeriodoFaturamentoTest" name="testaSeCriaPeriodoFaturamentoComIntervaloEmDias[18]" time="0"/>
  <testcase classname="br.com.ricardotulio.mikrotikadmin.model.PeriodoFaturamentoTest" name="testaSeCalculaPeriodoCompletaUmMes[19]" time="0"/>
  <testcase classname="br.com.ricardotulio.mikrotikadmin.model.PeriodoFaturamentoTest" name="testaSeCalculaIntervaloEntrePeriodoFaturamento[19]" time="0"/>
  <testcase classname="br.com.ricardotulio.mikrotikadmin.model.PeriodoFaturamentoTest" name="testaSeCriaPeriodoFaturamentoComIntervaloEmDias[19]" time="0"/>
  <testcase classname="br.com.ricardotulio.mikrotikadmin.model.PeriodoFaturamentoTest" name="testaSeCalculaPeriodoCompletaUmMes[20]" time="0"/>
  <testcase classname="br.com.ricardotulio.mikrotikadmin.model.PeriodoFaturamentoTest" name="testaSeCalculaIntervaloEntrePeriodoFaturamento[20]" time="0"/>
  <testcase classname="br.com.ricardotulio.mikrotikadmin.model.PeriodoFaturamentoTest" name="testaSeCriaPeriodoFaturamentoComIntervaloEmDias[20]" time="0"/>
  <testcase classname="br.com.ricardotulio.mikrotikadmin.model.PeriodoFaturamentoTest" name="testaSeCalculaPeriodoCompletaUmMes[21]" time="0"/>
  <testcase classname="br.com.ricardotulio.mikrotikadmin.model.PeriodoFaturamentoTest" name="testaSeCalculaIntervaloEntrePeriodoFaturamento[21]" time="0"/>
  <testcase classname="br.com.ricardotulio.mikrotikadmin.model.PeriodoFaturamentoTest" name="testaSeCriaPeriodoFaturamentoComIntervaloEmDias[21]" time="0"/>
  <testcase classname="br.com.ricardotulio.mikrotikadmin.model.PeriodoFaturamentoTest" name="testaSeCalculaPeriodoCompletaUmMes[22]" time="0"/>
  <testcase classname="br.com.ricardotulio.mikrotikadmin.model.PeriodoFaturamentoTest" name="testaSeCalculaIntervaloEntrePeriodoFaturamento[22]" time="0"/>
  <testcase classname="br.com.ricardotulio.mikrotikadmin.model.PeriodoFaturamentoTest" name="testaSeCriaPeriodoFaturamentoComIntervaloEmDias[22]" time="0"/>
  <testcase classname="br.com.ricardotulio.mikrotikadmin.model.PeriodoFaturamentoTest" name="testaSeCalculaPeriodoCompletaUmMes[23]" time="0"/>
  <testcase classname="br.com.ricardotulio.mikrotikadmin.model.PeriodoFaturamentoTest" name="testaSeCalculaIntervaloEntrePeriodoFaturamento[23]" time="0"/>
  <testcase classname="br.com.ricardotulio.mikrotikadmin.model.PeriodoFaturamentoTest" name="testaSeCriaPeriodoFaturamentoComIntervaloEmDias[23]" time="0"/>
  <testcase classname="br.com.ricardotulio.mikrotikadmin.model.PeriodoFaturamentoTest" name="testaSeCalculaPeriodoCompletaUmMes[24]" time="0"/>
  <testcase classname="br.com.ricardotulio.mikrotikadmin.model.PeriodoFaturamentoTest" name="testaSeCalculaIntervaloEntrePeriodoFaturamento[24]" time="0"/>
  <testcase classname="br.com.ricardotulio.mikrotikadmin.model.PeriodoFaturamentoTest" name="testaSeCriaPeriodoFaturamentoComIntervaloEmDias[24]" time="0"/>
  <testcase classname="br.com.ricardotulio.mikrotikadmin.model.PeriodoFaturamentoTest" name="testaSeCalculaPeriodoCompletaUmMes[25]" time="0"/>
  <testcase classname="br.com.ricardotulio.mikrotikadmin.model.PeriodoFaturamentoTest" name="testaSeCalculaIntervaloEntrePeriodoFaturamento[25]" time="0"/>
  <testcase classname="br.com.ricardotulio.mikrotikadmin.model.PeriodoFaturamentoTest" name="testaSeCriaPeriodoFaturamentoComIntervaloEmDias[25]" time="0"/>
  <testcase classname="br.com.ricardotulio.mikrotikadmin.model.PeriodoFaturamentoTest" name="testaSeCalculaPeriodoCompletaUmMes[26]" time="0.001"/>
  <testcase classname="br.com.ricardotulio.mikrotikadmin.model.PeriodoFaturamentoTest" name="testaSeCalculaIntervaloEntrePeriodoFaturamento[26]" time="0"/>
  <testcase classname="br.com.ricardotulio.mikrotikadmin.model.PeriodoFaturamentoTest" name="testaSeCriaPeriodoFaturamentoComIntervaloEmDias[26]" time="0"/>
  <testcase classname="br.com.ricardotulio.mikrotikadmin.model.PeriodoFaturamentoTest" name="testaSeCalculaPeriodoCompletaUmMes[27]" time="0"/>
  <testcase classname="br.com.ricardotulio.mikrotikadmin.model.PeriodoFaturamentoTest" name="testaSeCalculaIntervaloEntrePeriodoFaturamento[27]" time="0"/>
  <testcase classname="br.com.ricardotulio.mikrotikadmin.model.PeriodoFaturamentoTest" name="testaSeCriaPeriodoFaturamentoComIntervaloEmDias[27]" time="0"/>
  <testcase classname="br.com.ricardotulio.mikrotikadmin.model.PeriodoFaturamentoTest" name="testaSeCalculaPeriodoCompletaUmMes[28]" time="0"/>
  <testcase classname="br.com.ricardotulio.mikrotikadmin.model.PeriodoFaturamentoTest" name="testaSeCalculaIntervaloEntrePeriodoFaturamento[28]" time="0"/>
  <testcase classname="br.com.ricardotulio.mikrotikadmin.model.PeriodoFaturamentoTest" name="testaSeCriaPeriodoFaturamentoComIntervaloEmDias[28]" time="0.001"/>
  <testcase classname="br.com.ricardotulio.mikrotikadmin.model.PeriodoFaturamentoTest" name="testaSeCalculaPeriodoCompletaUmMes[29]" time="0"/>
  <testcase classname="br.com.ricardotulio.mikrotikadmin.model.PeriodoFaturamentoTest" name="testaSeCalculaIntervaloEntrePeriodoFaturamento[29]" time="0"/>
  <testcase classname="br.com.ricardotulio.mikrotikadmin.model.PeriodoFaturamentoTest" name="testaSeCriaPeriodoFaturamentoComIntervaloEmDias[29]" time="0.001"/>
  <testcase classname="br.com.ricardotulio.mikrotikadmin.model.PeriodoFaturamentoTest" name="testaSeCalculaPeriodoCompletaUmMes[30]" time="0"/>
  <testcase classname="br.com.ricardotulio.mikrotikadmin.model.PeriodoFaturamentoTest" name="testaSeCalculaIntervaloEntrePeriodoFaturamento[30]" time="0"/>
  <testcase classname="br.com.ricardotulio.mikrotikadmin.model.PeriodoFaturamentoTest" name="testaSeCriaPeriodoFaturamentoComIntervaloEmDias[30]" time="0"/>
  <testcase classname="br.com.ricardotulio.mikrotikadmin.model.PeriodoFaturamentoTest" name="testaSeCalculaPeriodoCompletaUmMes[31]" time="0"/>
  <testcase classname="br.com.ricardotulio.mikrotikadmin.model.PeriodoFaturamentoTest" name="testaSeCalculaIntervaloEntrePeriodoFaturamento[31]" time="0"/>
  <testcase classname="br.com.ricardotulio.mikrotikadmin.model.PeriodoFaturamentoTest" name="testaSeCriaPeriodoFaturamentoComIntervaloEmDias[31]" time="0"/>
  <testcase classname="br.com.ricardotulio.mikrotikadmin.model.PeriodoFaturamentoTest" name="testaSeCalculaPeriodoCompletaUmMes[32]" time="0.001"/>
  <testcase classname="br.com.ricardotulio.mikrotikadmin.model.PeriodoFaturamentoTest" name="testaSeCalculaIntervaloEntrePeriodoFaturamento[32]" time="0"/>
  <testcase classname="br.com.ricardotulio.mikrotikadmin.model.PeriodoFaturamentoTest" name="testaSeCriaPeriodoFaturamentoComIntervaloEmDias[32]" time="0"/>
  <testcase classname="br.com.ricardotulio.mikrotikadmin.model.PeriodoFaturamentoTest" name="testaSeCalculaPeriodoCompletaUmMes[33]" time="0"/>
  <testcase classname="br.com.ricardotulio.mikrotikadmin.model.PeriodoFaturamentoTest" name="testaSeCalculaIntervaloEntrePeriodoFaturamento[33]" time="0.001"/>
  <testcase classname="br.com.ricardotulio.mikrotikadmin.model.PeriodoFaturamentoTest" name="testaSeCriaPeriodoFaturamentoComIntervaloEmDias[33]" time="0"/>
  <testcase classname="br.com.ricardotulio.mikrotikadmin.model.PeriodoFaturamentoTest" name="testaSeCalculaPeriodoCompletaUmMes[34]" time="0"/>
  <testcase classname="br.com.ricardotulio.mikrotikadmin.model.PeriodoFaturamentoTest" name="testaSeCalculaIntervaloEntrePeriodoFaturamento[34]" time="0"/>
  <testcase classname="br.com.ricardotulio.mikrotikadmin.model.PeriodoFaturamentoTest" name="testaSeCriaPeriodoFaturamentoComIntervaloEmDias[34]" time="0.001"/>
  <testcase classname="br.com.ricardotulio.mikrotikadmin.model.PeriodoFaturamentoTest" name="testaSeCalculaPeriodoCompletaUmMes[35]" time="0"/>
  <testcase classname="br.com.ricardotulio.mikrotikadmin.model.PeriodoFaturamentoTest" name="testaSeCalculaIntervaloEntrePeriodoFaturamento[35]" time="0"/>
  <testcase classname="br.com.ricardotulio.mikrotikadmin.model.PeriodoFaturamentoTest" name="testaSeCriaPeriodoFaturamentoComIntervaloEmDias[35]" time="0"/>
  <testcase classname="br.com.ricardotulio.mikrotikadmin.model.PeriodoFaturamentoTest" name="testaSeCalculaPeriodoCompletaUmMes[36]" time="0"/>
  <testcase classname="br.com.ricardotulio.mikrotikadmin.model.PeriodoFaturamentoTest" name="testaSeCalculaIntervaloEntrePeriodoFaturamento[36]" time="0"/>
  <testcase classname="br.com.ricardotulio.mikrotikadmin.model.PeriodoFaturamentoTest" name="testaSeCriaPeriodoFaturamentoComIntervaloEmDias[36]" time="0"/>
  <testcase classname="br.com.ricardotulio.mikrotikadmin.model.PeriodoFaturamentoTest" name="testaSeCalculaPeriodoCompletaUmMes[37]" time="0"/>
  <testcase classname="br.com.ricardotulio.mikrotikadmin.model.PeriodoFaturamentoTest" name="testaSeCalculaIntervaloEntrePeriodoFaturamento[37]" time="0"/>
  <testcase classname="br.com.ricardotulio.mikrotikadmin.model.PeriodoFaturamentoTest" name="testaSeCriaPeriodoFaturamentoComIntervaloEmDias[37]" time="0"/>
  <testcase classname="br.com.ricardotulio.mikrotikadmin.model.PeriodoFaturamentoTest" name="testaSeCalculaPeriodoCompletaUmMes[38]" time="0"/>
  <testcase classname="br.com.ricardotulio.mikrotikadmin.model.PeriodoFaturamentoTest" name="testaSeCalculaIntervaloEntrePeriodoFaturamento[38]" time="0"/>
  <testcase classname="br.com.ricardotulio.mikrotikadmin.model.PeriodoFaturamentoTest" name="testaSeCriaPeriodoFaturamentoComIntervaloEmDias[38]" time="0"/>
  <testcase classname="br.com.ricardotulio.mikrotikadmin.model.PeriodoFaturamentoTest" name="testaSeCalculaPeriodoCompletaUmMes[39]" time="0"/>
  <testcase classname="br.com.ricardotulio.mikrotikadmin.model.PeriodoFaturamentoTest" name="testaSeCalculaIntervaloEntrePeriodoFaturamento[39]" time="0"/>
  <testcase classname="br.com.ricardotulio.mikrotikadmin.model.PeriodoFaturamentoTest" name="testaSeCriaPeriodoFaturamentoComIntervaloEmDias[39]" time="0"/>
  <testcase classname="br.com.ricardotulio.mikrotikadmin.model.PeriodoFaturamentoTest" name="testaSeCalculaPeriodoCompletaUmMes[40]" time="0"/>
  <testcase classname="br.com.ricardotulio.mikrotikadmin.model.PeriodoFaturamentoTest" name="testaSeCalculaIntervaloEntrePeriodoFaturamento[40]" time="0"/>
  <testcase classname="br.com.ricardotulio.mikrotikadmin.model.PeriodoFaturamentoTest" name="testaSeCriaPeriodoFaturamentoComIntervaloEmDias[40]" time="0"/>
  <testcase classname="br.com.ricardotulio.mikrotikadmin.model.PeriodoFaturamentoTest" name="testaSeCalculaPeriodoCompletaUmMes[41]" time="0.001"/>
  <testcase classname="br.com.ricardotulio.mikrotikadmin.model.PeriodoFaturamentoTest" name="testaSeCalculaIntervaloEntrePeriodoFaturamento[41]" time="0"/>
  <testcase classname="br.com.ricardotulio.mikrotikadmin.model.PeriodoFaturamentoTest" name="testaSeCriaPeriodoFaturamentoComIntervaloEmDias[41]" time="0"/>
  <testcase classname="br.com.ricardotulio.mikrotikadmin.model.PeriodoFaturamentoTest" name="testaSeCalculaPeriodoCompletaUmMes[42]" time="0"/>
  <testcase classname="br.com.ricardotulio.mikrotikadmin.model.PeriodoFaturamentoTest" name="testaSeCalculaIntervaloEntrePeriodoFaturamento[42]" time="0"/>
  <testcase classname="br.com.ricardotulio.mikrotikadmin.model.PeriodoFaturamentoTest" name="testaSeCriaPeriodoFaturamentoComIntervaloEmDias[42]" time="0"/>
  <testcase classname="br.com.ricardotulio.mikrotikadmin.model.PeriodoFaturamentoTest" name="testaSeCalculaPeriodoCompletaUmMes[43]" time="0"/>
  <testcase classname="br.com.ricardotulio.mikrotikadmin.model.PeriodoFaturamentoTest" name="testaSeCalculaIntervaloEntrePeriodoFaturamento[43]" time="0"/>
  <testcase classname="br.com.ricardotulio.mikrotikadmin.model.PeriodoFaturamentoTest" name="testaSeCriaPeriodoFaturamentoComIntervaloEmDias[43]" time="0"/>
  <testcase classname="br.com.ricardotulio.mikrotikadmin.model.PeriodoFaturamentoTest" name="testaSeCalculaPeriodoCompletaUmMes[44]" time="0"/>
  <testcase classname="br.com.ricardotulio.mikrotikadmin.model.PeriodoFaturamentoTest" name="testaSeCalculaIntervaloEntrePeriodoFaturamento[44]" time="0"/>
  <testcase classname="br.com.ricardotulio.mikrotikadmin.model.PeriodoFaturamentoTest" name="testaSeCriaPeriodoFaturamentoComIntervaloEmDias[44]" time="0.001"/>
  <testcase classname="br.com.ricardotulio.mikrotikadmin.model.PeriodoFaturamentoTest" name="testaSeCalculaPeriodoCompletaUmMes[45]" time="0"/>
  <testcase classname="br.com.ricardotulio.mikrotikadmin.model.PeriodoFaturamentoTest" name="testaSeCalculaIntervaloEntrePeriodoFaturamento[45]" time="0"/>
  <testcase classname="br.com.ricardotulio.mikrotikadmin.model.PeriodoFaturamentoTest" name="testaSeCriaPeriodoFaturamentoComIntervaloEmDias[45]" time="0"/>
  <testcase classname="br.com.ricardotulio.mikrotikadmin.model.PeriodoFaturamentoTest" name="testaSeCalculaPeriodoCompletaUmMes[46]" time="0.001"/>
  <testcase classname="br.com.ricardotulio.mikrotikadmin.model.PeriodoFaturamentoTest" name="testaSeCalculaIntervaloEntrePeriodoFaturamento[46]" time="0"/>
  <testcase classname="br.com.ricardotulio.mikrotikadmin.model.PeriodoFaturamentoTest" name="testaSeCriaPeriodoFaturamentoComIntervaloEmDias[46]" time="0"/>
  <testcase classname="br.com.ricardotulio.mikrotikadmin.model.PeriodoFaturamentoTest" name="testaSeCalculaPeriodoCompletaUmMes[47]" time="0"/>
  <testcase classname="br.com.ricardotulio.mikrotikadmin.model.PeriodoFaturamentoTest" name="testaSeCalculaIntervaloEntrePeriodoFaturamento[47]" time="0"/>
  <testcase classname="br.com.ricardotulio.mikrotikadmin.model.PeriodoFaturamentoTest" name="testaSeCriaPeriodoFaturamentoComIntervaloEmDias[47]" time="0"/>
  <testcase classname="br.com.ricardotulio.mikrotikadmin.model.PeriodoFaturamentoTest" name="testaSeCalculaPeriodoCompletaUmMes[48]" time="0"/>
  <testcase classname="br.com.ricardotulio.mikrotikadmin.model.PeriodoFaturamentoTest" name="testaSeCalculaIntervaloEntrePeriodoFaturamento[48]" time="0"/>
  <testcase classname="br.com.ricardotulio.mikrotikadmin.model.PeriodoFaturamentoTest" name="testaSeCriaPeriodoFaturamentoComIntervaloEmDias[48]" time="0"/>
  <testcase classname="br.com.ricardotulio.mikrotikadmin.model.PeriodoFaturamentoTest" name="testaSeCalculaPeriodoCompletaUmMes[49]" time="0"/>
  <testcase classname="br.com.ricardotulio.mikrotikadmin.model.PeriodoFaturamentoTest" name="testaSeCalculaIntervaloEntrePeriodoFaturamento[49]" time="0"/>
  <testcase classname="br.com.ricardotulio.mikrotikadmin.model.PeriodoFaturamentoTest" name="testaSeCriaPeriodoFaturamentoComIntervaloEmDias[49]" time="0"/>
  <testcase classname="br.com.ricardotulio.mikrotikadmin.model.PeriodoFaturamentoTest" name="testaSeCalculaPeriodoCompletaUmMes[50]" time="0.001"/>
  <testcase classname="br.com.ricardotulio.mikrotikadmin.model.PeriodoFaturamentoTest" name="testaSeCalculaIntervaloEntrePeriodoFaturamento[50]" time="0"/>
  <testcase classname="br.com.ricardotulio.mikrotikadmin.model.PeriodoFaturamentoTest" name="testaSeCriaPeriodoFaturamentoComIntervaloEmDias[50]" time="0"/>
  <testcase classname="br.com.ricardotulio.mikrotikadmin.model.PeriodoFaturamentoTest" name="testaSeCalculaPeriodoCompletaUmMes[51]" time="0"/>
  <testcase classname="br.com.ricardotulio.mikrotikadmin.model.PeriodoFaturamentoTest" name="testaSeCalculaIntervaloEntrePeriodoFaturamento[51]" time="0"/>
  <testcase classname="br.com.ricardotulio.mikrotikadmin.model.PeriodoFaturamentoTest" name="testaSeCriaPeriodoFaturamentoComIntervaloEmDias[51]" time="0"/>
  <testcase classname="br.com.ricardotulio.mikrotikadmin.model.PeriodoFaturamentoTest" name="testaSeCalculaPeriodoCompletaUmMes[52]" time="0"/>
  <testcase classname="br.com.ricardotulio.mikrotikadmin.model.PeriodoFaturamentoTest" name="testaSeCalculaIntervaloEntrePeriodoFaturamento[52]" time="0"/>
  <testcase classname="br.com.ricardotulio.mikrotikadmin.model.PeriodoFaturamentoTest" name="testaSeCriaPeriodoFaturamentoComIntervaloEmDias[52]" time="0"/>
  <testcase classname="br.com.ricardotulio.mikrotikadmin.model.PeriodoFaturamentoTest" name="testaSeCalculaPeriodoCompletaUmMes[53]" time="0.001"/>
  <testcase classname="br.com.ricardotulio.mikrotikadmin.model.PeriodoFaturamentoTest" name="testaSeCalculaIntervaloEntrePeriodoFaturamento[53]" time="0"/>
  <testcase classname="br.com.ricardotulio.mikrotikadmin.model.PeriodoFaturamentoTest" name="testaSeCriaPeriodoFaturamentoComIntervaloEmDias[53]" time="0"/>
  <testcase classname="br.com.ricardotulio.mikrotikadmin.model.PeriodoFaturamentoTest" name="testaSeCalculaPeriodoCompletaUmMes[54]" time="0"/>
  <testcase classname="br.com.ricardotulio.mikrotikadmin.model.PeriodoFaturamentoTest" name="testaSeCalculaIntervaloEntrePeriodoFaturamento[54]" time="0"/>
  <testcase classname="br.com.ricardotulio.mikrotikadmin.model.PeriodoFaturamentoTest" name="testaSeCriaPeriodoFaturamentoComIntervaloEmDias[54]" time="0"/>
  <testcase classname="br.com.ricardotulio.mikrotikadmin.model.PeriodoFaturamentoTest" name="testaSeCalculaPeriodoCompletaUmMes[55]" time="0"/>
  <testcase classname="br.com.ricardotulio.mikrotikadmin.model.PeriodoFaturamentoTest" name="testaSeCalculaIntervaloEntrePeriodoFaturamento[55]" time="0"/>
  <testcase classname="br.com.ricardotulio.mikrotikadmin.model.PeriodoFaturamentoTest" name="testaSeCriaPeriodoFaturamentoComIntervaloEmDias[55]" time="0"/>
  <testcase classname="br.com.ricardotulio.mikrotikadmin.model.PeriodoFaturamentoTest" name="testaSeCalculaPeriodoCompletaUmMes[56]" time="0.001"/>
  <testcase classname="br.com.ricardotulio.mikrotikadmin.model.PeriodoFaturamentoTest" name="testaSeCalculaIntervaloEntrePeriodoFaturamento[56]" time="0"/>
  <testcase classname="br.com.ricardotulio.mikrotikadmin.model.PeriodoFaturamentoTest" name="testaSeCriaPeriodoFaturamentoComIntervaloEmDias[56]" time="0"/>
  <testcase classname="br.com.ricardotulio.mikrotikadmin.model.PeriodoFaturamentoTest" name="testaSeCalculaPeriodoCompletaUmMes[57]" time="0"/>
  <testcase classname="br.com.ricardotulio.mikrotikadmin.model.PeriodoFaturamentoTest" name="testaSeCalculaIntervaloEntrePeriodoFaturamento[57]" time="0"/>
  <testcase classname="br.com.ricardotulio.mikrotikadmin.model.PeriodoFaturamentoTest" name="testaSeCriaPeriodoFaturamentoComIntervaloEmDias[57]" time="0"/>
  <testcase classname="br.com.ricardotulio.mikrotikadmin.model.PeriodoFaturamentoTest" name="testaSeCalculaPeriodoCompletaUmMes[58]" time="0"/>
  <testcase classname="br.com.ricardotulio.mikrotikadmin.model.PeriodoFaturamentoTest" name="testaSeCalculaIntervaloEntrePeriodoFaturamento[58]" time="0"/>
  <testcase classname="br.com.ricardotulio.mikrotikadmin.model.PeriodoFaturamentoTest" name="testaSeCriaPeriodoFaturamentoComIntervaloEmDias[58]" time="0"/>
  <testcase classname="br.com.ricardotulio.mikrotikadmin.model.PeriodoFaturamentoTest" name="testaSeCalculaPeriodoCompletaUmMes[59]" time="0.003"/>
  <testcase classname="br.com.ricardotulio.mikrotikadmin.model.PeriodoFaturamentoTest" name="testaSeCalculaIntervaloEntrePeriodoFaturamento[59]" time="0"/>
  <testcase classname="br.com.ricardotulio.mikrotikadmin.model.PeriodoFaturamentoTest" name="testaSeCriaPeriodoFaturamentoComIntervaloEmDias[59]" time="0"/>
  <testcase classname="br.com.ricardotulio.mikrotikadmin.model.PeriodoFaturamentoTest" name="testaSeCalculaPeriodoCompletaUmMes[60]" time="0"/>
  <testcase classname="br.com.ricardotulio.mikrotikadmin.model.PeriodoFaturamentoTest" name="testaSeCalculaIntervaloEntrePeriodoFaturamento[60]" time="0.001"/>
  <testcase classname="br.com.ricardotulio.mikrotikadmin.model.PeriodoFaturamentoTest" name="testaSeCriaPeriodoFaturamentoComIntervaloEmDias[60]" time="0"/>
  <testcase classname="br.com.ricardotulio.mikrotikadmin.model.PeriodoFaturamentoTest" name="testaSeCalculaPeriodoCompletaUmMes[61]" time="0"/>
  <testcase classname="br.com.ricardotulio.mikrotikadmin.model.PeriodoFaturamentoTest" name="testaSeCalculaIntervaloEntrePeriodoFaturamento[61]" time="0"/>
  <testcase classname="br.com.ricardotulio.mikrotikadmin.model.PeriodoFaturamentoTest" name="testaSeCriaPeriodoFaturamentoComIntervaloEmDias[61]" time="0"/>
  <testcase classname="br.com.ricardotulio.mikrotikadmin.model.PeriodoFaturamentoTest" name="testaSeCalculaPeriodoCompletaUmMes[62]" time="0"/>
  <testcase classname="br.com.ricardotulio.mikrotikadmin.model.PeriodoFaturamentoTest" name="testaSeCalculaIntervaloEntrePeriodoFaturamento[62]" time="0"/>
  <testcase classname="br.com.ricardotulio.mikrotikadmin.model.PeriodoFaturamentoTest" name="testaSeCriaPeriodoFaturamentoComIntervaloEmDias[62]" time="0"/>
  <testcase classname="br.com.ricardotulio.mikrotikadmin.model.PeriodoFaturamentoTest" name="testaSeCalculaPeriodoCompletaUmMes[63]" time="0"/>
  <testcase classname="br.com.ricardotulio.mikrotikadmin.model.PeriodoFaturamentoTest" name="testaSeCalculaIntervaloEntrePeriodoFaturamento[63]" time="0.001"/>
  <testcase classname="br.com.ricardotulio.mikrotikadmin.model.PeriodoFaturamentoTest" name="testaSeCriaPeriodoFaturamentoComIntervaloEmDias[63]" time="0"/>
  <testcase classname="br.com.ricardotulio.mikrotikadmin.model.PeriodoFaturamentoTest" name="testaSeCalculaPeriodoCompletaUmMes[64]" time="0"/>
  <testcase classname="br.com.ricardotulio.mikrotikadmin.model.PeriodoFaturamentoTest" name="testaSeCalculaIntervaloEntrePeriodoFaturamento[64]" time="0"/>
  <testcase classname="br.com.ricardotulio.mikrotikadmin.model.PeriodoFaturamentoTest" name="testaSeCriaPeriodoFaturamentoComIntervaloEmDias[64]" time="0"/>
  <testcase classname="br.com.ricardotulio.mikrotikadmin.model.PeriodoFaturamentoTest" name="testaSeCalculaPeriodoCompletaUmMes[65]" time="0.001"/>
  <testcase classname="br.com.ricardotulio.mikrotikadmin.model.PeriodoFaturamentoTest" name="testaSeCalculaIntervaloEntrePeriodoFaturamento[65]" time="0"/>
  <testcase classname="br.com.ricardotulio.mikrotikadmin.model.PeriodoFaturamentoTest" name="testaSeCriaPeriodoFaturamentoComIntervaloEmDias[65]" time="0"/>
  <testcase classname="br.com.ricardotulio.mikrotikadmin.model.PeriodoFaturamentoTest" name="testaSeCalculaPeriodoCompletaUmMes[66]" time="0"/>
  <testcase classname="br.com.ricardotulio.mikrotikadmin.model.PeriodoFaturamentoTest" name="testaSeCalculaIntervaloEntrePeriodoFaturamento[66]" time="0"/>
  <testcase classname="br.com.ricardotulio.mikrotikadmin.model.PeriodoFaturamentoTest" name="testaSeCriaPeriodoFaturamentoComIntervaloEmDias[66]" time="0.001"/>
  <testcase classname="br.com.ricardotulio.mikrotikadmin.model.PeriodoFaturamentoTest" name="testaSeCalculaPeriodoCompletaUmMes[67]" time="0"/>
  <testcase classname="br.com.ricardotulio.mikrotikadmin.model.PeriodoFaturamentoTest" name="testaSeCalculaIntervaloEntrePeriodoFaturamento[67]" time="0"/>
  <testcase classname="br.com.ricardotulio.mikrotikadmin.model.PeriodoFaturamentoTest" name="testaSeCriaPeriodoFaturamentoComIntervaloEmDias[67]" time="0"/>
  <testcase classname="br.com.ricardotulio.mikrotikadmin.model.PeriodoFaturamentoTest" name="testaSeCalculaPeriodoCompletaUmMes[68]" time="0"/>
  <testcase classname="br.com.ricardotulio.mikrotikadmin.model.PeriodoFaturamentoTest" name="testaSeCalculaIntervaloEntrePeriodoFaturamento[68]" time="0"/>
  <testcase classname="br.com.ricardotulio.mikrotikadmin.model.PeriodoFaturamentoTest" name="testaSeCriaPeriodoFaturamentoComIntervaloEmDias[68]" time="0"/>
  <testcase classname="br.com.ricardotulio.mikrotikadmin.model.PeriodoFaturamentoTest" name="testaSeCalculaPeriodoCompletaUmMes[69]" time="0"/>
  <testcase classname="br.com.ricardotulio.mikrotikadmin.model.PeriodoFaturamentoTest" name="testaSeCalculaIntervaloEntrePeriodoFaturamento[69]" time="0"/>
  <testcase classname="br.com.ricardotulio.mikrotikadmin.model.PeriodoFaturamentoTest" name="testaSeCriaPeriodoFaturamentoComIntervaloEmDias[69]" time="0"/>
  <testcase classname="br.com.ricardotulio.mikrotikadmin.model.PeriodoFaturamentoTest" name="testaSeCalculaPeriodoCompletaUmMes[70]" time="0"/>
  <testcase classname="br.com.ricardotulio.mikrotikadmin.model.PeriodoFaturamentoTest" name="testaSeCalculaIntervaloEntrePeriodoFaturamento[70]" time="0.001"/>
  <testcase classname="br.com.ricardotulio.mikrotikadmin.model.PeriodoFaturamentoTest" name="testaSeCriaPeriodoFaturamentoComIntervaloEmDias[70]" time="0"/>
  <testcase classname="br.com.ricardotulio.mikrotikadmin.model.PeriodoFaturamentoTest" name="testaSeCalculaPeriodoCompletaUmMes[71]" time="0"/>
  <testcase classname="br.com.ricardotulio.mikrotikadmin.model.PeriodoFaturamentoTest" name="testaSeCalculaIntervaloEntrePeriodoFaturamento[71]" time="0"/>
  <testcase classname="br.com.ricardotulio.mikrotikadmin.model.PeriodoFaturamentoTest" name="testaSeCriaPeriodoFaturamentoComIntervaloEmDias[71]" time="0"/>
  <testcase classname="br.com.ricardotulio.mikrotikadmin.model.PeriodoFaturamentoTest" name="testaSeCalculaPeriodoCompletaUmMes[72]" time="0"/>
  <testcase classname="br.com.ricardotulio.mikrotikadmin.model.PeriodoFaturamentoTest" name="testaSeCalculaIntervaloEntrePeriodoFaturamento[72]" time="0"/>
  <testcase classname="br.com.ricardotulio.mikrotikadmin.model.PeriodoFaturamentoTest" name="testaSeCriaPeriodoFaturamentoComIntervaloEmDias[72]" time="0"/>
  <testcase classname="br.com.ricardotulio.mikrotikadmin.model.PeriodoFaturamentoTest" name="testaSeCalculaPeriodoCompletaUmMes[73]" time="0"/>
  <testcase classname="br.com.ricardotulio.mikrotikadmin.model.PeriodoFaturamentoTest" name="testaSeCalculaIntervaloEntrePeriodoFaturamento[73]" time="0"/>
  <testcase classname="br.com.ricardotulio.mikrotikadmin.model.PeriodoFaturamentoTest" name="testaSeCriaPeriodoFaturamentoComIntervaloEmDias[73]" time="0"/>
  <testcase classname="br.com.ricardotulio.mikrotikadmin.model.PeriodoFaturamentoTest" name="testaSeCalculaPeriodoCompletaUmMes[74]" time="0"/>
  <testcase classname="br.com.ricardotulio.mikrotikadmin.model.PeriodoFaturamentoTest" name="testaSeCalculaIntervaloEntrePeriodoFaturamento[74]" time="0"/>
  <testcase classname="br.com.ricardotulio.mikrotikadmin.model.PeriodoFaturamentoTest" name="testaSeCriaPeriodoFaturamentoComIntervaloEmDias[74]" time="0"/>
  <testcase classname="br.com.ricardotulio.mikrotikadmin.model.PeriodoFaturamentoTest" name="testaSeCalculaPeriodoCompletaUmMes[75]" time="0"/>
  <testcase classname="br.com.ricardotulio.mikrotikadmin.model.PeriodoFaturamentoTest" name="testaSeCalculaIntervaloEntrePeriodoFaturamento[75]" time="0.001"/>
  <testcase classname="br.com.ricardotulio.mikrotikadmin.model.PeriodoFaturamentoTest" name="testaSeCriaPeriodoFaturamentoComIntervaloEmDias[75]" time="0"/>
  <testcase classname="br.com.ricardotulio.mikrotikadmin.model.PeriodoFaturamentoTest" name="testaSeCalculaPeriodoCompletaUmMes[76]" time="0"/>
  <testcase classname="br.com.ricardotulio.mikrotikadmin.model.PeriodoFaturamentoTest" name="testaSeCalculaIntervaloEntrePeriodoFaturamento[76]" time="0"/>
  <testcase classname="br.com.ricardotulio.mikrotikadmin.model.PeriodoFaturamentoTest" name="testaSeCriaPeriodoFaturamentoComIntervaloEmDias[76]" time="0"/>
  <testcase classname="br.com.ricardotulio.mikrotikadmin.model.PeriodoFaturamentoTest" name="testaSeCalculaPeriodoCompletaUmMes[77]" time="0"/>
  <testcase classname="br.com.ricardotulio.mikrotikadmin.model.PeriodoFaturamentoTest" name="testaSeCalculaIntervaloEntrePeriodoFaturamento[77]" time="0"/>
  <testcase classname="br.com.ricardotulio.mikrotikadmin.model.PeriodoFaturamentoTest" name="testaSeCriaPeriodoFaturamentoComIntervaloEmDias[77]" time="0"/>
  <testcase classname="br.com.ricardotulio.mikrotikadmin.model.PeriodoFaturamentoTest" name="testaSeCalculaPeriodoCompletaUmMes[78]" time="0"/>
  <testcase classname="br.com.ricardotulio.mikrotikadmin.model.PeriodoFaturamentoTest" name="testaSeCalculaIntervaloEntrePeriodoFaturamento[78]" time="0"/>
  <testcase classname="br.com.ricardotulio.mikrotikadmin.model.PeriodoFaturamentoTest" name="testaSeCriaPeriodoFaturamentoComIntervaloEmDias[78]" time="0"/>
  <testcase classname="br.com.ricardotulio.mikrotikadmin.model.PeriodoFaturamentoTest" name="testaSeCalculaPeriodoCompletaUmMes[79]" time="0.001"/>
  <testcase classname="br.com.ricardotulio.mikrotikadmin.model.PeriodoFaturamentoTest" name="testaSeCalculaIntervaloEntrePeriodoFaturamento[79]" time="0"/>
  <testcase classname="br.com.ricardotulio.mikrotikadmin.model.PeriodoFaturamentoTest" name="testaSeCriaPeriodoFaturamentoComIntervaloEmDias[79]" time="0"/>
  <testcase classname="br.com.ricardotulio.mikrotikadmin.model.PeriodoFaturamentoTest" name="testaSeCalculaPeriodoCompletaUmMes[80]" time="0"/>
  <testcase classname="br.com.ricardotulio.mikrotikadmin.model.PeriodoFaturamentoTest" name="testaSeCalculaIntervaloEntrePeriodoFaturamento[80]" time="0"/>
  <testcase classname="br.com.ricardotulio.mikrotikadmin.model.PeriodoFaturamentoTest" name="testaSeCriaPeriodoFaturamentoComIntervaloEmDias[80]" time="0"/>
  <testcase classname="br.com.ricardotulio.mikrotikadmin.model.PeriodoFaturamentoTest" name="testaSeCalculaPeriodoCompletaUmMes[81]" time="0"/>
  <testcase classname="br.com.ricardotulio.mikrotikadmin.model.PeriodoFaturamentoTest" name="testaSeCalculaIntervaloEntrePeriodoFaturamento[81]" time="0"/>
  <testcase classname="br.com.ricardotulio.mikrotikadmin.model.PeriodoFaturamentoTest" name="testaSeCriaPeriodoFaturamentoComIntervaloEmDias[81]" time="0"/>
  <testcase classname="br.com.ricardotulio.mikrotikadmin.model.PeriodoFaturamentoTest" name="testaSeCalculaPeriodoCompletaUmMes[82]" time="0.001"/>
  <testcase classname="br.com.ricardotulio.mikrotikadmin.model.PeriodoFaturamentoTest" name="testaSeCalculaIntervaloEntrePeriodoFaturamento[82]" time="0"/>
  <testcase classname="br.com.ricardotulio.mikrotikadmin.model.PeriodoFaturamentoTest" name="testaSeCriaPeriodoFaturamentoComIntervaloEmDias[82]" time="0"/>
  <testcase classname="br.com.ricardotulio.mikrotikadmin.model.PeriodoFaturamentoTest" name="testaSeCalculaPeriodoCompletaUmMes[83]" time="0"/>
  <testcase classname="br.com.ricardotulio.mikrotikadmin.model.PeriodoFaturamentoTest" name="testaSeCalculaIntervaloEntrePeriodoFaturamento[83]" time="0.001"/>
  <testcase classname="br.com.ricardotulio.mikrotikadmin.model.PeriodoFaturamentoTest" name="testaSeCriaPeriodoFaturamentoComIntervaloEmDias[83]" time="0"/>
  <testcase classname="br.com.ricardotulio.mikrotikadmin.model.PeriodoFaturamentoTest" name="testaSeCalculaPeriodoCompletaUmMes[84]" time="0"/>
  <testcase classname="br.com.ricardotulio.mikrotikadmin.model.PeriodoFaturamentoTest" name="testaSeCalculaIntervaloEntrePeriodoFaturamento[84]" time="0"/>
  <testcase classname="br.com.ricardotulio.mikrotikadmin.model.PeriodoFaturamentoTest" name="testaSeCriaPeriodoFaturamentoComIntervaloEmDias[84]" time="0"/>
  <testcase classname="br.com.ricardotulio.mikrotikadmin.model.PeriodoFaturamentoTest" name="testaSeCalculaPeriodoCompletaUmMes[85]" time="0"/>
  <testcase classname="br.com.ricardotulio.mikrotikadmin.model.PeriodoFaturamentoTest" name="testaSeCalculaIntervaloEntrePeriodoFaturamento[85]" time="0"/>
  <testcase classname="br.com.ricardotulio.mikrotikadmin.model.PeriodoFaturamentoTest" name="testaSeCriaPeriodoFaturamentoComIntervaloEmDias[85]" time="0"/>
  <testcase classname="br.com.ricardotulio.mikrotikadmin.model.PeriodoFaturamentoTest" name="testaSeCalculaPeriodoCompletaUmMes[86]" time="0"/>
  <testcase classname="br.com.ricardotulio.mikrotikadmin.model.PeriodoFaturamentoTest" name="testaSeCalculaIntervaloEntrePeriodoFaturamento[86]" time="0.001"/>
  <testcase classname="br.com.ricardotulio.mikrotikadmin.model.PeriodoFaturamentoTest" name="testaSeCriaPeriodoFaturamentoComIntervaloEmDias[86]" time="0"/>
  <testcase classname="br.com.ricardotulio.mikrotikadmin.model.PeriodoFaturamentoTest" name="testaSeCalculaPeriodoCompletaUmMes[87]" time="0"/>
  <testcase classname="br.com.ricardotulio.mikrotikadmin.model.PeriodoFaturamentoTest" name="testaSeCalculaIntervaloEntrePeriodoFaturamento[87]" time="0"/>
  <testcase classname="br.com.ricardotulio.mikrotikadmin.model.PeriodoFaturamentoTest" name="testaSeCriaPeriodoFaturamentoComIntervaloEmDias[87]" time="0"/>
  <testcase classname="br.com.ricardotulio.mikrotikadmin.model.PeriodoFaturamentoTest" name="testaSeCalculaPeriodoCompletaUmMes[88]" time="0"/>
  <testcase classname="br.com.ricardotulio.mikrotikadmin.model.PeriodoFaturamentoTest" name="testaSeCalculaIntervaloEntrePeriodoFaturamento[88]" time="0"/>
  <testcase classname="br.com.ricardotulio.mikrotikadmin.model.PeriodoFaturamentoTest" name="testaSeCriaPeriodoFaturamentoComIntervaloEmDias[88]" time="0"/>
  <testcase classname="br.com.ricardotulio.mikrotikadmin.model.PeriodoFaturamentoTest" name="testaSeCalculaPeriodoCompletaUmMes[89]" time="0"/>
  <testcase classname="br.com.ricardotulio.mikrotikadmin.model.PeriodoFaturamentoTest" name="testaSeCalculaIntervaloEntrePeriodoFaturamento[89]" time="0"/>
  <testcase classname="br.com.ricardotulio.mikrotikadmin.model.PeriodoFaturamentoTest" name="testaSeCriaPeriodoFaturamentoComIntervaloEmDias[89]" time="0"/>
  <testcase classname="br.com.ricardotulio.mikrotikadmin.model.PeriodoFaturamentoTest" name="testaSeCalculaPeriodoCompletaUmMes[90]" time="0"/>
  <testcase classname="br.com.ricardotulio.mikrotikadmin.model.PeriodoFaturamentoTest" name="testaSeCalculaIntervaloEntrePeriodoFaturamento[90]" time="0"/>
  <testcase classname="br.com.ricardotulio.mikrotikadmin.model.PeriodoFaturamentoTest" name="testaSeCriaPeriodoFaturamentoComIntervaloEmDias[90]" time="0"/>
  <testcase classname="br.com.ricardotulio.mikrotikadmin.model.PeriodoFaturamentoTest" name="testaSeCalculaPeriodoCompletaUmMes[91]" time="0"/>
  <testcase classname="br.com.ricardotulio.mikrotikadmin.model.PeriodoFaturamentoTest" name="testaSeCalculaIntervaloEntrePeriodoFaturamento[91]" time="0"/>
  <testcase classname="br.com.ricardotulio.mikrotikadmin.model.PeriodoFaturamentoTest" name="testaSeCriaPeriodoFaturamentoComIntervaloEmDias[91]" time="0"/>
  <testcase classname="br.com.ricardotulio.mikrotikadmin.model.PeriodoFaturamentoTest" name="testaSeCalculaPeriodoCompletaUmMes[92]" time="0"/>
  <testcase classname="br.com.ricardotulio.mikrotikadmin.model.PeriodoFaturamentoTest" name="testaSeCalculaIntervaloEntrePeriodoFaturamento[92]" time="0"/>
  <testcase classname="br.com.ricardotulio.mikrotikadmin.model.PeriodoFaturamentoTest" name="testaSeCriaPeriodoFaturamentoComIntervaloEmDias[92]" time="0"/>
  <testcase classname="br.com.ricardotulio.mikrotikadmin.model.PeriodoFaturamentoTest" name="testaSeCalculaPeriodoCompletaUmMes[93]" time="0"/>
  <testcase classname="br.com.ricardotulio.mikrotikadmin.model.PeriodoFaturamentoTest" name="testaSeCalculaIntervaloEntrePeriodoFaturamento[93]" time="0"/>
  <testcase classname="br.com.ricardotulio.mikrotikadmin.model.PeriodoFaturamentoTest" name="testaSeCriaPeriodoFaturamentoComIntervaloEmDias[93]" time="0"/>
  <testcase classname="br.com.ricardotulio.mikrotikadmin.model.PeriodoFaturamentoTest" name="testaSeCalculaPeriodoCompletaUmMes[94]" time="0"/>
  <testcase classname="br.com.ricardotulio.mikrotikadmin.model.PeriodoFaturamentoTest" name="testaSeCalculaIntervaloEntrePeriodoFaturamento[94]" time="0"/>
  <testcase classname="br.com.ricardotulio.mikrotikadmin.model.PeriodoFaturamentoTest" name="testaSeCriaPeriodoFaturamentoComIntervaloEmDias[94]" time="0"/>
  <testcase classname="br.com.ricardotulio.mikrotikadmin.model.PeriodoFaturamentoTest" name="testaSeCalculaPeriodoCompletaUmMes[95]" time="0"/>
  <testcase classname="br.com.ricardotulio.mikrotikadmin.model.PeriodoFaturamentoTest" name="testaSeCalculaIntervaloEntrePeriodoFaturamento[95]" time="0.001"/>
  <testcase classname="br.com.ricardotulio.mikrotikadmin.model.PeriodoFaturamentoTest" name="testaSeCriaPeriodoFaturamentoComIntervaloEmDias[95]" time="0"/>
  <testcase classname="br.com.ricardotulio.mikrotikadmin.model.PeriodoFaturamentoTest" name="testaSeCalculaPeriodoCompletaUmMes[96]" time="0"/>
  <testcase classname="br.com.ricardotulio.mikrotikadmin.model.PeriodoFaturamentoTest" name="testaSeCalculaIntervaloEntrePeriodoFaturamento[96]" time="0"/>
  <testcase classname="br.com.ricardotulio.mikrotikadmin.model.PeriodoFaturamentoTest" name="testaSeCriaPeriodoFaturamentoComIntervaloEmDias[96]" time="0"/>
  <testcase classname="br.com.ricardotulio.mikrotikadmin.model.PeriodoFaturamentoTest" name="testaSeCalculaPeriodoCompletaUmMes[97]" time="0"/>
  <testcase classname="br.com.ricardotulio.mikrotikadmin.model.PeriodoFaturamentoTest" name="testaSeCalculaIntervaloEntrePeriodoFaturamento[97]" time="0"/>
  <testcase classname="br.com.ricardotulio.mikrotikadmin.model.PeriodoFaturamentoTest" name="testaSeCriaPeriodoFaturamentoComIntervaloEmDias[97]" time="0"/>
  <testcase classname="br.com.ricardotulio.mikrotikadmin.model.PeriodoFaturamentoTest" name="testaSeCalculaPeriodoCompletaUmMes[98]" time="0"/>
  <testcase classname="br.com.ricardotulio.mikrotikadmin.model.PeriodoFaturamentoTest" name="testaSeCalculaIntervaloEntrePeriodoFaturamento[98]" time="0"/>
  <testcase classname="br.com.ricardotulio.mikrotikadmin.model.PeriodoFaturamentoTest" name="testaSeCriaPeriodoFaturamentoComIntervaloEmDias[98]" time="0"/>
  <testcase classname="br.com.ricardotulio.mikrotikadmin.model.PeriodoFaturamentoTest" name="testaSeCalculaPeriodoCompletaUmMes[99]" time="0"/>
  <testcase classname="br.com.ricardotulio.mikrotikadmin.model.PeriodoFaturamentoTest" name="testaSeCalculaIntervaloEntrePeriodoFaturamento[99]" time="0"/>
  <testcase classname="br.com.ricardotulio.mikrotikadmin.model.PeriodoFaturamentoTest" name="testaSeCriaPeriodoFaturamentoComIntervaloEmDias[99]" time="0"/>
</testsuite>