<?xml version="1.0" encoding="UTF-8" ?>
<testsuite tests="46" failures="0" name="br.com.ricardotulio.mikrotikadmin.CadastraClientesTest" time="11.557" errors="46" skipped="0">
  <properties>
    <property name="java.runtime.name" value="Java(TM) SE Runtime Environment"/>
    <property name="sun.boot.library.path" value="/opt/jdk/jdk1.8.0_51/jre/lib/amd64"/>
    <property name="java.vm.version" value="25.51-b03"/>
    <property name="java.vm.vendor" value="Oracle Corporation"/>
    <property name="java.vendor.url" value="http://java.oracle.com/"/>
    <property name="path.separator" value=":"/>
    <property name="guice.disable.misplaced.annotation.check" value="true"/>
    <property name="java.vm.name" value="Java HotSpot(TM) 64-Bit Server VM"/>
    <property name="file.encoding.pkg" value="sun.io"/>
    <property name="user.country" value="BR"/>
    <property name="sun.java.launcher" value="SUN_STANDARD"/>
    <property name="sun.os.patch.level" value="unknown"/>
    <property name="java.vm.specification.name" value="Java Virtual Machine Specification"/>
    <property name="user.dir" value="/home/ricardo/workspace/mikrotikadmin"/>
    <property name="java.runtime.version" value="1.8.0_51-b16"/>
    <property name="java.awt.graphicsenv" value="sun.awt.X11GraphicsEnvironment"/>
    <property name="java.endorsed.dirs" value="/opt/jdk/jdk1.8.0_51/jre/lib/endorsed"/>
    <property name="os.arch" value="amd64"/>
    <property name="java.io.tmpdir" value="/tmp"/>
    <property name="line.separator" value="
"/>
    <property name="java.vm.specification.vendor" value="Oracle Corporation"/>
    <property name="os.name" value="Linux"/>
    <property name="classworlds.conf" value="/usr/share/maven/bin/m2.conf"/>
    <property name="sun.jnu.encoding" value="UTF-8"/>
    <property name="java.library.path" value="/usr/java/packages/lib/amd64:/usr/lib64:/lib64:/lib:/usr/lib"/>
    <property name="java.specification.name" value="Java Platform API Specification"/>
    <property name="java.class.version" value="52.0"/>
    <property name="sun.management.compiler" value="HotSpot 64-Bit Tiered Compilers"/>
    <property name="os.version" value="3.16.0-4-amd64"/>
    <property name="user.home" value="/home/ricardo"/>
    <property name="user.timezone" value="America/Sao_Paulo"/>
    <property name="java.awt.printerjob" value="sun.print.PSPrinterJob"/>
    <property name="file.encoding" value="UTF-8"/>
    <property name="java.specification.version" value="1.8"/>
    <property name="user.name" value="ricardo"/>
    <property name="java.class.path" value="/usr/share/maven/boot/plexus-classworlds-2.x.jar"/>
    <property name="java.vm.specification.version" value="1.8"/>
    <property name="sun.arch.data.model" value="64"/>
    <property name="java.home" value="/opt/jdk/jdk1.8.0_51/jre"/>
    <property name="sun.java.command" value="org.codehaus.plexus.classworlds.launcher.Launcher package"/>
    <property name="java.specification.vendor" value="Oracle Corporation"/>
    <property name="user.language" value="pt"/>
    <property name="awt.toolkit" value="sun.awt.X11.XToolkit"/>
    <property name="java.vm.info" value="mixed mode"/>
    <property name="java.version" value="1.8.0_51"/>
    <property name="java.ext.dirs" value="/opt/jdk/jdk1.8.0_51/jre/lib/ext:/usr/java/packages/lib/ext"/>
    <property name="securerandom.source" value="file:/dev/./urandom"/>
    <property name="sun.boot.class.path" value="/opt/jdk/jdk1.8.0_51/jre/lib/resources.jar:/opt/jdk/jdk1.8.0_51/jre/lib/rt.jar:/opt/jdk/jdk1.8.0_51/jre/lib/sunrsasign.jar:/opt/jdk/jdk1.8.0_51/jre/lib/jsse.jar:/opt/jdk/jdk1.8.0_51/jre/lib/jce.jar:/opt/jdk/jdk1.8.0_51/jre/lib/charsets.jar:/opt/jdk/jdk1.8.0_51/jre/lib/jfr.jar:/opt/jdk/jdk1.8.0_51/jre/classes"/>
    <property name="java.vendor" value="Oracle Corporation"/>
    <property name="maven.home" value="/usr/share/maven"/>
    <property name="file.separator" value="/"/>
    <property name="java.vendor.url.bug" value="http://bugreport.sun.com/bugreport/"/>
    <property name="sun.cpu.endian" value="little"/>
    <property name="sun.io.unicode.encoding" value="UnicodeLittle"/>
    <property name="sun.desktop" value="gnome"/>
    <property name="sun.cpu.isalist" value=""/>
  </properties>
  <testcase classname="br.com.ricardotulio.mikrotikadmin.CadastraClientesTest" name="testaSeCadastraCliente[0]" time="0.283">
    <error message="Unable to locate element: {&quot;method&quot;:&quot;name&quot;,&quot;selector&quot;:&quot;nome&quot;}
Command duration or timeout: 19 milliseconds
For documentation on this error, please visit: http://seleniumhq.org/exceptions/no_such_element.html
Build info: version: &apos;2.53.1&apos;, revision: &apos;a36b8b1cd5757287168e54b817830adce9b0158d&apos;, time: &apos;2016-06-30 19:26:09&apos;
System info: host: &apos;debian&apos;, ip: &apos;127.0.1.1&apos;, os.name: &apos;Linux&apos;, os.arch: &apos;amd64&apos;, os.version: &apos;3.16.0-4-amd64&apos;, java.version: &apos;1.8.0_51&apos;
Driver info: org.openqa.selenium.firefox.FirefoxDriver
Capabilities [{applicationCacheEnabled=true, rotatable=false, handlesAlerts=true, databaseEnabled=true, version=47.0.1, platform=LINUX, nativeEvents=false, acceptSslCerts=true, webStorageEnabled=true, locationContextEnabled=true, browserName=firefox, takesScreenshot=true, javascriptEnabled=true, cssSelectorsEnabled=true}]
Session ID: fd59750a-6cd2-45cd-a523-1e3c2ee77287
*** Element info: {Using=name, value=nome}" type="org.openqa.selenium.NoSuchElementException">org.openqa.selenium.NoSuchElementException: Unable to locate element: {&quot;method&quot;:&quot;name&quot;,&quot;selector&quot;:&quot;nome&quot;}
Command duration or timeout: 19 milliseconds
For documentation on this error, please visit: http://seleniumhq.org/exceptions/no_such_element.html
Build info: version: &apos;2.53.1&apos;, revision: &apos;a36b8b1cd5757287168e54b817830adce9b0158d&apos;, time: &apos;2016-06-30 19:26:09&apos;
System info: host: &apos;debian&apos;, ip: &apos;127.0.1.1&apos;, os.name: &apos;Linux&apos;, os.arch: &apos;amd64&apos;, os.version: &apos;3.16.0-4-amd64&apos;, java.version: &apos;1.8.0_51&apos;
Driver info: org.openqa.selenium.firefox.FirefoxDriver
Capabilities [{applicationCacheEnabled=true, rotatable=false, handlesAlerts=true, databaseEnabled=true, version=47.0.1, platform=LINUX, nativeEvents=false, acceptSslCerts=true, webStorageEnabled=true, locationContextEnabled=true, browserName=firefox, takesScreenshot=true, javascriptEnabled=true, cssSelectorsEnabled=true}]
Session ID: fd59750a-6cd2-45cd-a523-1e3c2ee77287
*** Element info: {Using=name, value=nome}
	at sun.reflect.GeneratedConstructorAccessor11.newInstance(Unknown Source)
	at sun.reflect.DelegatingConstructorAccessorImpl.newInstance(DelegatingConstructorAccessorImpl.java:45)
	at java.lang.reflect.Constructor.newInstance(Constructor.java:422)
	at org.openqa.selenium.remote.ErrorHandler.createThrowable(ErrorHandler.java:206)
	at org.openqa.selenium.remote.ErrorHandler.throwIfResponseFailed(ErrorHandler.java:158)
	at org.openqa.selenium.remote.RemoteWebDriver.execute(RemoteWebDriver.java:678)
	at org.openqa.selenium.remote.RemoteWebDriver.findElement(RemoteWebDriver.java:363)
	at org.openqa.selenium.remote.RemoteWebDriver.findElementByName(RemoteWebDriver.java:461)
	at org.openqa.selenium.By$ByName.findElement(By.java:303)
	at org.openqa.selenium.remote.RemoteWebDriver.findElement(RemoteWebDriver.java:355)
	at br.com.ricardotulio.mikrotikadmin.CadastraClientesTest.testaSeCadastraCliente(CadastraClientesTest.java:129)
	at sun.reflect.NativeMethodAccessorImpl.invoke0(Native Method)
	at sun.reflect.NativeMethodAccessorImpl.invoke(NativeMethodAccessorImpl.java:62)
	at sun.reflect.DelegatingMethodAccessorImpl.invoke(DelegatingMethodAccessorImpl.java:43)
	at java.lang.reflect.Method.invoke(Method.java:497)
	at org.junit.runners.model.FrameworkMethod$1.runReflectiveCall(FrameworkMethod.java:50)
	at org.junit.internal.runners.model.ReflectiveCallable.run(ReflectiveCallable.java:12)
	at org.junit.runners.model.FrameworkMethod.invokeExplosively(FrameworkMethod.java:47)
	at org.junit.internal.runners.statements.InvokeMethod.evaluate(InvokeMethod.java:17)
	at org.junit.internal.runners.statements.RunAfters.evaluate(RunAfters.java:27)
	at org.junit.rules.TestWatcher$1.evaluate(TestWatcher.java:55)
	at org.junit.rules.RunRules.evaluate(RunRules.java:20)
	at org.junit.runners.ParentRunner.runLeaf(ParentRunner.java:325)
	at org.junit.runners.BlockJUnit4ClassRunner.runChild(BlockJUnit4ClassRunner.java:78)
	at org.junit.runners.BlockJUnit4ClassRunner.runChild(BlockJUnit4ClassRunner.java:57)
	at org.junit.runners.ParentRunner$3.run(ParentRunner.java:290)
	at org.junit.runners.ParentRunner$1.schedule(ParentRunner.java:71)
	at org.junit.runners.ParentRunner.runChildren(ParentRunner.java:288)
	at org.junit.runners.ParentRunner.access$000(ParentRunner.java:58)
	at org.junit.runners.ParentRunner$2.evaluate(ParentRunner.java:268)
	at org.junit.runners.ParentRunner.run(ParentRunner.java:363)
	at org.junit.runners.Suite.runChild(Suite.java:128)
	at org.junit.runners.Suite.runChild(Suite.java:27)
	at org.junit.runners.ParentRunner$3.run(ParentRunner.java:290)
	at org.junit.runners.ParentRunner$1.schedule(ParentRunner.java:71)
	at org.junit.runners.ParentRunner.runChildren(ParentRunner.java:288)
	at org.junit.runners.ParentRunner.access$000(ParentRunner.java:58)
	at org.junit.runners.ParentRunner$2.evaluate(ParentRunner.java:268)
	at org.junit.internal.runners.statements.RunBefores.evaluate(RunBefores.java:26)
	at org.junit.internal.runners.statements.RunAfters.evaluate(RunAfters.java:27)
	at org.junit.runners.ParentRunner.run(ParentRunner.java:363)
	at org.apache.maven.surefire.junit4.JUnit4TestSet.execute(JUnit4TestSet.java:53)
	at org.apache.maven.surefire.junit4.JUnit4Provider.executeTestSet(JUnit4Provider.java:123)
	at org.apache.maven.surefire.junit4.JUnit4Provider.invoke(JUnit4Provider.java:104)
	at sun.reflect.NativeMethodAccessorImpl.invoke0(Native Method)
	at sun.reflect.NativeMethodAccessorImpl.invoke(NativeMethodAccessorImpl.java:62)
	at sun.reflect.DelegatingMethodAccessorImpl.invoke(DelegatingMethodAccessorImpl.java:43)
	at java.lang.reflect.Method.invoke(Method.java:497)
	at org.apache.maven.surefire.util.ReflectionUtils.invokeMethodWithArray(ReflectionUtils.java:164)
	at org.apache.maven.surefire.booter.ProviderFactory$ProviderProxy.invoke(ProviderFactory.java:110)
	at org.apache.maven.surefire.booter.SurefireStarter.invokeProvider(SurefireStarter.java:175)
	at org.apache.maven.surefire.booter.SurefireStarter.runSuitesInProcessWhenForked(SurefireStarter.java:107)
	at org.apache.maven.surefire.booter.ForkedBooter.main(ForkedBooter.java:68)
Caused by: org.openqa.selenium.NoSuchElementException: Unable to locate element: {&quot;method&quot;:&quot;name&quot;,&quot;selector&quot;:&quot;nome&quot;}
For documentation on this error, please visit: http://seleniumhq.org/exceptions/no_such_element.html
Build info: version: &apos;2.53.1&apos;, revision: &apos;a36b8b1cd5757287168e54b817830adce9b0158d&apos;, time: &apos;2016-06-30 19:26:09&apos;
System info: host: &apos;debian&apos;, ip: &apos;127.0.1.1&apos;, os.name: &apos;Linux&apos;, os.arch: &apos;amd64&apos;, os.version: &apos;3.16.0-4-amd64&apos;, java.version: &apos;1.8.0_51&apos;
Driver info: driver.version: unknown
	at &lt;anonymous class&gt;.FirefoxDriver.prototype.findElementInternal_(file:///tmp/anonymous2779453413399423835webdriver-profile/extensions/fxdriver@googlecode.com/components/driver-component.js:10770)
	at &lt;anonymous class&gt;.FirefoxDriver.prototype.findElement(file:///tmp/anonymous2779453413399423835webdriver-profile/extensions/fxdriver@googlecode.com/components/driver-component.js:10779)
	at &lt;anonymous class&gt;.DelayedCommand.prototype.executeInternal_/h(file:///tmp/anonymous2779453413399423835webdriver-profile/extensions/fxdriver@googlecode.com/components/command-processor.js:12661)
	at &lt;anonymous class&gt;.DelayedCommand.prototype.executeInternal_(file:///tmp/anonymous2779453413399423835webdriver-profile/extensions/fxdriver@googlecode.com/components/command-processor.js:12666)
	at &lt;anonymous class&gt;.DelayedCommand.prototype.execute/&lt;(file:///tmp/anonymous2779453413399423835webdriver-profile/extensions/fxdriver@googlecode.com/components/command-processor.js:12608)
</error>
  </testcase>
  <testcase classname="br.com.ricardotulio.mikrotikadmin.CadastraClientesTest" name="testaSeCadastraCliente[1]" time="0.119">
    <error message="Unable to locate element: {&quot;method&quot;:&quot;name&quot;,&quot;selector&quot;:&quot;nome&quot;}
Command duration or timeout: 10 milliseconds
For documentation on this error, please visit: http://seleniumhq.org/exceptions/no_such_element.html
Build info: version: &apos;2.53.1&apos;, revision: &apos;a36b8b1cd5757287168e54b817830adce9b0158d&apos;, time: &apos;2016-06-30 19:26:09&apos;
System info: host: &apos;debian&apos;, ip: &apos;127.0.1.1&apos;, os.name: &apos;Linux&apos;, os.arch: &apos;amd64&apos;, os.version: &apos;3.16.0-4-amd64&apos;, java.version: &apos;1.8.0_51&apos;
Driver info: org.openqa.selenium.firefox.FirefoxDriver
Capabilities [{applicationCacheEnabled=true, rotatable=false, handlesAlerts=true, databaseEnabled=true, version=47.0.1, platform=LINUX, nativeEvents=false, acceptSslCerts=true, webStorageEnabled=true, locationContextEnabled=true, browserName=firefox, takesScreenshot=true, javascriptEnabled=true, cssSelectorsEnabled=true}]
Session ID: fd59750a-6cd2-45cd-a523-1e3c2ee77287
*** Element info: {Using=name, value=nome}" type="org.openqa.selenium.NoSuchElementException">org.openqa.selenium.NoSuchElementException: Unable to locate element: {&quot;method&quot;:&quot;name&quot;,&quot;selector&quot;:&quot;nome&quot;}
Command duration or timeout: 10 milliseconds
For documentation on this error, please visit: http://seleniumhq.org/exceptions/no_such_element.html
Build info: version: &apos;2.53.1&apos;, revision: &apos;a36b8b1cd5757287168e54b817830adce9b0158d&apos;, time: &apos;2016-06-30 19:26:09&apos;
System info: host: &apos;debian&apos;, ip: &apos;127.0.1.1&apos;, os.name: &apos;Linux&apos;, os.arch: &apos;amd64&apos;, os.version: &apos;3.16.0-4-amd64&apos;, java.version: &apos;1.8.0_51&apos;
Driver info: org.openqa.selenium.firefox.FirefoxDriver
Capabilities [{applicationCacheEnabled=true, rotatable=false, handlesAlerts=true, databaseEnabled=true, version=47.0.1, platform=LINUX, nativeEvents=false, acceptSslCerts=true, webStorageEnabled=true, locationContextEnabled=true, browserName=firefox, takesScreenshot=true, javascriptEnabled=true, cssSelectorsEnabled=true}]
Session ID: fd59750a-6cd2-45cd-a523-1e3c2ee77287
*** Element info: {Using=name, value=nome}
	at sun.reflect.GeneratedConstructorAccessor11.newInstance(Unknown Source)
	at sun.reflect.DelegatingConstructorAccessorImpl.newInstance(DelegatingConstructorAccessorImpl.java:45)
	at java.lang.reflect.Constructor.newInstance(Constructor.java:422)
	at org.openqa.selenium.remote.ErrorHandler.createThrowable(ErrorHandler.java:206)
	at org.openqa.selenium.remote.ErrorHandler.throwIfResponseFailed(ErrorHandler.java:158)
	at org.openqa.selenium.remote.RemoteWebDriver.execute(RemoteWebDriver.java:678)
	at org.openqa.selenium.remote.RemoteWebDriver.findElement(RemoteWebDriver.java:363)
	at org.openqa.selenium.remote.RemoteWebDriver.findElementByName(RemoteWebDriver.java:461)
	at org.openqa.selenium.By$ByName.findElement(By.java:303)
	at org.openqa.selenium.remote.RemoteWebDriver.findElement(RemoteWebDriver.java:355)
	at br.com.ricardotulio.mikrotikadmin.CadastraClientesTest.testaSeCadastraCliente(CadastraClientesTest.java:129)
	at sun.reflect.NativeMethodAccessorImpl.invoke0(Native Method)
	at sun.reflect.NativeMethodAccessorImpl.invoke(NativeMethodAccessorImpl.java:62)
	at sun.reflect.DelegatingMethodAccessorImpl.invoke(DelegatingMethodAccessorImpl.java:43)
	at java.lang.reflect.Method.invoke(Method.java:497)
	at org.junit.runners.model.FrameworkMethod$1.runReflectiveCall(FrameworkMethod.java:50)
	at org.junit.internal.runners.model.ReflectiveCallable.run(ReflectiveCallable.java:12)
	at org.junit.runners.model.FrameworkMethod.invokeExplosively(FrameworkMethod.java:47)
	at org.junit.internal.runners.statements.InvokeMethod.evaluate(InvokeMethod.java:17)
	at org.junit.internal.runners.statements.RunAfters.evaluate(RunAfters.java:27)
	at org.junit.rules.TestWatcher$1.evaluate(TestWatcher.java:55)
	at org.junit.rules.RunRules.evaluate(RunRules.java:20)
	at org.junit.runners.ParentRunner.runLeaf(ParentRunner.java:325)
	at org.junit.runners.BlockJUnit4ClassRunner.runChild(BlockJUnit4ClassRunner.java:78)
	at org.junit.runners.BlockJUnit4ClassRunner.runChild(BlockJUnit4ClassRunner.java:57)
	at org.junit.runners.ParentRunner$3.run(ParentRunner.java:290)
	at org.junit.runners.ParentRunner$1.schedule(ParentRunner.java:71)
	at org.junit.runners.ParentRunner.runChildren(ParentRunner.java:288)
	at org.junit.runners.ParentRunner.access$000(ParentRunner.java:58)
	at org.junit.runners.ParentRunner$2.evaluate(ParentRunner.java:268)
	at org.junit.runners.ParentRunner.run(ParentRunner.java:363)
	at org.junit.runners.Suite.runChild(Suite.java:128)
	at org.junit.runners.Suite.runChild(Suite.java:27)
	at org.junit.runners.ParentRunner$3.run(ParentRunner.java:290)
	at org.junit.runners.ParentRunner$1.schedule(ParentRunner.java:71)
	at org.junit.runners.ParentRunner.runChildren(ParentRunner.java:288)
	at org.junit.runners.ParentRunner.access$000(ParentRunner.java:58)
	at org.junit.runners.ParentRunner$2.evaluate(ParentRunner.java:268)
	at org.junit.internal.runners.statements.RunBefores.evaluate(RunBefores.java:26)
	at org.junit.internal.runners.statements.RunAfters.evaluate(RunAfters.java:27)
	at org.junit.runners.ParentRunner.run(ParentRunner.java:363)
	at org.apache.maven.surefire.junit4.JUnit4TestSet.execute(JUnit4TestSet.java:53)
	at org.apache.maven.surefire.junit4.JUnit4Provider.executeTestSet(JUnit4Provider.java:123)
	at org.apache.maven.surefire.junit4.JUnit4Provider.invoke(JUnit4Provider.java:104)
	at sun.reflect.NativeMethodAccessorImpl.invoke0(Native Method)
	at sun.reflect.NativeMethodAccessorImpl.invoke(NativeMethodAccessorImpl.java:62)
	at sun.reflect.DelegatingMethodAccessorImpl.invoke(DelegatingMethodAccessorImpl.java:43)
	at java.lang.reflect.Method.invoke(Method.java:497)
	at org.apache.maven.surefire.util.ReflectionUtils.invokeMethodWithArray(ReflectionUtils.java:164)
	at org.apache.maven.surefire.booter.ProviderFactory$ProviderProxy.invoke(ProviderFactory.java:110)
	at org.apache.maven.surefire.booter.SurefireStarter.invokeProvider(SurefireStarter.java:175)
	at org.apache.maven.surefire.booter.SurefireStarter.runSuitesInProcessWhenForked(SurefireStarter.java:107)
	at org.apache.maven.surefire.booter.ForkedBooter.main(ForkedBooter.java:68)
Caused by: org.openqa.selenium.NoSuchElementException: Unable to locate element: {&quot;method&quot;:&quot;name&quot;,&quot;selector&quot;:&quot;nome&quot;}
For documentation on this error, please visit: http://seleniumhq.org/exceptions/no_such_element.html
Build info: version: &apos;2.53.1&apos;, revision: &apos;a36b8b1cd5757287168e54b817830adce9b0158d&apos;, time: &apos;2016-06-30 19:26:09&apos;
System info: host: &apos;debian&apos;, ip: &apos;127.0.1.1&apos;, os.name: &apos;Linux&apos;, os.arch: &apos;amd64&apos;, os.version: &apos;3.16.0-4-amd64&apos;, java.version: &apos;1.8.0_51&apos;
Driver info: driver.version: unknown
	at &lt;anonymous class&gt;.FirefoxDriver.prototype.findElementInternal_(file:///tmp/anonymous2779453413399423835webdriver-profile/extensions/fxdriver@googlecode.com/components/driver-component.js:10770)
	at &lt;anonymous class&gt;.FirefoxDriver.prototype.findElement(file:///tmp/anonymous2779453413399423835webdriver-profile/extensions/fxdriver@googlecode.com/components/driver-component.js:10779)
	at &lt;anonymous class&gt;.DelayedCommand.prototype.executeInternal_/h(file:///tmp/anonymous2779453413399423835webdriver-profile/extensions/fxdriver@googlecode.com/components/command-processor.js:12661)
	at &lt;anonymous class&gt;.DelayedCommand.prototype.executeInternal_(file:///tmp/anonymous2779453413399423835webdriver-profile/extensions/fxdriver@googlecode.com/components/command-processor.js:12666)
	at &lt;anonymous class&gt;.DelayedCommand.prototype.execute/&lt;(file:///tmp/anonymous2779453413399423835webdriver-profile/extensions/fxdriver@googlecode.com/components/command-processor.js:12608)
</error>
  </testcase>
  <testcase classname="br.com.ricardotulio.mikrotikadmin.CadastraClientesTest" name="testaSeCadastraCliente[2]" time="0.106">
    <error message="Unable to locate element: {&quot;method&quot;:&quot;name&quot;,&quot;selector&quot;:&quot;nome&quot;}
Command duration or timeout: 10 milliseconds
For documentation on this error, please visit: http://seleniumhq.org/exceptions/no_such_element.html
Build info: version: &apos;2.53.1&apos;, revision: &apos;a36b8b1cd5757287168e54b817830adce9b0158d&apos;, time: &apos;2016-06-30 19:26:09&apos;
System info: host: &apos;debian&apos;, ip: &apos;127.0.1.1&apos;, os.name: &apos;Linux&apos;, os.arch: &apos;amd64&apos;, os.version: &apos;3.16.0-4-amd64&apos;, java.version: &apos;1.8.0_51&apos;
Driver info: org.openqa.selenium.firefox.FirefoxDriver
Capabilities [{applicationCacheEnabled=true, rotatable=false, handlesAlerts=true, databaseEnabled=true, version=47.0.1, platform=LINUX, nativeEvents=false, acceptSslCerts=true, webStorageEnabled=true, locationContextEnabled=true, browserName=firefox, takesScreenshot=true, javascriptEnabled=true, cssSelectorsEnabled=true}]
Session ID: fd59750a-6cd2-45cd-a523-1e3c2ee77287
*** Element info: {Using=name, value=nome}" type="org.openqa.selenium.NoSuchElementException">org.openqa.selenium.NoSuchElementException: Unable to locate element: {&quot;method&quot;:&quot;name&quot;,&quot;selector&quot;:&quot;nome&quot;}
Command duration or timeout: 10 milliseconds
For documentation on this error, please visit: http://seleniumhq.org/exceptions/no_such_element.html
Build info: version: &apos;2.53.1&apos;, revision: &apos;a36b8b1cd5757287168e54b817830adce9b0158d&apos;, time: &apos;2016-06-30 19:26:09&apos;
System info: host: &apos;debian&apos;, ip: &apos;127.0.1.1&apos;, os.name: &apos;Linux&apos;, os.arch: &apos;amd64&apos;, os.version: &apos;3.16.0-4-amd64&apos;, java.version: &apos;1.8.0_51&apos;
Driver info: org.openqa.selenium.firefox.FirefoxDriver
Capabilities [{applicationCacheEnabled=true, rotatable=false, handlesAlerts=true, databaseEnabled=true, version=47.0.1, platform=LINUX, nativeEvents=false, acceptSslCerts=true, webStorageEnabled=true, locationContextEnabled=true, browserName=firefox, takesScreenshot=true, javascriptEnabled=true, cssSelectorsEnabled=true}]
Session ID: fd59750a-6cd2-45cd-a523-1e3c2ee77287
*** Element info: {Using=name, value=nome}
	at sun.reflect.GeneratedConstructorAccessor11.newInstance(Unknown Source)
	at sun.reflect.DelegatingConstructorAccessorImpl.newInstance(DelegatingConstructorAccessorImpl.java:45)
	at java.lang.reflect.Constructor.newInstance(Constructor.java:422)
	at org.openqa.selenium.remote.ErrorHandler.createThrowable(ErrorHandler.java:206)
	at org.openqa.selenium.remote.ErrorHandler.throwIfResponseFailed(ErrorHandler.java:158)
	at org.openqa.selenium.remote.RemoteWebDriver.execute(RemoteWebDriver.java:678)
	at org.openqa.selenium.remote.RemoteWebDriver.findElement(RemoteWebDriver.java:363)
	at org.openqa.selenium.remote.RemoteWebDriver.findElementByName(RemoteWebDriver.java:461)
	at org.openqa.selenium.By$ByName.findElement(By.java:303)
	at org.openqa.selenium.remote.RemoteWebDriver.findElement(RemoteWebDriver.java:355)
	at br.com.ricardotulio.mikrotikadmin.CadastraClientesTest.testaSeCadastraCliente(CadastraClientesTest.java:129)
	at sun.reflect.NativeMethodAccessorImpl.invoke0(Native Method)
	at sun.reflect.NativeMethodAccessorImpl.invoke(NativeMethodAccessorImpl.java:62)
	at sun.reflect.DelegatingMethodAccessorImpl.invoke(DelegatingMethodAccessorImpl.java:43)
	at java.lang.reflect.Method.invoke(Method.java:497)
	at org.junit.runners.model.FrameworkMethod$1.runReflectiveCall(FrameworkMethod.java:50)
	at org.junit.internal.runners.model.ReflectiveCallable.run(ReflectiveCallable.java:12)
	at org.junit.runners.model.FrameworkMethod.invokeExplosively(FrameworkMethod.java:47)
	at org.junit.internal.runners.statements.InvokeMethod.evaluate(InvokeMethod.java:17)
	at org.junit.internal.runners.statements.RunAfters.evaluate(RunAfters.java:27)
	at org.junit.rules.TestWatcher$1.evaluate(TestWatcher.java:55)
	at org.junit.rules.RunRules.evaluate(RunRules.java:20)
	at org.junit.runners.ParentRunner.runLeaf(ParentRunner.java:325)
	at org.junit.runners.BlockJUnit4ClassRunner.runChild(BlockJUnit4ClassRunner.java:78)
	at org.junit.runners.BlockJUnit4ClassRunner.runChild(BlockJUnit4ClassRunner.java:57)
	at org.junit.runners.ParentRunner$3.run(ParentRunner.java:290)
	at org.junit.runners.ParentRunner$1.schedule(ParentRunner.java:71)
	at org.junit.runners.ParentRunner.runChildren(ParentRunner.java:288)
	at org.junit.runners.ParentRunner.access$000(ParentRunner.java:58)
	at org.junit.runners.ParentRunner$2.evaluate(ParentRunner.java:268)
	at org.junit.runners.ParentRunner.run(ParentRunner.java:363)
	at org.junit.runners.Suite.runChild(Suite.java:128)
	at org.junit.runners.Suite.runChild(Suite.java:27)
	at org.junit.runners.ParentRunner$3.run(ParentRunner.java:290)
	at org.junit.runners.ParentRunner$1.schedule(ParentRunner.java:71)
	at org.junit.runners.ParentRunner.runChildren(ParentRunner.java:288)
	at org.junit.runners.ParentRunner.access$000(ParentRunner.java:58)
	at org.junit.runners.ParentRunner$2.evaluate(ParentRunner.java:268)
	at org.junit.internal.runners.statements.RunBefores.evaluate(RunBefores.java:26)
	at org.junit.internal.runners.statements.RunAfters.evaluate(RunAfters.java:27)
	at org.junit.runners.ParentRunner.run(ParentRunner.java:363)
	at org.apache.maven.surefire.junit4.JUnit4TestSet.execute(JUnit4TestSet.java:53)
	at org.apache.maven.surefire.junit4.JUnit4Provider.executeTestSet(JUnit4Provider.java:123)
	at org.apache.maven.surefire.junit4.JUnit4Provider.invoke(JUnit4Provider.java:104)
	at sun.reflect.NativeMethodAccessorImpl.invoke0(Native Method)
	at sun.reflect.NativeMethodAccessorImpl.invoke(NativeMethodAccessorImpl.java:62)
	at sun.reflect.DelegatingMethodAccessorImpl.invoke(DelegatingMethodAccessorImpl.java:43)
	at java.lang.reflect.Method.invoke(Method.java:497)
	at org.apache.maven.surefire.util.ReflectionUtils.invokeMethodWithArray(ReflectionUtils.java:164)
	at org.apache.maven.surefire.booter.ProviderFactory$ProviderProxy.invoke(ProviderFactory.java:110)
	at org.apache.maven.surefire.booter.SurefireStarter.invokeProvider(SurefireStarter.java:175)
	at org.apache.maven.surefire.booter.SurefireStarter.runSuitesInProcessWhenForked(SurefireStarter.java:107)
	at org.apache.maven.surefire.booter.ForkedBooter.main(ForkedBooter.java:68)
Caused by: org.openqa.selenium.NoSuchElementException: Unable to locate element: {&quot;method&quot;:&quot;name&quot;,&quot;selector&quot;:&quot;nome&quot;}
For documentation on this error, please visit: http://seleniumhq.org/exceptions/no_such_element.html
Build info: version: &apos;2.53.1&apos;, revision: &apos;a36b8b1cd5757287168e54b817830adce9b0158d&apos;, time: &apos;2016-06-30 19:26:09&apos;
System info: host: &apos;debian&apos;, ip: &apos;127.0.1.1&apos;, os.name: &apos;Linux&apos;, os.arch: &apos;amd64&apos;, os.version: &apos;3.16.0-4-amd64&apos;, java.version: &apos;1.8.0_51&apos;
Driver info: driver.version: unknown
	at &lt;anonymous class&gt;.FirefoxDriver.prototype.findElementInternal_(file:///tmp/anonymous2779453413399423835webdriver-profile/extensions/fxdriver@googlecode.com/components/driver-component.js:10770)
	at &lt;anonymous class&gt;.FirefoxDriver.prototype.findElement(file:///tmp/anonymous2779453413399423835webdriver-profile/extensions/fxdriver@googlecode.com/components/driver-component.js:10779)
	at &lt;anonymous class&gt;.DelayedCommand.prototype.executeInternal_/h(file:///tmp/anonymous2779453413399423835webdriver-profile/extensions/fxdriver@googlecode.com/components/command-processor.js:12661)
	at &lt;anonymous class&gt;.DelayedCommand.prototype.executeInternal_(file:///tmp/anonymous2779453413399423835webdriver-profile/extensions/fxdriver@googlecode.com/components/command-processor.js:12666)
	at &lt;anonymous class&gt;.DelayedCommand.prototype.execute/&lt;(file:///tmp/anonymous2779453413399423835webdriver-profile/extensions/fxdriver@googlecode.com/components/command-processor.js:12608)
</error>
  </testcase>
  <testcase classname="br.com.ricardotulio.mikrotikadmin.CadastraClientesTest" name="testaSeCadastraCliente[3]" time="0.132">
    <error message="Unable to locate element: {&quot;method&quot;:&quot;name&quot;,&quot;selector&quot;:&quot;nome&quot;}
Command duration or timeout: 10 milliseconds
For documentation on this error, please visit: http://seleniumhq.org/exceptions/no_such_element.html
Build info: version: &apos;2.53.1&apos;, revision: &apos;a36b8b1cd5757287168e54b817830adce9b0158d&apos;, time: &apos;2016-06-30 19:26:09&apos;
System info: host: &apos;debian&apos;, ip: &apos;127.0.1.1&apos;, os.name: &apos;Linux&apos;, os.arch: &apos;amd64&apos;, os.version: &apos;3.16.0-4-amd64&apos;, java.version: &apos;1.8.0_51&apos;
Driver info: org.openqa.selenium.firefox.FirefoxDriver
Capabilities [{applicationCacheEnabled=true, rotatable=false, handlesAlerts=true, databaseEnabled=true, version=47.0.1, platform=LINUX, nativeEvents=false, acceptSslCerts=true, webStorageEnabled=true, locationContextEnabled=true, browserName=firefox, takesScreenshot=true, javascriptEnabled=true, cssSelectorsEnabled=true}]
Session ID: fd59750a-6cd2-45cd-a523-1e3c2ee77287
*** Element info: {Using=name, value=nome}" type="org.openqa.selenium.NoSuchElementException">org.openqa.selenium.NoSuchElementException: Unable to locate element: {&quot;method&quot;:&quot;name&quot;,&quot;selector&quot;:&quot;nome&quot;}
Command duration or timeout: 10 milliseconds
For documentation on this error, please visit: http://seleniumhq.org/exceptions/no_such_element.html
Build info: version: &apos;2.53.1&apos;, revision: &apos;a36b8b1cd5757287168e54b817830adce9b0158d&apos;, time: &apos;2016-06-30 19:26:09&apos;
System info: host: &apos;debian&apos;, ip: &apos;127.0.1.1&apos;, os.name: &apos;Linux&apos;, os.arch: &apos;amd64&apos;, os.version: &apos;3.16.0-4-amd64&apos;, java.version: &apos;1.8.0_51&apos;
Driver info: org.openqa.selenium.firefox.FirefoxDriver
Capabilities [{applicationCacheEnabled=true, rotatable=false, handlesAlerts=true, databaseEnabled=true, version=47.0.1, platform=LINUX, nativeEvents=false, acceptSslCerts=true, webStorageEnabled=true, locationContextEnabled=true, browserName=firefox, takesScreenshot=true, javascriptEnabled=true, cssSelectorsEnabled=true}]
Session ID: fd59750a-6cd2-45cd-a523-1e3c2ee77287
*** Element info: {Using=name, value=nome}
	at sun.reflect.GeneratedConstructorAccessor11.newInstance(Unknown Source)
	at sun.reflect.DelegatingConstructorAccessorImpl.newInstance(DelegatingConstructorAccessorImpl.java:45)
	at java.lang.reflect.Constructor.newInstance(Constructor.java:422)
	at org.openqa.selenium.remote.ErrorHandler.createThrowable(ErrorHandler.java:206)
	at org.openqa.selenium.remote.ErrorHandler.throwIfResponseFailed(ErrorHandler.java:158)
	at org.openqa.selenium.remote.RemoteWebDriver.execute(RemoteWebDriver.java:678)
	at org.openqa.selenium.remote.RemoteWebDriver.findElement(RemoteWebDriver.java:363)
	at org.openqa.selenium.remote.RemoteWebDriver.findElementByName(RemoteWebDriver.java:461)
	at org.openqa.selenium.By$ByName.findElement(By.java:303)
	at org.openqa.selenium.remote.RemoteWebDriver.findElement(RemoteWebDriver.java:355)
	at br.com.ricardotulio.mikrotikadmin.CadastraClientesTest.testaSeCadastraCliente(CadastraClientesTest.java:129)
	at sun.reflect.NativeMethodAccessorImpl.invoke0(Native Method)
	at sun.reflect.NativeMethodAccessorImpl.invoke(NativeMethodAccessorImpl.java:62)
	at sun.reflect.DelegatingMethodAccessorImpl.invoke(DelegatingMethodAccessorImpl.java:43)
	at java.lang.reflect.Method.invoke(Method.java:497)
	at org.junit.runners.model.FrameworkMethod$1.runReflectiveCall(FrameworkMethod.java:50)
	at org.junit.internal.runners.model.ReflectiveCallable.run(ReflectiveCallable.java:12)
	at org.junit.runners.model.FrameworkMethod.invokeExplosively(FrameworkMethod.java:47)
	at org.junit.internal.runners.statements.InvokeMethod.evaluate(InvokeMethod.java:17)
	at org.junit.internal.runners.statements.RunAfters.evaluate(RunAfters.java:27)
	at org.junit.rules.TestWatcher$1.evaluate(TestWatcher.java:55)
	at org.junit.rules.RunRules.evaluate(RunRules.java:20)
	at org.junit.runners.ParentRunner.runLeaf(ParentRunner.java:325)
	at org.junit.runners.BlockJUnit4ClassRunner.runChild(BlockJUnit4ClassRunner.java:78)
	at org.junit.runners.BlockJUnit4ClassRunner.runChild(BlockJUnit4ClassRunner.java:57)
	at org.junit.runners.ParentRunner$3.run(ParentRunner.java:290)
	at org.junit.runners.ParentRunner$1.schedule(ParentRunner.java:71)
	at org.junit.runners.ParentRunner.runChildren(ParentRunner.java:288)
	at org.junit.runners.ParentRunner.access$000(ParentRunner.java:58)
	at org.junit.runners.ParentRunner$2.evaluate(ParentRunner.java:268)
	at org.junit.runners.ParentRunner.run(ParentRunner.java:363)
	at org.junit.runners.Suite.runChild(Suite.java:128)
	at org.junit.runners.Suite.runChild(Suite.java:27)
	at org.junit.runners.ParentRunner$3.run(ParentRunner.java:290)
	at org.junit.runners.ParentRunner$1.schedule(ParentRunner.java:71)
	at org.junit.runners.ParentRunner.runChildren(ParentRunner.java:288)
	at org.junit.runners.ParentRunner.access$000(ParentRunner.java:58)
	at org.junit.runners.ParentRunner$2.evaluate(ParentRunner.java:268)
	at org.junit.internal.runners.statements.RunBefores.evaluate(RunBefores.java:26)
	at org.junit.internal.runners.statements.RunAfters.evaluate(RunAfters.java:27)
	at org.junit.runners.ParentRunner.run(ParentRunner.java:363)
	at org.apache.maven.surefire.junit4.JUnit4TestSet.execute(JUnit4TestSet.java:53)
	at org.apache.maven.surefire.junit4.JUnit4Provider.executeTestSet(JUnit4Provider.java:123)
	at org.apache.maven.surefire.junit4.JUnit4Provider.invoke(JUnit4Provider.java:104)
	at sun.reflect.NativeMethodAccessorImpl.invoke0(Native Method)
	at sun.reflect.NativeMethodAccessorImpl.invoke(NativeMethodAccessorImpl.java:62)
	at sun.reflect.DelegatingMethodAccessorImpl.invoke(DelegatingMethodAccessorImpl.java:43)
	at java.lang.reflect.Method.invoke(Method.java:497)
	at org.apache.maven.surefire.util.ReflectionUtils.invokeMethodWithArray(ReflectionUtils.java:164)
	at org.apache.maven.surefire.booter.ProviderFactory$ProviderProxy.invoke(ProviderFactory.java:110)
	at org.apache.maven.surefire.booter.SurefireStarter.invokeProvider(SurefireStarter.java:175)
	at org.apache.maven.surefire.booter.SurefireStarter.runSuitesInProcessWhenForked(SurefireStarter.java:107)
	at org.apache.maven.surefire.booter.ForkedBooter.main(ForkedBooter.java:68)
Caused by: org.openqa.selenium.NoSuchElementException: Unable to locate element: {&quot;method&quot;:&quot;name&quot;,&quot;selector&quot;:&quot;nome&quot;}
For documentation on this error, please visit: http://seleniumhq.org/exceptions/no_such_element.html
Build info: version: &apos;2.53.1&apos;, revision: &apos;a36b8b1cd5757287168e54b817830adce9b0158d&apos;, time: &apos;2016-06-30 19:26:09&apos;
System info: host: &apos;debian&apos;, ip: &apos;127.0.1.1&apos;, os.name: &apos;Linux&apos;, os.arch: &apos;amd64&apos;, os.version: &apos;3.16.0-4-amd64&apos;, java.version: &apos;1.8.0_51&apos;
Driver info: driver.version: unknown
	at &lt;anonymous class&gt;.FirefoxDriver.prototype.findElementInternal_(file:///tmp/anonymous2779453413399423835webdriver-profile/extensions/fxdriver@googlecode.com/components/driver-component.js:10770)
	at &lt;anonymous class&gt;.FirefoxDriver.prototype.findElement(file:///tmp/anonymous2779453413399423835webdriver-profile/extensions/fxdriver@googlecode.com/components/driver-component.js:10779)
	at &lt;anonymous class&gt;.DelayedCommand.prototype.executeInternal_/h(file:///tmp/anonymous2779453413399423835webdriver-profile/extensions/fxdriver@googlecode.com/components/command-processor.js:12661)
	at &lt;anonymous class&gt;.DelayedCommand.prototype.executeInternal_(file:///tmp/anonymous2779453413399423835webdriver-profile/extensions/fxdriver@googlecode.com/components/command-processor.js:12666)
	at &lt;anonymous class&gt;.DelayedCommand.prototype.execute/&lt;(file:///tmp/anonymous2779453413399423835webdriver-profile/extensions/fxdriver@googlecode.com/components/command-processor.js:12608)
</error>
  </testcase>
  <testcase classname="br.com.ricardotulio.mikrotikadmin.CadastraClientesTest" name="testaSeCadastraCliente[4]" time="0.121">
    <error message="Unable to locate element: {&quot;method&quot;:&quot;name&quot;,&quot;selector&quot;:&quot;nome&quot;}
Command duration or timeout: 8 milliseconds
For documentation on this error, please visit: http://seleniumhq.org/exceptions/no_such_element.html
Build info: version: &apos;2.53.1&apos;, revision: &apos;a36b8b1cd5757287168e54b817830adce9b0158d&apos;, time: &apos;2016-06-30 19:26:09&apos;
System info: host: &apos;debian&apos;, ip: &apos;127.0.1.1&apos;, os.name: &apos;Linux&apos;, os.arch: &apos;amd64&apos;, os.version: &apos;3.16.0-4-amd64&apos;, java.version: &apos;1.8.0_51&apos;
Driver info: org.openqa.selenium.firefox.FirefoxDriver
Capabilities [{applicationCacheEnabled=true, rotatable=false, handlesAlerts=true, databaseEnabled=true, version=47.0.1, platform=LINUX, nativeEvents=false, acceptSslCerts=true, webStorageEnabled=true, locationContextEnabled=true, browserName=firefox, takesScreenshot=true, javascriptEnabled=true, cssSelectorsEnabled=true}]
Session ID: fd59750a-6cd2-45cd-a523-1e3c2ee77287
*** Element info: {Using=name, value=nome}" type="org.openqa.selenium.NoSuchElementException">org.openqa.selenium.NoSuchElementException: Unable to locate element: {&quot;method&quot;:&quot;name&quot;,&quot;selector&quot;:&quot;nome&quot;}
Command duration or timeout: 8 milliseconds
For documentation on this error, please visit: http://seleniumhq.org/exceptions/no_such_element.html
Build info: version: &apos;2.53.1&apos;, revision: &apos;a36b8b1cd5757287168e54b817830adce9b0158d&apos;, time: &apos;2016-06-30 19:26:09&apos;
System info: host: &apos;debian&apos;, ip: &apos;127.0.1.1&apos;, os.name: &apos;Linux&apos;, os.arch: &apos;amd64&apos;, os.version: &apos;3.16.0-4-amd64&apos;, java.version: &apos;1.8.0_51&apos;
Driver info: org.openqa.selenium.firefox.FirefoxDriver
Capabilities [{applicationCacheEnabled=true, rotatable=false, handlesAlerts=true, databaseEnabled=true, version=47.0.1, platform=LINUX, nativeEvents=false, acceptSslCerts=true, webStorageEnabled=true, locationContextEnabled=true, browserName=firefox, takesScreenshot=true, javascriptEnabled=true, cssSelectorsEnabled=true}]
Session ID: fd59750a-6cd2-45cd-a523-1e3c2ee77287
*** Element info: {Using=name, value=nome}
	at sun.reflect.GeneratedConstructorAccessor11.newInstance(Unknown Source)
	at sun.reflect.DelegatingConstructorAccessorImpl.newInstance(DelegatingConstructorAccessorImpl.java:45)
	at java.lang.reflect.Constructor.newInstance(Constructor.java:422)
	at org.openqa.selenium.remote.ErrorHandler.createThrowable(ErrorHandler.java:206)
	at org.openqa.selenium.remote.ErrorHandler.throwIfResponseFailed(ErrorHandler.java:158)
	at org.openqa.selenium.remote.RemoteWebDriver.execute(RemoteWebDriver.java:678)
	at org.openqa.selenium.remote.RemoteWebDriver.findElement(RemoteWebDriver.java:363)
	at org.openqa.selenium.remote.RemoteWebDriver.findElementByName(RemoteWebDriver.java:461)
	at org.openqa.selenium.By$ByName.findElement(By.java:303)
	at org.openqa.selenium.remote.RemoteWebDriver.findElement(RemoteWebDriver.java:355)
	at br.com.ricardotulio.mikrotikadmin.CadastraClientesTest.testaSeCadastraCliente(CadastraClientesTest.java:129)
	at sun.reflect.NativeMethodAccessorImpl.invoke0(Native Method)
	at sun.reflect.NativeMethodAccessorImpl.invoke(NativeMethodAccessorImpl.java:62)
	at sun.reflect.DelegatingMethodAccessorImpl.invoke(DelegatingMethodAccessorImpl.java:43)
	at java.lang.reflect.Method.invoke(Method.java:497)
	at org.junit.runners.model.FrameworkMethod$1.runReflectiveCall(FrameworkMethod.java:50)
	at org.junit.internal.runners.model.ReflectiveCallable.run(ReflectiveCallable.java:12)
	at org.junit.runners.model.FrameworkMethod.invokeExplosively(FrameworkMethod.java:47)
	at org.junit.internal.runners.statements.InvokeMethod.evaluate(InvokeMethod.java:17)
	at org.junit.internal.runners.statements.RunAfters.evaluate(RunAfters.java:27)
	at org.junit.rules.TestWatcher$1.evaluate(TestWatcher.java:55)
	at org.junit.rules.RunRules.evaluate(RunRules.java:20)
	at org.junit.runners.ParentRunner.runLeaf(ParentRunner.java:325)
	at org.junit.runners.BlockJUnit4ClassRunner.runChild(BlockJUnit4ClassRunner.java:78)
	at org.junit.runners.BlockJUnit4ClassRunner.runChild(BlockJUnit4ClassRunner.java:57)
	at org.junit.runners.ParentRunner$3.run(ParentRunner.java:290)
	at org.junit.runners.ParentRunner$1.schedule(ParentRunner.java:71)
	at org.junit.runners.ParentRunner.runChildren(ParentRunner.java:288)
	at org.junit.runners.ParentRunner.access$000(ParentRunner.java:58)
	at org.junit.runners.ParentRunner$2.evaluate(ParentRunner.java:268)
	at org.junit.runners.ParentRunner.run(ParentRunner.java:363)
	at org.junit.runners.Suite.runChild(Suite.java:128)
	at org.junit.runners.Suite.runChild(Suite.java:27)
	at org.junit.runners.ParentRunner$3.run(ParentRunner.java:290)
	at org.junit.runners.ParentRunner$1.schedule(ParentRunner.java:71)
	at org.junit.runners.ParentRunner.runChildren(ParentRunner.java:288)
	at org.junit.runners.ParentRunner.access$000(ParentRunner.java:58)
	at org.junit.runners.ParentRunner$2.evaluate(ParentRunner.java:268)
	at org.junit.internal.runners.statements.RunBefores.evaluate(RunBefores.java:26)
	at org.junit.internal.runners.statements.RunAfters.evaluate(RunAfters.java:27)
	at org.junit.runners.ParentRunner.run(ParentRunner.java:363)
	at org.apache.maven.surefire.junit4.JUnit4TestSet.execute(JUnit4TestSet.java:53)
	at org.apache.maven.surefire.junit4.JUnit4Provider.executeTestSet(JUnit4Provider.java:123)
	at org.apache.maven.surefire.junit4.JUnit4Provider.invoke(JUnit4Provider.java:104)
	at sun.reflect.NativeMethodAccessorImpl.invoke0(Native Method)
	at sun.reflect.NativeMethodAccessorImpl.invoke(NativeMethodAccessorImpl.java:62)
	at sun.reflect.DelegatingMethodAccessorImpl.invoke(DelegatingMethodAccessorImpl.java:43)
	at java.lang.reflect.Method.invoke(Method.java:497)
	at org.apache.maven.surefire.util.ReflectionUtils.invokeMethodWithArray(ReflectionUtils.java:164)
	at org.apache.maven.surefire.booter.ProviderFactory$ProviderProxy.invoke(ProviderFactory.java:110)
	at org.apache.maven.surefire.booter.SurefireStarter.invokeProvider(SurefireStarter.java:175)
	at org.apache.maven.surefire.booter.SurefireStarter.runSuitesInProcessWhenForked(SurefireStarter.java:107)
	at org.apache.maven.surefire.booter.ForkedBooter.main(ForkedBooter.java:68)
Caused by: org.openqa.selenium.NoSuchElementException: Unable to locate element: {&quot;method&quot;:&quot;name&quot;,&quot;selector&quot;:&quot;nome&quot;}
For documentation on this error, please visit: http://seleniumhq.org/exceptions/no_such_element.html
Build info: version: &apos;2.53.1&apos;, revision: &apos;a36b8b1cd5757287168e54b817830adce9b0158d&apos;, time: &apos;2016-06-30 19:26:09&apos;
System info: host: &apos;debian&apos;, ip: &apos;127.0.1.1&apos;, os.name: &apos;Linux&apos;, os.arch: &apos;amd64&apos;, os.version: &apos;3.16.0-4-amd64&apos;, java.version: &apos;1.8.0_51&apos;
Driver info: driver.version: unknown
	at &lt;anonymous class&gt;.FirefoxDriver.prototype.findElementInternal_(file:///tmp/anonymous2779453413399423835webdriver-profile/extensions/fxdriver@googlecode.com/components/driver-component.js:10770)
	at &lt;anonymous class&gt;.FirefoxDriver.prototype.findElement(file:///tmp/anonymous2779453413399423835webdriver-profile/extensions/fxdriver@googlecode.com/components/driver-component.js:10779)
	at &lt;anonymous class&gt;.DelayedCommand.prototype.executeInternal_/h(file:///tmp/anonymous2779453413399423835webdriver-profile/extensions/fxdriver@googlecode.com/components/command-processor.js:12661)
	at &lt;anonymous class&gt;.DelayedCommand.prototype.executeInternal_(file:///tmp/anonymous2779453413399423835webdriver-profile/extensions/fxdriver@googlecode.com/components/command-processor.js:12666)
	at &lt;anonymous class&gt;.DelayedCommand.prototype.execute/&lt;(file:///tmp/anonymous2779453413399423835webdriver-profile/extensions/fxdriver@googlecode.com/components/command-processor.js:12608)
</error>
  </testcase>
  <testcase classname="br.com.ricardotulio.mikrotikadmin.CadastraClientesTest" name="testaSeCadastraCliente[5]" time="0.101">
    <error message="Unable to locate element: {&quot;method&quot;:&quot;name&quot;,&quot;selector&quot;:&quot;nome&quot;}
Command duration or timeout: 7 milliseconds
For documentation on this error, please visit: http://seleniumhq.org/exceptions/no_such_element.html
Build info: version: &apos;2.53.1&apos;, revision: &apos;a36b8b1cd5757287168e54b817830adce9b0158d&apos;, time: &apos;2016-06-30 19:26:09&apos;
System info: host: &apos;debian&apos;, ip: &apos;127.0.1.1&apos;, os.name: &apos;Linux&apos;, os.arch: &apos;amd64&apos;, os.version: &apos;3.16.0-4-amd64&apos;, java.version: &apos;1.8.0_51&apos;
Driver info: org.openqa.selenium.firefox.FirefoxDriver
Capabilities [{applicationCacheEnabled=true, rotatable=false, handlesAlerts=true, databaseEnabled=true, version=47.0.1, platform=LINUX, nativeEvents=false, acceptSslCerts=true, webStorageEnabled=true, locationContextEnabled=true, browserName=firefox, takesScreenshot=true, javascriptEnabled=true, cssSelectorsEnabled=true}]
Session ID: fd59750a-6cd2-45cd-a523-1e3c2ee77287
*** Element info: {Using=name, value=nome}" type="org.openqa.selenium.NoSuchElementException">org.openqa.selenium.NoSuchElementException: Unable to locate element: {&quot;method&quot;:&quot;name&quot;,&quot;selector&quot;:&quot;nome&quot;}
Command duration or timeout: 7 milliseconds
For documentation on this error, please visit: http://seleniumhq.org/exceptions/no_such_element.html
Build info: version: &apos;2.53.1&apos;, revision: &apos;a36b8b1cd5757287168e54b817830adce9b0158d&apos;, time: &apos;2016-06-30 19:26:09&apos;
System info: host: &apos;debian&apos;, ip: &apos;127.0.1.1&apos;, os.name: &apos;Linux&apos;, os.arch: &apos;amd64&apos;, os.version: &apos;3.16.0-4-amd64&apos;, java.version: &apos;1.8.0_51&apos;
Driver info: org.openqa.selenium.firefox.FirefoxDriver
Capabilities [{applicationCacheEnabled=true, rotatable=false, handlesAlerts=true, databaseEnabled=true, version=47.0.1, platform=LINUX, nativeEvents=false, acceptSslCerts=true, webStorageEnabled=true, locationContextEnabled=true, browserName=firefox, takesScreenshot=true, javascriptEnabled=true, cssSelectorsEnabled=true}]
Session ID: fd59750a-6cd2-45cd-a523-1e3c2ee77287
*** Element info: {Using=name, value=nome}
	at sun.reflect.GeneratedConstructorAccessor11.newInstance(Unknown Source)
	at sun.reflect.DelegatingConstructorAccessorImpl.newInstance(DelegatingConstructorAccessorImpl.java:45)
	at java.lang.reflect.Constructor.newInstance(Constructor.java:422)
	at org.openqa.selenium.remote.ErrorHandler.createThrowable(ErrorHandler.java:206)
	at org.openqa.selenium.remote.ErrorHandler.throwIfResponseFailed(ErrorHandler.java:158)
	at org.openqa.selenium.remote.RemoteWebDriver.execute(RemoteWebDriver.java:678)
	at org.openqa.selenium.remote.RemoteWebDriver.findElement(RemoteWebDriver.java:363)
	at org.openqa.selenium.remote.RemoteWebDriver.findElementByName(RemoteWebDriver.java:461)
	at org.openqa.selenium.By$ByName.findElement(By.java:303)
	at org.openqa.selenium.remote.RemoteWebDriver.findElement(RemoteWebDriver.java:355)
	at br.com.ricardotulio.mikrotikadmin.CadastraClientesTest.testaSeCadastraCliente(CadastraClientesTest.java:129)
	at sun.reflect.NativeMethodAccessorImpl.invoke0(Native Method)
	at sun.reflect.NativeMethodAccessorImpl.invoke(NativeMethodAccessorImpl.java:62)
	at sun.reflect.DelegatingMethodAccessorImpl.invoke(DelegatingMethodAccessorImpl.java:43)
	at java.lang.reflect.Method.invoke(Method.java:497)
	at org.junit.runners.model.FrameworkMethod$1.runReflectiveCall(FrameworkMethod.java:50)
	at org.junit.internal.runners.model.ReflectiveCallable.run(ReflectiveCallable.java:12)
	at org.junit.runners.model.FrameworkMethod.invokeExplosively(FrameworkMethod.java:47)
	at org.junit.internal.runners.statements.InvokeMethod.evaluate(InvokeMethod.java:17)
	at org.junit.internal.runners.statements.RunAfters.evaluate(RunAfters.java:27)
	at org.junit.rules.TestWatcher$1.evaluate(TestWatcher.java:55)
	at org.junit.rules.RunRules.evaluate(RunRules.java:20)
	at org.junit.runners.ParentRunner.runLeaf(ParentRunner.java:325)
	at org.junit.runners.BlockJUnit4ClassRunner.runChild(BlockJUnit4ClassRunner.java:78)
	at org.junit.runners.BlockJUnit4ClassRunner.runChild(BlockJUnit4ClassRunner.java:57)
	at org.junit.runners.ParentRunner$3.run(ParentRunner.java:290)
	at org.junit.runners.ParentRunner$1.schedule(ParentRunner.java:71)
	at org.junit.runners.ParentRunner.runChildren(ParentRunner.java:288)
	at org.junit.runners.ParentRunner.access$000(ParentRunner.java:58)
	at org.junit.runners.ParentRunner$2.evaluate(ParentRunner.java:268)
	at org.junit.runners.ParentRunner.run(ParentRunner.java:363)
	at org.junit.runners.Suite.runChild(Suite.java:128)
	at org.junit.runners.Suite.runChild(Suite.java:27)
	at org.junit.runners.ParentRunner$3.run(ParentRunner.java:290)
	at org.junit.runners.ParentRunner$1.schedule(ParentRunner.java:71)
	at org.junit.runners.ParentRunner.runChildren(ParentRunner.java:288)
	at org.junit.runners.ParentRunner.access$000(ParentRunner.java:58)
	at org.junit.runners.ParentRunner$2.evaluate(ParentRunner.java:268)
	at org.junit.internal.runners.statements.RunBefores.evaluate(RunBefores.java:26)
	at org.junit.internal.runners.statements.RunAfters.evaluate(RunAfters.java:27)
	at org.junit.runners.ParentRunner.run(ParentRunner.java:363)
	at org.apache.maven.surefire.junit4.JUnit4TestSet.execute(JUnit4TestSet.java:53)
	at org.apache.maven.surefire.junit4.JUnit4Provider.executeTestSet(JUnit4Provider.java:123)
	at org.apache.maven.surefire.junit4.JUnit4Provider.invoke(JUnit4Provider.java:104)
	at sun.reflect.NativeMethodAccessorImpl.invoke0(Native Method)
	at sun.reflect.NativeMethodAccessorImpl.invoke(NativeMethodAccessorImpl.java:62)
	at sun.reflect.DelegatingMethodAccessorImpl.invoke(DelegatingMethodAccessorImpl.java:43)
	at java.lang.reflect.Method.invoke(Method.java:497)
	at org.apache.maven.surefire.util.ReflectionUtils.invokeMethodWithArray(ReflectionUtils.java:164)
	at org.apache.maven.surefire.booter.ProviderFactory$ProviderProxy.invoke(ProviderFactory.java:110)
	at org.apache.maven.surefire.booter.SurefireStarter.invokeProvider(SurefireStarter.java:175)
	at org.apache.maven.surefire.booter.SurefireStarter.runSuitesInProcessWhenForked(SurefireStarter.java:107)
	at org.apache.maven.surefire.booter.ForkedBooter.main(ForkedBooter.java:68)
Caused by: org.openqa.selenium.NoSuchElementException: Unable to locate element: {&quot;method&quot;:&quot;name&quot;,&quot;selector&quot;:&quot;nome&quot;}
For documentation on this error, please visit: http://seleniumhq.org/exceptions/no_such_element.html
Build info: version: &apos;2.53.1&apos;, revision: &apos;a36b8b1cd5757287168e54b817830adce9b0158d&apos;, time: &apos;2016-06-30 19:26:09&apos;
System info: host: &apos;debian&apos;, ip: &apos;127.0.1.1&apos;, os.name: &apos;Linux&apos;, os.arch: &apos;amd64&apos;, os.version: &apos;3.16.0-4-amd64&apos;, java.version: &apos;1.8.0_51&apos;
Driver info: driver.version: unknown
	at &lt;anonymous class&gt;.FirefoxDriver.prototype.findElementInternal_(file:///tmp/anonymous2779453413399423835webdriver-profile/extensions/fxdriver@googlecode.com/components/driver-component.js:10770)
	at &lt;anonymous class&gt;.FirefoxDriver.prototype.findElement(file:///tmp/anonymous2779453413399423835webdriver-profile/extensions/fxdriver@googlecode.com/components/driver-component.js:10779)
	at &lt;anonymous class&gt;.DelayedCommand.prototype.executeInternal_/h(file:///tmp/anonymous2779453413399423835webdriver-profile/extensions/fxdriver@googlecode.com/components/command-processor.js:12661)
	at &lt;anonymous class&gt;.DelayedCommand.prototype.executeInternal_(file:///tmp/anonymous2779453413399423835webdriver-profile/extensions/fxdriver@googlecode.com/components/command-processor.js:12666)
	at &lt;anonymous class&gt;.DelayedCommand.prototype.execute/&lt;(file:///tmp/anonymous2779453413399423835webdriver-profile/extensions/fxdriver@googlecode.com/components/command-processor.js:12608)
</error>
  </testcase>
  <testcase classname="br.com.ricardotulio.mikrotikadmin.CadastraClientesTest" name="testaSeCadastraCliente[6]" time="0.103">
    <error message="Unable to locate element: {&quot;method&quot;:&quot;name&quot;,&quot;selector&quot;:&quot;nome&quot;}
Command duration or timeout: 8 milliseconds
For documentation on this error, please visit: http://seleniumhq.org/exceptions/no_such_element.html
Build info: version: &apos;2.53.1&apos;, revision: &apos;a36b8b1cd5757287168e54b817830adce9b0158d&apos;, time: &apos;2016-06-30 19:26:09&apos;
System info: host: &apos;debian&apos;, ip: &apos;127.0.1.1&apos;, os.name: &apos;Linux&apos;, os.arch: &apos;amd64&apos;, os.version: &apos;3.16.0-4-amd64&apos;, java.version: &apos;1.8.0_51&apos;
Driver info: org.openqa.selenium.firefox.FirefoxDriver
Capabilities [{applicationCacheEnabled=true, rotatable=false, handlesAlerts=true, databaseEnabled=true, version=47.0.1, platform=LINUX, nativeEvents=false, acceptSslCerts=true, webStorageEnabled=true, locationContextEnabled=true, browserName=firefox, takesScreenshot=true, javascriptEnabled=true, cssSelectorsEnabled=true}]
Session ID: fd59750a-6cd2-45cd-a523-1e3c2ee77287
*** Element info: {Using=name, value=nome}" type="org.openqa.selenium.NoSuchElementException">org.openqa.selenium.NoSuchElementException: Unable to locate element: {&quot;method&quot;:&quot;name&quot;,&quot;selector&quot;:&quot;nome&quot;}
Command duration or timeout: 8 milliseconds
For documentation on this error, please visit: http://seleniumhq.org/exceptions/no_such_element.html
Build info: version: &apos;2.53.1&apos;, revision: &apos;a36b8b1cd5757287168e54b817830adce9b0158d&apos;, time: &apos;2016-06-30 19:26:09&apos;
System info: host: &apos;debian&apos;, ip: &apos;127.0.1.1&apos;, os.name: &apos;Linux&apos;, os.arch: &apos;amd64&apos;, os.version: &apos;3.16.0-4-amd64&apos;, java.version: &apos;1.8.0_51&apos;
Driver info: org.openqa.selenium.firefox.FirefoxDriver
Capabilities [{applicationCacheEnabled=true, rotatable=false, handlesAlerts=true, databaseEnabled=true, version=47.0.1, platform=LINUX, nativeEvents=false, acceptSslCerts=true, webStorageEnabled=true, locationContextEnabled=true, browserName=firefox, takesScreenshot=true, javascriptEnabled=true, cssSelectorsEnabled=true}]
Session ID: fd59750a-6cd2-45cd-a523-1e3c2ee77287
*** Element info: {Using=name, value=nome}
	at sun.reflect.GeneratedConstructorAccessor11.newInstance(Unknown Source)
	at sun.reflect.DelegatingConstructorAccessorImpl.newInstance(DelegatingConstructorAccessorImpl.java:45)
	at java.lang.reflect.Constructor.newInstance(Constructor.java:422)
	at org.openqa.selenium.remote.ErrorHandler.createThrowable(ErrorHandler.java:206)
	at org.openqa.selenium.remote.ErrorHandler.throwIfResponseFailed(ErrorHandler.java:158)
	at org.openqa.selenium.remote.RemoteWebDriver.execute(RemoteWebDriver.java:678)
	at org.openqa.selenium.remote.RemoteWebDriver.findElement(RemoteWebDriver.java:363)
	at org.openqa.selenium.remote.RemoteWebDriver.findElementByName(RemoteWebDriver.java:461)
	at org.openqa.selenium.By$ByName.findElement(By.java:303)
	at org.openqa.selenium.remote.RemoteWebDriver.findElement(RemoteWebDriver.java:355)
	at br.com.ricardotulio.mikrotikadmin.CadastraClientesTest.testaSeCadastraCliente(CadastraClientesTest.java:129)
	at sun.reflect.NativeMethodAccessorImpl.invoke0(Native Method)
	at sun.reflect.NativeMethodAccessorImpl.invoke(NativeMethodAccessorImpl.java:62)
	at sun.reflect.DelegatingMethodAccessorImpl.invoke(DelegatingMethodAccessorImpl.java:43)
	at java.lang.reflect.Method.invoke(Method.java:497)
	at org.junit.runners.model.FrameworkMethod$1.runReflectiveCall(FrameworkMethod.java:50)
	at org.junit.internal.runners.model.ReflectiveCallable.run(ReflectiveCallable.java:12)
	at org.junit.runners.model.FrameworkMethod.invokeExplosively(FrameworkMethod.java:47)
	at org.junit.internal.runners.statements.InvokeMethod.evaluate(InvokeMethod.java:17)
	at org.junit.internal.runners.statements.RunAfters.evaluate(RunAfters.java:27)
	at org.junit.rules.TestWatcher$1.evaluate(TestWatcher.java:55)
	at org.junit.rules.RunRules.evaluate(RunRules.java:20)
	at org.junit.runners.ParentRunner.runLeaf(ParentRunner.java:325)
	at org.junit.runners.BlockJUnit4ClassRunner.runChild(BlockJUnit4ClassRunner.java:78)
	at org.junit.runners.BlockJUnit4ClassRunner.runChild(BlockJUnit4ClassRunner.java:57)
	at org.junit.runners.ParentRunner$3.run(ParentRunner.java:290)
	at org.junit.runners.ParentRunner$1.schedule(ParentRunner.java:71)
	at org.junit.runners.ParentRunner.runChildren(ParentRunner.java:288)
	at org.junit.runners.ParentRunner.access$000(ParentRunner.java:58)
	at org.junit.runners.ParentRunner$2.evaluate(ParentRunner.java:268)
	at org.junit.runners.ParentRunner.run(ParentRunner.java:363)
	at org.junit.runners.Suite.runChild(Suite.java:128)
	at org.junit.runners.Suite.runChild(Suite.java:27)
	at org.junit.runners.ParentRunner$3.run(ParentRunner.java:290)
	at org.junit.runners.ParentRunner$1.schedule(ParentRunner.java:71)
	at org.junit.runners.ParentRunner.runChildren(ParentRunner.java:288)
	at org.junit.runners.ParentRunner.access$000(ParentRunner.java:58)
	at org.junit.runners.ParentRunner$2.evaluate(ParentRunner.java:268)
	at org.junit.internal.runners.statements.RunBefores.evaluate(RunBefores.java:26)
	at org.junit.internal.runners.statements.RunAfters.evaluate(RunAfters.java:27)
	at org.junit.runners.ParentRunner.run(ParentRunner.java:363)
	at org.apache.maven.surefire.junit4.JUnit4TestSet.execute(JUnit4TestSet.java:53)
	at org.apache.maven.surefire.junit4.JUnit4Provider.executeTestSet(JUnit4Provider.java:123)
	at org.apache.maven.surefire.junit4.JUnit4Provider.invoke(JUnit4Provider.java:104)
	at sun.reflect.NativeMethodAccessorImpl.invoke0(Native Method)
	at sun.reflect.NativeMethodAccessorImpl.invoke(NativeMethodAccessorImpl.java:62)
	at sun.reflect.DelegatingMethodAccessorImpl.invoke(DelegatingMethodAccessorImpl.java:43)
	at java.lang.reflect.Method.invoke(Method.java:497)
	at org.apache.maven.surefire.util.ReflectionUtils.invokeMethodWithArray(ReflectionUtils.java:164)
	at org.apache.maven.surefire.booter.ProviderFactory$ProviderProxy.invoke(ProviderFactory.java:110)
	at org.apache.maven.surefire.booter.SurefireStarter.invokeProvider(SurefireStarter.java:175)
	at org.apache.maven.surefire.booter.SurefireStarter.runSuitesInProcessWhenForked(SurefireStarter.java:107)
	at org.apache.maven.surefire.booter.ForkedBooter.main(ForkedBooter.java:68)
Caused by: org.openqa.selenium.NoSuchElementException: Unable to locate element: {&quot;method&quot;:&quot;name&quot;,&quot;selector&quot;:&quot;nome&quot;}
For documentation on this error, please visit: http://seleniumhq.org/exceptions/no_such_element.html
Build info: version: &apos;2.53.1&apos;, revision: &apos;a36b8b1cd5757287168e54b817830adce9b0158d&apos;, time: &apos;2016-06-30 19:26:09&apos;
System info: host: &apos;debian&apos;, ip: &apos;127.0.1.1&apos;, os.name: &apos;Linux&apos;, os.arch: &apos;amd64&apos;, os.version: &apos;3.16.0-4-amd64&apos;, java.version: &apos;1.8.0_51&apos;
Driver info: driver.version: unknown
	at &lt;anonymous class&gt;.FirefoxDriver.prototype.findElementInternal_(file:///tmp/anonymous2779453413399423835webdriver-profile/extensions/fxdriver@googlecode.com/components/driver-component.js:10770)
	at &lt;anonymous class&gt;.FirefoxDriver.prototype.findElement(file:///tmp/anonymous2779453413399423835webdriver-profile/extensions/fxdriver@googlecode.com/components/driver-component.js:10779)
	at &lt;anonymous class&gt;.DelayedCommand.prototype.executeInternal_/h(file:///tmp/anonymous2779453413399423835webdriver-profile/extensions/fxdriver@googlecode.com/components/command-processor.js:12661)
	at &lt;anonymous class&gt;.DelayedCommand.prototype.executeInternal_(file:///tmp/anonymous2779453413399423835webdriver-profile/extensions/fxdriver@googlecode.com/components/command-processor.js:12666)
	at &lt;anonymous class&gt;.DelayedCommand.prototype.execute/&lt;(file:///tmp/anonymous2779453413399423835webdriver-profile/extensions/fxdriver@googlecode.com/components/command-processor.js:12608)
</error>
  </testcase>
  <testcase classname="br.com.ricardotulio.mikrotikadmin.CadastraClientesTest" name="testaSeCadastraCliente[7]" time="0.097">
    <error message="Unable to locate element: {&quot;method&quot;:&quot;name&quot;,&quot;selector&quot;:&quot;nome&quot;}
Command duration or timeout: 7 milliseconds
For documentation on this error, please visit: http://seleniumhq.org/exceptions/no_such_element.html
Build info: version: &apos;2.53.1&apos;, revision: &apos;a36b8b1cd5757287168e54b817830adce9b0158d&apos;, time: &apos;2016-06-30 19:26:09&apos;
System info: host: &apos;debian&apos;, ip: &apos;127.0.1.1&apos;, os.name: &apos;Linux&apos;, os.arch: &apos;amd64&apos;, os.version: &apos;3.16.0-4-amd64&apos;, java.version: &apos;1.8.0_51&apos;
Driver info: org.openqa.selenium.firefox.FirefoxDriver
Capabilities [{applicationCacheEnabled=true, rotatable=false, handlesAlerts=true, databaseEnabled=true, version=47.0.1, platform=LINUX, nativeEvents=false, acceptSslCerts=true, webStorageEnabled=true, locationContextEnabled=true, browserName=firefox, takesScreenshot=true, javascriptEnabled=true, cssSelectorsEnabled=true}]
Session ID: fd59750a-6cd2-45cd-a523-1e3c2ee77287
*** Element info: {Using=name, value=nome}" type="org.openqa.selenium.NoSuchElementException">org.openqa.selenium.NoSuchElementException: Unable to locate element: {&quot;method&quot;:&quot;name&quot;,&quot;selector&quot;:&quot;nome&quot;}
Command duration or timeout: 7 milliseconds
For documentation on this error, please visit: http://seleniumhq.org/exceptions/no_such_element.html
Build info: version: &apos;2.53.1&apos;, revision: &apos;a36b8b1cd5757287168e54b817830adce9b0158d&apos;, time: &apos;2016-06-30 19:26:09&apos;
System info: host: &apos;debian&apos;, ip: &apos;127.0.1.1&apos;, os.name: &apos;Linux&apos;, os.arch: &apos;amd64&apos;, os.version: &apos;3.16.0-4-amd64&apos;, java.version: &apos;1.8.0_51&apos;
Driver info: org.openqa.selenium.firefox.FirefoxDriver
Capabilities [{applicationCacheEnabled=true, rotatable=false, handlesAlerts=true, databaseEnabled=true, version=47.0.1, platform=LINUX, nativeEvents=false, acceptSslCerts=true, webStorageEnabled=true, locationContextEnabled=true, browserName=firefox, takesScreenshot=true, javascriptEnabled=true, cssSelectorsEnabled=true}]
Session ID: fd59750a-6cd2-45cd-a523-1e3c2ee77287
*** Element info: {Using=name, value=nome}
	at sun.reflect.GeneratedConstructorAccessor11.newInstance(Unknown Source)
	at sun.reflect.DelegatingConstructorAccessorImpl.newInstance(DelegatingConstructorAccessorImpl.java:45)
	at java.lang.reflect.Constructor.newInstance(Constructor.java:422)
	at org.openqa.selenium.remote.ErrorHandler.createThrowable(ErrorHandler.java:206)
	at org.openqa.selenium.remote.ErrorHandler.throwIfResponseFailed(ErrorHandler.java:158)
	at org.openqa.selenium.remote.RemoteWebDriver.execute(RemoteWebDriver.java:678)
	at org.openqa.selenium.remote.RemoteWebDriver.findElement(RemoteWebDriver.java:363)
	at org.openqa.selenium.remote.RemoteWebDriver.findElementByName(RemoteWebDriver.java:461)
	at org.openqa.selenium.By$ByName.findElement(By.java:303)
	at org.openqa.selenium.remote.RemoteWebDriver.findElement(RemoteWebDriver.java:355)
	at br.com.ricardotulio.mikrotikadmin.CadastraClientesTest.testaSeCadastraCliente(CadastraClientesTest.java:129)
	at sun.reflect.NativeMethodAccessorImpl.invoke0(Native Method)
	at sun.reflect.NativeMethodAccessorImpl.invoke(NativeMethodAccessorImpl.java:62)
	at sun.reflect.DelegatingMethodAccessorImpl.invoke(DelegatingMethodAccessorImpl.java:43)
	at java.lang.reflect.Method.invoke(Method.java:497)
	at org.junit.runners.model.FrameworkMethod$1.runReflectiveCall(FrameworkMethod.java:50)
	at org.junit.internal.runners.model.ReflectiveCallable.run(ReflectiveCallable.java:12)
	at org.junit.runners.model.FrameworkMethod.invokeExplosively(FrameworkMethod.java:47)
	at org.junit.internal.runners.statements.InvokeMethod.evaluate(InvokeMethod.java:17)
	at org.junit.internal.runners.statements.RunAfters.evaluate(RunAfters.java:27)
	at org.junit.rules.TestWatcher$1.evaluate(TestWatcher.java:55)
	at org.junit.rules.RunRules.evaluate(RunRules.java:20)
	at org.junit.runners.ParentRunner.runLeaf(ParentRunner.java:325)
	at org.junit.runners.BlockJUnit4ClassRunner.runChild(BlockJUnit4ClassRunner.java:78)
	at org.junit.runners.BlockJUnit4ClassRunner.runChild(BlockJUnit4ClassRunner.java:57)
	at org.junit.runners.ParentRunner$3.run(ParentRunner.java:290)
	at org.junit.runners.ParentRunner$1.schedule(ParentRunner.java:71)
	at org.junit.runners.ParentRunner.runChildren(ParentRunner.java:288)
	at org.junit.runners.ParentRunner.access$000(ParentRunner.java:58)
	at org.junit.runners.ParentRunner$2.evaluate(ParentRunner.java:268)
	at org.junit.runners.ParentRunner.run(ParentRunner.java:363)
	at org.junit.runners.Suite.runChild(Suite.java:128)
	at org.junit.runners.Suite.runChild(Suite.java:27)
	at org.junit.runners.ParentRunner$3.run(ParentRunner.java:290)
	at org.junit.runners.ParentRunner$1.schedule(ParentRunner.java:71)
	at org.junit.runners.ParentRunner.runChildren(ParentRunner.java:288)
	at org.junit.runners.ParentRunner.access$000(ParentRunner.java:58)
	at org.junit.runners.ParentRunner$2.evaluate(ParentRunner.java:268)
	at org.junit.internal.runners.statements.RunBefores.evaluate(RunBefores.java:26)
	at org.junit.internal.runners.statements.RunAfters.evaluate(RunAfters.java:27)
	at org.junit.runners.ParentRunner.run(ParentRunner.java:363)
	at org.apache.maven.surefire.junit4.JUnit4TestSet.execute(JUnit4TestSet.java:53)
	at org.apache.maven.surefire.junit4.JUnit4Provider.executeTestSet(JUnit4Provider.java:123)
	at org.apache.maven.surefire.junit4.JUnit4Provider.invoke(JUnit4Provider.java:104)
	at sun.reflect.NativeMethodAccessorImpl.invoke0(Native Method)
	at sun.reflect.NativeMethodAccessorImpl.invoke(NativeMethodAccessorImpl.java:62)
	at sun.reflect.DelegatingMethodAccessorImpl.invoke(DelegatingMethodAccessorImpl.java:43)
	at java.lang.reflect.Method.invoke(Method.java:497)
	at org.apache.maven.surefire.util.ReflectionUtils.invokeMethodWithArray(ReflectionUtils.java:164)
	at org.apache.maven.surefire.booter.ProviderFactory$ProviderProxy.invoke(ProviderFactory.java:110)
	at org.apache.maven.surefire.booter.SurefireStarter.invokeProvider(SurefireStarter.java:175)
	at org.apache.maven.surefire.booter.SurefireStarter.runSuitesInProcessWhenForked(SurefireStarter.java:107)
	at org.apache.maven.surefire.booter.ForkedBooter.main(ForkedBooter.java:68)
Caused by: org.openqa.selenium.NoSuchElementException: Unable to locate element: {&quot;method&quot;:&quot;name&quot;,&quot;selector&quot;:&quot;nome&quot;}
For documentation on this error, please visit: http://seleniumhq.org/exceptions/no_such_element.html
Build info: version: &apos;2.53.1&apos;, revision: &apos;a36b8b1cd5757287168e54b817830adce9b0158d&apos;, time: &apos;2016-06-30 19:26:09&apos;
System info: host: &apos;debian&apos;, ip: &apos;127.0.1.1&apos;, os.name: &apos;Linux&apos;, os.arch: &apos;amd64&apos;, os.version: &apos;3.16.0-4-amd64&apos;, java.version: &apos;1.8.0_51&apos;
Driver info: driver.version: unknown
	at &lt;anonymous class&gt;.FirefoxDriver.prototype.findElementInternal_(file:///tmp/anonymous2779453413399423835webdriver-profile/extensions/fxdriver@googlecode.com/components/driver-component.js:10770)
	at &lt;anonymous class&gt;.FirefoxDriver.prototype.findElement(file:///tmp/anonymous2779453413399423835webdriver-profile/extensions/fxdriver@googlecode.com/components/driver-component.js:10779)
	at &lt;anonymous class&gt;.DelayedCommand.prototype.executeInternal_/h(file:///tmp/anonymous2779453413399423835webdriver-profile/extensions/fxdriver@googlecode.com/components/command-processor.js:12661)
	at &lt;anonymous class&gt;.DelayedCommand.prototype.executeInternal_(file:///tmp/anonymous2779453413399423835webdriver-profile/extensions/fxdriver@googlecode.com/components/command-processor.js:12666)
	at &lt;anonymous class&gt;.DelayedCommand.prototype.execute/&lt;(file:///tmp/anonymous2779453413399423835webdriver-profile/extensions/fxdriver@googlecode.com/components/command-processor.js:12608)
</error>
  </testcase>
  <testcase classname="br.com.ricardotulio.mikrotikadmin.CadastraClientesTest" name="testaSeCadastraCliente[8]" time="0.126">
    <error message="Unable to locate element: {&quot;method&quot;:&quot;name&quot;,&quot;selector&quot;:&quot;nome&quot;}
Command duration or timeout: 7 milliseconds
For documentation on this error, please visit: http://seleniumhq.org/exceptions/no_such_element.html
Build info: version: &apos;2.53.1&apos;, revision: &apos;a36b8b1cd5757287168e54b817830adce9b0158d&apos;, time: &apos;2016-06-30 19:26:09&apos;
System info: host: &apos;debian&apos;, ip: &apos;127.0.1.1&apos;, os.name: &apos;Linux&apos;, os.arch: &apos;amd64&apos;, os.version: &apos;3.16.0-4-amd64&apos;, java.version: &apos;1.8.0_51&apos;
Driver info: org.openqa.selenium.firefox.FirefoxDriver
Capabilities [{applicationCacheEnabled=true, rotatable=false, handlesAlerts=true, databaseEnabled=true, version=47.0.1, platform=LINUX, nativeEvents=false, acceptSslCerts=true, webStorageEnabled=true, locationContextEnabled=true, browserName=firefox, takesScreenshot=true, javascriptEnabled=true, cssSelectorsEnabled=true}]
Session ID: fd59750a-6cd2-45cd-a523-1e3c2ee77287
*** Element info: {Using=name, value=nome}" type="org.openqa.selenium.NoSuchElementException">org.openqa.selenium.NoSuchElementException: Unable to locate element: {&quot;method&quot;:&quot;name&quot;,&quot;selector&quot;:&quot;nome&quot;}
Command duration or timeout: 7 milliseconds
For documentation on this error, please visit: http://seleniumhq.org/exceptions/no_such_element.html
Build info: version: &apos;2.53.1&apos;, revision: &apos;a36b8b1cd5757287168e54b817830adce9b0158d&apos;, time: &apos;2016-06-30 19:26:09&apos;
System info: host: &apos;debian&apos;, ip: &apos;127.0.1.1&apos;, os.name: &apos;Linux&apos;, os.arch: &apos;amd64&apos;, os.version: &apos;3.16.0-4-amd64&apos;, java.version: &apos;1.8.0_51&apos;
Driver info: org.openqa.selenium.firefox.FirefoxDriver
Capabilities [{applicationCacheEnabled=true, rotatable=false, handlesAlerts=true, databaseEnabled=true, version=47.0.1, platform=LINUX, nativeEvents=false, acceptSslCerts=true, webStorageEnabled=true, locationContextEnabled=true, browserName=firefox, takesScreenshot=true, javascriptEnabled=true, cssSelectorsEnabled=true}]
Session ID: fd59750a-6cd2-45cd-a523-1e3c2ee77287
*** Element info: {Using=name, value=nome}
	at sun.reflect.GeneratedConstructorAccessor11.newInstance(Unknown Source)
	at sun.reflect.DelegatingConstructorAccessorImpl.newInstance(DelegatingConstructorAccessorImpl.java:45)
	at java.lang.reflect.Constructor.newInstance(Constructor.java:422)
	at org.openqa.selenium.remote.ErrorHandler.createThrowable(ErrorHandler.java:206)
	at org.openqa.selenium.remote.ErrorHandler.throwIfResponseFailed(ErrorHandler.java:158)
	at org.openqa.selenium.remote.RemoteWebDriver.execute(RemoteWebDriver.java:678)
	at org.openqa.selenium.remote.RemoteWebDriver.findElement(RemoteWebDriver.java:363)
	at org.openqa.selenium.remote.RemoteWebDriver.findElementByName(RemoteWebDriver.java:461)
	at org.openqa.selenium.By$ByName.findElement(By.java:303)
	at org.openqa.selenium.remote.RemoteWebDriver.findElement(RemoteWebDriver.java:355)
	at br.com.ricardotulio.mikrotikadmin.CadastraClientesTest.testaSeCadastraCliente(CadastraClientesTest.java:129)
	at sun.reflect.NativeMethodAccessorImpl.invoke0(Native Method)
	at sun.reflect.NativeMethodAccessorImpl.invoke(NativeMethodAccessorImpl.java:62)
	at sun.reflect.DelegatingMethodAccessorImpl.invoke(DelegatingMethodAccessorImpl.java:43)
	at java.lang.reflect.Method.invoke(Method.java:497)
	at org.junit.runners.model.FrameworkMethod$1.runReflectiveCall(FrameworkMethod.java:50)
	at org.junit.internal.runners.model.ReflectiveCallable.run(ReflectiveCallable.java:12)
	at org.junit.runners.model.FrameworkMethod.invokeExplosively(FrameworkMethod.java:47)
	at org.junit.internal.runners.statements.InvokeMethod.evaluate(InvokeMethod.java:17)
	at org.junit.internal.runners.statements.RunAfters.evaluate(RunAfters.java:27)
	at org.junit.rules.TestWatcher$1.evaluate(TestWatcher.java:55)
	at org.junit.rules.RunRules.evaluate(RunRules.java:20)
	at org.junit.runners.ParentRunner.runLeaf(ParentRunner.java:325)
	at org.junit.runners.BlockJUnit4ClassRunner.runChild(BlockJUnit4ClassRunner.java:78)
	at org.junit.runners.BlockJUnit4ClassRunner.runChild(BlockJUnit4ClassRunner.java:57)
	at org.junit.runners.ParentRunner$3.run(ParentRunner.java:290)
	at org.junit.runners.ParentRunner$1.schedule(ParentRunner.java:71)
	at org.junit.runners.ParentRunner.runChildren(ParentRunner.java:288)
	at org.junit.runners.ParentRunner.access$000(ParentRunner.java:58)
	at org.junit.runners.ParentRunner$2.evaluate(ParentRunner.java:268)
	at org.junit.runners.ParentRunner.run(ParentRunner.java:363)
	at org.junit.runners.Suite.runChild(Suite.java:128)
	at org.junit.runners.Suite.runChild(Suite.java:27)
	at org.junit.runners.ParentRunner$3.run(ParentRunner.java:290)
	at org.junit.runners.ParentRunner$1.schedule(ParentRunner.java:71)
	at org.junit.runners.ParentRunner.runChildren(ParentRunner.java:288)
	at org.junit.runners.ParentRunner.access$000(ParentRunner.java:58)
	at org.junit.runners.ParentRunner$2.evaluate(ParentRunner.java:268)
	at org.junit.internal.runners.statements.RunBefores.evaluate(RunBefores.java:26)
	at org.junit.internal.runners.statements.RunAfters.evaluate(RunAfters.java:27)
	at org.junit.runners.ParentRunner.run(ParentRunner.java:363)
	at org.apache.maven.surefire.junit4.JUnit4TestSet.execute(JUnit4TestSet.java:53)
	at org.apache.maven.surefire.junit4.JUnit4Provider.executeTestSet(JUnit4Provider.java:123)
	at org.apache.maven.surefire.junit4.JUnit4Provider.invoke(JUnit4Provider.java:104)
	at sun.reflect.NativeMethodAccessorImpl.invoke0(Native Method)
	at sun.reflect.NativeMethodAccessorImpl.invoke(NativeMethodAccessorImpl.java:62)
	at sun.reflect.DelegatingMethodAccessorImpl.invoke(DelegatingMethodAccessorImpl.java:43)
	at java.lang.reflect.Method.invoke(Method.java:497)
	at org.apache.maven.surefire.util.ReflectionUtils.invokeMethodWithArray(ReflectionUtils.java:164)
	at org.apache.maven.surefire.booter.ProviderFactory$ProviderProxy.invoke(ProviderFactory.java:110)
	at org.apache.maven.surefire.booter.SurefireStarter.invokeProvider(SurefireStarter.java:175)
	at org.apache.maven.surefire.booter.SurefireStarter.runSuitesInProcessWhenForked(SurefireStarter.java:107)
	at org.apache.maven.surefire.booter.ForkedBooter.main(ForkedBooter.java:68)
Caused by: org.openqa.selenium.NoSuchElementException: Unable to locate element: {&quot;method&quot;:&quot;name&quot;,&quot;selector&quot;:&quot;nome&quot;}
For documentation on this error, please visit: http://seleniumhq.org/exceptions/no_such_element.html
Build info: version: &apos;2.53.1&apos;, revision: &apos;a36b8b1cd5757287168e54b817830adce9b0158d&apos;, time: &apos;2016-06-30 19:26:09&apos;
System info: host: &apos;debian&apos;, ip: &apos;127.0.1.1&apos;, os.name: &apos;Linux&apos;, os.arch: &apos;amd64&apos;, os.version: &apos;3.16.0-4-amd64&apos;, java.version: &apos;1.8.0_51&apos;
Driver info: driver.version: unknown
	at &lt;anonymous class&gt;.FirefoxDriver.prototype.findElementInternal_(file:///tmp/anonymous2779453413399423835webdriver-profile/extensions/fxdriver@googlecode.com/components/driver-component.js:10770)
	at &lt;anonymous class&gt;.FirefoxDriver.prototype.findElement(file:///tmp/anonymous2779453413399423835webdriver-profile/extensions/fxdriver@googlecode.com/components/driver-component.js:10779)
	at &lt;anonymous class&gt;.DelayedCommand.prototype.executeInternal_/h(file:///tmp/anonymous2779453413399423835webdriver-profile/extensions/fxdriver@googlecode.com/components/command-processor.js:12661)
	at &lt;anonymous class&gt;.DelayedCommand.prototype.executeInternal_(file:///tmp/anonymous2779453413399423835webdriver-profile/extensions/fxdriver@googlecode.com/components/command-processor.js:12666)
	at &lt;anonymous class&gt;.DelayedCommand.prototype.execute/&lt;(file:///tmp/anonymous2779453413399423835webdriver-profile/extensions/fxdriver@googlecode.com/components/command-processor.js:12608)
</error>
  </testcase>
  <testcase classname="br.com.ricardotulio.mikrotikadmin.CadastraClientesTest" name="testaSeCadastraCliente[9]" time="0.099">
    <error message="Unable to locate element: {&quot;method&quot;:&quot;name&quot;,&quot;selector&quot;:&quot;nome&quot;}
Command duration or timeout: 7 milliseconds
For documentation on this error, please visit: http://seleniumhq.org/exceptions/no_such_element.html
Build info: version: &apos;2.53.1&apos;, revision: &apos;a36b8b1cd5757287168e54b817830adce9b0158d&apos;, time: &apos;2016-06-30 19:26:09&apos;
System info: host: &apos;debian&apos;, ip: &apos;127.0.1.1&apos;, os.name: &apos;Linux&apos;, os.arch: &apos;amd64&apos;, os.version: &apos;3.16.0-4-amd64&apos;, java.version: &apos;1.8.0_51&apos;
Driver info: org.openqa.selenium.firefox.FirefoxDriver
Capabilities [{applicationCacheEnabled=true, rotatable=false, handlesAlerts=true, databaseEnabled=true, version=47.0.1, platform=LINUX, nativeEvents=false, acceptSslCerts=true, webStorageEnabled=true, locationContextEnabled=true, browserName=firefox, takesScreenshot=true, javascriptEnabled=true, cssSelectorsEnabled=true}]
Session ID: fd59750a-6cd2-45cd-a523-1e3c2ee77287
*** Element info: {Using=name, value=nome}" type="org.openqa.selenium.NoSuchElementException">org.openqa.selenium.NoSuchElementException: Unable to locate element: {&quot;method&quot;:&quot;name&quot;,&quot;selector&quot;:&quot;nome&quot;}
Command duration or timeout: 7 milliseconds
For documentation on this error, please visit: http://seleniumhq.org/exceptions/no_such_element.html
Build info: version: &apos;2.53.1&apos;, revision: &apos;a36b8b1cd5757287168e54b817830adce9b0158d&apos;, time: &apos;2016-06-30 19:26:09&apos;
System info: host: &apos;debian&apos;, ip: &apos;127.0.1.1&apos;, os.name: &apos;Linux&apos;, os.arch: &apos;amd64&apos;, os.version: &apos;3.16.0-4-amd64&apos;, java.version: &apos;1.8.0_51&apos;
Driver info: org.openqa.selenium.firefox.FirefoxDriver
Capabilities [{applicationCacheEnabled=true, rotatable=false, handlesAlerts=true, databaseEnabled=true, version=47.0.1, platform=LINUX, nativeEvents=false, acceptSslCerts=true, webStorageEnabled=true, locationContextEnabled=true, browserName=firefox, takesScreenshot=true, javascriptEnabled=true, cssSelectorsEnabled=true}]
Session ID: fd59750a-6cd2-45cd-a523-1e3c2ee77287
*** Element info: {Using=name, value=nome}
	at sun.reflect.GeneratedConstructorAccessor11.newInstance(Unknown Source)
	at sun.reflect.DelegatingConstructorAccessorImpl.newInstance(DelegatingConstructorAccessorImpl.java:45)
	at java.lang.reflect.Constructor.newInstance(Constructor.java:422)
	at org.openqa.selenium.remote.ErrorHandler.createThrowable(ErrorHandler.java:206)
	at org.openqa.selenium.remote.ErrorHandler.throwIfResponseFailed(ErrorHandler.java:158)
	at org.openqa.selenium.remote.RemoteWebDriver.execute(RemoteWebDriver.java:678)
	at org.openqa.selenium.remote.RemoteWebDriver.findElement(RemoteWebDriver.java:363)
	at org.openqa.selenium.remote.RemoteWebDriver.findElementByName(RemoteWebDriver.java:461)
	at org.openqa.selenium.By$ByName.findElement(By.java:303)
	at org.openqa.selenium.remote.RemoteWebDriver.findElement(RemoteWebDriver.java:355)
	at br.com.ricardotulio.mikrotikadmin.CadastraClientesTest.testaSeCadastraCliente(CadastraClientesTest.java:129)
	at sun.reflect.NativeMethodAccessorImpl.invoke0(Native Method)
	at sun.reflect.NativeMethodAccessorImpl.invoke(NativeMethodAccessorImpl.java:62)
	at sun.reflect.DelegatingMethodAccessorImpl.invoke(DelegatingMethodAccessorImpl.java:43)
	at java.lang.reflect.Method.invoke(Method.java:497)
	at org.junit.runners.model.FrameworkMethod$1.runReflectiveCall(FrameworkMethod.java:50)
	at org.junit.internal.runners.model.ReflectiveCallable.run(ReflectiveCallable.java:12)
	at org.junit.runners.model.FrameworkMethod.invokeExplosively(FrameworkMethod.java:47)
	at org.junit.internal.runners.statements.InvokeMethod.evaluate(InvokeMethod.java:17)
	at org.junit.internal.runners.statements.RunAfters.evaluate(RunAfters.java:27)
	at org.junit.rules.TestWatcher$1.evaluate(TestWatcher.java:55)
	at org.junit.rules.RunRules.evaluate(RunRules.java:20)
	at org.junit.runners.ParentRunner.runLeaf(ParentRunner.java:325)
	at org.junit.runners.BlockJUnit4ClassRunner.runChild(BlockJUnit4ClassRunner.java:78)
	at org.junit.runners.BlockJUnit4ClassRunner.runChild(BlockJUnit4ClassRunner.java:57)
	at org.junit.runners.ParentRunner$3.run(ParentRunner.java:290)
	at org.junit.runners.ParentRunner$1.schedule(ParentRunner.java:71)
	at org.junit.runners.ParentRunner.runChildren(ParentRunner.java:288)
	at org.junit.runners.ParentRunner.access$000(ParentRunner.java:58)
	at org.junit.runners.ParentRunner$2.evaluate(ParentRunner.java:268)
	at org.junit.runners.ParentRunner.run(ParentRunner.java:363)
	at org.junit.runners.Suite.runChild(Suite.java:128)
	at org.junit.runners.Suite.runChild(Suite.java:27)
	at org.junit.runners.ParentRunner$3.run(ParentRunner.java:290)
	at org.junit.runners.ParentRunner$1.schedule(ParentRunner.java:71)
	at org.junit.runners.ParentRunner.runChildren(ParentRunner.java:288)
	at org.junit.runners.ParentRunner.access$000(ParentRunner.java:58)
	at org.junit.runners.ParentRunner$2.evaluate(ParentRunner.java:268)
	at org.junit.internal.runners.statements.RunBefores.evaluate(RunBefores.java:26)
	at org.junit.internal.runners.statements.RunAfters.evaluate(RunAfters.java:27)
	at org.junit.runners.ParentRunner.run(ParentRunner.java:363)
	at org.apache.maven.surefire.junit4.JUnit4TestSet.execute(JUnit4TestSet.java:53)
	at org.apache.maven.surefire.junit4.JUnit4Provider.executeTestSet(JUnit4Provider.java:123)
	at org.apache.maven.surefire.junit4.JUnit4Provider.invoke(JUnit4Provider.java:104)
	at sun.reflect.NativeMethodAccessorImpl.invoke0(Native Method)
	at sun.reflect.NativeMethodAccessorImpl.invoke(NativeMethodAccessorImpl.java:62)
	at sun.reflect.DelegatingMethodAccessorImpl.invoke(DelegatingMethodAccessorImpl.java:43)
	at java.lang.reflect.Method.invoke(Method.java:497)
	at org.apache.maven.surefire.util.ReflectionUtils.invokeMethodWithArray(ReflectionUtils.java:164)
	at org.apache.maven.surefire.booter.ProviderFactory$ProviderProxy.invoke(ProviderFactory.java:110)
	at org.apache.maven.surefire.booter.SurefireStarter.invokeProvider(SurefireStarter.java:175)
	at org.apache.maven.surefire.booter.SurefireStarter.runSuitesInProcessWhenForked(SurefireStarter.java:107)
	at org.apache.maven.surefire.booter.ForkedBooter.main(ForkedBooter.java:68)
Caused by: org.openqa.selenium.NoSuchElementException: Unable to locate element: {&quot;method&quot;:&quot;name&quot;,&quot;selector&quot;:&quot;nome&quot;}
For documentation on this error, please visit: http://seleniumhq.org/exceptions/no_such_element.html
Build info: version: &apos;2.53.1&apos;, revision: &apos;a36b8b1cd5757287168e54b817830adce9b0158d&apos;, time: &apos;2016-06-30 19:26:09&apos;
System info: host: &apos;debian&apos;, ip: &apos;127.0.1.1&apos;, os.name: &apos;Linux&apos;, os.arch: &apos;amd64&apos;, os.version: &apos;3.16.0-4-amd64&apos;, java.version: &apos;1.8.0_51&apos;
Driver info: driver.version: unknown
	at &lt;anonymous class&gt;.FirefoxDriver.prototype.findElementInternal_(file:///tmp/anonymous2779453413399423835webdriver-profile/extensions/fxdriver@googlecode.com/components/driver-component.js:10770)
	at &lt;anonymous class&gt;.FirefoxDriver.prototype.findElement(file:///tmp/anonymous2779453413399423835webdriver-profile/extensions/fxdriver@googlecode.com/components/driver-component.js:10779)
	at &lt;anonymous class&gt;.DelayedCommand.prototype.executeInternal_/h(file:///tmp/anonymous2779453413399423835webdriver-profile/extensions/fxdriver@googlecode.com/components/command-processor.js:12661)
	at &lt;anonymous class&gt;.DelayedCommand.prototype.executeInternal_(file:///tmp/anonymous2779453413399423835webdriver-profile/extensions/fxdriver@googlecode.com/components/command-processor.js:12666)
	at &lt;anonymous class&gt;.DelayedCommand.prototype.execute/&lt;(file:///tmp/anonymous2779453413399423835webdriver-profile/extensions/fxdriver@googlecode.com/components/command-processor.js:12608)
</error>
  </testcase>
  <testcase classname="br.com.ricardotulio.mikrotikadmin.CadastraClientesTest" name="testaSeCadastraCliente[10]" time="0.103">
    <error message="Unable to locate element: {&quot;method&quot;:&quot;name&quot;,&quot;selector&quot;:&quot;nome&quot;}
Command duration or timeout: 10 milliseconds
For documentation on this error, please visit: http://seleniumhq.org/exceptions/no_such_element.html
Build info: version: &apos;2.53.1&apos;, revision: &apos;a36b8b1cd5757287168e54b817830adce9b0158d&apos;, time: &apos;2016-06-30 19:26:09&apos;
System info: host: &apos;debian&apos;, ip: &apos;127.0.1.1&apos;, os.name: &apos;Linux&apos;, os.arch: &apos;amd64&apos;, os.version: &apos;3.16.0-4-amd64&apos;, java.version: &apos;1.8.0_51&apos;
Driver info: org.openqa.selenium.firefox.FirefoxDriver
Capabilities [{applicationCacheEnabled=true, rotatable=false, handlesAlerts=true, databaseEnabled=true, version=47.0.1, platform=LINUX, nativeEvents=false, acceptSslCerts=true, webStorageEnabled=true, locationContextEnabled=true, browserName=firefox, takesScreenshot=true, javascriptEnabled=true, cssSelectorsEnabled=true}]
Session ID: fd59750a-6cd2-45cd-a523-1e3c2ee77287
*** Element info: {Using=name, value=nome}" type="org.openqa.selenium.NoSuchElementException">org.openqa.selenium.NoSuchElementException: Unable to locate element: {&quot;method&quot;:&quot;name&quot;,&quot;selector&quot;:&quot;nome&quot;}
Command duration or timeout: 10 milliseconds
For documentation on this error, please visit: http://seleniumhq.org/exceptions/no_such_element.html
Build info: version: &apos;2.53.1&apos;, revision: &apos;a36b8b1cd5757287168e54b817830adce9b0158d&apos;, time: &apos;2016-06-30 19:26:09&apos;
System info: host: &apos;debian&apos;, ip: &apos;127.0.1.1&apos;, os.name: &apos;Linux&apos;, os.arch: &apos;amd64&apos;, os.version: &apos;3.16.0-4-amd64&apos;, java.version: &apos;1.8.0_51&apos;
Driver info: org.openqa.selenium.firefox.FirefoxDriver
Capabilities [{applicationCacheEnabled=true, rotatable=false, handlesAlerts=true, databaseEnabled=true, version=47.0.1, platform=LINUX, nativeEvents=false, acceptSslCerts=true, webStorageEnabled=true, locationContextEnabled=true, browserName=firefox, takesScreenshot=true, javascriptEnabled=true, cssSelectorsEnabled=true}]
Session ID: fd59750a-6cd2-45cd-a523-1e3c2ee77287
*** Element info: {Using=name, value=nome}
	at sun.reflect.GeneratedConstructorAccessor11.newInstance(Unknown Source)
	at sun.reflect.DelegatingConstructorAccessorImpl.newInstance(DelegatingConstructorAccessorImpl.java:45)
	at java.lang.reflect.Constructor.newInstance(Constructor.java:422)
	at org.openqa.selenium.remote.ErrorHandler.createThrowable(ErrorHandler.java:206)
	at org.openqa.selenium.remote.ErrorHandler.throwIfResponseFailed(ErrorHandler.java:158)
	at org.openqa.selenium.remote.RemoteWebDriver.execute(RemoteWebDriver.java:678)
	at org.openqa.selenium.remote.RemoteWebDriver.findElement(RemoteWebDriver.java:363)
	at org.openqa.selenium.remote.RemoteWebDriver.findElementByName(RemoteWebDriver.java:461)
	at org.openqa.selenium.By$ByName.findElement(By.java:303)
	at org.openqa.selenium.remote.RemoteWebDriver.findElement(RemoteWebDriver.java:355)
	at br.com.ricardotulio.mikrotikadmin.CadastraClientesTest.testaSeCadastraCliente(CadastraClientesTest.java:129)
	at sun.reflect.NativeMethodAccessorImpl.invoke0(Native Method)
	at sun.reflect.NativeMethodAccessorImpl.invoke(NativeMethodAccessorImpl.java:62)
	at sun.reflect.DelegatingMethodAccessorImpl.invoke(DelegatingMethodAccessorImpl.java:43)
	at java.lang.reflect.Method.invoke(Method.java:497)
	at org.junit.runners.model.FrameworkMethod$1.runReflectiveCall(FrameworkMethod.java:50)
	at org.junit.internal.runners.model.ReflectiveCallable.run(ReflectiveCallable.java:12)
	at org.junit.runners.model.FrameworkMethod.invokeExplosively(FrameworkMethod.java:47)
	at org.junit.internal.runners.statements.InvokeMethod.evaluate(InvokeMethod.java:17)
	at org.junit.internal.runners.statements.RunAfters.evaluate(RunAfters.java:27)
	at org.junit.rules.TestWatcher$1.evaluate(TestWatcher.java:55)
	at org.junit.rules.RunRules.evaluate(RunRules.java:20)
	at org.junit.runners.ParentRunner.runLeaf(ParentRunner.java:325)
	at org.junit.runners.BlockJUnit4ClassRunner.runChild(BlockJUnit4ClassRunner.java:78)
	at org.junit.runners.BlockJUnit4ClassRunner.runChild(BlockJUnit4ClassRunner.java:57)
	at org.junit.runners.ParentRunner$3.run(ParentRunner.java:290)
	at org.junit.runners.ParentRunner$1.schedule(ParentRunner.java:71)
	at org.junit.runners.ParentRunner.runChildren(ParentRunner.java:288)
	at org.junit.runners.ParentRunner.access$000(ParentRunner.java:58)
	at org.junit.runners.ParentRunner$2.evaluate(ParentRunner.java:268)
	at org.junit.runners.ParentRunner.run(ParentRunner.java:363)
	at org.junit.runners.Suite.runChild(Suite.java:128)
	at org.junit.runners.Suite.runChild(Suite.java:27)
	at org.junit.runners.ParentRunner$3.run(ParentRunner.java:290)
	at org.junit.runners.ParentRunner$1.schedule(ParentRunner.java:71)
	at org.junit.runners.ParentRunner.runChildren(ParentRunner.java:288)
	at org.junit.runners.ParentRunner.access$000(ParentRunner.java:58)
	at org.junit.runners.ParentRunner$2.evaluate(ParentRunner.java:268)
	at org.junit.internal.runners.statements.RunBefores.evaluate(RunBefores.java:26)
	at org.junit.internal.runners.statements.RunAfters.evaluate(RunAfters.java:27)
	at org.junit.runners.ParentRunner.run(ParentRunner.java:363)
	at org.apache.maven.surefire.junit4.JUnit4TestSet.execute(JUnit4TestSet.java:53)
	at org.apache.maven.surefire.junit4.JUnit4Provider.executeTestSet(JUnit4Provider.java:123)
	at org.apache.maven.surefire.junit4.JUnit4Provider.invoke(JUnit4Provider.java:104)
	at sun.reflect.NativeMethodAccessorImpl.invoke0(Native Method)
	at sun.reflect.NativeMethodAccessorImpl.invoke(NativeMethodAccessorImpl.java:62)
	at sun.reflect.DelegatingMethodAccessorImpl.invoke(DelegatingMethodAccessorImpl.java:43)
	at java.lang.reflect.Method.invoke(Method.java:497)
	at org.apache.maven.surefire.util.ReflectionUtils.invokeMethodWithArray(ReflectionUtils.java:164)
	at org.apache.maven.surefire.booter.ProviderFactory$ProviderProxy.invoke(ProviderFactory.java:110)
	at org.apache.maven.surefire.booter.SurefireStarter.invokeProvider(SurefireStarter.java:175)
	at org.apache.maven.surefire.booter.SurefireStarter.runSuitesInProcessWhenForked(SurefireStarter.java:107)
	at org.apache.maven.surefire.booter.ForkedBooter.main(ForkedBooter.java:68)
Caused by: org.openqa.selenium.NoSuchElementException: Unable to locate element: {&quot;method&quot;:&quot;name&quot;,&quot;selector&quot;:&quot;nome&quot;}
For documentation on this error, please visit: http://seleniumhq.org/exceptions/no_such_element.html
Build info: version: &apos;2.53.1&apos;, revision: &apos;a36b8b1cd5757287168e54b817830adce9b0158d&apos;, time: &apos;2016-06-30 19:26:09&apos;
System info: host: &apos;debian&apos;, ip: &apos;127.0.1.1&apos;, os.name: &apos;Linux&apos;, os.arch: &apos;amd64&apos;, os.version: &apos;3.16.0-4-amd64&apos;, java.version: &apos;1.8.0_51&apos;
Driver info: driver.version: unknown
	at &lt;anonymous class&gt;.FirefoxDriver.prototype.findElementInternal_(file:///tmp/anonymous2779453413399423835webdriver-profile/extensions/fxdriver@googlecode.com/components/driver-component.js:10770)
	at &lt;anonymous class&gt;.FirefoxDriver.prototype.findElement(file:///tmp/anonymous2779453413399423835webdriver-profile/extensions/fxdriver@googlecode.com/components/driver-component.js:10779)
	at &lt;anonymous class&gt;.DelayedCommand.prototype.executeInternal_/h(file:///tmp/anonymous2779453413399423835webdriver-profile/extensions/fxdriver@googlecode.com/components/command-processor.js:12661)
	at &lt;anonymous class&gt;.DelayedCommand.prototype.executeInternal_(file:///tmp/anonymous2779453413399423835webdriver-profile/extensions/fxdriver@googlecode.com/components/command-processor.js:12666)
	at &lt;anonymous class&gt;.DelayedCommand.prototype.execute/&lt;(file:///tmp/anonymous2779453413399423835webdriver-profile/extensions/fxdriver@googlecode.com/components/command-processor.js:12608)
</error>
  </testcase>
  <testcase classname="br.com.ricardotulio.mikrotikadmin.CadastraClientesTest" name="testaSeCadastraCliente[11]" time="0.105">
    <error message="Unable to locate element: {&quot;method&quot;:&quot;name&quot;,&quot;selector&quot;:&quot;nome&quot;}
Command duration or timeout: 6 milliseconds
For documentation on this error, please visit: http://seleniumhq.org/exceptions/no_such_element.html
Build info: version: &apos;2.53.1&apos;, revision: &apos;a36b8b1cd5757287168e54b817830adce9b0158d&apos;, time: &apos;2016-06-30 19:26:09&apos;
System info: host: &apos;debian&apos;, ip: &apos;127.0.1.1&apos;, os.name: &apos;Linux&apos;, os.arch: &apos;amd64&apos;, os.version: &apos;3.16.0-4-amd64&apos;, java.version: &apos;1.8.0_51&apos;
Driver info: org.openqa.selenium.firefox.FirefoxDriver
Capabilities [{applicationCacheEnabled=true, rotatable=false, handlesAlerts=true, databaseEnabled=true, version=47.0.1, platform=LINUX, nativeEvents=false, acceptSslCerts=true, webStorageEnabled=true, locationContextEnabled=true, browserName=firefox, takesScreenshot=true, javascriptEnabled=true, cssSelectorsEnabled=true}]
Session ID: fd59750a-6cd2-45cd-a523-1e3c2ee77287
*** Element info: {Using=name, value=nome}" type="org.openqa.selenium.NoSuchElementException">org.openqa.selenium.NoSuchElementException: Unable to locate element: {&quot;method&quot;:&quot;name&quot;,&quot;selector&quot;:&quot;nome&quot;}
Command duration or timeout: 6 milliseconds
For documentation on this error, please visit: http://seleniumhq.org/exceptions/no_such_element.html
Build info: version: &apos;2.53.1&apos;, revision: &apos;a36b8b1cd5757287168e54b817830adce9b0158d&apos;, time: &apos;2016-06-30 19:26:09&apos;
System info: host: &apos;debian&apos;, ip: &apos;127.0.1.1&apos;, os.name: &apos;Linux&apos;, os.arch: &apos;amd64&apos;, os.version: &apos;3.16.0-4-amd64&apos;, java.version: &apos;1.8.0_51&apos;
Driver info: org.openqa.selenium.firefox.FirefoxDriver
Capabilities [{applicationCacheEnabled=true, rotatable=false, handlesAlerts=true, databaseEnabled=true, version=47.0.1, platform=LINUX, nativeEvents=false, acceptSslCerts=true, webStorageEnabled=true, locationContextEnabled=true, browserName=firefox, takesScreenshot=true, javascriptEnabled=true, cssSelectorsEnabled=true}]
Session ID: fd59750a-6cd2-45cd-a523-1e3c2ee77287
*** Element info: {Using=name, value=nome}
	at sun.reflect.GeneratedConstructorAccessor11.newInstance(Unknown Source)
	at sun.reflect.DelegatingConstructorAccessorImpl.newInstance(DelegatingConstructorAccessorImpl.java:45)
	at java.lang.reflect.Constructor.newInstance(Constructor.java:422)
	at org.openqa.selenium.remote.ErrorHandler.createThrowable(ErrorHandler.java:206)
	at org.openqa.selenium.remote.ErrorHandler.throwIfResponseFailed(ErrorHandler.java:158)
	at org.openqa.selenium.remote.RemoteWebDriver.execute(RemoteWebDriver.java:678)
	at org.openqa.selenium.remote.RemoteWebDriver.findElement(RemoteWebDriver.java:363)
	at org.openqa.selenium.remote.RemoteWebDriver.findElementByName(RemoteWebDriver.java:461)
	at org.openqa.selenium.By$ByName.findElement(By.java:303)
	at org.openqa.selenium.remote.RemoteWebDriver.findElement(RemoteWebDriver.java:355)
	at br.com.ricardotulio.mikrotikadmin.CadastraClientesTest.testaSeCadastraCliente(CadastraClientesTest.java:129)
	at sun.reflect.NativeMethodAccessorImpl.invoke0(Native Method)
	at sun.reflect.NativeMethodAccessorImpl.invoke(NativeMethodAccessorImpl.java:62)
	at sun.reflect.DelegatingMethodAccessorImpl.invoke(DelegatingMethodAccessorImpl.java:43)
	at java.lang.reflect.Method.invoke(Method.java:497)
	at org.junit.runners.model.FrameworkMethod$1.runReflectiveCall(FrameworkMethod.java:50)
	at org.junit.internal.runners.model.ReflectiveCallable.run(ReflectiveCallable.java:12)
	at org.junit.runners.model.FrameworkMethod.invokeExplosively(FrameworkMethod.java:47)
	at org.junit.internal.runners.statements.InvokeMethod.evaluate(InvokeMethod.java:17)
	at org.junit.internal.runners.statements.RunAfters.evaluate(RunAfters.java:27)
	at org.junit.rules.TestWatcher$1.evaluate(TestWatcher.java:55)
	at org.junit.rules.RunRules.evaluate(RunRules.java:20)
	at org.junit.runners.ParentRunner.runLeaf(ParentRunner.java:325)
	at org.junit.runners.BlockJUnit4ClassRunner.runChild(BlockJUnit4ClassRunner.java:78)
	at org.junit.runners.BlockJUnit4ClassRunner.runChild(BlockJUnit4ClassRunner.java:57)
	at org.junit.runners.ParentRunner$3.run(ParentRunner.java:290)
	at org.junit.runners.ParentRunner$1.schedule(ParentRunner.java:71)
	at org.junit.runners.ParentRunner.runChildren(ParentRunner.java:288)
	at org.junit.runners.ParentRunner.access$000(ParentRunner.java:58)
	at org.junit.runners.ParentRunner$2.evaluate(ParentRunner.java:268)
	at org.junit.runners.ParentRunner.run(ParentRunner.java:363)
	at org.junit.runners.Suite.runChild(Suite.java:128)
	at org.junit.runners.Suite.runChild(Suite.java:27)
	at org.junit.runners.ParentRunner$3.run(ParentRunner.java:290)
	at org.junit.runners.ParentRunner$1.schedule(ParentRunner.java:71)
	at org.junit.runners.ParentRunner.runChildren(ParentRunner.java:288)
	at org.junit.runners.ParentRunner.access$000(ParentRunner.java:58)
	at org.junit.runners.ParentRunner$2.evaluate(ParentRunner.java:268)
	at org.junit.internal.runners.statements.RunBefores.evaluate(RunBefores.java:26)
	at org.junit.internal.runners.statements.RunAfters.evaluate(RunAfters.java:27)
	at org.junit.runners.ParentRunner.run(ParentRunner.java:363)
	at org.apache.maven.surefire.junit4.JUnit4TestSet.execute(JUnit4TestSet.java:53)
	at org.apache.maven.surefire.junit4.JUnit4Provider.executeTestSet(JUnit4Provider.java:123)
	at org.apache.maven.surefire.junit4.JUnit4Provider.invoke(JUnit4Provider.java:104)
	at sun.reflect.NativeMethodAccessorImpl.invoke0(Native Method)
	at sun.reflect.NativeMethodAccessorImpl.invoke(NativeMethodAccessorImpl.java:62)
	at sun.reflect.DelegatingMethodAccessorImpl.invoke(DelegatingMethodAccessorImpl.java:43)
	at java.lang.reflect.Method.invoke(Method.java:497)
	at org.apache.maven.surefire.util.ReflectionUtils.invokeMethodWithArray(ReflectionUtils.java:164)
	at org.apache.maven.surefire.booter.ProviderFactory$ProviderProxy.invoke(ProviderFactory.java:110)
	at org.apache.maven.surefire.booter.SurefireStarter.invokeProvider(SurefireStarter.java:175)
	at org.apache.maven.surefire.booter.SurefireStarter.runSuitesInProcessWhenForked(SurefireStarter.java:107)
	at org.apache.maven.surefire.booter.ForkedBooter.main(ForkedBooter.java:68)
Caused by: org.openqa.selenium.NoSuchElementException: Unable to locate element: {&quot;method&quot;:&quot;name&quot;,&quot;selector&quot;:&quot;nome&quot;}
For documentation on this error, please visit: http://seleniumhq.org/exceptions/no_such_element.html
Build info: version: &apos;2.53.1&apos;, revision: &apos;a36b8b1cd5757287168e54b817830adce9b0158d&apos;, time: &apos;2016-06-30 19:26:09&apos;
System info: host: &apos;debian&apos;, ip: &apos;127.0.1.1&apos;, os.name: &apos;Linux&apos;, os.arch: &apos;amd64&apos;, os.version: &apos;3.16.0-4-amd64&apos;, java.version: &apos;1.8.0_51&apos;
Driver info: driver.version: unknown
	at &lt;anonymous class&gt;.FirefoxDriver.prototype.findElementInternal_(file:///tmp/anonymous2779453413399423835webdriver-profile/extensions/fxdriver@googlecode.com/components/driver-component.js:10770)
	at &lt;anonymous class&gt;.FirefoxDriver.prototype.findElement(file:///tmp/anonymous2779453413399423835webdriver-profile/extensions/fxdriver@googlecode.com/components/driver-component.js:10779)
	at &lt;anonymous class&gt;.DelayedCommand.prototype.executeInternal_/h(file:///tmp/anonymous2779453413399423835webdriver-profile/extensions/fxdriver@googlecode.com/components/command-processor.js:12661)
	at &lt;anonymous class&gt;.DelayedCommand.prototype.executeInternal_(file:///tmp/anonymous2779453413399423835webdriver-profile/extensions/fxdriver@googlecode.com/components/command-processor.js:12666)
	at &lt;anonymous class&gt;.DelayedCommand.prototype.execute/&lt;(file:///tmp/anonymous2779453413399423835webdriver-profile/extensions/fxdriver@googlecode.com/components/command-processor.js:12608)
</error>
  </testcase>
  <testcase classname="br.com.ricardotulio.mikrotikadmin.CadastraClientesTest" name="testaSeCadastraCliente[12]" time="0.116">
    <error message="Unable to locate element: {&quot;method&quot;:&quot;name&quot;,&quot;selector&quot;:&quot;nome&quot;}
Command duration or timeout: 10 milliseconds
For documentation on this error, please visit: http://seleniumhq.org/exceptions/no_such_element.html
Build info: version: &apos;2.53.1&apos;, revision: &apos;a36b8b1cd5757287168e54b817830adce9b0158d&apos;, time: &apos;2016-06-30 19:26:09&apos;
System info: host: &apos;debian&apos;, ip: &apos;127.0.1.1&apos;, os.name: &apos;Linux&apos;, os.arch: &apos;amd64&apos;, os.version: &apos;3.16.0-4-amd64&apos;, java.version: &apos;1.8.0_51&apos;
Driver info: org.openqa.selenium.firefox.FirefoxDriver
Capabilities [{applicationCacheEnabled=true, rotatable=false, handlesAlerts=true, databaseEnabled=true, version=47.0.1, platform=LINUX, nativeEvents=false, acceptSslCerts=true, webStorageEnabled=true, locationContextEnabled=true, browserName=firefox, takesScreenshot=true, javascriptEnabled=true, cssSelectorsEnabled=true}]
Session ID: fd59750a-6cd2-45cd-a523-1e3c2ee77287
*** Element info: {Using=name, value=nome}" type="org.openqa.selenium.NoSuchElementException">org.openqa.selenium.NoSuchElementException: Unable to locate element: {&quot;method&quot;:&quot;name&quot;,&quot;selector&quot;:&quot;nome&quot;}
Command duration or timeout: 10 milliseconds
For documentation on this error, please visit: http://seleniumhq.org/exceptions/no_such_element.html
Build info: version: &apos;2.53.1&apos;, revision: &apos;a36b8b1cd5757287168e54b817830adce9b0158d&apos;, time: &apos;2016-06-30 19:26:09&apos;
System info: host: &apos;debian&apos;, ip: &apos;127.0.1.1&apos;, os.name: &apos;Linux&apos;, os.arch: &apos;amd64&apos;, os.version: &apos;3.16.0-4-amd64&apos;, java.version: &apos;1.8.0_51&apos;
Driver info: org.openqa.selenium.firefox.FirefoxDriver
Capabilities [{applicationCacheEnabled=true, rotatable=false, handlesAlerts=true, databaseEnabled=true, version=47.0.1, platform=LINUX, nativeEvents=false, acceptSslCerts=true, webStorageEnabled=true, locationContextEnabled=true, browserName=firefox, takesScreenshot=true, javascriptEnabled=true, cssSelectorsEnabled=true}]
Session ID: fd59750a-6cd2-45cd-a523-1e3c2ee77287
*** Element info: {Using=name, value=nome}
	at sun.reflect.GeneratedConstructorAccessor11.newInstance(Unknown Source)
	at sun.reflect.DelegatingConstructorAccessorImpl.newInstance(DelegatingConstructorAccessorImpl.java:45)
	at java.lang.reflect.Constructor.newInstance(Constructor.java:422)
	at org.openqa.selenium.remote.ErrorHandler.createThrowable(ErrorHandler.java:206)
	at org.openqa.selenium.remote.ErrorHandler.throwIfResponseFailed(ErrorHandler.java:158)
	at org.openqa.selenium.remote.RemoteWebDriver.execute(RemoteWebDriver.java:678)
	at org.openqa.selenium.remote.RemoteWebDriver.findElement(RemoteWebDriver.java:363)
	at org.openqa.selenium.remote.RemoteWebDriver.findElementByName(RemoteWebDriver.java:461)
	at org.openqa.selenium.By$ByName.findElement(By.java:303)
	at org.openqa.selenium.remote.RemoteWebDriver.findElement(RemoteWebDriver.java:355)
	at br.com.ricardotulio.mikrotikadmin.CadastraClientesTest.testaSeCadastraCliente(CadastraClientesTest.java:129)
	at sun.reflect.NativeMethodAccessorImpl.invoke0(Native Method)
	at sun.reflect.NativeMethodAccessorImpl.invoke(NativeMethodAccessorImpl.java:62)
	at sun.reflect.DelegatingMethodAccessorImpl.invoke(DelegatingMethodAccessorImpl.java:43)
	at java.lang.reflect.Method.invoke(Method.java:497)
	at org.junit.runners.model.FrameworkMethod$1.runReflectiveCall(FrameworkMethod.java:50)
	at org.junit.internal.runners.model.ReflectiveCallable.run(ReflectiveCallable.java:12)
	at org.junit.runners.model.FrameworkMethod.invokeExplosively(FrameworkMethod.java:47)
	at org.junit.internal.runners.statements.InvokeMethod.evaluate(InvokeMethod.java:17)
	at org.junit.internal.runners.statements.RunAfters.evaluate(RunAfters.java:27)
	at org.junit.rules.TestWatcher$1.evaluate(TestWatcher.java:55)
	at org.junit.rules.RunRules.evaluate(RunRules.java:20)
	at org.junit.runners.ParentRunner.runLeaf(ParentRunner.java:325)
	at org.junit.runners.BlockJUnit4ClassRunner.runChild(BlockJUnit4ClassRunner.java:78)
	at org.junit.runners.BlockJUnit4ClassRunner.runChild(BlockJUnit4ClassRunner.java:57)
	at org.junit.runners.ParentRunner$3.run(ParentRunner.java:290)
	at org.junit.runners.ParentRunner$1.schedule(ParentRunner.java:71)
	at org.junit.runners.ParentRunner.runChildren(ParentRunner.java:288)
	at org.junit.runners.ParentRunner.access$000(ParentRunner.java:58)
	at org.junit.runners.ParentRunner$2.evaluate(ParentRunner.java:268)
	at org.junit.runners.ParentRunner.run(ParentRunner.java:363)
	at org.junit.runners.Suite.runChild(Suite.java:128)
	at org.junit.runners.Suite.runChild(Suite.java:27)
	at org.junit.runners.ParentRunner$3.run(ParentRunner.java:290)
	at org.junit.runners.ParentRunner$1.schedule(ParentRunner.java:71)
	at org.junit.runners.ParentRunner.runChildren(ParentRunner.java:288)
	at org.junit.runners.ParentRunner.access$000(ParentRunner.java:58)
	at org.junit.runners.ParentRunner$2.evaluate(ParentRunner.java:268)
	at org.junit.internal.runners.statements.RunBefores.evaluate(RunBefores.java:26)
	at org.junit.internal.runners.statements.RunAfters.evaluate(RunAfters.java:27)
	at org.junit.runners.ParentRunner.run(ParentRunner.java:363)
	at org.apache.maven.surefire.junit4.JUnit4TestSet.execute(JUnit4TestSet.java:53)
	at org.apache.maven.surefire.junit4.JUnit4Provider.executeTestSet(JUnit4Provider.java:123)
	at org.apache.maven.surefire.junit4.JUnit4Provider.invoke(JUnit4Provider.java:104)
	at sun.reflect.NativeMethodAccessorImpl.invoke0(Native Method)
	at sun.reflect.NativeMethodAccessorImpl.invoke(NativeMethodAccessorImpl.java:62)
	at sun.reflect.DelegatingMethodAccessorImpl.invoke(DelegatingMethodAccessorImpl.java:43)
	at java.lang.reflect.Method.invoke(Method.java:497)
	at org.apache.maven.surefire.util.ReflectionUtils.invokeMethodWithArray(ReflectionUtils.java:164)
	at org.apache.maven.surefire.booter.ProviderFactory$ProviderProxy.invoke(ProviderFactory.java:110)
	at org.apache.maven.surefire.booter.SurefireStarter.invokeProvider(SurefireStarter.java:175)
	at org.apache.maven.surefire.booter.SurefireStarter.runSuitesInProcessWhenForked(SurefireStarter.java:107)
	at org.apache.maven.surefire.booter.ForkedBooter.main(ForkedBooter.java:68)
Caused by: org.openqa.selenium.NoSuchElementException: Unable to locate element: {&quot;method&quot;:&quot;name&quot;,&quot;selector&quot;:&quot;nome&quot;}
For documentation on this error, please visit: http://seleniumhq.org/exceptions/no_such_element.html
Build info: version: &apos;2.53.1&apos;, revision: &apos;a36b8b1cd5757287168e54b817830adce9b0158d&apos;, time: &apos;2016-06-30 19:26:09&apos;
System info: host: &apos;debian&apos;, ip: &apos;127.0.1.1&apos;, os.name: &apos;Linux&apos;, os.arch: &apos;amd64&apos;, os.version: &apos;3.16.0-4-amd64&apos;, java.version: &apos;1.8.0_51&apos;
Driver info: driver.version: unknown
	at &lt;anonymous class&gt;.FirefoxDriver.prototype.findElementInternal_(file:///tmp/anonymous2779453413399423835webdriver-profile/extensions/fxdriver@googlecode.com/components/driver-component.js:10770)
	at &lt;anonymous class&gt;.FirefoxDriver.prototype.findElement(file:///tmp/anonymous2779453413399423835webdriver-profile/extensions/fxdriver@googlecode.com/components/driver-component.js:10779)
	at &lt;anonymous class&gt;.DelayedCommand.prototype.executeInternal_/h(file:///tmp/anonymous2779453413399423835webdriver-profile/extensions/fxdriver@googlecode.com/components/command-processor.js:12661)
	at &lt;anonymous class&gt;.DelayedCommand.prototype.executeInternal_(file:///tmp/anonymous2779453413399423835webdriver-profile/extensions/fxdriver@googlecode.com/components/command-processor.js:12666)
	at &lt;anonymous class&gt;.DelayedCommand.prototype.execute/&lt;(file:///tmp/anonymous2779453413399423835webdriver-profile/extensions/fxdriver@googlecode.com/components/command-processor.js:12608)
</error>
  </testcase>
  <testcase classname="br.com.ricardotulio.mikrotikadmin.CadastraClientesTest" name="testaSeCadastraCliente[13]" time="0.096">
    <error message="Unable to locate element: {&quot;method&quot;:&quot;name&quot;,&quot;selector&quot;:&quot;nome&quot;}
Command duration or timeout: 7 milliseconds
For documentation on this error, please visit: http://seleniumhq.org/exceptions/no_such_element.html
Build info: version: &apos;2.53.1&apos;, revision: &apos;a36b8b1cd5757287168e54b817830adce9b0158d&apos;, time: &apos;2016-06-30 19:26:09&apos;
System info: host: &apos;debian&apos;, ip: &apos;127.0.1.1&apos;, os.name: &apos;Linux&apos;, os.arch: &apos;amd64&apos;, os.version: &apos;3.16.0-4-amd64&apos;, java.version: &apos;1.8.0_51&apos;
Driver info: org.openqa.selenium.firefox.FirefoxDriver
Capabilities [{applicationCacheEnabled=true, rotatable=false, handlesAlerts=true, databaseEnabled=true, version=47.0.1, platform=LINUX, nativeEvents=false, acceptSslCerts=true, webStorageEnabled=true, locationContextEnabled=true, browserName=firefox, takesScreenshot=true, javascriptEnabled=true, cssSelectorsEnabled=true}]
Session ID: fd59750a-6cd2-45cd-a523-1e3c2ee77287
*** Element info: {Using=name, value=nome}" type="org.openqa.selenium.NoSuchElementException">org.openqa.selenium.NoSuchElementException: Unable to locate element: {&quot;method&quot;:&quot;name&quot;,&quot;selector&quot;:&quot;nome&quot;}
Command duration or timeout: 7 milliseconds
For documentation on this error, please visit: http://seleniumhq.org/exceptions/no_such_element.html
Build info: version: &apos;2.53.1&apos;, revision: &apos;a36b8b1cd5757287168e54b817830adce9b0158d&apos;, time: &apos;2016-06-30 19:26:09&apos;
System info: host: &apos;debian&apos;, ip: &apos;127.0.1.1&apos;, os.name: &apos;Linux&apos;, os.arch: &apos;amd64&apos;, os.version: &apos;3.16.0-4-amd64&apos;, java.version: &apos;1.8.0_51&apos;
Driver info: org.openqa.selenium.firefox.FirefoxDriver
Capabilities [{applicationCacheEnabled=true, rotatable=false, handlesAlerts=true, databaseEnabled=true, version=47.0.1, platform=LINUX, nativeEvents=false, acceptSslCerts=true, webStorageEnabled=true, locationContextEnabled=true, browserName=firefox, takesScreenshot=true, javascriptEnabled=true, cssSelectorsEnabled=true}]
Session ID: fd59750a-6cd2-45cd-a523-1e3c2ee77287
*** Element info: {Using=name, value=nome}
	at sun.reflect.GeneratedConstructorAccessor11.newInstance(Unknown Source)
	at sun.reflect.DelegatingConstructorAccessorImpl.newInstance(DelegatingConstructorAccessorImpl.java:45)
	at java.lang.reflect.Constructor.newInstance(Constructor.java:422)
	at org.openqa.selenium.remote.ErrorHandler.createThrowable(ErrorHandler.java:206)
	at org.openqa.selenium.remote.ErrorHandler.throwIfResponseFailed(ErrorHandler.java:158)
	at org.openqa.selenium.remote.RemoteWebDriver.execute(RemoteWebDriver.java:678)
	at org.openqa.selenium.remote.RemoteWebDriver.findElement(RemoteWebDriver.java:363)
	at org.openqa.selenium.remote.RemoteWebDriver.findElementByName(RemoteWebDriver.java:461)
	at org.openqa.selenium.By$ByName.findElement(By.java:303)
	at org.openqa.selenium.remote.RemoteWebDriver.findElement(RemoteWebDriver.java:355)
	at br.com.ricardotulio.mikrotikadmin.CadastraClientesTest.testaSeCadastraCliente(CadastraClientesTest.java:129)
	at sun.reflect.NativeMethodAccessorImpl.invoke0(Native Method)
	at sun.reflect.NativeMethodAccessorImpl.invoke(NativeMethodAccessorImpl.java:62)
	at sun.reflect.DelegatingMethodAccessorImpl.invoke(DelegatingMethodAccessorImpl.java:43)
	at java.lang.reflect.Method.invoke(Method.java:497)
	at org.junit.runners.model.FrameworkMethod$1.runReflectiveCall(FrameworkMethod.java:50)
	at org.junit.internal.runners.model.ReflectiveCallable.run(ReflectiveCallable.java:12)
	at org.junit.runners.model.FrameworkMethod.invokeExplosively(FrameworkMethod.java:47)
	at org.junit.internal.runners.statements.InvokeMethod.evaluate(InvokeMethod.java:17)
	at org.junit.internal.runners.statements.RunAfters.evaluate(RunAfters.java:27)
	at org.junit.rules.TestWatcher$1.evaluate(TestWatcher.java:55)
	at org.junit.rules.RunRules.evaluate(RunRules.java:20)
	at org.junit.runners.ParentRunner.runLeaf(ParentRunner.java:325)
	at org.junit.runners.BlockJUnit4ClassRunner.runChild(BlockJUnit4ClassRunner.java:78)
	at org.junit.runners.BlockJUnit4ClassRunner.runChild(BlockJUnit4ClassRunner.java:57)
	at org.junit.runners.ParentRunner$3.run(ParentRunner.java:290)
	at org.junit.runners.ParentRunner$1.schedule(ParentRunner.java:71)
	at org.junit.runners.ParentRunner.runChildren(ParentRunner.java:288)
	at org.junit.runners.ParentRunner.access$000(ParentRunner.java:58)
	at org.junit.runners.ParentRunner$2.evaluate(ParentRunner.java:268)
	at org.junit.runners.ParentRunner.run(ParentRunner.java:363)
	at org.junit.runners.Suite.runChild(Suite.java:128)
	at org.junit.runners.Suite.runChild(Suite.java:27)
	at org.junit.runners.ParentRunner$3.run(ParentRunner.java:290)
	at org.junit.runners.ParentRunner$1.schedule(ParentRunner.java:71)
	at org.junit.runners.ParentRunner.runChildren(ParentRunner.java:288)
	at org.junit.runners.ParentRunner.access$000(ParentRunner.java:58)
	at org.junit.runners.ParentRunner$2.evaluate(ParentRunner.java:268)
	at org.junit.internal.runners.statements.RunBefores.evaluate(RunBefores.java:26)
	at org.junit.internal.runners.statements.RunAfters.evaluate(RunAfters.java:27)
	at org.junit.runners.ParentRunner.run(ParentRunner.java:363)
	at org.apache.maven.surefire.junit4.JUnit4TestSet.execute(JUnit4TestSet.java:53)
	at org.apache.maven.surefire.junit4.JUnit4Provider.executeTestSet(JUnit4Provider.java:123)
	at org.apache.maven.surefire.junit4.JUnit4Provider.invoke(JUnit4Provider.java:104)
	at sun.reflect.NativeMethodAccessorImpl.invoke0(Native Method)
	at sun.reflect.NativeMethodAccessorImpl.invoke(NativeMethodAccessorImpl.java:62)
	at sun.reflect.DelegatingMethodAccessorImpl.invoke(DelegatingMethodAccessorImpl.java:43)
	at java.lang.reflect.Method.invoke(Method.java:497)
	at org.apache.maven.surefire.util.ReflectionUtils.invokeMethodWithArray(ReflectionUtils.java:164)
	at org.apache.maven.surefire.booter.ProviderFactory$ProviderProxy.invoke(ProviderFactory.java:110)
	at org.apache.maven.surefire.booter.SurefireStarter.invokeProvider(SurefireStarter.java:175)
	at org.apache.maven.surefire.booter.SurefireStarter.runSuitesInProcessWhenForked(SurefireStarter.java:107)
	at org.apache.maven.surefire.booter.ForkedBooter.main(ForkedBooter.java:68)
Caused by: org.openqa.selenium.NoSuchElementException: Unable to locate element: {&quot;method&quot;:&quot;name&quot;,&quot;selector&quot;:&quot;nome&quot;}
For documentation on this error, please visit: http://seleniumhq.org/exceptions/no_such_element.html
Build info: version: &apos;2.53.1&apos;, revision: &apos;a36b8b1cd5757287168e54b817830adce9b0158d&apos;, time: &apos;2016-06-30 19:26:09&apos;
System info: host: &apos;debian&apos;, ip: &apos;127.0.1.1&apos;, os.name: &apos;Linux&apos;, os.arch: &apos;amd64&apos;, os.version: &apos;3.16.0-4-amd64&apos;, java.version: &apos;1.8.0_51&apos;
Driver info: driver.version: unknown
	at &lt;anonymous class&gt;.FirefoxDriver.prototype.findElementInternal_(file:///tmp/anonymous2779453413399423835webdriver-profile/extensions/fxdriver@googlecode.com/components/driver-component.js:10770)
	at &lt;anonymous class&gt;.FirefoxDriver.prototype.findElement(file:///tmp/anonymous2779453413399423835webdriver-profile/extensions/fxdriver@googlecode.com/components/driver-component.js:10779)
	at &lt;anonymous class&gt;.DelayedCommand.prototype.executeInternal_/h(file:///tmp/anonymous2779453413399423835webdriver-profile/extensions/fxdriver@googlecode.com/components/command-processor.js:12661)
	at &lt;anonymous class&gt;.DelayedCommand.prototype.executeInternal_(file:///tmp/anonymous2779453413399423835webdriver-profile/extensions/fxdriver@googlecode.com/components/command-processor.js:12666)
	at &lt;anonymous class&gt;.DelayedCommand.prototype.execute/&lt;(file:///tmp/anonymous2779453413399423835webdriver-profile/extensions/fxdriver@googlecode.com/components/command-processor.js:12608)
</error>
  </testcase>
  <testcase classname="br.com.ricardotulio.mikrotikadmin.CadastraClientesTest" name="testaSeCadastraCliente[14]" time="0.121">
    <error message="Unable to locate element: {&quot;method&quot;:&quot;name&quot;,&quot;selector&quot;:&quot;nome&quot;}
Command duration or timeout: 5 milliseconds
For documentation on this error, please visit: http://seleniumhq.org/exceptions/no_such_element.html
Build info: version: &apos;2.53.1&apos;, revision: &apos;a36b8b1cd5757287168e54b817830adce9b0158d&apos;, time: &apos;2016-06-30 19:26:09&apos;
System info: host: &apos;debian&apos;, ip: &apos;127.0.1.1&apos;, os.name: &apos;Linux&apos;, os.arch: &apos;amd64&apos;, os.version: &apos;3.16.0-4-amd64&apos;, java.version: &apos;1.8.0_51&apos;
Driver info: org.openqa.selenium.firefox.FirefoxDriver
Capabilities [{applicationCacheEnabled=true, rotatable=false, handlesAlerts=true, databaseEnabled=true, version=47.0.1, platform=LINUX, nativeEvents=false, acceptSslCerts=true, webStorageEnabled=true, locationContextEnabled=true, browserName=firefox, takesScreenshot=true, javascriptEnabled=true, cssSelectorsEnabled=true}]
Session ID: fd59750a-6cd2-45cd-a523-1e3c2ee77287
*** Element info: {Using=name, value=nome}" type="org.openqa.selenium.NoSuchElementException">org.openqa.selenium.NoSuchElementException: Unable to locate element: {&quot;method&quot;:&quot;name&quot;,&quot;selector&quot;:&quot;nome&quot;}
Command duration or timeout: 5 milliseconds
For documentation on this error, please visit: http://seleniumhq.org/exceptions/no_such_element.html
Build info: version: &apos;2.53.1&apos;, revision: &apos;a36b8b1cd5757287168e54b817830adce9b0158d&apos;, time: &apos;2016-06-30 19:26:09&apos;
System info: host: &apos;debian&apos;, ip: &apos;127.0.1.1&apos;, os.name: &apos;Linux&apos;, os.arch: &apos;amd64&apos;, os.version: &apos;3.16.0-4-amd64&apos;, java.version: &apos;1.8.0_51&apos;
Driver info: org.openqa.selenium.firefox.FirefoxDriver
Capabilities [{applicationCacheEnabled=true, rotatable=false, handlesAlerts=true, databaseEnabled=true, version=47.0.1, platform=LINUX, nativeEvents=false, acceptSslCerts=true, webStorageEnabled=true, locationContextEnabled=true, browserName=firefox, takesScreenshot=true, javascriptEnabled=true, cssSelectorsEnabled=true}]
Session ID: fd59750a-6cd2-45cd-a523-1e3c2ee77287
*** Element info: {Using=name, value=nome}
	at sun.reflect.GeneratedConstructorAccessor11.newInstance(Unknown Source)
	at sun.reflect.DelegatingConstructorAccessorImpl.newInstance(DelegatingConstructorAccessorImpl.java:45)
	at java.lang.reflect.Constructor.newInstance(Constructor.java:422)
	at org.openqa.selenium.remote.ErrorHandler.createThrowable(ErrorHandler.java:206)
	at org.openqa.selenium.remote.ErrorHandler.throwIfResponseFailed(ErrorHandler.java:158)
	at org.openqa.selenium.remote.RemoteWebDriver.execute(RemoteWebDriver.java:678)
	at org.openqa.selenium.remote.RemoteWebDriver.findElement(RemoteWebDriver.java:363)
	at org.openqa.selenium.remote.RemoteWebDriver.findElementByName(RemoteWebDriver.java:461)
	at org.openqa.selenium.By$ByName.findElement(By.java:303)
	at org.openqa.selenium.remote.RemoteWebDriver.findElement(RemoteWebDriver.java:355)
	at br.com.ricardotulio.mikrotikadmin.CadastraClientesTest.testaSeCadastraCliente(CadastraClientesTest.java:129)
	at sun.reflect.NativeMethodAccessorImpl.invoke0(Native Method)
	at sun.reflect.NativeMethodAccessorImpl.invoke(NativeMethodAccessorImpl.java:62)
	at sun.reflect.DelegatingMethodAccessorImpl.invoke(DelegatingMethodAccessorImpl.java:43)
	at java.lang.reflect.Method.invoke(Method.java:497)
	at org.junit.runners.model.FrameworkMethod$1.runReflectiveCall(FrameworkMethod.java:50)
	at org.junit.internal.runners.model.ReflectiveCallable.run(ReflectiveCallable.java:12)
	at org.junit.runners.model.FrameworkMethod.invokeExplosively(FrameworkMethod.java:47)
	at org.junit.internal.runners.statements.InvokeMethod.evaluate(InvokeMethod.java:17)
	at org.junit.internal.runners.statements.RunAfters.evaluate(RunAfters.java:27)
	at org.junit.rules.TestWatcher$1.evaluate(TestWatcher.java:55)
	at org.junit.rules.RunRules.evaluate(RunRules.java:20)
	at org.junit.runners.ParentRunner.runLeaf(ParentRunner.java:325)
	at org.junit.runners.BlockJUnit4ClassRunner.runChild(BlockJUnit4ClassRunner.java:78)
	at org.junit.runners.BlockJUnit4ClassRunner.runChild(BlockJUnit4ClassRunner.java:57)
	at org.junit.runners.ParentRunner$3.run(ParentRunner.java:290)
	at org.junit.runners.ParentRunner$1.schedule(ParentRunner.java:71)
	at org.junit.runners.ParentRunner.runChildren(ParentRunner.java:288)
	at org.junit.runners.ParentRunner.access$000(ParentRunner.java:58)
	at org.junit.runners.ParentRunner$2.evaluate(ParentRunner.java:268)
	at org.junit.runners.ParentRunner.run(ParentRunner.java:363)
	at org.junit.runners.Suite.runChild(Suite.java:128)
	at org.junit.runners.Suite.runChild(Suite.java:27)
	at org.junit.runners.ParentRunner$3.run(ParentRunner.java:290)
	at org.junit.runners.ParentRunner$1.schedule(ParentRunner.java:71)
	at org.junit.runners.ParentRunner.runChildren(ParentRunner.java:288)
	at org.junit.runners.ParentRunner.access$000(ParentRunner.java:58)
	at org.junit.runners.ParentRunner$2.evaluate(ParentRunner.java:268)
	at org.junit.internal.runners.statements.RunBefores.evaluate(RunBefores.java:26)
	at org.junit.internal.runners.statements.RunAfters.evaluate(RunAfters.java:27)
	at org.junit.runners.ParentRunner.run(ParentRunner.java:363)
	at org.apache.maven.surefire.junit4.JUnit4TestSet.execute(JUnit4TestSet.java:53)
	at org.apache.maven.surefire.junit4.JUnit4Provider.executeTestSet(JUnit4Provider.java:123)
	at org.apache.maven.surefire.junit4.JUnit4Provider.invoke(JUnit4Provider.java:104)
	at sun.reflect.NativeMethodAccessorImpl.invoke0(Native Method)
	at sun.reflect.NativeMethodAccessorImpl.invoke(NativeMethodAccessorImpl.java:62)
	at sun.reflect.DelegatingMethodAccessorImpl.invoke(DelegatingMethodAccessorImpl.java:43)
	at java.lang.reflect.Method.invoke(Method.java:497)
	at org.apache.maven.surefire.util.ReflectionUtils.invokeMethodWithArray(ReflectionUtils.java:164)
	at org.apache.maven.surefire.booter.ProviderFactory$ProviderProxy.invoke(ProviderFactory.java:110)
	at org.apache.maven.surefire.booter.SurefireStarter.invokeProvider(SurefireStarter.java:175)
	at org.apache.maven.surefire.booter.SurefireStarter.runSuitesInProcessWhenForked(SurefireStarter.java:107)
	at org.apache.maven.surefire.booter.ForkedBooter.main(ForkedBooter.java:68)
Caused by: org.openqa.selenium.NoSuchElementException: Unable to locate element: {&quot;method&quot;:&quot;name&quot;,&quot;selector&quot;:&quot;nome&quot;}
For documentation on this error, please visit: http://seleniumhq.org/exceptions/no_such_element.html
Build info: version: &apos;2.53.1&apos;, revision: &apos;a36b8b1cd5757287168e54b817830adce9b0158d&apos;, time: &apos;2016-06-30 19:26:09&apos;
System info: host: &apos;debian&apos;, ip: &apos;127.0.1.1&apos;, os.name: &apos;Linux&apos;, os.arch: &apos;amd64&apos;, os.version: &apos;3.16.0-4-amd64&apos;, java.version: &apos;1.8.0_51&apos;
Driver info: driver.version: unknown
	at &lt;anonymous class&gt;.FirefoxDriver.prototype.findElementInternal_(file:///tmp/anonymous2779453413399423835webdriver-profile/extensions/fxdriver@googlecode.com/components/driver-component.js:10770)
	at &lt;anonymous class&gt;.FirefoxDriver.prototype.findElement(file:///tmp/anonymous2779453413399423835webdriver-profile/extensions/fxdriver@googlecode.com/components/driver-component.js:10779)
	at &lt;anonymous class&gt;.DelayedCommand.prototype.executeInternal_/h(file:///tmp/anonymous2779453413399423835webdriver-profile/extensions/fxdriver@googlecode.com/components/command-processor.js:12661)
	at &lt;anonymous class&gt;.DelayedCommand.prototype.executeInternal_(file:///tmp/anonymous2779453413399423835webdriver-profile/extensions/fxdriver@googlecode.com/components/command-processor.js:12666)
	at &lt;anonymous class&gt;.DelayedCommand.prototype.execute/&lt;(file:///tmp/anonymous2779453413399423835webdriver-profile/extensions/fxdriver@googlecode.com/components/command-processor.js:12608)
</error>
  </testcase>
  <testcase classname="br.com.ricardotulio.mikrotikadmin.CadastraClientesTest" name="testaSeCadastraCliente[15]" time="0.094">
    <error message="Unable to locate element: {&quot;method&quot;:&quot;name&quot;,&quot;selector&quot;:&quot;nome&quot;}
Command duration or timeout: 10 milliseconds
For documentation on this error, please visit: http://seleniumhq.org/exceptions/no_such_element.html
Build info: version: &apos;2.53.1&apos;, revision: &apos;a36b8b1cd5757287168e54b817830adce9b0158d&apos;, time: &apos;2016-06-30 19:26:09&apos;
System info: host: &apos;debian&apos;, ip: &apos;127.0.1.1&apos;, os.name: &apos;Linux&apos;, os.arch: &apos;amd64&apos;, os.version: &apos;3.16.0-4-amd64&apos;, java.version: &apos;1.8.0_51&apos;
Driver info: org.openqa.selenium.firefox.FirefoxDriver
Capabilities [{applicationCacheEnabled=true, rotatable=false, handlesAlerts=true, databaseEnabled=true, version=47.0.1, platform=LINUX, nativeEvents=false, acceptSslCerts=true, webStorageEnabled=true, locationContextEnabled=true, browserName=firefox, takesScreenshot=true, javascriptEnabled=true, cssSelectorsEnabled=true}]
Session ID: fd59750a-6cd2-45cd-a523-1e3c2ee77287
*** Element info: {Using=name, value=nome}" type="org.openqa.selenium.NoSuchElementException">org.openqa.selenium.NoSuchElementException: Unable to locate element: {&quot;method&quot;:&quot;name&quot;,&quot;selector&quot;:&quot;nome&quot;}
Command duration or timeout: 10 milliseconds
For documentation on this error, please visit: http://seleniumhq.org/exceptions/no_such_element.html
Build info: version: &apos;2.53.1&apos;, revision: &apos;a36b8b1cd5757287168e54b817830adce9b0158d&apos;, time: &apos;2016-06-30 19:26:09&apos;
System info: host: &apos;debian&apos;, ip: &apos;127.0.1.1&apos;, os.name: &apos;Linux&apos;, os.arch: &apos;amd64&apos;, os.version: &apos;3.16.0-4-amd64&apos;, java.version: &apos;1.8.0_51&apos;
Driver info: org.openqa.selenium.firefox.FirefoxDriver
Capabilities [{applicationCacheEnabled=true, rotatable=false, handlesAlerts=true, databaseEnabled=true, version=47.0.1, platform=LINUX, nativeEvents=false, acceptSslCerts=true, webStorageEnabled=true, locationContextEnabled=true, browserName=firefox, takesScreenshot=true, javascriptEnabled=true, cssSelectorsEnabled=true}]
Session ID: fd59750a-6cd2-45cd-a523-1e3c2ee77287
*** Element info: {Using=name, value=nome}
	at sun.reflect.GeneratedConstructorAccessor11.newInstance(Unknown Source)
	at sun.reflect.DelegatingConstructorAccessorImpl.newInstance(DelegatingConstructorAccessorImpl.java:45)
	at java.lang.reflect.Constructor.newInstance(Constructor.java:422)
	at org.openqa.selenium.remote.ErrorHandler.createThrowable(ErrorHandler.java:206)
	at org.openqa.selenium.remote.ErrorHandler.throwIfResponseFailed(ErrorHandler.java:158)
	at org.openqa.selenium.remote.RemoteWebDriver.execute(RemoteWebDriver.java:678)
	at org.openqa.selenium.remote.RemoteWebDriver.findElement(RemoteWebDriver.java:363)
	at org.openqa.selenium.remote.RemoteWebDriver.findElementByName(RemoteWebDriver.java:461)
	at org.openqa.selenium.By$ByName.findElement(By.java:303)
	at org.openqa.selenium.remote.RemoteWebDriver.findElement(RemoteWebDriver.java:355)
	at br.com.ricardotulio.mikrotikadmin.CadastraClientesTest.testaSeCadastraCliente(CadastraClientesTest.java:129)
	at sun.reflect.NativeMethodAccessorImpl.invoke0(Native Method)
	at sun.reflect.NativeMethodAccessorImpl.invoke(NativeMethodAccessorImpl.java:62)
	at sun.reflect.DelegatingMethodAccessorImpl.invoke(DelegatingMethodAccessorImpl.java:43)
	at java.lang.reflect.Method.invoke(Method.java:497)
	at org.junit.runners.model.FrameworkMethod$1.runReflectiveCall(FrameworkMethod.java:50)
	at org.junit.internal.runners.model.ReflectiveCallable.run(ReflectiveCallable.java:12)
	at org.junit.runners.model.FrameworkMethod.invokeExplosively(FrameworkMethod.java:47)
	at org.junit.internal.runners.statements.InvokeMethod.evaluate(InvokeMethod.java:17)
	at org.junit.internal.runners.statements.RunAfters.evaluate(RunAfters.java:27)
	at org.junit.rules.TestWatcher$1.evaluate(TestWatcher.java:55)
	at org.junit.rules.RunRules.evaluate(RunRules.java:20)
	at org.junit.runners.ParentRunner.runLeaf(ParentRunner.java:325)
	at org.junit.runners.BlockJUnit4ClassRunner.runChild(BlockJUnit4ClassRunner.java:78)
	at org.junit.runners.BlockJUnit4ClassRunner.runChild(BlockJUnit4ClassRunner.java:57)
	at org.junit.runners.ParentRunner$3.run(ParentRunner.java:290)
	at org.junit.runners.ParentRunner$1.schedule(ParentRunner.java:71)
	at org.junit.runners.ParentRunner.runChildren(ParentRunner.java:288)
	at org.junit.runners.ParentRunner.access$000(ParentRunner.java:58)
	at org.junit.runners.ParentRunner$2.evaluate(ParentRunner.java:268)
	at org.junit.runners.ParentRunner.run(ParentRunner.java:363)
	at org.junit.runners.Suite.runChild(Suite.java:128)
	at org.junit.runners.Suite.runChild(Suite.java:27)
	at org.junit.runners.ParentRunner$3.run(ParentRunner.java:290)
	at org.junit.runners.ParentRunner$1.schedule(ParentRunner.java:71)
	at org.junit.runners.ParentRunner.runChildren(ParentRunner.java:288)
	at org.junit.runners.ParentRunner.access$000(ParentRunner.java:58)
	at org.junit.runners.ParentRunner$2.evaluate(ParentRunner.java:268)
	at org.junit.internal.runners.statements.RunBefores.evaluate(RunBefores.java:26)
	at org.junit.internal.runners.statements.RunAfters.evaluate(RunAfters.java:27)
	at org.junit.runners.ParentRunner.run(ParentRunner.java:363)
	at org.apache.maven.surefire.junit4.JUnit4TestSet.execute(JUnit4TestSet.java:53)
	at org.apache.maven.surefire.junit4.JUnit4Provider.executeTestSet(JUnit4Provider.java:123)
	at org.apache.maven.surefire.junit4.JUnit4Provider.invoke(JUnit4Provider.java:104)
	at sun.reflect.NativeMethodAccessorImpl.invoke0(Native Method)
	at sun.reflect.NativeMethodAccessorImpl.invoke(NativeMethodAccessorImpl.java:62)
	at sun.reflect.DelegatingMethodAccessorImpl.invoke(DelegatingMethodAccessorImpl.java:43)
	at java.lang.reflect.Method.invoke(Method.java:497)
	at org.apache.maven.surefire.util.ReflectionUtils.invokeMethodWithArray(ReflectionUtils.java:164)
	at org.apache.maven.surefire.booter.ProviderFactory$ProviderProxy.invoke(ProviderFactory.java:110)
	at org.apache.maven.surefire.booter.SurefireStarter.invokeProvider(SurefireStarter.java:175)
	at org.apache.maven.surefire.booter.SurefireStarter.runSuitesInProcessWhenForked(SurefireStarter.java:107)
	at org.apache.maven.surefire.booter.ForkedBooter.main(ForkedBooter.java:68)
Caused by: org.openqa.selenium.NoSuchElementException: Unable to locate element: {&quot;method&quot;:&quot;name&quot;,&quot;selector&quot;:&quot;nome&quot;}
For documentation on this error, please visit: http://seleniumhq.org/exceptions/no_such_element.html
Build info: version: &apos;2.53.1&apos;, revision: &apos;a36b8b1cd5757287168e54b817830adce9b0158d&apos;, time: &apos;2016-06-30 19:26:09&apos;
System info: host: &apos;debian&apos;, ip: &apos;127.0.1.1&apos;, os.name: &apos;Linux&apos;, os.arch: &apos;amd64&apos;, os.version: &apos;3.16.0-4-amd64&apos;, java.version: &apos;1.8.0_51&apos;
Driver info: driver.version: unknown
	at &lt;anonymous class&gt;.FirefoxDriver.prototype.findElementInternal_(file:///tmp/anonymous2779453413399423835webdriver-profile/extensions/fxdriver@googlecode.com/components/driver-component.js:10770)
	at &lt;anonymous class&gt;.FirefoxDriver.prototype.findElement(file:///tmp/anonymous2779453413399423835webdriver-profile/extensions/fxdriver@googlecode.com/components/driver-component.js:10779)
	at &lt;anonymous class&gt;.DelayedCommand.prototype.executeInternal_/h(file:///tmp/anonymous2779453413399423835webdriver-profile/extensions/fxdriver@googlecode.com/components/command-processor.js:12661)
	at &lt;anonymous class&gt;.DelayedCommand.prototype.executeInternal_(file:///tmp/anonymous2779453413399423835webdriver-profile/extensions/fxdriver@googlecode.com/components/command-processor.js:12666)
	at &lt;anonymous class&gt;.DelayedCommand.prototype.execute/&lt;(file:///tmp/anonymous2779453413399423835webdriver-profile/extensions/fxdriver@googlecode.com/components/command-processor.js:12608)
</error>
  </testcase>
  <testcase classname="br.com.ricardotulio.mikrotikadmin.CadastraClientesTest" name="testaSeCadastraCliente[16]" time="0.099">
    <error message="Unable to locate element: {&quot;method&quot;:&quot;name&quot;,&quot;selector&quot;:&quot;nome&quot;}
Command duration or timeout: 8 milliseconds
For documentation on this error, please visit: http://seleniumhq.org/exceptions/no_such_element.html
Build info: version: &apos;2.53.1&apos;, revision: &apos;a36b8b1cd5757287168e54b817830adce9b0158d&apos;, time: &apos;2016-06-30 19:26:09&apos;
System info: host: &apos;debian&apos;, ip: &apos;127.0.1.1&apos;, os.name: &apos;Linux&apos;, os.arch: &apos;amd64&apos;, os.version: &apos;3.16.0-4-amd64&apos;, java.version: &apos;1.8.0_51&apos;
Driver info: org.openqa.selenium.firefox.FirefoxDriver
Capabilities [{applicationCacheEnabled=true, rotatable=false, handlesAlerts=true, databaseEnabled=true, version=47.0.1, platform=LINUX, nativeEvents=false, acceptSslCerts=true, webStorageEnabled=true, locationContextEnabled=true, browserName=firefox, takesScreenshot=true, javascriptEnabled=true, cssSelectorsEnabled=true}]
Session ID: fd59750a-6cd2-45cd-a523-1e3c2ee77287
*** Element info: {Using=name, value=nome}" type="org.openqa.selenium.NoSuchElementException">org.openqa.selenium.NoSuchElementException: Unable to locate element: {&quot;method&quot;:&quot;name&quot;,&quot;selector&quot;:&quot;nome&quot;}
Command duration or timeout: 8 milliseconds
For documentation on this error, please visit: http://seleniumhq.org/exceptions/no_such_element.html
Build info: version: &apos;2.53.1&apos;, revision: &apos;a36b8b1cd5757287168e54b817830adce9b0158d&apos;, time: &apos;2016-06-30 19:26:09&apos;
System info: host: &apos;debian&apos;, ip: &apos;127.0.1.1&apos;, os.name: &apos;Linux&apos;, os.arch: &apos;amd64&apos;, os.version: &apos;3.16.0-4-amd64&apos;, java.version: &apos;1.8.0_51&apos;
Driver info: org.openqa.selenium.firefox.FirefoxDriver
Capabilities [{applicationCacheEnabled=true, rotatable=false, handlesAlerts=true, databaseEnabled=true, version=47.0.1, platform=LINUX, nativeEvents=false, acceptSslCerts=true, webStorageEnabled=true, locationContextEnabled=true, browserName=firefox, takesScreenshot=true, javascriptEnabled=true, cssSelectorsEnabled=true}]
Session ID: fd59750a-6cd2-45cd-a523-1e3c2ee77287
*** Element info: {Using=name, value=nome}
	at sun.reflect.GeneratedConstructorAccessor11.newInstance(Unknown Source)
	at sun.reflect.DelegatingConstructorAccessorImpl.newInstance(DelegatingConstructorAccessorImpl.java:45)
	at java.lang.reflect.Constructor.newInstance(Constructor.java:422)
	at org.openqa.selenium.remote.ErrorHandler.createThrowable(ErrorHandler.java:206)
	at org.openqa.selenium.remote.ErrorHandler.throwIfResponseFailed(ErrorHandler.java:158)
	at org.openqa.selenium.remote.RemoteWebDriver.execute(RemoteWebDriver.java:678)
	at org.openqa.selenium.remote.RemoteWebDriver.findElement(RemoteWebDriver.java:363)
	at org.openqa.selenium.remote.RemoteWebDriver.findElementByName(RemoteWebDriver.java:461)
	at org.openqa.selenium.By$ByName.findElement(By.java:303)
	at org.openqa.selenium.remote.RemoteWebDriver.findElement(RemoteWebDriver.java:355)
	at br.com.ricardotulio.mikrotikadmin.CadastraClientesTest.testaSeCadastraCliente(CadastraClientesTest.java:129)
	at sun.reflect.GeneratedMethodAccessor10.invoke(Unknown Source)
	at sun.reflect.DelegatingMethodAccessorImpl.invoke(DelegatingMethodAccessorImpl.java:43)
	at java.lang.reflect.Method.invoke(Method.java:497)
	at org.junit.runners.model.FrameworkMethod$1.runReflectiveCall(FrameworkMethod.java:50)
	at org.junit.internal.runners.model.ReflectiveCallable.run(ReflectiveCallable.java:12)
	at org.junit.runners.model.FrameworkMethod.invokeExplosively(FrameworkMethod.java:47)
	at org.junit.internal.runners.statements.InvokeMethod.evaluate(InvokeMethod.java:17)
	at org.junit.internal.runners.statements.RunAfters.evaluate(RunAfters.java:27)
	at org.junit.rules.TestWatcher$1.evaluate(TestWatcher.java:55)
	at org.junit.rules.RunRules.evaluate(RunRules.java:20)
	at org.junit.runners.ParentRunner.runLeaf(ParentRunner.java:325)
	at org.junit.runners.BlockJUnit4ClassRunner.runChild(BlockJUnit4ClassRunner.java:78)
	at org.junit.runners.BlockJUnit4ClassRunner.runChild(BlockJUnit4ClassRunner.java:57)
	at org.junit.runners.ParentRunner$3.run(ParentRunner.java:290)
	at org.junit.runners.ParentRunner$1.schedule(ParentRunner.java:71)
	at org.junit.runners.ParentRunner.runChildren(ParentRunner.java:288)
	at org.junit.runners.ParentRunner.access$000(ParentRunner.java:58)
	at org.junit.runners.ParentRunner$2.evaluate(ParentRunner.java:268)
	at org.junit.runners.ParentRunner.run(ParentRunner.java:363)
	at org.junit.runners.Suite.runChild(Suite.java:128)
	at org.junit.runners.Suite.runChild(Suite.java:27)
	at org.junit.runners.ParentRunner$3.run(ParentRunner.java:290)
	at org.junit.runners.ParentRunner$1.schedule(ParentRunner.java:71)
	at org.junit.runners.ParentRunner.runChildren(ParentRunner.java:288)
	at org.junit.runners.ParentRunner.access$000(ParentRunner.java:58)
	at org.junit.runners.ParentRunner$2.evaluate(ParentRunner.java:268)
	at org.junit.internal.runners.statements.RunBefores.evaluate(RunBefores.java:26)
	at org.junit.internal.runners.statements.RunAfters.evaluate(RunAfters.java:27)
	at org.junit.runners.ParentRunner.run(ParentRunner.java:363)
	at org.apache.maven.surefire.junit4.JUnit4TestSet.execute(JUnit4TestSet.java:53)
	at org.apache.maven.surefire.junit4.JUnit4Provider.executeTestSet(JUnit4Provider.java:123)
	at org.apache.maven.surefire.junit4.JUnit4Provider.invoke(JUnit4Provider.java:104)
	at sun.reflect.NativeMethodAccessorImpl.invoke0(Native Method)
	at sun.reflect.NativeMethodAccessorImpl.invoke(NativeMethodAccessorImpl.java:62)
	at sun.reflect.DelegatingMethodAccessorImpl.invoke(DelegatingMethodAccessorImpl.java:43)
	at java.lang.reflect.Method.invoke(Method.java:497)
	at org.apache.maven.surefire.util.ReflectionUtils.invokeMethodWithArray(ReflectionUtils.java:164)
	at org.apache.maven.surefire.booter.ProviderFactory$ProviderProxy.invoke(ProviderFactory.java:110)
	at org.apache.maven.surefire.booter.SurefireStarter.invokeProvider(SurefireStarter.java:175)
	at org.apache.maven.surefire.booter.SurefireStarter.runSuitesInProcessWhenForked(SurefireStarter.java:107)
	at org.apache.maven.surefire.booter.ForkedBooter.main(ForkedBooter.java:68)
Caused by: org.openqa.selenium.NoSuchElementException: Unable to locate element: {&quot;method&quot;:&quot;name&quot;,&quot;selector&quot;:&quot;nome&quot;}
For documentation on this error, please visit: http://seleniumhq.org/exceptions/no_such_element.html
Build info: version: &apos;2.53.1&apos;, revision: &apos;a36b8b1cd5757287168e54b817830adce9b0158d&apos;, time: &apos;2016-06-30 19:26:09&apos;
System info: host: &apos;debian&apos;, ip: &apos;127.0.1.1&apos;, os.name: &apos;Linux&apos;, os.arch: &apos;amd64&apos;, os.version: &apos;3.16.0-4-amd64&apos;, java.version: &apos;1.8.0_51&apos;
Driver info: driver.version: unknown
	at &lt;anonymous class&gt;.FirefoxDriver.prototype.findElementInternal_(file:///tmp/anonymous2779453413399423835webdriver-profile/extensions/fxdriver@googlecode.com/components/driver-component.js:10770)
	at &lt;anonymous class&gt;.FirefoxDriver.prototype.findElement(file:///tmp/anonymous2779453413399423835webdriver-profile/extensions/fxdriver@googlecode.com/components/driver-component.js:10779)
	at &lt;anonymous class&gt;.DelayedCommand.prototype.executeInternal_/h(file:///tmp/anonymous2779453413399423835webdriver-profile/extensions/fxdriver@googlecode.com/components/command-processor.js:12661)
	at &lt;anonymous class&gt;.DelayedCommand.prototype.executeInternal_(file:///tmp/anonymous2779453413399423835webdriver-profile/extensions/fxdriver@googlecode.com/components/command-processor.js:12666)
	at &lt;anonymous class&gt;.DelayedCommand.prototype.execute/&lt;(file:///tmp/anonymous2779453413399423835webdriver-profile/extensions/fxdriver@googlecode.com/components/command-processor.js:12608)
</error>
  </testcase>
  <testcase classname="br.com.ricardotulio.mikrotikadmin.CadastraClientesTest" name="testaSeCadastraCliente[17]" time="0.101">
    <error message="Unable to locate element: {&quot;method&quot;:&quot;name&quot;,&quot;selector&quot;:&quot;nome&quot;}
Command duration or timeout: 12 milliseconds
For documentation on this error, please visit: http://seleniumhq.org/exceptions/no_such_element.html
Build info: version: &apos;2.53.1&apos;, revision: &apos;a36b8b1cd5757287168e54b817830adce9b0158d&apos;, time: &apos;2016-06-30 19:26:09&apos;
System info: host: &apos;debian&apos;, ip: &apos;127.0.1.1&apos;, os.name: &apos;Linux&apos;, os.arch: &apos;amd64&apos;, os.version: &apos;3.16.0-4-amd64&apos;, java.version: &apos;1.8.0_51&apos;
Driver info: org.openqa.selenium.firefox.FirefoxDriver
Capabilities [{applicationCacheEnabled=true, rotatable=false, handlesAlerts=true, databaseEnabled=true, version=47.0.1, platform=LINUX, nativeEvents=false, acceptSslCerts=true, webStorageEnabled=true, locationContextEnabled=true, browserName=firefox, takesScreenshot=true, javascriptEnabled=true, cssSelectorsEnabled=true}]
Session ID: fd59750a-6cd2-45cd-a523-1e3c2ee77287
*** Element info: {Using=name, value=nome}" type="org.openqa.selenium.NoSuchElementException">org.openqa.selenium.NoSuchElementException: Unable to locate element: {&quot;method&quot;:&quot;name&quot;,&quot;selector&quot;:&quot;nome&quot;}
Command duration or timeout: 12 milliseconds
For documentation on this error, please visit: http://seleniumhq.org/exceptions/no_such_element.html
Build info: version: &apos;2.53.1&apos;, revision: &apos;a36b8b1cd5757287168e54b817830adce9b0158d&apos;, time: &apos;2016-06-30 19:26:09&apos;
System info: host: &apos;debian&apos;, ip: &apos;127.0.1.1&apos;, os.name: &apos;Linux&apos;, os.arch: &apos;amd64&apos;, os.version: &apos;3.16.0-4-amd64&apos;, java.version: &apos;1.8.0_51&apos;
Driver info: org.openqa.selenium.firefox.FirefoxDriver
Capabilities [{applicationCacheEnabled=true, rotatable=false, handlesAlerts=true, databaseEnabled=true, version=47.0.1, platform=LINUX, nativeEvents=false, acceptSslCerts=true, webStorageEnabled=true, locationContextEnabled=true, browserName=firefox, takesScreenshot=true, javascriptEnabled=true, cssSelectorsEnabled=true}]
Session ID: fd59750a-6cd2-45cd-a523-1e3c2ee77287
*** Element info: {Using=name, value=nome}
	at sun.reflect.GeneratedConstructorAccessor11.newInstance(Unknown Source)
	at sun.reflect.DelegatingConstructorAccessorImpl.newInstance(DelegatingConstructorAccessorImpl.java:45)
	at java.lang.reflect.Constructor.newInstance(Constructor.java:422)
	at org.openqa.selenium.remote.ErrorHandler.createThrowable(ErrorHandler.java:206)
	at org.openqa.selenium.remote.ErrorHandler.throwIfResponseFailed(ErrorHandler.java:158)
	at org.openqa.selenium.remote.RemoteWebDriver.execute(RemoteWebDriver.java:678)
	at org.openqa.selenium.remote.RemoteWebDriver.findElement(RemoteWebDriver.java:363)
	at org.openqa.selenium.remote.RemoteWebDriver.findElementByName(RemoteWebDriver.java:461)
	at org.openqa.selenium.By$ByName.findElement(By.java:303)
	at org.openqa.selenium.remote.RemoteWebDriver.findElement(RemoteWebDriver.java:355)
	at br.com.ricardotulio.mikrotikadmin.CadastraClientesTest.testaSeCadastraCliente(CadastraClientesTest.java:129)
	at sun.reflect.GeneratedMethodAccessor10.invoke(Unknown Source)
	at sun.reflect.DelegatingMethodAccessorImpl.invoke(DelegatingMethodAccessorImpl.java:43)
	at java.lang.reflect.Method.invoke(Method.java:497)
	at org.junit.runners.model.FrameworkMethod$1.runReflectiveCall(FrameworkMethod.java:50)
	at org.junit.internal.runners.model.ReflectiveCallable.run(ReflectiveCallable.java:12)
	at org.junit.runners.model.FrameworkMethod.invokeExplosively(FrameworkMethod.java:47)
	at org.junit.internal.runners.statements.InvokeMethod.evaluate(InvokeMethod.java:17)
	at org.junit.internal.runners.statements.RunAfters.evaluate(RunAfters.java:27)
	at org.junit.rules.TestWatcher$1.evaluate(TestWatcher.java:55)
	at org.junit.rules.RunRules.evaluate(RunRules.java:20)
	at org.junit.runners.ParentRunner.runLeaf(ParentRunner.java:325)
	at org.junit.runners.BlockJUnit4ClassRunner.runChild(BlockJUnit4ClassRunner.java:78)
	at org.junit.runners.BlockJUnit4ClassRunner.runChild(BlockJUnit4ClassRunner.java:57)
	at org.junit.runners.ParentRunner$3.run(ParentRunner.java:290)
	at org.junit.runners.ParentRunner$1.schedule(ParentRunner.java:71)
	at org.junit.runners.ParentRunner.runChildren(ParentRunner.java:288)
	at org.junit.runners.ParentRunner.access$000(ParentRunner.java:58)
	at org.junit.runners.ParentRunner$2.evaluate(ParentRunner.java:268)
	at org.junit.runners.ParentRunner.run(ParentRunner.java:363)
	at org.junit.runners.Suite.runChild(Suite.java:128)
	at org.junit.runners.Suite.runChild(Suite.java:27)
	at org.junit.runners.ParentRunner$3.run(ParentRunner.java:290)
	at org.junit.runners.ParentRunner$1.schedule(ParentRunner.java:71)
	at org.junit.runners.ParentRunner.runChildren(ParentRunner.java:288)
	at org.junit.runners.ParentRunner.access$000(ParentRunner.java:58)
	at org.junit.runners.ParentRunner$2.evaluate(ParentRunner.java:268)
	at org.junit.internal.runners.statements.RunBefores.evaluate(RunBefores.java:26)
	at org.junit.internal.runners.statements.RunAfters.evaluate(RunAfters.java:27)
	at org.junit.runners.ParentRunner.run(ParentRunner.java:363)
	at org.apache.maven.surefire.junit4.JUnit4TestSet.execute(JUnit4TestSet.java:53)
	at org.apache.maven.surefire.junit4.JUnit4Provider.executeTestSet(JUnit4Provider.java:123)
	at org.apache.maven.surefire.junit4.JUnit4Provider.invoke(JUnit4Provider.java:104)
	at sun.reflect.NativeMethodAccessorImpl.invoke0(Native Method)
	at sun.reflect.NativeMethodAccessorImpl.invoke(NativeMethodAccessorImpl.java:62)
	at sun.reflect.DelegatingMethodAccessorImpl.invoke(DelegatingMethodAccessorImpl.java:43)
	at java.lang.reflect.Method.invoke(Method.java:497)
	at org.apache.maven.surefire.util.ReflectionUtils.invokeMethodWithArray(ReflectionUtils.java:164)
	at org.apache.maven.surefire.booter.ProviderFactory$ProviderProxy.invoke(ProviderFactory.java:110)
	at org.apache.maven.surefire.booter.SurefireStarter.invokeProvider(SurefireStarter.java:175)
	at org.apache.maven.surefire.booter.SurefireStarter.runSuitesInProcessWhenForked(SurefireStarter.java:107)
	at org.apache.maven.surefire.booter.ForkedBooter.main(ForkedBooter.java:68)
Caused by: org.openqa.selenium.NoSuchElementException: Unable to locate element: {&quot;method&quot;:&quot;name&quot;,&quot;selector&quot;:&quot;nome&quot;}
For documentation on this error, please visit: http://seleniumhq.org/exceptions/no_such_element.html
Build info: version: &apos;2.53.1&apos;, revision: &apos;a36b8b1cd5757287168e54b817830adce9b0158d&apos;, time: &apos;2016-06-30 19:26:09&apos;
System info: host: &apos;debian&apos;, ip: &apos;127.0.1.1&apos;, os.name: &apos;Linux&apos;, os.arch: &apos;amd64&apos;, os.version: &apos;3.16.0-4-amd64&apos;, java.version: &apos;1.8.0_51&apos;
Driver info: driver.version: unknown
	at &lt;anonymous class&gt;.FirefoxDriver.prototype.findElementInternal_(file:///tmp/anonymous2779453413399423835webdriver-profile/extensions/fxdriver@googlecode.com/components/driver-component.js:10770)
	at &lt;anonymous class&gt;.FirefoxDriver.prototype.findElement(file:///tmp/anonymous2779453413399423835webdriver-profile/extensions/fxdriver@googlecode.com/components/driver-component.js:10779)
	at &lt;anonymous class&gt;.DelayedCommand.prototype.executeInternal_/h(file:///tmp/anonymous2779453413399423835webdriver-profile/extensions/fxdriver@googlecode.com/components/command-processor.js:12661)
	at &lt;anonymous class&gt;.DelayedCommand.prototype.executeInternal_(file:///tmp/anonymous2779453413399423835webdriver-profile/extensions/fxdriver@googlecode.com/components/command-processor.js:12666)
	at &lt;anonymous class&gt;.DelayedCommand.prototype.execute/&lt;(file:///tmp/anonymous2779453413399423835webdriver-profile/extensions/fxdriver@googlecode.com/components/command-processor.js:12608)
</error>
  </testcase>
  <testcase classname="br.com.ricardotulio.mikrotikadmin.CadastraClientesTest" name="testaSeCadastraCliente[18]" time="0.095">
    <error message="Unable to locate element: {&quot;method&quot;:&quot;name&quot;,&quot;selector&quot;:&quot;nome&quot;}
Command duration or timeout: 8 milliseconds
For documentation on this error, please visit: http://seleniumhq.org/exceptions/no_such_element.html
Build info: version: &apos;2.53.1&apos;, revision: &apos;a36b8b1cd5757287168e54b817830adce9b0158d&apos;, time: &apos;2016-06-30 19:26:09&apos;
System info: host: &apos;debian&apos;, ip: &apos;127.0.1.1&apos;, os.name: &apos;Linux&apos;, os.arch: &apos;amd64&apos;, os.version: &apos;3.16.0-4-amd64&apos;, java.version: &apos;1.8.0_51&apos;
Driver info: org.openqa.selenium.firefox.FirefoxDriver
Capabilities [{applicationCacheEnabled=true, rotatable=false, handlesAlerts=true, databaseEnabled=true, version=47.0.1, platform=LINUX, nativeEvents=false, acceptSslCerts=true, webStorageEnabled=true, locationContextEnabled=true, browserName=firefox, takesScreenshot=true, javascriptEnabled=true, cssSelectorsEnabled=true}]
Session ID: fd59750a-6cd2-45cd-a523-1e3c2ee77287
*** Element info: {Using=name, value=nome}" type="org.openqa.selenium.NoSuchElementException">org.openqa.selenium.NoSuchElementException: Unable to locate element: {&quot;method&quot;:&quot;name&quot;,&quot;selector&quot;:&quot;nome&quot;}
Command duration or timeout: 8 milliseconds
For documentation on this error, please visit: http://seleniumhq.org/exceptions/no_such_element.html
Build info: version: &apos;2.53.1&apos;, revision: &apos;a36b8b1cd5757287168e54b817830adce9b0158d&apos;, time: &apos;2016-06-30 19:26:09&apos;
System info: host: &apos;debian&apos;, ip: &apos;127.0.1.1&apos;, os.name: &apos;Linux&apos;, os.arch: &apos;amd64&apos;, os.version: &apos;3.16.0-4-amd64&apos;, java.version: &apos;1.8.0_51&apos;
Driver info: org.openqa.selenium.firefox.FirefoxDriver
Capabilities [{applicationCacheEnabled=true, rotatable=false, handlesAlerts=true, databaseEnabled=true, version=47.0.1, platform=LINUX, nativeEvents=false, acceptSslCerts=true, webStorageEnabled=true, locationContextEnabled=true, browserName=firefox, takesScreenshot=true, javascriptEnabled=true, cssSelectorsEnabled=true}]
Session ID: fd59750a-6cd2-45cd-a523-1e3c2ee77287
*** Element info: {Using=name, value=nome}
	at sun.reflect.GeneratedConstructorAccessor11.newInstance(Unknown Source)
	at sun.reflect.DelegatingConstructorAccessorImpl.newInstance(DelegatingConstructorAccessorImpl.java:45)
	at java.lang.reflect.Constructor.newInstance(Constructor.java:422)
	at org.openqa.selenium.remote.ErrorHandler.createThrowable(ErrorHandler.java:206)
	at org.openqa.selenium.remote.ErrorHandler.throwIfResponseFailed(ErrorHandler.java:158)
	at org.openqa.selenium.remote.RemoteWebDriver.execute(RemoteWebDriver.java:678)
	at org.openqa.selenium.remote.RemoteWebDriver.findElement(RemoteWebDriver.java:363)
	at org.openqa.selenium.remote.RemoteWebDriver.findElementByName(RemoteWebDriver.java:461)
	at org.openqa.selenium.By$ByName.findElement(By.java:303)
	at org.openqa.selenium.remote.RemoteWebDriver.findElement(RemoteWebDriver.java:355)
	at br.com.ricardotulio.mikrotikadmin.CadastraClientesTest.testaSeCadastraCliente(CadastraClientesTest.java:129)
	at sun.reflect.GeneratedMethodAccessor10.invoke(Unknown Source)
	at sun.reflect.DelegatingMethodAccessorImpl.invoke(DelegatingMethodAccessorImpl.java:43)
	at java.lang.reflect.Method.invoke(Method.java:497)
	at org.junit.runners.model.FrameworkMethod$1.runReflectiveCall(FrameworkMethod.java:50)
	at org.junit.internal.runners.model.ReflectiveCallable.run(ReflectiveCallable.java:12)
	at org.junit.runners.model.FrameworkMethod.invokeExplosively(FrameworkMethod.java:47)
	at org.junit.internal.runners.statements.InvokeMethod.evaluate(InvokeMethod.java:17)
	at org.junit.internal.runners.statements.RunAfters.evaluate(RunAfters.java:27)
	at org.junit.rules.TestWatcher$1.evaluate(TestWatcher.java:55)
	at org.junit.rules.RunRules.evaluate(RunRules.java:20)
	at org.junit.runners.ParentRunner.runLeaf(ParentRunner.java:325)
	at org.junit.runners.BlockJUnit4ClassRunner.runChild(BlockJUnit4ClassRunner.java:78)
	at org.junit.runners.BlockJUnit4ClassRunner.runChild(BlockJUnit4ClassRunner.java:57)
	at org.junit.runners.ParentRunner$3.run(ParentRunner.java:290)
	at org.junit.runners.ParentRunner$1.schedule(ParentRunner.java:71)
	at org.junit.runners.ParentRunner.runChildren(ParentRunner.java:288)
	at org.junit.runners.ParentRunner.access$000(ParentRunner.java:58)
	at org.junit.runners.ParentRunner$2.evaluate(ParentRunner.java:268)
	at org.junit.runners.ParentRunner.run(ParentRunner.java:363)
	at org.junit.runners.Suite.runChild(Suite.java:128)
	at org.junit.runners.Suite.runChild(Suite.java:27)
	at org.junit.runners.ParentRunner$3.run(ParentRunner.java:290)
	at org.junit.runners.ParentRunner$1.schedule(ParentRunner.java:71)
	at org.junit.runners.ParentRunner.runChildren(ParentRunner.java:288)
	at org.junit.runners.ParentRunner.access$000(ParentRunner.java:58)
	at org.junit.runners.ParentRunner$2.evaluate(ParentRunner.java:268)
	at org.junit.internal.runners.statements.RunBefores.evaluate(RunBefores.java:26)
	at org.junit.internal.runners.statements.RunAfters.evaluate(RunAfters.java:27)
	at org.junit.runners.ParentRunner.run(ParentRunner.java:363)
	at org.apache.maven.surefire.junit4.JUnit4TestSet.execute(JUnit4TestSet.java:53)
	at org.apache.maven.surefire.junit4.JUnit4Provider.executeTestSet(JUnit4Provider.java:123)
	at org.apache.maven.surefire.junit4.JUnit4Provider.invoke(JUnit4Provider.java:104)
	at sun.reflect.NativeMethodAccessorImpl.invoke0(Native Method)
	at sun.reflect.NativeMethodAccessorImpl.invoke(NativeMethodAccessorImpl.java:62)
	at sun.reflect.DelegatingMethodAccessorImpl.invoke(DelegatingMethodAccessorImpl.java:43)
	at java.lang.reflect.Method.invoke(Method.java:497)
	at org.apache.maven.surefire.util.ReflectionUtils.invokeMethodWithArray(ReflectionUtils.java:164)
	at org.apache.maven.surefire.booter.ProviderFactory$ProviderProxy.invoke(ProviderFactory.java:110)
	at org.apache.maven.surefire.booter.SurefireStarter.invokeProvider(SurefireStarter.java:175)
	at org.apache.maven.surefire.booter.SurefireStarter.runSuitesInProcessWhenForked(SurefireStarter.java:107)
	at org.apache.maven.surefire.booter.ForkedBooter.main(ForkedBooter.java:68)
Caused by: org.openqa.selenium.NoSuchElementException: Unable to locate element: {&quot;method&quot;:&quot;name&quot;,&quot;selector&quot;:&quot;nome&quot;}
For documentation on this error, please visit: http://seleniumhq.org/exceptions/no_such_element.html
Build info: version: &apos;2.53.1&apos;, revision: &apos;a36b8b1cd5757287168e54b817830adce9b0158d&apos;, time: &apos;2016-06-30 19:26:09&apos;
System info: host: &apos;debian&apos;, ip: &apos;127.0.1.1&apos;, os.name: &apos;Linux&apos;, os.arch: &apos;amd64&apos;, os.version: &apos;3.16.0-4-amd64&apos;, java.version: &apos;1.8.0_51&apos;
Driver info: driver.version: unknown
	at &lt;anonymous class&gt;.FirefoxDriver.prototype.findElementInternal_(file:///tmp/anonymous2779453413399423835webdriver-profile/extensions/fxdriver@googlecode.com/components/driver-component.js:10770)
	at &lt;anonymous class&gt;.FirefoxDriver.prototype.findElement(file:///tmp/anonymous2779453413399423835webdriver-profile/extensions/fxdriver@googlecode.com/components/driver-component.js:10779)
	at &lt;anonymous class&gt;.DelayedCommand.prototype.executeInternal_/h(file:///tmp/anonymous2779453413399423835webdriver-profile/extensions/fxdriver@googlecode.com/components/command-processor.js:12661)
	at &lt;anonymous class&gt;.DelayedCommand.prototype.executeInternal_(file:///tmp/anonymous2779453413399423835webdriver-profile/extensions/fxdriver@googlecode.com/components/command-processor.js:12666)
	at &lt;anonymous class&gt;.DelayedCommand.prototype.execute/&lt;(file:///tmp/anonymous2779453413399423835webdriver-profile/extensions/fxdriver@googlecode.com/components/command-processor.js:12608)
</error>
  </testcase>
  <testcase classname="br.com.ricardotulio.mikrotikadmin.CadastraClientesTest" name="testaSeCadastraCliente[19]" time="0.106">
    <error message="Unable to locate element: {&quot;method&quot;:&quot;name&quot;,&quot;selector&quot;:&quot;nome&quot;}
Command duration or timeout: 11 milliseconds
For documentation on this error, please visit: http://seleniumhq.org/exceptions/no_such_element.html
Build info: version: &apos;2.53.1&apos;, revision: &apos;a36b8b1cd5757287168e54b817830adce9b0158d&apos;, time: &apos;2016-06-30 19:26:09&apos;
System info: host: &apos;debian&apos;, ip: &apos;127.0.1.1&apos;, os.name: &apos;Linux&apos;, os.arch: &apos;amd64&apos;, os.version: &apos;3.16.0-4-amd64&apos;, java.version: &apos;1.8.0_51&apos;
Driver info: org.openqa.selenium.firefox.FirefoxDriver
Capabilities [{applicationCacheEnabled=true, rotatable=false, handlesAlerts=true, databaseEnabled=true, version=47.0.1, platform=LINUX, nativeEvents=false, acceptSslCerts=true, webStorageEnabled=true, locationContextEnabled=true, browserName=firefox, takesScreenshot=true, javascriptEnabled=true, cssSelectorsEnabled=true}]
Session ID: fd59750a-6cd2-45cd-a523-1e3c2ee77287
*** Element info: {Using=name, value=nome}" type="org.openqa.selenium.NoSuchElementException">org.openqa.selenium.NoSuchElementException: Unable to locate element: {&quot;method&quot;:&quot;name&quot;,&quot;selector&quot;:&quot;nome&quot;}
Command duration or timeout: 11 milliseconds
For documentation on this error, please visit: http://seleniumhq.org/exceptions/no_such_element.html
Build info: version: &apos;2.53.1&apos;, revision: &apos;a36b8b1cd5757287168e54b817830adce9b0158d&apos;, time: &apos;2016-06-30 19:26:09&apos;
System info: host: &apos;debian&apos;, ip: &apos;127.0.1.1&apos;, os.name: &apos;Linux&apos;, os.arch: &apos;amd64&apos;, os.version: &apos;3.16.0-4-amd64&apos;, java.version: &apos;1.8.0_51&apos;
Driver info: org.openqa.selenium.firefox.FirefoxDriver
Capabilities [{applicationCacheEnabled=true, rotatable=false, handlesAlerts=true, databaseEnabled=true, version=47.0.1, platform=LINUX, nativeEvents=false, acceptSslCerts=true, webStorageEnabled=true, locationContextEnabled=true, browserName=firefox, takesScreenshot=true, javascriptEnabled=true, cssSelectorsEnabled=true}]
Session ID: fd59750a-6cd2-45cd-a523-1e3c2ee77287
*** Element info: {Using=name, value=nome}
	at sun.reflect.GeneratedConstructorAccessor11.newInstance(Unknown Source)
	at sun.reflect.DelegatingConstructorAccessorImpl.newInstance(DelegatingConstructorAccessorImpl.java:45)
	at java.lang.reflect.Constructor.newInstance(Constructor.java:422)
	at org.openqa.selenium.remote.ErrorHandler.createThrowable(ErrorHandler.java:206)
	at org.openqa.selenium.remote.ErrorHandler.throwIfResponseFailed(ErrorHandler.java:158)
	at org.openqa.selenium.remote.RemoteWebDriver.execute(RemoteWebDriver.java:678)
	at org.openqa.selenium.remote.RemoteWebDriver.findElement(RemoteWebDriver.java:363)
	at org.openqa.selenium.remote.RemoteWebDriver.findElementByName(RemoteWebDriver.java:461)
	at org.openqa.selenium.By$ByName.findElement(By.java:303)
	at org.openqa.selenium.remote.RemoteWebDriver.findElement(RemoteWebDriver.java:355)
	at br.com.ricardotulio.mikrotikadmin.CadastraClientesTest.testaSeCadastraCliente(CadastraClientesTest.java:129)
	at sun.reflect.GeneratedMethodAccessor10.invoke(Unknown Source)
	at sun.reflect.DelegatingMethodAccessorImpl.invoke(DelegatingMethodAccessorImpl.java:43)
	at java.lang.reflect.Method.invoke(Method.java:497)
	at org.junit.runners.model.FrameworkMethod$1.runReflectiveCall(FrameworkMethod.java:50)
	at org.junit.internal.runners.model.ReflectiveCallable.run(ReflectiveCallable.java:12)
	at org.junit.runners.model.FrameworkMethod.invokeExplosively(FrameworkMethod.java:47)
	at org.junit.internal.runners.statements.InvokeMethod.evaluate(InvokeMethod.java:17)
	at org.junit.internal.runners.statements.RunAfters.evaluate(RunAfters.java:27)
	at org.junit.rules.TestWatcher$1.evaluate(TestWatcher.java:55)
	at org.junit.rules.RunRules.evaluate(RunRules.java:20)
	at org.junit.runners.ParentRunner.runLeaf(ParentRunner.java:325)
	at org.junit.runners.BlockJUnit4ClassRunner.runChild(BlockJUnit4ClassRunner.java:78)
	at org.junit.runners.BlockJUnit4ClassRunner.runChild(BlockJUnit4ClassRunner.java:57)
	at org.junit.runners.ParentRunner$3.run(ParentRunner.java:290)
	at org.junit.runners.ParentRunner$1.schedule(ParentRunner.java:71)
	at org.junit.runners.ParentRunner.runChildren(ParentRunner.java:288)
	at org.junit.runners.ParentRunner.access$000(ParentRunner.java:58)
	at org.junit.runners.ParentRunner$2.evaluate(ParentRunner.java:268)
	at org.junit.runners.ParentRunner.run(ParentRunner.java:363)
	at org.junit.runners.Suite.runChild(Suite.java:128)
	at org.junit.runners.Suite.runChild(Suite.java:27)
	at org.junit.runners.ParentRunner$3.run(ParentRunner.java:290)
	at org.junit.runners.ParentRunner$1.schedule(ParentRunner.java:71)
	at org.junit.runners.ParentRunner.runChildren(ParentRunner.java:288)
	at org.junit.runners.ParentRunner.access$000(ParentRunner.java:58)
	at org.junit.runners.ParentRunner$2.evaluate(ParentRunner.java:268)
	at org.junit.internal.runners.statements.RunBefores.evaluate(RunBefores.java:26)
	at org.junit.internal.runners.statements.RunAfters.evaluate(RunAfters.java:27)
	at org.junit.runners.ParentRunner.run(ParentRunner.java:363)
	at org.apache.maven.surefire.junit4.JUnit4TestSet.execute(JUnit4TestSet.java:53)
	at org.apache.maven.surefire.junit4.JUnit4Provider.executeTestSet(JUnit4Provider.java:123)
	at org.apache.maven.surefire.junit4.JUnit4Provider.invoke(JUnit4Provider.java:104)
	at sun.reflect.NativeMethodAccessorImpl.invoke0(Native Method)
	at sun.reflect.NativeMethodAccessorImpl.invoke(NativeMethodAccessorImpl.java:62)
	at sun.reflect.DelegatingMethodAccessorImpl.invoke(DelegatingMethodAccessorImpl.java:43)
	at java.lang.reflect.Method.invoke(Method.java:497)
	at org.apache.maven.surefire.util.ReflectionUtils.invokeMethodWithArray(ReflectionUtils.java:164)
	at org.apache.maven.surefire.booter.ProviderFactory$ProviderProxy.invoke(ProviderFactory.java:110)
	at org.apache.maven.surefire.booter.SurefireStarter.invokeProvider(SurefireStarter.java:175)
	at org.apache.maven.surefire.booter.SurefireStarter.runSuitesInProcessWhenForked(SurefireStarter.java:107)
	at org.apache.maven.surefire.booter.ForkedBooter.main(ForkedBooter.java:68)
Caused by: org.openqa.selenium.NoSuchElementException: Unable to locate element: {&quot;method&quot;:&quot;name&quot;,&quot;selector&quot;:&quot;nome&quot;}
For documentation on this error, please visit: http://seleniumhq.org/exceptions/no_such_element.html
Build info: version: &apos;2.53.1&apos;, revision: &apos;a36b8b1cd5757287168e54b817830adce9b0158d&apos;, time: &apos;2016-06-30 19:26:09&apos;
System info: host: &apos;debian&apos;, ip: &apos;127.0.1.1&apos;, os.name: &apos;Linux&apos;, os.arch: &apos;amd64&apos;, os.version: &apos;3.16.0-4-amd64&apos;, java.version: &apos;1.8.0_51&apos;
Driver info: driver.version: unknown
	at &lt;anonymous class&gt;.FirefoxDriver.prototype.findElementInternal_(file:///tmp/anonymous2779453413399423835webdriver-profile/extensions/fxdriver@googlecode.com/components/driver-component.js:10770)
	at &lt;anonymous class&gt;.FirefoxDriver.prototype.findElement(file:///tmp/anonymous2779453413399423835webdriver-profile/extensions/fxdriver@googlecode.com/components/driver-component.js:10779)
	at &lt;anonymous class&gt;.DelayedCommand.prototype.executeInternal_/h(file:///tmp/anonymous2779453413399423835webdriver-profile/extensions/fxdriver@googlecode.com/components/command-processor.js:12661)
	at &lt;anonymous class&gt;.DelayedCommand.prototype.executeInternal_(file:///tmp/anonymous2779453413399423835webdriver-profile/extensions/fxdriver@googlecode.com/components/command-processor.js:12666)
	at &lt;anonymous class&gt;.DelayedCommand.prototype.execute/&lt;(file:///tmp/anonymous2779453413399423835webdriver-profile/extensions/fxdriver@googlecode.com/components/command-processor.js:12608)
</error>
  </testcase>
  <testcase classname="br.com.ricardotulio.mikrotikadmin.CadastraClientesTest" name="testaSeCadastraCliente[20]" time="0.104">
    <error message="Unable to locate element: {&quot;method&quot;:&quot;name&quot;,&quot;selector&quot;:&quot;nome&quot;}
Command duration or timeout: 8 milliseconds
For documentation on this error, please visit: http://seleniumhq.org/exceptions/no_such_element.html
Build info: version: &apos;2.53.1&apos;, revision: &apos;a36b8b1cd5757287168e54b817830adce9b0158d&apos;, time: &apos;2016-06-30 19:26:09&apos;
System info: host: &apos;debian&apos;, ip: &apos;127.0.1.1&apos;, os.name: &apos;Linux&apos;, os.arch: &apos;amd64&apos;, os.version: &apos;3.16.0-4-amd64&apos;, java.version: &apos;1.8.0_51&apos;
Driver info: org.openqa.selenium.firefox.FirefoxDriver
Capabilities [{applicationCacheEnabled=true, rotatable=false, handlesAlerts=true, databaseEnabled=true, version=47.0.1, platform=LINUX, nativeEvents=false, acceptSslCerts=true, webStorageEnabled=true, locationContextEnabled=true, browserName=firefox, takesScreenshot=true, javascriptEnabled=true, cssSelectorsEnabled=true}]
Session ID: fd59750a-6cd2-45cd-a523-1e3c2ee77287
*** Element info: {Using=name, value=nome}" type="org.openqa.selenium.NoSuchElementException">org.openqa.selenium.NoSuchElementException: Unable to locate element: {&quot;method&quot;:&quot;name&quot;,&quot;selector&quot;:&quot;nome&quot;}
Command duration or timeout: 8 milliseconds
For documentation on this error, please visit: http://seleniumhq.org/exceptions/no_such_element.html
Build info: version: &apos;2.53.1&apos;, revision: &apos;a36b8b1cd5757287168e54b817830adce9b0158d&apos;, time: &apos;2016-06-30 19:26:09&apos;
System info: host: &apos;debian&apos;, ip: &apos;127.0.1.1&apos;, os.name: &apos;Linux&apos;, os.arch: &apos;amd64&apos;, os.version: &apos;3.16.0-4-amd64&apos;, java.version: &apos;1.8.0_51&apos;
Driver info: org.openqa.selenium.firefox.FirefoxDriver
Capabilities [{applicationCacheEnabled=true, rotatable=false, handlesAlerts=true, databaseEnabled=true, version=47.0.1, platform=LINUX, nativeEvents=false, acceptSslCerts=true, webStorageEnabled=true, locationContextEnabled=true, browserName=firefox, takesScreenshot=true, javascriptEnabled=true, cssSelectorsEnabled=true}]
Session ID: fd59750a-6cd2-45cd-a523-1e3c2ee77287
*** Element info: {Using=name, value=nome}
	at sun.reflect.GeneratedConstructorAccessor11.newInstance(Unknown Source)
	at sun.reflect.DelegatingConstructorAccessorImpl.newInstance(DelegatingConstructorAccessorImpl.java:45)
	at java.lang.reflect.Constructor.newInstance(Constructor.java:422)
	at org.openqa.selenium.remote.ErrorHandler.createThrowable(ErrorHandler.java:206)
	at org.openqa.selenium.remote.ErrorHandler.throwIfResponseFailed(ErrorHandler.java:158)
	at org.openqa.selenium.remote.RemoteWebDriver.execute(RemoteWebDriver.java:678)
	at org.openqa.selenium.remote.RemoteWebDriver.findElement(RemoteWebDriver.java:363)
	at org.openqa.selenium.remote.RemoteWebDriver.findElementByName(RemoteWebDriver.java:461)
	at org.openqa.selenium.By$ByName.findElement(By.java:303)
	at org.openqa.selenium.remote.RemoteWebDriver.findElement(RemoteWebDriver.java:355)
	at br.com.ricardotulio.mikrotikadmin.CadastraClientesTest.testaSeCadastraCliente(CadastraClientesTest.java:129)
	at sun.reflect.GeneratedMethodAccessor10.invoke(Unknown Source)
	at sun.reflect.DelegatingMethodAccessorImpl.invoke(DelegatingMethodAccessorImpl.java:43)
	at java.lang.reflect.Method.invoke(Method.java:497)
	at org.junit.runners.model.FrameworkMethod$1.runReflectiveCall(FrameworkMethod.java:50)
	at org.junit.internal.runners.model.ReflectiveCallable.run(ReflectiveCallable.java:12)
	at org.junit.runners.model.FrameworkMethod.invokeExplosively(FrameworkMethod.java:47)
	at org.junit.internal.runners.statements.InvokeMethod.evaluate(InvokeMethod.java:17)
	at org.junit.internal.runners.statements.RunAfters.evaluate(RunAfters.java:27)
	at org.junit.rules.TestWatcher$1.evaluate(TestWatcher.java:55)
	at org.junit.rules.RunRules.evaluate(RunRules.java:20)
	at org.junit.runners.ParentRunner.runLeaf(ParentRunner.java:325)
	at org.junit.runners.BlockJUnit4ClassRunner.runChild(BlockJUnit4ClassRunner.java:78)
	at org.junit.runners.BlockJUnit4ClassRunner.runChild(BlockJUnit4ClassRunner.java:57)
	at org.junit.runners.ParentRunner$3.run(ParentRunner.java:290)
	at org.junit.runners.ParentRunner$1.schedule(ParentRunner.java:71)
	at org.junit.runners.ParentRunner.runChildren(ParentRunner.java:288)
	at org.junit.runners.ParentRunner.access$000(ParentRunner.java:58)
	at org.junit.runners.ParentRunner$2.evaluate(ParentRunner.java:268)
	at org.junit.runners.ParentRunner.run(ParentRunner.java:363)
	at org.junit.runners.Suite.runChild(Suite.java:128)
	at org.junit.runners.Suite.runChild(Suite.java:27)
	at org.junit.runners.ParentRunner$3.run(ParentRunner.java:290)
	at org.junit.runners.ParentRunner$1.schedule(ParentRunner.java:71)
	at org.junit.runners.ParentRunner.runChildren(ParentRunner.java:288)
	at org.junit.runners.ParentRunner.access$000(ParentRunner.java:58)
	at org.junit.runners.ParentRunner$2.evaluate(ParentRunner.java:268)
	at org.junit.internal.runners.statements.RunBefores.evaluate(RunBefores.java:26)
	at org.junit.internal.runners.statements.RunAfters.evaluate(RunAfters.java:27)
	at org.junit.runners.ParentRunner.run(ParentRunner.java:363)
	at org.apache.maven.surefire.junit4.JUnit4TestSet.execute(JUnit4TestSet.java:53)
	at org.apache.maven.surefire.junit4.JUnit4Provider.executeTestSet(JUnit4Provider.java:123)
	at org.apache.maven.surefire.junit4.JUnit4Provider.invoke(JUnit4Provider.java:104)
	at sun.reflect.NativeMethodAccessorImpl.invoke0(Native Method)
	at sun.reflect.NativeMethodAccessorImpl.invoke(NativeMethodAccessorImpl.java:62)
	at sun.reflect.DelegatingMethodAccessorImpl.invoke(DelegatingMethodAccessorImpl.java:43)
	at java.lang.reflect.Method.invoke(Method.java:497)
	at org.apache.maven.surefire.util.ReflectionUtils.invokeMethodWithArray(ReflectionUtils.java:164)
	at org.apache.maven.surefire.booter.ProviderFactory$ProviderProxy.invoke(ProviderFactory.java:110)
	at org.apache.maven.surefire.booter.SurefireStarter.invokeProvider(SurefireStarter.java:175)
	at org.apache.maven.surefire.booter.SurefireStarter.runSuitesInProcessWhenForked(SurefireStarter.java:107)
	at org.apache.maven.surefire.booter.ForkedBooter.main(ForkedBooter.java:68)
Caused by: org.openqa.selenium.NoSuchElementException: Unable to locate element: {&quot;method&quot;:&quot;name&quot;,&quot;selector&quot;:&quot;nome&quot;}
For documentation on this error, please visit: http://seleniumhq.org/exceptions/no_such_element.html
Build info: version: &apos;2.53.1&apos;, revision: &apos;a36b8b1cd5757287168e54b817830adce9b0158d&apos;, time: &apos;2016-06-30 19:26:09&apos;
System info: host: &apos;debian&apos;, ip: &apos;127.0.1.1&apos;, os.name: &apos;Linux&apos;, os.arch: &apos;amd64&apos;, os.version: &apos;3.16.0-4-amd64&apos;, java.version: &apos;1.8.0_51&apos;
Driver info: driver.version: unknown
	at &lt;anonymous class&gt;.FirefoxDriver.prototype.findElementInternal_(file:///tmp/anonymous2779453413399423835webdriver-profile/extensions/fxdriver@googlecode.com/components/driver-component.js:10770)
	at &lt;anonymous class&gt;.FirefoxDriver.prototype.findElement(file:///tmp/anonymous2779453413399423835webdriver-profile/extensions/fxdriver@googlecode.com/components/driver-component.js:10779)
	at &lt;anonymous class&gt;.DelayedCommand.prototype.executeInternal_/h(file:///tmp/anonymous2779453413399423835webdriver-profile/extensions/fxdriver@googlecode.com/components/command-processor.js:12661)
	at &lt;anonymous class&gt;.DelayedCommand.prototype.executeInternal_(file:///tmp/anonymous2779453413399423835webdriver-profile/extensions/fxdriver@googlecode.com/components/command-processor.js:12666)
	at &lt;anonymous class&gt;.DelayedCommand.prototype.execute/&lt;(file:///tmp/anonymous2779453413399423835webdriver-profile/extensions/fxdriver@googlecode.com/components/command-processor.js:12608)
</error>
  </testcase>
  <testcase classname="br.com.ricardotulio.mikrotikadmin.CadastraClientesTest" name="testaSeCadastraCliente[21]" time="0.213">
    <error message="Unable to locate element: {&quot;method&quot;:&quot;name&quot;,&quot;selector&quot;:&quot;nome&quot;}
Command duration or timeout: 11 milliseconds
For documentation on this error, please visit: http://seleniumhq.org/exceptions/no_such_element.html
Build info: version: &apos;2.53.1&apos;, revision: &apos;a36b8b1cd5757287168e54b817830adce9b0158d&apos;, time: &apos;2016-06-30 19:26:09&apos;
System info: host: &apos;debian&apos;, ip: &apos;127.0.1.1&apos;, os.name: &apos;Linux&apos;, os.arch: &apos;amd64&apos;, os.version: &apos;3.16.0-4-amd64&apos;, java.version: &apos;1.8.0_51&apos;
Driver info: org.openqa.selenium.firefox.FirefoxDriver
Capabilities [{applicationCacheEnabled=true, rotatable=false, handlesAlerts=true, databaseEnabled=true, version=47.0.1, platform=LINUX, nativeEvents=false, acceptSslCerts=true, webStorageEnabled=true, locationContextEnabled=true, browserName=firefox, takesScreenshot=true, javascriptEnabled=true, cssSelectorsEnabled=true}]
Session ID: fd59750a-6cd2-45cd-a523-1e3c2ee77287
*** Element info: {Using=name, value=nome}" type="org.openqa.selenium.NoSuchElementException">org.openqa.selenium.NoSuchElementException: Unable to locate element: {&quot;method&quot;:&quot;name&quot;,&quot;selector&quot;:&quot;nome&quot;}
Command duration or timeout: 11 milliseconds
For documentation on this error, please visit: http://seleniumhq.org/exceptions/no_such_element.html
Build info: version: &apos;2.53.1&apos;, revision: &apos;a36b8b1cd5757287168e54b817830adce9b0158d&apos;, time: &apos;2016-06-30 19:26:09&apos;
System info: host: &apos;debian&apos;, ip: &apos;127.0.1.1&apos;, os.name: &apos;Linux&apos;, os.arch: &apos;amd64&apos;, os.version: &apos;3.16.0-4-amd64&apos;, java.version: &apos;1.8.0_51&apos;
Driver info: org.openqa.selenium.firefox.FirefoxDriver
Capabilities [{applicationCacheEnabled=true, rotatable=false, handlesAlerts=true, databaseEnabled=true, version=47.0.1, platform=LINUX, nativeEvents=false, acceptSslCerts=true, webStorageEnabled=true, locationContextEnabled=true, browserName=firefox, takesScreenshot=true, javascriptEnabled=true, cssSelectorsEnabled=true}]
Session ID: fd59750a-6cd2-45cd-a523-1e3c2ee77287
*** Element info: {Using=name, value=nome}
	at sun.reflect.GeneratedConstructorAccessor11.newInstance(Unknown Source)
	at sun.reflect.DelegatingConstructorAccessorImpl.newInstance(DelegatingConstructorAccessorImpl.java:45)
	at java.lang.reflect.Constructor.newInstance(Constructor.java:422)
	at org.openqa.selenium.remote.ErrorHandler.createThrowable(ErrorHandler.java:206)
	at org.openqa.selenium.remote.ErrorHandler.throwIfResponseFailed(ErrorHandler.java:158)
	at org.openqa.selenium.remote.RemoteWebDriver.execute(RemoteWebDriver.java:678)
	at org.openqa.selenium.remote.RemoteWebDriver.findElement(RemoteWebDriver.java:363)
	at org.openqa.selenium.remote.RemoteWebDriver.findElementByName(RemoteWebDriver.java:461)
	at org.openqa.selenium.By$ByName.findElement(By.java:303)
	at org.openqa.selenium.remote.RemoteWebDriver.findElement(RemoteWebDriver.java:355)
	at br.com.ricardotulio.mikrotikadmin.CadastraClientesTest.testaSeCadastraCliente(CadastraClientesTest.java:129)
	at sun.reflect.GeneratedMethodAccessor10.invoke(Unknown Source)
	at sun.reflect.DelegatingMethodAccessorImpl.invoke(DelegatingMethodAccessorImpl.java:43)
	at java.lang.reflect.Method.invoke(Method.java:497)
	at org.junit.runners.model.FrameworkMethod$1.runReflectiveCall(FrameworkMethod.java:50)
	at org.junit.internal.runners.model.ReflectiveCallable.run(ReflectiveCallable.java:12)
	at org.junit.runners.model.FrameworkMethod.invokeExplosively(FrameworkMethod.java:47)
	at org.junit.internal.runners.statements.InvokeMethod.evaluate(InvokeMethod.java:17)
	at org.junit.internal.runners.statements.RunAfters.evaluate(RunAfters.java:27)
	at org.junit.rules.TestWatcher$1.evaluate(TestWatcher.java:55)
	at org.junit.rules.RunRules.evaluate(RunRules.java:20)
	at org.junit.runners.ParentRunner.runLeaf(ParentRunner.java:325)
	at org.junit.runners.BlockJUnit4ClassRunner.runChild(BlockJUnit4ClassRunner.java:78)
	at org.junit.runners.BlockJUnit4ClassRunner.runChild(BlockJUnit4ClassRunner.java:57)
	at org.junit.runners.ParentRunner$3.run(ParentRunner.java:290)
	at org.junit.runners.ParentRunner$1.schedule(ParentRunner.java:71)
	at org.junit.runners.ParentRunner.runChildren(ParentRunner.java:288)
	at org.junit.runners.ParentRunner.access$000(ParentRunner.java:58)
	at org.junit.runners.ParentRunner$2.evaluate(ParentRunner.java:268)
	at org.junit.runners.ParentRunner.run(ParentRunner.java:363)
	at org.junit.runners.Suite.runChild(Suite.java:128)
	at org.junit.runners.Suite.runChild(Suite.java:27)
	at org.junit.runners.ParentRunner$3.run(ParentRunner.java:290)
	at org.junit.runners.ParentRunner$1.schedule(ParentRunner.java:71)
	at org.junit.runners.ParentRunner.runChildren(ParentRunner.java:288)
	at org.junit.runners.ParentRunner.access$000(ParentRunner.java:58)
	at org.junit.runners.ParentRunner$2.evaluate(ParentRunner.java:268)
	at org.junit.internal.runners.statements.RunBefores.evaluate(RunBefores.java:26)
	at org.junit.internal.runners.statements.RunAfters.evaluate(RunAfters.java:27)
	at org.junit.runners.ParentRunner.run(ParentRunner.java:363)
	at org.apache.maven.surefire.junit4.JUnit4TestSet.execute(JUnit4TestSet.java:53)
	at org.apache.maven.surefire.junit4.JUnit4Provider.executeTestSet(JUnit4Provider.java:123)
	at org.apache.maven.surefire.junit4.JUnit4Provider.invoke(JUnit4Provider.java:104)
	at sun.reflect.NativeMethodAccessorImpl.invoke0(Native Method)
	at sun.reflect.NativeMethodAccessorImpl.invoke(NativeMethodAccessorImpl.java:62)
	at sun.reflect.DelegatingMethodAccessorImpl.invoke(DelegatingMethodAccessorImpl.java:43)
	at java.lang.reflect.Method.invoke(Method.java:497)
	at org.apache.maven.surefire.util.ReflectionUtils.invokeMethodWithArray(ReflectionUtils.java:164)
	at org.apache.maven.surefire.booter.ProviderFactory$ProviderProxy.invoke(ProviderFactory.java:110)
	at org.apache.maven.surefire.booter.SurefireStarter.invokeProvider(SurefireStarter.java:175)
	at org.apache.maven.surefire.booter.SurefireStarter.runSuitesInProcessWhenForked(SurefireStarter.java:107)
	at org.apache.maven.surefire.booter.ForkedBooter.main(ForkedBooter.java:68)
Caused by: org.openqa.selenium.NoSuchElementException: Unable to locate element: {&quot;method&quot;:&quot;name&quot;,&quot;selector&quot;:&quot;nome&quot;}
For documentation on this error, please visit: http://seleniumhq.org/exceptions/no_such_element.html
Build info: version: &apos;2.53.1&apos;, revision: &apos;a36b8b1cd5757287168e54b817830adce9b0158d&apos;, time: &apos;2016-06-30 19:26:09&apos;
System info: host: &apos;debian&apos;, ip: &apos;127.0.1.1&apos;, os.name: &apos;Linux&apos;, os.arch: &apos;amd64&apos;, os.version: &apos;3.16.0-4-amd64&apos;, java.version: &apos;1.8.0_51&apos;
Driver info: driver.version: unknown
	at &lt;anonymous class&gt;.FirefoxDriver.prototype.findElementInternal_(file:///tmp/anonymous2779453413399423835webdriver-profile/extensions/fxdriver@googlecode.com/components/driver-component.js:10770)
	at &lt;anonymous class&gt;.FirefoxDriver.prototype.findElement(file:///tmp/anonymous2779453413399423835webdriver-profile/extensions/fxdriver@googlecode.com/components/driver-component.js:10779)
	at &lt;anonymous class&gt;.DelayedCommand.prototype.executeInternal_/h(file:///tmp/anonymous2779453413399423835webdriver-profile/extensions/fxdriver@googlecode.com/components/command-processor.js:12661)
	at &lt;anonymous class&gt;.DelayedCommand.prototype.executeInternal_(file:///tmp/anonymous2779453413399423835webdriver-profile/extensions/fxdriver@googlecode.com/components/command-processor.js:12666)
	at &lt;anonymous class&gt;.DelayedCommand.prototype.execute/&lt;(file:///tmp/anonymous2779453413399423835webdriver-profile/extensions/fxdriver@googlecode.com/components/command-processor.js:12608)
</error>
  </testcase>
  <testcase classname="br.com.ricardotulio.mikrotikadmin.CadastraClientesTest" name="testaSeCadastraCliente[22]" time="0.11">
    <error message="Unable to locate element: {&quot;method&quot;:&quot;name&quot;,&quot;selector&quot;:&quot;nome&quot;}
Command duration or timeout: 11 milliseconds
For documentation on this error, please visit: http://seleniumhq.org/exceptions/no_such_element.html
Build info: version: &apos;2.53.1&apos;, revision: &apos;a36b8b1cd5757287168e54b817830adce9b0158d&apos;, time: &apos;2016-06-30 19:26:09&apos;
System info: host: &apos;debian&apos;, ip: &apos;127.0.1.1&apos;, os.name: &apos;Linux&apos;, os.arch: &apos;amd64&apos;, os.version: &apos;3.16.0-4-amd64&apos;, java.version: &apos;1.8.0_51&apos;
Driver info: org.openqa.selenium.firefox.FirefoxDriver
Capabilities [{applicationCacheEnabled=true, rotatable=false, handlesAlerts=true, databaseEnabled=true, version=47.0.1, platform=LINUX, nativeEvents=false, acceptSslCerts=true, webStorageEnabled=true, locationContextEnabled=true, browserName=firefox, takesScreenshot=true, javascriptEnabled=true, cssSelectorsEnabled=true}]
Session ID: fd59750a-6cd2-45cd-a523-1e3c2ee77287
*** Element info: {Using=name, value=nome}" type="org.openqa.selenium.NoSuchElementException">org.openqa.selenium.NoSuchElementException: Unable to locate element: {&quot;method&quot;:&quot;name&quot;,&quot;selector&quot;:&quot;nome&quot;}
Command duration or timeout: 11 milliseconds
For documentation on this error, please visit: http://seleniumhq.org/exceptions/no_such_element.html
Build info: version: &apos;2.53.1&apos;, revision: &apos;a36b8b1cd5757287168e54b817830adce9b0158d&apos;, time: &apos;2016-06-30 19:26:09&apos;
System info: host: &apos;debian&apos;, ip: &apos;127.0.1.1&apos;, os.name: &apos;Linux&apos;, os.arch: &apos;amd64&apos;, os.version: &apos;3.16.0-4-amd64&apos;, java.version: &apos;1.8.0_51&apos;
Driver info: org.openqa.selenium.firefox.FirefoxDriver
Capabilities [{applicationCacheEnabled=true, rotatable=false, handlesAlerts=true, databaseEnabled=true, version=47.0.1, platform=LINUX, nativeEvents=false, acceptSslCerts=true, webStorageEnabled=true, locationContextEnabled=true, browserName=firefox, takesScreenshot=true, javascriptEnabled=true, cssSelectorsEnabled=true}]
Session ID: fd59750a-6cd2-45cd-a523-1e3c2ee77287
*** Element info: {Using=name, value=nome}
	at sun.reflect.GeneratedConstructorAccessor11.newInstance(Unknown Source)
	at sun.reflect.DelegatingConstructorAccessorImpl.newInstance(DelegatingConstructorAccessorImpl.java:45)
	at java.lang.reflect.Constructor.newInstance(Constructor.java:422)
	at org.openqa.selenium.remote.ErrorHandler.createThrowable(ErrorHandler.java:206)
	at org.openqa.selenium.remote.ErrorHandler.throwIfResponseFailed(ErrorHandler.java:158)
	at org.openqa.selenium.remote.RemoteWebDriver.execute(RemoteWebDriver.java:678)
	at org.openqa.selenium.remote.RemoteWebDriver.findElement(RemoteWebDriver.java:363)
	at org.openqa.selenium.remote.RemoteWebDriver.findElementByName(RemoteWebDriver.java:461)
	at org.openqa.selenium.By$ByName.findElement(By.java:303)
	at org.openqa.selenium.remote.RemoteWebDriver.findElement(RemoteWebDriver.java:355)
	at br.com.ricardotulio.mikrotikadmin.CadastraClientesTest.testaSeCadastraCliente(CadastraClientesTest.java:129)
	at sun.reflect.GeneratedMethodAccessor10.invoke(Unknown Source)
	at sun.reflect.DelegatingMethodAccessorImpl.invoke(DelegatingMethodAccessorImpl.java:43)
	at java.lang.reflect.Method.invoke(Method.java:497)
	at org.junit.runners.model.FrameworkMethod$1.runReflectiveCall(FrameworkMethod.java:50)
	at org.junit.internal.runners.model.ReflectiveCallable.run(ReflectiveCallable.java:12)
	at org.junit.runners.model.FrameworkMethod.invokeExplosively(FrameworkMethod.java:47)
	at org.junit.internal.runners.statements.InvokeMethod.evaluate(InvokeMethod.java:17)
	at org.junit.internal.runners.statements.RunAfters.evaluate(RunAfters.java:27)
	at org.junit.rules.TestWatcher$1.evaluate(TestWatcher.java:55)
	at org.junit.rules.RunRules.evaluate(RunRules.java:20)
	at org.junit.runners.ParentRunner.runLeaf(ParentRunner.java:325)
	at org.junit.runners.BlockJUnit4ClassRunner.runChild(BlockJUnit4ClassRunner.java:78)
	at org.junit.runners.BlockJUnit4ClassRunner.runChild(BlockJUnit4ClassRunner.java:57)
	at org.junit.runners.ParentRunner$3.run(ParentRunner.java:290)
	at org.junit.runners.ParentRunner$1.schedule(ParentRunner.java:71)
	at org.junit.runners.ParentRunner.runChildren(ParentRunner.java:288)
	at org.junit.runners.ParentRunner.access$000(ParentRunner.java:58)
	at org.junit.runners.ParentRunner$2.evaluate(ParentRunner.java:268)
	at org.junit.runners.ParentRunner.run(ParentRunner.java:363)
	at org.junit.runners.Suite.runChild(Suite.java:128)
	at org.junit.runners.Suite.runChild(Suite.java:27)
	at org.junit.runners.ParentRunner$3.run(ParentRunner.java:290)
	at org.junit.runners.ParentRunner$1.schedule(ParentRunner.java:71)
	at org.junit.runners.ParentRunner.runChildren(ParentRunner.java:288)
	at org.junit.runners.ParentRunner.access$000(ParentRunner.java:58)
	at org.junit.runners.ParentRunner$2.evaluate(ParentRunner.java:268)
	at org.junit.internal.runners.statements.RunBefores.evaluate(RunBefores.java:26)
	at org.junit.internal.runners.statements.RunAfters.evaluate(RunAfters.java:27)
	at org.junit.runners.ParentRunner.run(ParentRunner.java:363)
	at org.apache.maven.surefire.junit4.JUnit4TestSet.execute(JUnit4TestSet.java:53)
	at org.apache.maven.surefire.junit4.JUnit4Provider.executeTestSet(JUnit4Provider.java:123)
	at org.apache.maven.surefire.junit4.JUnit4Provider.invoke(JUnit4Provider.java:104)
	at sun.reflect.NativeMethodAccessorImpl.invoke0(Native Method)
	at sun.reflect.NativeMethodAccessorImpl.invoke(NativeMethodAccessorImpl.java:62)
	at sun.reflect.DelegatingMethodAccessorImpl.invoke(DelegatingMethodAccessorImpl.java:43)
	at java.lang.reflect.Method.invoke(Method.java:497)
	at org.apache.maven.surefire.util.ReflectionUtils.invokeMethodWithArray(ReflectionUtils.java:164)
	at org.apache.maven.surefire.booter.ProviderFactory$ProviderProxy.invoke(ProviderFactory.java:110)
	at org.apache.maven.surefire.booter.SurefireStarter.invokeProvider(SurefireStarter.java:175)
	at org.apache.maven.surefire.booter.SurefireStarter.runSuitesInProcessWhenForked(SurefireStarter.java:107)
	at org.apache.maven.surefire.booter.ForkedBooter.main(ForkedBooter.java:68)
Caused by: org.openqa.selenium.NoSuchElementException: Unable to locate element: {&quot;method&quot;:&quot;name&quot;,&quot;selector&quot;:&quot;nome&quot;}
For documentation on this error, please visit: http://seleniumhq.org/exceptions/no_such_element.html
Build info: version: &apos;2.53.1&apos;, revision: &apos;a36b8b1cd5757287168e54b817830adce9b0158d&apos;, time: &apos;2016-06-30 19:26:09&apos;
System info: host: &apos;debian&apos;, ip: &apos;127.0.1.1&apos;, os.name: &apos;Linux&apos;, os.arch: &apos;amd64&apos;, os.version: &apos;3.16.0-4-amd64&apos;, java.version: &apos;1.8.0_51&apos;
Driver info: driver.version: unknown
	at &lt;anonymous class&gt;.FirefoxDriver.prototype.findElementInternal_(file:///tmp/anonymous2779453413399423835webdriver-profile/extensions/fxdriver@googlecode.com/components/driver-component.js:10770)
	at &lt;anonymous class&gt;.FirefoxDriver.prototype.findElement(file:///tmp/anonymous2779453413399423835webdriver-profile/extensions/fxdriver@googlecode.com/components/driver-component.js:10779)
	at &lt;anonymous class&gt;.DelayedCommand.prototype.executeInternal_/h(file:///tmp/anonymous2779453413399423835webdriver-profile/extensions/fxdriver@googlecode.com/components/command-processor.js:12661)
	at &lt;anonymous class&gt;.DelayedCommand.prototype.executeInternal_(file:///tmp/anonymous2779453413399423835webdriver-profile/extensions/fxdriver@googlecode.com/components/command-processor.js:12666)
	at &lt;anonymous class&gt;.DelayedCommand.prototype.execute/&lt;(file:///tmp/anonymous2779453413399423835webdriver-profile/extensions/fxdriver@googlecode.com/components/command-processor.js:12608)
</error>
  </testcase>
  <testcase classname="br.com.ricardotulio.mikrotikadmin.CadastraClientesTest" name="testaSeCadastraCliente[23]" time="0.115">
    <error message="Unable to locate element: {&quot;method&quot;:&quot;name&quot;,&quot;selector&quot;:&quot;nome&quot;}
Command duration or timeout: 11 milliseconds
For documentation on this error, please visit: http://seleniumhq.org/exceptions/no_such_element.html
Build info: version: &apos;2.53.1&apos;, revision: &apos;a36b8b1cd5757287168e54b817830adce9b0158d&apos;, time: &apos;2016-06-30 19:26:09&apos;
System info: host: &apos;debian&apos;, ip: &apos;127.0.1.1&apos;, os.name: &apos;Linux&apos;, os.arch: &apos;amd64&apos;, os.version: &apos;3.16.0-4-amd64&apos;, java.version: &apos;1.8.0_51&apos;
Driver info: org.openqa.selenium.firefox.FirefoxDriver
Capabilities [{applicationCacheEnabled=true, rotatable=false, handlesAlerts=true, databaseEnabled=true, version=47.0.1, platform=LINUX, nativeEvents=false, acceptSslCerts=true, webStorageEnabled=true, locationContextEnabled=true, browserName=firefox, takesScreenshot=true, javascriptEnabled=true, cssSelectorsEnabled=true}]
Session ID: fd59750a-6cd2-45cd-a523-1e3c2ee77287
*** Element info: {Using=name, value=nome}" type="org.openqa.selenium.NoSuchElementException">org.openqa.selenium.NoSuchElementException: Unable to locate element: {&quot;method&quot;:&quot;name&quot;,&quot;selector&quot;:&quot;nome&quot;}
Command duration or timeout: 11 milliseconds
For documentation on this error, please visit: http://seleniumhq.org/exceptions/no_such_element.html
Build info: version: &apos;2.53.1&apos;, revision: &apos;a36b8b1cd5757287168e54b817830adce9b0158d&apos;, time: &apos;2016-06-30 19:26:09&apos;
System info: host: &apos;debian&apos;, ip: &apos;127.0.1.1&apos;, os.name: &apos;Linux&apos;, os.arch: &apos;amd64&apos;, os.version: &apos;3.16.0-4-amd64&apos;, java.version: &apos;1.8.0_51&apos;
Driver info: org.openqa.selenium.firefox.FirefoxDriver
Capabilities [{applicationCacheEnabled=true, rotatable=false, handlesAlerts=true, databaseEnabled=true, version=47.0.1, platform=LINUX, nativeEvents=false, acceptSslCerts=true, webStorageEnabled=true, locationContextEnabled=true, browserName=firefox, takesScreenshot=true, javascriptEnabled=true, cssSelectorsEnabled=true}]
Session ID: fd59750a-6cd2-45cd-a523-1e3c2ee77287
*** Element info: {Using=name, value=nome}
	at sun.reflect.GeneratedConstructorAccessor11.newInstance(Unknown Source)
	at sun.reflect.DelegatingConstructorAccessorImpl.newInstance(DelegatingConstructorAccessorImpl.java:45)
	at java.lang.reflect.Constructor.newInstance(Constructor.java:422)
	at org.openqa.selenium.remote.ErrorHandler.createThrowable(ErrorHandler.java:206)
	at org.openqa.selenium.remote.ErrorHandler.throwIfResponseFailed(ErrorHandler.java:158)
	at org.openqa.selenium.remote.RemoteWebDriver.execute(RemoteWebDriver.java:678)
	at org.openqa.selenium.remote.RemoteWebDriver.findElement(RemoteWebDriver.java:363)
	at org.openqa.selenium.remote.RemoteWebDriver.findElementByName(RemoteWebDriver.java:461)
	at org.openqa.selenium.By$ByName.findElement(By.java:303)
	at org.openqa.selenium.remote.RemoteWebDriver.findElement(RemoteWebDriver.java:355)
	at br.com.ricardotulio.mikrotikadmin.CadastraClientesTest.testaSeCadastraCliente(CadastraClientesTest.java:129)
	at sun.reflect.GeneratedMethodAccessor10.invoke(Unknown Source)
	at sun.reflect.DelegatingMethodAccessorImpl.invoke(DelegatingMethodAccessorImpl.java:43)
	at java.lang.reflect.Method.invoke(Method.java:497)
	at org.junit.runners.model.FrameworkMethod$1.runReflectiveCall(FrameworkMethod.java:50)
	at org.junit.internal.runners.model.ReflectiveCallable.run(ReflectiveCallable.java:12)
	at org.junit.runners.model.FrameworkMethod.invokeExplosively(FrameworkMethod.java:47)
	at org.junit.internal.runners.statements.InvokeMethod.evaluate(InvokeMethod.java:17)
	at org.junit.internal.runners.statements.RunAfters.evaluate(RunAfters.java:27)
	at org.junit.rules.TestWatcher$1.evaluate(TestWatcher.java:55)
	at org.junit.rules.RunRules.evaluate(RunRules.java:20)
	at org.junit.runners.ParentRunner.runLeaf(ParentRunner.java:325)
	at org.junit.runners.BlockJUnit4ClassRunner.runChild(BlockJUnit4ClassRunner.java:78)
	at org.junit.runners.BlockJUnit4ClassRunner.runChild(BlockJUnit4ClassRunner.java:57)
	at org.junit.runners.ParentRunner$3.run(ParentRunner.java:290)
	at org.junit.runners.ParentRunner$1.schedule(ParentRunner.java:71)
	at org.junit.runners.ParentRunner.runChildren(ParentRunner.java:288)
	at org.junit.runners.ParentRunner.access$000(ParentRunner.java:58)
	at org.junit.runners.ParentRunner$2.evaluate(ParentRunner.java:268)
	at org.junit.runners.ParentRunner.run(ParentRunner.java:363)
	at org.junit.runners.Suite.runChild(Suite.java:128)
	at org.junit.runners.Suite.runChild(Suite.java:27)
	at org.junit.runners.ParentRunner$3.run(ParentRunner.java:290)
	at org.junit.runners.ParentRunner$1.schedule(ParentRunner.java:71)
	at org.junit.runners.ParentRunner.runChildren(ParentRunner.java:288)
	at org.junit.runners.ParentRunner.access$000(ParentRunner.java:58)
	at org.junit.runners.ParentRunner$2.evaluate(ParentRunner.java:268)
	at org.junit.internal.runners.statements.RunBefores.evaluate(RunBefores.java:26)
	at org.junit.internal.runners.statements.RunAfters.evaluate(RunAfters.java:27)
	at org.junit.runners.ParentRunner.run(ParentRunner.java:363)
	at org.apache.maven.surefire.junit4.JUnit4TestSet.execute(JUnit4TestSet.java:53)
	at org.apache.maven.surefire.junit4.JUnit4Provider.executeTestSet(JUnit4Provider.java:123)
	at org.apache.maven.surefire.junit4.JUnit4Provider.invoke(JUnit4Provider.java:104)
	at sun.reflect.NativeMethodAccessorImpl.invoke0(Native Method)
	at sun.reflect.NativeMethodAccessorImpl.invoke(NativeMethodAccessorImpl.java:62)
	at sun.reflect.DelegatingMethodAccessorImpl.invoke(DelegatingMethodAccessorImpl.java:43)
	at java.lang.reflect.Method.invoke(Method.java:497)
	at org.apache.maven.surefire.util.ReflectionUtils.invokeMethodWithArray(ReflectionUtils.java:164)
	at org.apache.maven.surefire.booter.ProviderFactory$ProviderProxy.invoke(ProviderFactory.java:110)
	at org.apache.maven.surefire.booter.SurefireStarter.invokeProvider(SurefireStarter.java:175)
	at org.apache.maven.surefire.booter.SurefireStarter.runSuitesInProcessWhenForked(SurefireStarter.java:107)
	at org.apache.maven.surefire.booter.ForkedBooter.main(ForkedBooter.java:68)
Caused by: org.openqa.selenium.NoSuchElementException: Unable to locate element: {&quot;method&quot;:&quot;name&quot;,&quot;selector&quot;:&quot;nome&quot;}
For documentation on this error, please visit: http://seleniumhq.org/exceptions/no_such_element.html
Build info: version: &apos;2.53.1&apos;, revision: &apos;a36b8b1cd5757287168e54b817830adce9b0158d&apos;, time: &apos;2016-06-30 19:26:09&apos;
System info: host: &apos;debian&apos;, ip: &apos;127.0.1.1&apos;, os.name: &apos;Linux&apos;, os.arch: &apos;amd64&apos;, os.version: &apos;3.16.0-4-amd64&apos;, java.version: &apos;1.8.0_51&apos;
Driver info: driver.version: unknown
	at &lt;anonymous class&gt;.FirefoxDriver.prototype.findElementInternal_(file:///tmp/anonymous2779453413399423835webdriver-profile/extensions/fxdriver@googlecode.com/components/driver-component.js:10770)
	at &lt;anonymous class&gt;.FirefoxDriver.prototype.findElement(file:///tmp/anonymous2779453413399423835webdriver-profile/extensions/fxdriver@googlecode.com/components/driver-component.js:10779)
	at &lt;anonymous class&gt;.DelayedCommand.prototype.executeInternal_/h(file:///tmp/anonymous2779453413399423835webdriver-profile/extensions/fxdriver@googlecode.com/components/command-processor.js:12661)
	at &lt;anonymous class&gt;.DelayedCommand.prototype.executeInternal_(file:///tmp/anonymous2779453413399423835webdriver-profile/extensions/fxdriver@googlecode.com/components/command-processor.js:12666)
	at &lt;anonymous class&gt;.DelayedCommand.prototype.execute/&lt;(file:///tmp/anonymous2779453413399423835webdriver-profile/extensions/fxdriver@googlecode.com/components/command-processor.js:12608)
</error>
  </testcase>
  <testcase classname="br.com.ricardotulio.mikrotikadmin.CadastraClientesTest" name="testaSeCadastraCliente[24]" time="0.102">
    <error message="Unable to locate element: {&quot;method&quot;:&quot;name&quot;,&quot;selector&quot;:&quot;nome&quot;}
Command duration or timeout: 11 milliseconds
For documentation on this error, please visit: http://seleniumhq.org/exceptions/no_such_element.html
Build info: version: &apos;2.53.1&apos;, revision: &apos;a36b8b1cd5757287168e54b817830adce9b0158d&apos;, time: &apos;2016-06-30 19:26:09&apos;
System info: host: &apos;debian&apos;, ip: &apos;127.0.1.1&apos;, os.name: &apos;Linux&apos;, os.arch: &apos;amd64&apos;, os.version: &apos;3.16.0-4-amd64&apos;, java.version: &apos;1.8.0_51&apos;
Driver info: org.openqa.selenium.firefox.FirefoxDriver
Capabilities [{applicationCacheEnabled=true, rotatable=false, handlesAlerts=true, databaseEnabled=true, version=47.0.1, platform=LINUX, nativeEvents=false, acceptSslCerts=true, webStorageEnabled=true, locationContextEnabled=true, browserName=firefox, takesScreenshot=true, javascriptEnabled=true, cssSelectorsEnabled=true}]
Session ID: fd59750a-6cd2-45cd-a523-1e3c2ee77287
*** Element info: {Using=name, value=nome}" type="org.openqa.selenium.NoSuchElementException">org.openqa.selenium.NoSuchElementException: Unable to locate element: {&quot;method&quot;:&quot;name&quot;,&quot;selector&quot;:&quot;nome&quot;}
Command duration or timeout: 11 milliseconds
For documentation on this error, please visit: http://seleniumhq.org/exceptions/no_such_element.html
Build info: version: &apos;2.53.1&apos;, revision: &apos;a36b8b1cd5757287168e54b817830adce9b0158d&apos;, time: &apos;2016-06-30 19:26:09&apos;
System info: host: &apos;debian&apos;, ip: &apos;127.0.1.1&apos;, os.name: &apos;Linux&apos;, os.arch: &apos;amd64&apos;, os.version: &apos;3.16.0-4-amd64&apos;, java.version: &apos;1.8.0_51&apos;
Driver info: org.openqa.selenium.firefox.FirefoxDriver
Capabilities [{applicationCacheEnabled=true, rotatable=false, handlesAlerts=true, databaseEnabled=true, version=47.0.1, platform=LINUX, nativeEvents=false, acceptSslCerts=true, webStorageEnabled=true, locationContextEnabled=true, browserName=firefox, takesScreenshot=true, javascriptEnabled=true, cssSelectorsEnabled=true}]
Session ID: fd59750a-6cd2-45cd-a523-1e3c2ee77287
*** Element info: {Using=name, value=nome}
	at sun.reflect.GeneratedConstructorAccessor11.newInstance(Unknown Source)
	at sun.reflect.DelegatingConstructorAccessorImpl.newInstance(DelegatingConstructorAccessorImpl.java:45)
	at java.lang.reflect.Constructor.newInstance(Constructor.java:422)
	at org.openqa.selenium.remote.ErrorHandler.createThrowable(ErrorHandler.java:206)
	at org.openqa.selenium.remote.ErrorHandler.throwIfResponseFailed(ErrorHandler.java:158)
	at org.openqa.selenium.remote.RemoteWebDriver.execute(RemoteWebDriver.java:678)
	at org.openqa.selenium.remote.RemoteWebDriver.findElement(RemoteWebDriver.java:363)
	at org.openqa.selenium.remote.RemoteWebDriver.findElementByName(RemoteWebDriver.java:461)
	at org.openqa.selenium.By$ByName.findElement(By.java:303)
	at org.openqa.selenium.remote.RemoteWebDriver.findElement(RemoteWebDriver.java:355)
	at br.com.ricardotulio.mikrotikadmin.CadastraClientesTest.testaSeCadastraCliente(CadastraClientesTest.java:129)
	at sun.reflect.GeneratedMethodAccessor10.invoke(Unknown Source)
	at sun.reflect.DelegatingMethodAccessorImpl.invoke(DelegatingMethodAccessorImpl.java:43)
	at java.lang.reflect.Method.invoke(Method.java:497)
	at org.junit.runners.model.FrameworkMethod$1.runReflectiveCall(FrameworkMethod.java:50)
	at org.junit.internal.runners.model.ReflectiveCallable.run(ReflectiveCallable.java:12)
	at org.junit.runners.model.FrameworkMethod.invokeExplosively(FrameworkMethod.java:47)
	at org.junit.internal.runners.statements.InvokeMethod.evaluate(InvokeMethod.java:17)
	at org.junit.internal.runners.statements.RunAfters.evaluate(RunAfters.java:27)
	at org.junit.rules.TestWatcher$1.evaluate(TestWatcher.java:55)
	at org.junit.rules.RunRules.evaluate(RunRules.java:20)
	at org.junit.runners.ParentRunner.runLeaf(ParentRunner.java:325)
	at org.junit.runners.BlockJUnit4ClassRunner.runChild(BlockJUnit4ClassRunner.java:78)
	at org.junit.runners.BlockJUnit4ClassRunner.runChild(BlockJUnit4ClassRunner.java:57)
	at org.junit.runners.ParentRunner$3.run(ParentRunner.java:290)
	at org.junit.runners.ParentRunner$1.schedule(ParentRunner.java:71)
	at org.junit.runners.ParentRunner.runChildren(ParentRunner.java:288)
	at org.junit.runners.ParentRunner.access$000(ParentRunner.java:58)
	at org.junit.runners.ParentRunner$2.evaluate(ParentRunner.java:268)
	at org.junit.runners.ParentRunner.run(ParentRunner.java:363)
	at org.junit.runners.Suite.runChild(Suite.java:128)
	at org.junit.runners.Suite.runChild(Suite.java:27)
	at org.junit.runners.ParentRunner$3.run(ParentRunner.java:290)
	at org.junit.runners.ParentRunner$1.schedule(ParentRunner.java:71)
	at org.junit.runners.ParentRunner.runChildren(ParentRunner.java:288)
	at org.junit.runners.ParentRunner.access$000(ParentRunner.java:58)
	at org.junit.runners.ParentRunner$2.evaluate(ParentRunner.java:268)
	at org.junit.internal.runners.statements.RunBefores.evaluate(RunBefores.java:26)
	at org.junit.internal.runners.statements.RunAfters.evaluate(RunAfters.java:27)
	at org.junit.runners.ParentRunner.run(ParentRunner.java:363)
	at org.apache.maven.surefire.junit4.JUnit4TestSet.execute(JUnit4TestSet.java:53)
	at org.apache.maven.surefire.junit4.JUnit4Provider.executeTestSet(JUnit4Provider.java:123)
	at org.apache.maven.surefire.junit4.JUnit4Provider.invoke(JUnit4Provider.java:104)
	at sun.reflect.NativeMethodAccessorImpl.invoke0(Native Method)
	at sun.reflect.NativeMethodAccessorImpl.invoke(NativeMethodAccessorImpl.java:62)
	at sun.reflect.DelegatingMethodAccessorImpl.invoke(DelegatingMethodAccessorImpl.java:43)
	at java.lang.reflect.Method.invoke(Method.java:497)
	at org.apache.maven.surefire.util.ReflectionUtils.invokeMethodWithArray(ReflectionUtils.java:164)
	at org.apache.maven.surefire.booter.ProviderFactory$ProviderProxy.invoke(ProviderFactory.java:110)
	at org.apache.maven.surefire.booter.SurefireStarter.invokeProvider(SurefireStarter.java:175)
	at org.apache.maven.surefire.booter.SurefireStarter.runSuitesInProcessWhenForked(SurefireStarter.java:107)
	at org.apache.maven.surefire.booter.ForkedBooter.main(ForkedBooter.java:68)
Caused by: org.openqa.selenium.NoSuchElementException: Unable to locate element: {&quot;method&quot;:&quot;name&quot;,&quot;selector&quot;:&quot;nome&quot;}
For documentation on this error, please visit: http://seleniumhq.org/exceptions/no_such_element.html
Build info: version: &apos;2.53.1&apos;, revision: &apos;a36b8b1cd5757287168e54b817830adce9b0158d&apos;, time: &apos;2016-06-30 19:26:09&apos;
System info: host: &apos;debian&apos;, ip: &apos;127.0.1.1&apos;, os.name: &apos;Linux&apos;, os.arch: &apos;amd64&apos;, os.version: &apos;3.16.0-4-amd64&apos;, java.version: &apos;1.8.0_51&apos;
Driver info: driver.version: unknown
	at &lt;anonymous class&gt;.FirefoxDriver.prototype.findElementInternal_(file:///tmp/anonymous2779453413399423835webdriver-profile/extensions/fxdriver@googlecode.com/components/driver-component.js:10770)
	at &lt;anonymous class&gt;.FirefoxDriver.prototype.findElement(file:///tmp/anonymous2779453413399423835webdriver-profile/extensions/fxdriver@googlecode.com/components/driver-component.js:10779)
	at &lt;anonymous class&gt;.DelayedCommand.prototype.executeInternal_/h(file:///tmp/anonymous2779453413399423835webdriver-profile/extensions/fxdriver@googlecode.com/components/command-processor.js:12661)
	at &lt;anonymous class&gt;.DelayedCommand.prototype.executeInternal_(file:///tmp/anonymous2779453413399423835webdriver-profile/extensions/fxdriver@googlecode.com/components/command-processor.js:12666)
	at &lt;anonymous class&gt;.DelayedCommand.prototype.execute/&lt;(file:///tmp/anonymous2779453413399423835webdriver-profile/extensions/fxdriver@googlecode.com/components/command-processor.js:12608)
</error>
  </testcase>
  <testcase classname="br.com.ricardotulio.mikrotikadmin.CadastraClientesTest" name="testaSeCadastraCliente[25]" time="0.103">
    <error message="Unable to locate element: {&quot;method&quot;:&quot;name&quot;,&quot;selector&quot;:&quot;nome&quot;}
Command duration or timeout: 10 milliseconds
For documentation on this error, please visit: http://seleniumhq.org/exceptions/no_such_element.html
Build info: version: &apos;2.53.1&apos;, revision: &apos;a36b8b1cd5757287168e54b817830adce9b0158d&apos;, time: &apos;2016-06-30 19:26:09&apos;
System info: host: &apos;debian&apos;, ip: &apos;127.0.1.1&apos;, os.name: &apos;Linux&apos;, os.arch: &apos;amd64&apos;, os.version: &apos;3.16.0-4-amd64&apos;, java.version: &apos;1.8.0_51&apos;
Driver info: org.openqa.selenium.firefox.FirefoxDriver
Capabilities [{applicationCacheEnabled=true, rotatable=false, handlesAlerts=true, databaseEnabled=true, version=47.0.1, platform=LINUX, nativeEvents=false, acceptSslCerts=true, webStorageEnabled=true, locationContextEnabled=true, browserName=firefox, takesScreenshot=true, javascriptEnabled=true, cssSelectorsEnabled=true}]
Session ID: fd59750a-6cd2-45cd-a523-1e3c2ee77287
*** Element info: {Using=name, value=nome}" type="org.openqa.selenium.NoSuchElementException">org.openqa.selenium.NoSuchElementException: Unable to locate element: {&quot;method&quot;:&quot;name&quot;,&quot;selector&quot;:&quot;nome&quot;}
Command duration or timeout: 10 milliseconds
For documentation on this error, please visit: http://seleniumhq.org/exceptions/no_such_element.html
Build info: version: &apos;2.53.1&apos;, revision: &apos;a36b8b1cd5757287168e54b817830adce9b0158d&apos;, time: &apos;2016-06-30 19:26:09&apos;
System info: host: &apos;debian&apos;, ip: &apos;127.0.1.1&apos;, os.name: &apos;Linux&apos;, os.arch: &apos;amd64&apos;, os.version: &apos;3.16.0-4-amd64&apos;, java.version: &apos;1.8.0_51&apos;
Driver info: org.openqa.selenium.firefox.FirefoxDriver
Capabilities [{applicationCacheEnabled=true, rotatable=false, handlesAlerts=true, databaseEnabled=true, version=47.0.1, platform=LINUX, nativeEvents=false, acceptSslCerts=true, webStorageEnabled=true, locationContextEnabled=true, browserName=firefox, takesScreenshot=true, javascriptEnabled=true, cssSelectorsEnabled=true}]
Session ID: fd59750a-6cd2-45cd-a523-1e3c2ee77287
*** Element info: {Using=name, value=nome}
	at sun.reflect.GeneratedConstructorAccessor11.newInstance(Unknown Source)
	at sun.reflect.DelegatingConstructorAccessorImpl.newInstance(DelegatingConstructorAccessorImpl.java:45)
	at java.lang.reflect.Constructor.newInstance(Constructor.java:422)
	at org.openqa.selenium.remote.ErrorHandler.createThrowable(ErrorHandler.java:206)
	at org.openqa.selenium.remote.ErrorHandler.throwIfResponseFailed(ErrorHandler.java:158)
	at org.openqa.selenium.remote.RemoteWebDriver.execute(RemoteWebDriver.java:678)
	at org.openqa.selenium.remote.RemoteWebDriver.findElement(RemoteWebDriver.java:363)
	at org.openqa.selenium.remote.RemoteWebDriver.findElementByName(RemoteWebDriver.java:461)
	at org.openqa.selenium.By$ByName.findElement(By.java:303)
	at org.openqa.selenium.remote.RemoteWebDriver.findElement(RemoteWebDriver.java:355)
	at br.com.ricardotulio.mikrotikadmin.CadastraClientesTest.testaSeCadastraCliente(CadastraClientesTest.java:129)
	at sun.reflect.GeneratedMethodAccessor10.invoke(Unknown Source)
	at sun.reflect.DelegatingMethodAccessorImpl.invoke(DelegatingMethodAccessorImpl.java:43)
	at java.lang.reflect.Method.invoke(Method.java:497)
	at org.junit.runners.model.FrameworkMethod$1.runReflectiveCall(FrameworkMethod.java:50)
	at org.junit.internal.runners.model.ReflectiveCallable.run(ReflectiveCallable.java:12)
	at org.junit.runners.model.FrameworkMethod.invokeExplosively(FrameworkMethod.java:47)
	at org.junit.internal.runners.statements.InvokeMethod.evaluate(InvokeMethod.java:17)
	at org.junit.internal.runners.statements.RunAfters.evaluate(RunAfters.java:27)
	at org.junit.rules.TestWatcher$1.evaluate(TestWatcher.java:55)
	at org.junit.rules.RunRules.evaluate(RunRules.java:20)
	at org.junit.runners.ParentRunner.runLeaf(ParentRunner.java:325)
	at org.junit.runners.BlockJUnit4ClassRunner.runChild(BlockJUnit4ClassRunner.java:78)
	at org.junit.runners.BlockJUnit4ClassRunner.runChild(BlockJUnit4ClassRunner.java:57)
	at org.junit.runners.ParentRunner$3.run(ParentRunner.java:290)
	at org.junit.runners.ParentRunner$1.schedule(ParentRunner.java:71)
	at org.junit.runners.ParentRunner.runChildren(ParentRunner.java:288)
	at org.junit.runners.ParentRunner.access$000(ParentRunner.java:58)
	at org.junit.runners.ParentRunner$2.evaluate(ParentRunner.java:268)
	at org.junit.runners.ParentRunner.run(ParentRunner.java:363)
	at org.junit.runners.Suite.runChild(Suite.java:128)
	at org.junit.runners.Suite.runChild(Suite.java:27)
	at org.junit.runners.ParentRunner$3.run(ParentRunner.java:290)
	at org.junit.runners.ParentRunner$1.schedule(ParentRunner.java:71)
	at org.junit.runners.ParentRunner.runChildren(ParentRunner.java:288)
	at org.junit.runners.ParentRunner.access$000(ParentRunner.java:58)
	at org.junit.runners.ParentRunner$2.evaluate(ParentRunner.java:268)
	at org.junit.internal.runners.statements.RunBefores.evaluate(RunBefores.java:26)
	at org.junit.internal.runners.statements.RunAfters.evaluate(RunAfters.java:27)
	at org.junit.runners.ParentRunner.run(ParentRunner.java:363)
	at org.apache.maven.surefire.junit4.JUnit4TestSet.execute(JUnit4TestSet.java:53)
	at org.apache.maven.surefire.junit4.JUnit4Provider.executeTestSet(JUnit4Provider.java:123)
	at org.apache.maven.surefire.junit4.JUnit4Provider.invoke(JUnit4Provider.java:104)
	at sun.reflect.NativeMethodAccessorImpl.invoke0(Native Method)
	at sun.reflect.NativeMethodAccessorImpl.invoke(NativeMethodAccessorImpl.java:62)
	at sun.reflect.DelegatingMethodAccessorImpl.invoke(DelegatingMethodAccessorImpl.java:43)
	at java.lang.reflect.Method.invoke(Method.java:497)
	at org.apache.maven.surefire.util.ReflectionUtils.invokeMethodWithArray(ReflectionUtils.java:164)
	at org.apache.maven.surefire.booter.ProviderFactory$ProviderProxy.invoke(ProviderFactory.java:110)
	at org.apache.maven.surefire.booter.SurefireStarter.invokeProvider(SurefireStarter.java:175)
	at org.apache.maven.surefire.booter.SurefireStarter.runSuitesInProcessWhenForked(SurefireStarter.java:107)
	at org.apache.maven.surefire.booter.ForkedBooter.main(ForkedBooter.java:68)
Caused by: org.openqa.selenium.NoSuchElementException: Unable to locate element: {&quot;method&quot;:&quot;name&quot;,&quot;selector&quot;:&quot;nome&quot;}
For documentation on this error, please visit: http://seleniumhq.org/exceptions/no_such_element.html
Build info: version: &apos;2.53.1&apos;, revision: &apos;a36b8b1cd5757287168e54b817830adce9b0158d&apos;, time: &apos;2016-06-30 19:26:09&apos;
System info: host: &apos;debian&apos;, ip: &apos;127.0.1.1&apos;, os.name: &apos;Linux&apos;, os.arch: &apos;amd64&apos;, os.version: &apos;3.16.0-4-amd64&apos;, java.version: &apos;1.8.0_51&apos;
Driver info: driver.version: unknown
	at &lt;anonymous class&gt;.FirefoxDriver.prototype.findElementInternal_(file:///tmp/anonymous2779453413399423835webdriver-profile/extensions/fxdriver@googlecode.com/components/driver-component.js:10770)
	at &lt;anonymous class&gt;.FirefoxDriver.prototype.findElement(file:///tmp/anonymous2779453413399423835webdriver-profile/extensions/fxdriver@googlecode.com/components/driver-component.js:10779)
	at &lt;anonymous class&gt;.DelayedCommand.prototype.executeInternal_/h(file:///tmp/anonymous2779453413399423835webdriver-profile/extensions/fxdriver@googlecode.com/components/command-processor.js:12661)
	at &lt;anonymous class&gt;.DelayedCommand.prototype.executeInternal_(file:///tmp/anonymous2779453413399423835webdriver-profile/extensions/fxdriver@googlecode.com/components/command-processor.js:12666)
	at &lt;anonymous class&gt;.DelayedCommand.prototype.execute/&lt;(file:///tmp/anonymous2779453413399423835webdriver-profile/extensions/fxdriver@googlecode.com/components/command-processor.js:12608)
</error>
  </testcase>
  <testcase classname="br.com.ricardotulio.mikrotikadmin.CadastraClientesTest" name="testaSeCadastraCliente[26]" time="0.103">
    <error message="Unable to locate element: {&quot;method&quot;:&quot;name&quot;,&quot;selector&quot;:&quot;nome&quot;}
Command duration or timeout: 9 milliseconds
For documentation on this error, please visit: http://seleniumhq.org/exceptions/no_such_element.html
Build info: version: &apos;2.53.1&apos;, revision: &apos;a36b8b1cd5757287168e54b817830adce9b0158d&apos;, time: &apos;2016-06-30 19:26:09&apos;
System info: host: &apos;debian&apos;, ip: &apos;127.0.1.1&apos;, os.name: &apos;Linux&apos;, os.arch: &apos;amd64&apos;, os.version: &apos;3.16.0-4-amd64&apos;, java.version: &apos;1.8.0_51&apos;
Driver info: org.openqa.selenium.firefox.FirefoxDriver
Capabilities [{applicationCacheEnabled=true, rotatable=false, handlesAlerts=true, databaseEnabled=true, version=47.0.1, platform=LINUX, nativeEvents=false, acceptSslCerts=true, webStorageEnabled=true, locationContextEnabled=true, browserName=firefox, takesScreenshot=true, javascriptEnabled=true, cssSelectorsEnabled=true}]
Session ID: fd59750a-6cd2-45cd-a523-1e3c2ee77287
*** Element info: {Using=name, value=nome}" type="org.openqa.selenium.NoSuchElementException">org.openqa.selenium.NoSuchElementException: Unable to locate element: {&quot;method&quot;:&quot;name&quot;,&quot;selector&quot;:&quot;nome&quot;}
Command duration or timeout: 9 milliseconds
For documentation on this error, please visit: http://seleniumhq.org/exceptions/no_such_element.html
Build info: version: &apos;2.53.1&apos;, revision: &apos;a36b8b1cd5757287168e54b817830adce9b0158d&apos;, time: &apos;2016-06-30 19:26:09&apos;
System info: host: &apos;debian&apos;, ip: &apos;127.0.1.1&apos;, os.name: &apos;Linux&apos;, os.arch: &apos;amd64&apos;, os.version: &apos;3.16.0-4-amd64&apos;, java.version: &apos;1.8.0_51&apos;
Driver info: org.openqa.selenium.firefox.FirefoxDriver
Capabilities [{applicationCacheEnabled=true, rotatable=false, handlesAlerts=true, databaseEnabled=true, version=47.0.1, platform=LINUX, nativeEvents=false, acceptSslCerts=true, webStorageEnabled=true, locationContextEnabled=true, browserName=firefox, takesScreenshot=true, javascriptEnabled=true, cssSelectorsEnabled=true}]
Session ID: fd59750a-6cd2-45cd-a523-1e3c2ee77287
*** Element info: {Using=name, value=nome}
	at sun.reflect.GeneratedConstructorAccessor11.newInstance(Unknown Source)
	at sun.reflect.DelegatingConstructorAccessorImpl.newInstance(DelegatingConstructorAccessorImpl.java:45)
	at java.lang.reflect.Constructor.newInstance(Constructor.java:422)
	at org.openqa.selenium.remote.ErrorHandler.createThrowable(ErrorHandler.java:206)
	at org.openqa.selenium.remote.ErrorHandler.throwIfResponseFailed(ErrorHandler.java:158)
	at org.openqa.selenium.remote.RemoteWebDriver.execute(RemoteWebDriver.java:678)
	at org.openqa.selenium.remote.RemoteWebDriver.findElement(RemoteWebDriver.java:363)
	at org.openqa.selenium.remote.RemoteWebDriver.findElementByName(RemoteWebDriver.java:461)
	at org.openqa.selenium.By$ByName.findElement(By.java:303)
	at org.openqa.selenium.remote.RemoteWebDriver.findElement(RemoteWebDriver.java:355)
	at br.com.ricardotulio.mikrotikadmin.CadastraClientesTest.testaSeCadastraCliente(CadastraClientesTest.java:129)
	at sun.reflect.GeneratedMethodAccessor10.invoke(Unknown Source)
	at sun.reflect.DelegatingMethodAccessorImpl.invoke(DelegatingMethodAccessorImpl.java:43)
	at java.lang.reflect.Method.invoke(Method.java:497)
	at org.junit.runners.model.FrameworkMethod$1.runReflectiveCall(FrameworkMethod.java:50)
	at org.junit.internal.runners.model.ReflectiveCallable.run(ReflectiveCallable.java:12)
	at org.junit.runners.model.FrameworkMethod.invokeExplosively(FrameworkMethod.java:47)
	at org.junit.internal.runners.statements.InvokeMethod.evaluate(InvokeMethod.java:17)
	at org.junit.internal.runners.statements.RunAfters.evaluate(RunAfters.java:27)
	at org.junit.rules.TestWatcher$1.evaluate(TestWatcher.java:55)
	at org.junit.rules.RunRules.evaluate(RunRules.java:20)
	at org.junit.runners.ParentRunner.runLeaf(ParentRunner.java:325)
	at org.junit.runners.BlockJUnit4ClassRunner.runChild(BlockJUnit4ClassRunner.java:78)
	at org.junit.runners.BlockJUnit4ClassRunner.runChild(BlockJUnit4ClassRunner.java:57)
	at org.junit.runners.ParentRunner$3.run(ParentRunner.java:290)
	at org.junit.runners.ParentRunner$1.schedule(ParentRunner.java:71)
	at org.junit.runners.ParentRunner.runChildren(ParentRunner.java:288)
	at org.junit.runners.ParentRunner.access$000(ParentRunner.java:58)
	at org.junit.runners.ParentRunner$2.evaluate(ParentRunner.java:268)
	at org.junit.runners.ParentRunner.run(ParentRunner.java:363)
	at org.junit.runners.Suite.runChild(Suite.java:128)
	at org.junit.runners.Suite.runChild(Suite.java:27)
	at org.junit.runners.ParentRunner$3.run(ParentRunner.java:290)
	at org.junit.runners.ParentRunner$1.schedule(ParentRunner.java:71)
	at org.junit.runners.ParentRunner.runChildren(ParentRunner.java:288)
	at org.junit.runners.ParentRunner.access$000(ParentRunner.java:58)
	at org.junit.runners.ParentRunner$2.evaluate(ParentRunner.java:268)
	at org.junit.internal.runners.statements.RunBefores.evaluate(RunBefores.java:26)
	at org.junit.internal.runners.statements.RunAfters.evaluate(RunAfters.java:27)
	at org.junit.runners.ParentRunner.run(ParentRunner.java:363)
	at org.apache.maven.surefire.junit4.JUnit4TestSet.execute(JUnit4TestSet.java:53)
	at org.apache.maven.surefire.junit4.JUnit4Provider.executeTestSet(JUnit4Provider.java:123)
	at org.apache.maven.surefire.junit4.JUnit4Provider.invoke(JUnit4Provider.java:104)
	at sun.reflect.NativeMethodAccessorImpl.invoke0(Native Method)
	at sun.reflect.NativeMethodAccessorImpl.invoke(NativeMethodAccessorImpl.java:62)
	at sun.reflect.DelegatingMethodAccessorImpl.invoke(DelegatingMethodAccessorImpl.java:43)
	at java.lang.reflect.Method.invoke(Method.java:497)
	at org.apache.maven.surefire.util.ReflectionUtils.invokeMethodWithArray(ReflectionUtils.java:164)
	at org.apache.maven.surefire.booter.ProviderFactory$ProviderProxy.invoke(ProviderFactory.java:110)
	at org.apache.maven.surefire.booter.SurefireStarter.invokeProvider(SurefireStarter.java:175)
	at org.apache.maven.surefire.booter.SurefireStarter.runSuitesInProcessWhenForked(SurefireStarter.java:107)
	at org.apache.maven.surefire.booter.ForkedBooter.main(ForkedBooter.java:68)
Caused by: org.openqa.selenium.NoSuchElementException: Unable to locate element: {&quot;method&quot;:&quot;name&quot;,&quot;selector&quot;:&quot;nome&quot;}
For documentation on this error, please visit: http://seleniumhq.org/exceptions/no_such_element.html
Build info: version: &apos;2.53.1&apos;, revision: &apos;a36b8b1cd5757287168e54b817830adce9b0158d&apos;, time: &apos;2016-06-30 19:26:09&apos;
System info: host: &apos;debian&apos;, ip: &apos;127.0.1.1&apos;, os.name: &apos;Linux&apos;, os.arch: &apos;amd64&apos;, os.version: &apos;3.16.0-4-amd64&apos;, java.version: &apos;1.8.0_51&apos;
Driver info: driver.version: unknown
	at &lt;anonymous class&gt;.FirefoxDriver.prototype.findElementInternal_(file:///tmp/anonymous2779453413399423835webdriver-profile/extensions/fxdriver@googlecode.com/components/driver-component.js:10770)
	at &lt;anonymous class&gt;.FirefoxDriver.prototype.findElement(file:///tmp/anonymous2779453413399423835webdriver-profile/extensions/fxdriver@googlecode.com/components/driver-component.js:10779)
	at &lt;anonymous class&gt;.DelayedCommand.prototype.executeInternal_/h(file:///tmp/anonymous2779453413399423835webdriver-profile/extensions/fxdriver@googlecode.com/components/command-processor.js:12661)
	at &lt;anonymous class&gt;.DelayedCommand.prototype.executeInternal_(file:///tmp/anonymous2779453413399423835webdriver-profile/extensions/fxdriver@googlecode.com/components/command-processor.js:12666)
	at &lt;anonymous class&gt;.DelayedCommand.prototype.execute/&lt;(file:///tmp/anonymous2779453413399423835webdriver-profile/extensions/fxdriver@googlecode.com/components/command-processor.js:12608)
</error>
  </testcase>
  <testcase classname="br.com.ricardotulio.mikrotikadmin.CadastraClientesTest" name="testaSeCadastraCliente[27]" time="0.102">
    <error message="Unable to locate element: {&quot;method&quot;:&quot;name&quot;,&quot;selector&quot;:&quot;nome&quot;}
Command duration or timeout: 7 milliseconds
For documentation on this error, please visit: http://seleniumhq.org/exceptions/no_such_element.html
Build info: version: &apos;2.53.1&apos;, revision: &apos;a36b8b1cd5757287168e54b817830adce9b0158d&apos;, time: &apos;2016-06-30 19:26:09&apos;
System info: host: &apos;debian&apos;, ip: &apos;127.0.1.1&apos;, os.name: &apos;Linux&apos;, os.arch: &apos;amd64&apos;, os.version: &apos;3.16.0-4-amd64&apos;, java.version: &apos;1.8.0_51&apos;
Driver info: org.openqa.selenium.firefox.FirefoxDriver
Capabilities [{applicationCacheEnabled=true, rotatable=false, handlesAlerts=true, databaseEnabled=true, version=47.0.1, platform=LINUX, nativeEvents=false, acceptSslCerts=true, webStorageEnabled=true, locationContextEnabled=true, browserName=firefox, takesScreenshot=true, javascriptEnabled=true, cssSelectorsEnabled=true}]
Session ID: fd59750a-6cd2-45cd-a523-1e3c2ee77287
*** Element info: {Using=name, value=nome}" type="org.openqa.selenium.NoSuchElementException">org.openqa.selenium.NoSuchElementException: Unable to locate element: {&quot;method&quot;:&quot;name&quot;,&quot;selector&quot;:&quot;nome&quot;}
Command duration or timeout: 7 milliseconds
For documentation on this error, please visit: http://seleniumhq.org/exceptions/no_such_element.html
Build info: version: &apos;2.53.1&apos;, revision: &apos;a36b8b1cd5757287168e54b817830adce9b0158d&apos;, time: &apos;2016-06-30 19:26:09&apos;
System info: host: &apos;debian&apos;, ip: &apos;127.0.1.1&apos;, os.name: &apos;Linux&apos;, os.arch: &apos;amd64&apos;, os.version: &apos;3.16.0-4-amd64&apos;, java.version: &apos;1.8.0_51&apos;
Driver info: org.openqa.selenium.firefox.FirefoxDriver
Capabilities [{applicationCacheEnabled=true, rotatable=false, handlesAlerts=true, databaseEnabled=true, version=47.0.1, platform=LINUX, nativeEvents=false, acceptSslCerts=true, webStorageEnabled=true, locationContextEnabled=true, browserName=firefox, takesScreenshot=true, javascriptEnabled=true, cssSelectorsEnabled=true}]
Session ID: fd59750a-6cd2-45cd-a523-1e3c2ee77287
*** Element info: {Using=name, value=nome}
	at sun.reflect.GeneratedConstructorAccessor11.newInstance(Unknown Source)
	at sun.reflect.DelegatingConstructorAccessorImpl.newInstance(DelegatingConstructorAccessorImpl.java:45)
	at java.lang.reflect.Constructor.newInstance(Constructor.java:422)
	at org.openqa.selenium.remote.ErrorHandler.createThrowable(ErrorHandler.java:206)
	at org.openqa.selenium.remote.ErrorHandler.throwIfResponseFailed(ErrorHandler.java:158)
	at org.openqa.selenium.remote.RemoteWebDriver.execute(RemoteWebDriver.java:678)
	at org.openqa.selenium.remote.RemoteWebDriver.findElement(RemoteWebDriver.java:363)
	at org.openqa.selenium.remote.RemoteWebDriver.findElementByName(RemoteWebDriver.java:461)
	at org.openqa.selenium.By$ByName.findElement(By.java:303)
	at org.openqa.selenium.remote.RemoteWebDriver.findElement(RemoteWebDriver.java:355)
	at br.com.ricardotulio.mikrotikadmin.CadastraClientesTest.testaSeCadastraCliente(CadastraClientesTest.java:129)
	at sun.reflect.GeneratedMethodAccessor10.invoke(Unknown Source)
	at sun.reflect.DelegatingMethodAccessorImpl.invoke(DelegatingMethodAccessorImpl.java:43)
	at java.lang.reflect.Method.invoke(Method.java:497)
	at org.junit.runners.model.FrameworkMethod$1.runReflectiveCall(FrameworkMethod.java:50)
	at org.junit.internal.runners.model.ReflectiveCallable.run(ReflectiveCallable.java:12)
	at org.junit.runners.model.FrameworkMethod.invokeExplosively(FrameworkMethod.java:47)
	at org.junit.internal.runners.statements.InvokeMethod.evaluate(InvokeMethod.java:17)
	at org.junit.internal.runners.statements.RunAfters.evaluate(RunAfters.java:27)
	at org.junit.rules.TestWatcher$1.evaluate(TestWatcher.java:55)
	at org.junit.rules.RunRules.evaluate(RunRules.java:20)
	at org.junit.runners.ParentRunner.runLeaf(ParentRunner.java:325)
	at org.junit.runners.BlockJUnit4ClassRunner.runChild(BlockJUnit4ClassRunner.java:78)
	at org.junit.runners.BlockJUnit4ClassRunner.runChild(BlockJUnit4ClassRunner.java:57)
	at org.junit.runners.ParentRunner$3.run(ParentRunner.java:290)
	at org.junit.runners.ParentRunner$1.schedule(ParentRunner.java:71)
	at org.junit.runners.ParentRunner.runChildren(ParentRunner.java:288)
	at org.junit.runners.ParentRunner.access$000(ParentRunner.java:58)
	at org.junit.runners.ParentRunner$2.evaluate(ParentRunner.java:268)
	at org.junit.runners.ParentRunner.run(ParentRunner.java:363)
	at org.junit.runners.Suite.runChild(Suite.java:128)
	at org.junit.runners.Suite.runChild(Suite.java:27)
	at org.junit.runners.ParentRunner$3.run(ParentRunner.java:290)
	at org.junit.runners.ParentRunner$1.schedule(ParentRunner.java:71)
	at org.junit.runners.ParentRunner.runChildren(ParentRunner.java:288)
	at org.junit.runners.ParentRunner.access$000(ParentRunner.java:58)
	at org.junit.runners.ParentRunner$2.evaluate(ParentRunner.java:268)
	at org.junit.internal.runners.statements.RunBefores.evaluate(RunBefores.java:26)
	at org.junit.internal.runners.statements.RunAfters.evaluate(RunAfters.java:27)
	at org.junit.runners.ParentRunner.run(ParentRunner.java:363)
	at org.apache.maven.surefire.junit4.JUnit4TestSet.execute(JUnit4TestSet.java:53)
	at org.apache.maven.surefire.junit4.JUnit4Provider.executeTestSet(JUnit4Provider.java:123)
	at org.apache.maven.surefire.junit4.JUnit4Provider.invoke(JUnit4Provider.java:104)
	at sun.reflect.NativeMethodAccessorImpl.invoke0(Native Method)
	at sun.reflect.NativeMethodAccessorImpl.invoke(NativeMethodAccessorImpl.java:62)
	at sun.reflect.DelegatingMethodAccessorImpl.invoke(DelegatingMethodAccessorImpl.java:43)
	at java.lang.reflect.Method.invoke(Method.java:497)
	at org.apache.maven.surefire.util.ReflectionUtils.invokeMethodWithArray(ReflectionUtils.java:164)
	at org.apache.maven.surefire.booter.ProviderFactory$ProviderProxy.invoke(ProviderFactory.java:110)
	at org.apache.maven.surefire.booter.SurefireStarter.invokeProvider(SurefireStarter.java:175)
	at org.apache.maven.surefire.booter.SurefireStarter.runSuitesInProcessWhenForked(SurefireStarter.java:107)
	at org.apache.maven.surefire.booter.ForkedBooter.main(ForkedBooter.java:68)
Caused by: org.openqa.selenium.NoSuchElementException: Unable to locate element: {&quot;method&quot;:&quot;name&quot;,&quot;selector&quot;:&quot;nome&quot;}
For documentation on this error, please visit: http://seleniumhq.org/exceptions/no_such_element.html
Build info: version: &apos;2.53.1&apos;, revision: &apos;a36b8b1cd5757287168e54b817830adce9b0158d&apos;, time: &apos;2016-06-30 19:26:09&apos;
System info: host: &apos;debian&apos;, ip: &apos;127.0.1.1&apos;, os.name: &apos;Linux&apos;, os.arch: &apos;amd64&apos;, os.version: &apos;3.16.0-4-amd64&apos;, java.version: &apos;1.8.0_51&apos;
Driver info: driver.version: unknown
	at &lt;anonymous class&gt;.FirefoxDriver.prototype.findElementInternal_(file:///tmp/anonymous2779453413399423835webdriver-profile/extensions/fxdriver@googlecode.com/components/driver-component.js:10770)
	at &lt;anonymous class&gt;.FirefoxDriver.prototype.findElement(file:///tmp/anonymous2779453413399423835webdriver-profile/extensions/fxdriver@googlecode.com/components/driver-component.js:10779)
	at &lt;anonymous class&gt;.DelayedCommand.prototype.executeInternal_/h(file:///tmp/anonymous2779453413399423835webdriver-profile/extensions/fxdriver@googlecode.com/components/command-processor.js:12661)
	at &lt;anonymous class&gt;.DelayedCommand.prototype.executeInternal_(file:///tmp/anonymous2779453413399423835webdriver-profile/extensions/fxdriver@googlecode.com/components/command-processor.js:12666)
	at &lt;anonymous class&gt;.DelayedCommand.prototype.execute/&lt;(file:///tmp/anonymous2779453413399423835webdriver-profile/extensions/fxdriver@googlecode.com/components/command-processor.js:12608)
</error>
  </testcase>
  <testcase classname="br.com.ricardotulio.mikrotikadmin.CadastraClientesTest" name="testaSeCadastraCliente[28]" time="0.117">
    <error message="Unable to locate element: {&quot;method&quot;:&quot;name&quot;,&quot;selector&quot;:&quot;nome&quot;}
Command duration or timeout: 7 milliseconds
For documentation on this error, please visit: http://seleniumhq.org/exceptions/no_such_element.html
Build info: version: &apos;2.53.1&apos;, revision: &apos;a36b8b1cd5757287168e54b817830adce9b0158d&apos;, time: &apos;2016-06-30 19:26:09&apos;
System info: host: &apos;debian&apos;, ip: &apos;127.0.1.1&apos;, os.name: &apos;Linux&apos;, os.arch: &apos;amd64&apos;, os.version: &apos;3.16.0-4-amd64&apos;, java.version: &apos;1.8.0_51&apos;
Driver info: org.openqa.selenium.firefox.FirefoxDriver
Capabilities [{applicationCacheEnabled=true, rotatable=false, handlesAlerts=true, databaseEnabled=true, version=47.0.1, platform=LINUX, nativeEvents=false, acceptSslCerts=true, webStorageEnabled=true, locationContextEnabled=true, browserName=firefox, takesScreenshot=true, javascriptEnabled=true, cssSelectorsEnabled=true}]
Session ID: fd59750a-6cd2-45cd-a523-1e3c2ee77287
*** Element info: {Using=name, value=nome}" type="org.openqa.selenium.NoSuchElementException">org.openqa.selenium.NoSuchElementException: Unable to locate element: {&quot;method&quot;:&quot;name&quot;,&quot;selector&quot;:&quot;nome&quot;}
Command duration or timeout: 7 milliseconds
For documentation on this error, please visit: http://seleniumhq.org/exceptions/no_such_element.html
Build info: version: &apos;2.53.1&apos;, revision: &apos;a36b8b1cd5757287168e54b817830adce9b0158d&apos;, time: &apos;2016-06-30 19:26:09&apos;
System info: host: &apos;debian&apos;, ip: &apos;127.0.1.1&apos;, os.name: &apos;Linux&apos;, os.arch: &apos;amd64&apos;, os.version: &apos;3.16.0-4-amd64&apos;, java.version: &apos;1.8.0_51&apos;
Driver info: org.openqa.selenium.firefox.FirefoxDriver
Capabilities [{applicationCacheEnabled=true, rotatable=false, handlesAlerts=true, databaseEnabled=true, version=47.0.1, platform=LINUX, nativeEvents=false, acceptSslCerts=true, webStorageEnabled=true, locationContextEnabled=true, browserName=firefox, takesScreenshot=true, javascriptEnabled=true, cssSelectorsEnabled=true}]
Session ID: fd59750a-6cd2-45cd-a523-1e3c2ee77287
*** Element info: {Using=name, value=nome}
	at sun.reflect.GeneratedConstructorAccessor11.newInstance(Unknown Source)
	at sun.reflect.DelegatingConstructorAccessorImpl.newInstance(DelegatingConstructorAccessorImpl.java:45)
	at java.lang.reflect.Constructor.newInstance(Constructor.java:422)
	at org.openqa.selenium.remote.ErrorHandler.createThrowable(ErrorHandler.java:206)
	at org.openqa.selenium.remote.ErrorHandler.throwIfResponseFailed(ErrorHandler.java:158)
	at org.openqa.selenium.remote.RemoteWebDriver.execute(RemoteWebDriver.java:678)
	at org.openqa.selenium.remote.RemoteWebDriver.findElement(RemoteWebDriver.java:363)
	at org.openqa.selenium.remote.RemoteWebDriver.findElementByName(RemoteWebDriver.java:461)
	at org.openqa.selenium.By$ByName.findElement(By.java:303)
	at org.openqa.selenium.remote.RemoteWebDriver.findElement(RemoteWebDriver.java:355)
	at br.com.ricardotulio.mikrotikadmin.CadastraClientesTest.testaSeCadastraCliente(CadastraClientesTest.java:129)
	at sun.reflect.GeneratedMethodAccessor10.invoke(Unknown Source)
	at sun.reflect.DelegatingMethodAccessorImpl.invoke(DelegatingMethodAccessorImpl.java:43)
	at java.lang.reflect.Method.invoke(Method.java:497)
	at org.junit.runners.model.FrameworkMethod$1.runReflectiveCall(FrameworkMethod.java:50)
	at org.junit.internal.runners.model.ReflectiveCallable.run(ReflectiveCallable.java:12)
	at org.junit.runners.model.FrameworkMethod.invokeExplosively(FrameworkMethod.java:47)
	at org.junit.internal.runners.statements.InvokeMethod.evaluate(InvokeMethod.java:17)
	at org.junit.internal.runners.statements.RunAfters.evaluate(RunAfters.java:27)
	at org.junit.rules.TestWatcher$1.evaluate(TestWatcher.java:55)
	at org.junit.rules.RunRules.evaluate(RunRules.java:20)
	at org.junit.runners.ParentRunner.runLeaf(ParentRunner.java:325)
	at org.junit.runners.BlockJUnit4ClassRunner.runChild(BlockJUnit4ClassRunner.java:78)
	at org.junit.runners.BlockJUnit4ClassRunner.runChild(BlockJUnit4ClassRunner.java:57)
	at org.junit.runners.ParentRunner$3.run(ParentRunner.java:290)
	at org.junit.runners.ParentRunner$1.schedule(ParentRunner.java:71)
	at org.junit.runners.ParentRunner.runChildren(ParentRunner.java:288)
	at org.junit.runners.ParentRunner.access$000(ParentRunner.java:58)
	at org.junit.runners.ParentRunner$2.evaluate(ParentRunner.java:268)
	at org.junit.runners.ParentRunner.run(ParentRunner.java:363)
	at org.junit.runners.Suite.runChild(Suite.java:128)
	at org.junit.runners.Suite.runChild(Suite.java:27)
	at org.junit.runners.ParentRunner$3.run(ParentRunner.java:290)
	at org.junit.runners.ParentRunner$1.schedule(ParentRunner.java:71)
	at org.junit.runners.ParentRunner.runChildren(ParentRunner.java:288)
	at org.junit.runners.ParentRunner.access$000(ParentRunner.java:58)
	at org.junit.runners.ParentRunner$2.evaluate(ParentRunner.java:268)
	at org.junit.internal.runners.statements.RunBefores.evaluate(RunBefores.java:26)
	at org.junit.internal.runners.statements.RunAfters.evaluate(RunAfters.java:27)
	at org.junit.runners.ParentRunner.run(ParentRunner.java:363)
	at org.apache.maven.surefire.junit4.JUnit4TestSet.execute(JUnit4TestSet.java:53)
	at org.apache.maven.surefire.junit4.JUnit4Provider.executeTestSet(JUnit4Provider.java:123)
	at org.apache.maven.surefire.junit4.JUnit4Provider.invoke(JUnit4Provider.java:104)
	at sun.reflect.NativeMethodAccessorImpl.invoke0(Native Method)
	at sun.reflect.NativeMethodAccessorImpl.invoke(NativeMethodAccessorImpl.java:62)
	at sun.reflect.DelegatingMethodAccessorImpl.invoke(DelegatingMethodAccessorImpl.java:43)
	at java.lang.reflect.Method.invoke(Method.java:497)
	at org.apache.maven.surefire.util.ReflectionUtils.invokeMethodWithArray(ReflectionUtils.java:164)
	at org.apache.maven.surefire.booter.ProviderFactory$ProviderProxy.invoke(ProviderFactory.java:110)
	at org.apache.maven.surefire.booter.SurefireStarter.invokeProvider(SurefireStarter.java:175)
	at org.apache.maven.surefire.booter.SurefireStarter.runSuitesInProcessWhenForked(SurefireStarter.java:107)
	at org.apache.maven.surefire.booter.ForkedBooter.main(ForkedBooter.java:68)
Caused by: org.openqa.selenium.NoSuchElementException: Unable to locate element: {&quot;method&quot;:&quot;name&quot;,&quot;selector&quot;:&quot;nome&quot;}
For documentation on this error, please visit: http://seleniumhq.org/exceptions/no_such_element.html
Build info: version: &apos;2.53.1&apos;, revision: &apos;a36b8b1cd5757287168e54b817830adce9b0158d&apos;, time: &apos;2016-06-30 19:26:09&apos;
System info: host: &apos;debian&apos;, ip: &apos;127.0.1.1&apos;, os.name: &apos;Linux&apos;, os.arch: &apos;amd64&apos;, os.version: &apos;3.16.0-4-amd64&apos;, java.version: &apos;1.8.0_51&apos;
Driver info: driver.version: unknown
	at &lt;anonymous class&gt;.FirefoxDriver.prototype.findElementInternal_(file:///tmp/anonymous2779453413399423835webdriver-profile/extensions/fxdriver@googlecode.com/components/driver-component.js:10770)
	at &lt;anonymous class&gt;.FirefoxDriver.prototype.findElement(file:///tmp/anonymous2779453413399423835webdriver-profile/extensions/fxdriver@googlecode.com/components/driver-component.js:10779)
	at &lt;anonymous class&gt;.DelayedCommand.prototype.executeInternal_/h(file:///tmp/anonymous2779453413399423835webdriver-profile/extensions/fxdriver@googlecode.com/components/command-processor.js:12661)
	at &lt;anonymous class&gt;.DelayedCommand.prototype.executeInternal_(file:///tmp/anonymous2779453413399423835webdriver-profile/extensions/fxdriver@googlecode.com/components/command-processor.js:12666)
	at &lt;anonymous class&gt;.DelayedCommand.prototype.execute/&lt;(file:///tmp/anonymous2779453413399423835webdriver-profile/extensions/fxdriver@googlecode.com/components/command-processor.js:12608)
</error>
  </testcase>
  <testcase classname="br.com.ricardotulio.mikrotikadmin.CadastraClientesTest" name="testaSeCadastraCliente[29]" time="0.097">
    <error message="Unable to locate element: {&quot;method&quot;:&quot;name&quot;,&quot;selector&quot;:&quot;nome&quot;}
Command duration or timeout: 13 milliseconds
For documentation on this error, please visit: http://seleniumhq.org/exceptions/no_such_element.html
Build info: version: &apos;2.53.1&apos;, revision: &apos;a36b8b1cd5757287168e54b817830adce9b0158d&apos;, time: &apos;2016-06-30 19:26:09&apos;
System info: host: &apos;debian&apos;, ip: &apos;127.0.1.1&apos;, os.name: &apos;Linux&apos;, os.arch: &apos;amd64&apos;, os.version: &apos;3.16.0-4-amd64&apos;, java.version: &apos;1.8.0_51&apos;
Driver info: org.openqa.selenium.firefox.FirefoxDriver
Capabilities [{applicationCacheEnabled=true, rotatable=false, handlesAlerts=true, databaseEnabled=true, version=47.0.1, platform=LINUX, nativeEvents=false, acceptSslCerts=true, webStorageEnabled=true, locationContextEnabled=true, browserName=firefox, takesScreenshot=true, javascriptEnabled=true, cssSelectorsEnabled=true}]
Session ID: fd59750a-6cd2-45cd-a523-1e3c2ee77287
*** Element info: {Using=name, value=nome}" type="org.openqa.selenium.NoSuchElementException">org.openqa.selenium.NoSuchElementException: Unable to locate element: {&quot;method&quot;:&quot;name&quot;,&quot;selector&quot;:&quot;nome&quot;}
Command duration or timeout: 13 milliseconds
For documentation on this error, please visit: http://seleniumhq.org/exceptions/no_such_element.html
Build info: version: &apos;2.53.1&apos;, revision: &apos;a36b8b1cd5757287168e54b817830adce9b0158d&apos;, time: &apos;2016-06-30 19:26:09&apos;
System info: host: &apos;debian&apos;, ip: &apos;127.0.1.1&apos;, os.name: &apos;Linux&apos;, os.arch: &apos;amd64&apos;, os.version: &apos;3.16.0-4-amd64&apos;, java.version: &apos;1.8.0_51&apos;
Driver info: org.openqa.selenium.firefox.FirefoxDriver
Capabilities [{applicationCacheEnabled=true, rotatable=false, handlesAlerts=true, databaseEnabled=true, version=47.0.1, platform=LINUX, nativeEvents=false, acceptSslCerts=true, webStorageEnabled=true, locationContextEnabled=true, browserName=firefox, takesScreenshot=true, javascriptEnabled=true, cssSelectorsEnabled=true}]
Session ID: fd59750a-6cd2-45cd-a523-1e3c2ee77287
*** Element info: {Using=name, value=nome}
	at sun.reflect.GeneratedConstructorAccessor11.newInstance(Unknown Source)
	at sun.reflect.DelegatingConstructorAccessorImpl.newInstance(DelegatingConstructorAccessorImpl.java:45)
	at java.lang.reflect.Constructor.newInstance(Constructor.java:422)
	at org.openqa.selenium.remote.ErrorHandler.createThrowable(ErrorHandler.java:206)
	at org.openqa.selenium.remote.ErrorHandler.throwIfResponseFailed(ErrorHandler.java:158)
	at org.openqa.selenium.remote.RemoteWebDriver.execute(RemoteWebDriver.java:678)
	at org.openqa.selenium.remote.RemoteWebDriver.findElement(RemoteWebDriver.java:363)
	at org.openqa.selenium.remote.RemoteWebDriver.findElementByName(RemoteWebDriver.java:461)
	at org.openqa.selenium.By$ByName.findElement(By.java:303)
	at org.openqa.selenium.remote.RemoteWebDriver.findElement(RemoteWebDriver.java:355)
	at br.com.ricardotulio.mikrotikadmin.CadastraClientesTest.testaSeCadastraCliente(CadastraClientesTest.java:129)
	at sun.reflect.GeneratedMethodAccessor10.invoke(Unknown Source)
	at sun.reflect.DelegatingMethodAccessorImpl.invoke(DelegatingMethodAccessorImpl.java:43)
	at java.lang.reflect.Method.invoke(Method.java:497)
	at org.junit.runners.model.FrameworkMethod$1.runReflectiveCall(FrameworkMethod.java:50)
	at org.junit.internal.runners.model.ReflectiveCallable.run(ReflectiveCallable.java:12)
	at org.junit.runners.model.FrameworkMethod.invokeExplosively(FrameworkMethod.java:47)
	at org.junit.internal.runners.statements.InvokeMethod.evaluate(InvokeMethod.java:17)
	at org.junit.internal.runners.statements.RunAfters.evaluate(RunAfters.java:27)
	at org.junit.rules.TestWatcher$1.evaluate(TestWatcher.java:55)
	at org.junit.rules.RunRules.evaluate(RunRules.java:20)
	at org.junit.runners.ParentRunner.runLeaf(ParentRunner.java:325)
	at org.junit.runners.BlockJUnit4ClassRunner.runChild(BlockJUnit4ClassRunner.java:78)
	at org.junit.runners.BlockJUnit4ClassRunner.runChild(BlockJUnit4ClassRunner.java:57)
	at org.junit.runners.ParentRunner$3.run(ParentRunner.java:290)
	at org.junit.runners.ParentRunner$1.schedule(ParentRunner.java:71)
	at org.junit.runners.ParentRunner.runChildren(ParentRunner.java:288)
	at org.junit.runners.ParentRunner.access$000(ParentRunner.java:58)
	at org.junit.runners.ParentRunner$2.evaluate(ParentRunner.java:268)
	at org.junit.runners.ParentRunner.run(ParentRunner.java:363)
	at org.junit.runners.Suite.runChild(Suite.java:128)
	at org.junit.runners.Suite.runChild(Suite.java:27)
	at org.junit.runners.ParentRunner$3.run(ParentRunner.java:290)
	at org.junit.runners.ParentRunner$1.schedule(ParentRunner.java:71)
	at org.junit.runners.ParentRunner.runChildren(ParentRunner.java:288)
	at org.junit.runners.ParentRunner.access$000(ParentRunner.java:58)
	at org.junit.runners.ParentRunner$2.evaluate(ParentRunner.java:268)
	at org.junit.internal.runners.statements.RunBefores.evaluate(RunBefores.java:26)
	at org.junit.internal.runners.statements.RunAfters.evaluate(RunAfters.java:27)
	at org.junit.runners.ParentRunner.run(ParentRunner.java:363)
	at org.apache.maven.surefire.junit4.JUnit4TestSet.execute(JUnit4TestSet.java:53)
	at org.apache.maven.surefire.junit4.JUnit4Provider.executeTestSet(JUnit4Provider.java:123)
	at org.apache.maven.surefire.junit4.JUnit4Provider.invoke(JUnit4Provider.java:104)
	at sun.reflect.NativeMethodAccessorImpl.invoke0(Native Method)
	at sun.reflect.NativeMethodAccessorImpl.invoke(NativeMethodAccessorImpl.java:62)
	at sun.reflect.DelegatingMethodAccessorImpl.invoke(DelegatingMethodAccessorImpl.java:43)
	at java.lang.reflect.Method.invoke(Method.java:497)
	at org.apache.maven.surefire.util.ReflectionUtils.invokeMethodWithArray(ReflectionUtils.java:164)
	at org.apache.maven.surefire.booter.ProviderFactory$ProviderProxy.invoke(ProviderFactory.java:110)
	at org.apache.maven.surefire.booter.SurefireStarter.invokeProvider(SurefireStarter.java:175)
	at org.apache.maven.surefire.booter.SurefireStarter.runSuitesInProcessWhenForked(SurefireStarter.java:107)
	at org.apache.maven.surefire.booter.ForkedBooter.main(ForkedBooter.java:68)
Caused by: org.openqa.selenium.NoSuchElementException: Unable to locate element: {&quot;method&quot;:&quot;name&quot;,&quot;selector&quot;:&quot;nome&quot;}
For documentation on this error, please visit: http://seleniumhq.org/exceptions/no_such_element.html
Build info: version: &apos;2.53.1&apos;, revision: &apos;a36b8b1cd5757287168e54b817830adce9b0158d&apos;, time: &apos;2016-06-30 19:26:09&apos;
System info: host: &apos;debian&apos;, ip: &apos;127.0.1.1&apos;, os.name: &apos;Linux&apos;, os.arch: &apos;amd64&apos;, os.version: &apos;3.16.0-4-amd64&apos;, java.version: &apos;1.8.0_51&apos;
Driver info: driver.version: unknown
	at &lt;anonymous class&gt;.FirefoxDriver.prototype.findElementInternal_(file:///tmp/anonymous2779453413399423835webdriver-profile/extensions/fxdriver@googlecode.com/components/driver-component.js:10770)
	at &lt;anonymous class&gt;.FirefoxDriver.prototype.findElement(file:///tmp/anonymous2779453413399423835webdriver-profile/extensions/fxdriver@googlecode.com/components/driver-component.js:10779)
	at &lt;anonymous class&gt;.DelayedCommand.prototype.executeInternal_/h(file:///tmp/anonymous2779453413399423835webdriver-profile/extensions/fxdriver@googlecode.com/components/command-processor.js:12661)
	at &lt;anonymous class&gt;.DelayedCommand.prototype.executeInternal_(file:///tmp/anonymous2779453413399423835webdriver-profile/extensions/fxdriver@googlecode.com/components/command-processor.js:12666)
	at &lt;anonymous class&gt;.DelayedCommand.prototype.execute/&lt;(file:///tmp/anonymous2779453413399423835webdriver-profile/extensions/fxdriver@googlecode.com/components/command-processor.js:12608)
</error>
  </testcase>
  <testcase classname="br.com.ricardotulio.mikrotikadmin.CadastraClientesTest" name="testaSeCadastraCliente[30]" time="0.1">
    <error message="Unable to locate element: {&quot;method&quot;:&quot;name&quot;,&quot;selector&quot;:&quot;nome&quot;}
Command duration or timeout: 8 milliseconds
For documentation on this error, please visit: http://seleniumhq.org/exceptions/no_such_element.html
Build info: version: &apos;2.53.1&apos;, revision: &apos;a36b8b1cd5757287168e54b817830adce9b0158d&apos;, time: &apos;2016-06-30 19:26:09&apos;
System info: host: &apos;debian&apos;, ip: &apos;127.0.1.1&apos;, os.name: &apos;Linux&apos;, os.arch: &apos;amd64&apos;, os.version: &apos;3.16.0-4-amd64&apos;, java.version: &apos;1.8.0_51&apos;
Driver info: org.openqa.selenium.firefox.FirefoxDriver
Capabilities [{applicationCacheEnabled=true, rotatable=false, handlesAlerts=true, databaseEnabled=true, version=47.0.1, platform=LINUX, nativeEvents=false, acceptSslCerts=true, webStorageEnabled=true, locationContextEnabled=true, browserName=firefox, takesScreenshot=true, javascriptEnabled=true, cssSelectorsEnabled=true}]
Session ID: fd59750a-6cd2-45cd-a523-1e3c2ee77287
*** Element info: {Using=name, value=nome}" type="org.openqa.selenium.NoSuchElementException">org.openqa.selenium.NoSuchElementException: Unable to locate element: {&quot;method&quot;:&quot;name&quot;,&quot;selector&quot;:&quot;nome&quot;}
Command duration or timeout: 8 milliseconds
For documentation on this error, please visit: http://seleniumhq.org/exceptions/no_such_element.html
Build info: version: &apos;2.53.1&apos;, revision: &apos;a36b8b1cd5757287168e54b817830adce9b0158d&apos;, time: &apos;2016-06-30 19:26:09&apos;
System info: host: &apos;debian&apos;, ip: &apos;127.0.1.1&apos;, os.name: &apos;Linux&apos;, os.arch: &apos;amd64&apos;, os.version: &apos;3.16.0-4-amd64&apos;, java.version: &apos;1.8.0_51&apos;
Driver info: org.openqa.selenium.firefox.FirefoxDriver
Capabilities [{applicationCacheEnabled=true, rotatable=false, handlesAlerts=true, databaseEnabled=true, version=47.0.1, platform=LINUX, nativeEvents=false, acceptSslCerts=true, webStorageEnabled=true, locationContextEnabled=true, browserName=firefox, takesScreenshot=true, javascriptEnabled=true, cssSelectorsEnabled=true}]
Session ID: fd59750a-6cd2-45cd-a523-1e3c2ee77287
*** Element info: {Using=name, value=nome}
	at sun.reflect.GeneratedConstructorAccessor11.newInstance(Unknown Source)
	at sun.reflect.DelegatingConstructorAccessorImpl.newInstance(DelegatingConstructorAccessorImpl.java:45)
	at java.lang.reflect.Constructor.newInstance(Constructor.java:422)
	at org.openqa.selenium.remote.ErrorHandler.createThrowable(ErrorHandler.java:206)
	at org.openqa.selenium.remote.ErrorHandler.throwIfResponseFailed(ErrorHandler.java:158)
	at org.openqa.selenium.remote.RemoteWebDriver.execute(RemoteWebDriver.java:678)
	at org.openqa.selenium.remote.RemoteWebDriver.findElement(RemoteWebDriver.java:363)
	at org.openqa.selenium.remote.RemoteWebDriver.findElementByName(RemoteWebDriver.java:461)
	at org.openqa.selenium.By$ByName.findElement(By.java:303)
	at org.openqa.selenium.remote.RemoteWebDriver.findElement(RemoteWebDriver.java:355)
	at br.com.ricardotulio.mikrotikadmin.CadastraClientesTest.testaSeCadastraCliente(CadastraClientesTest.java:129)
	at sun.reflect.GeneratedMethodAccessor10.invoke(Unknown Source)
	at sun.reflect.DelegatingMethodAccessorImpl.invoke(DelegatingMethodAccessorImpl.java:43)
	at java.lang.reflect.Method.invoke(Method.java:497)
	at org.junit.runners.model.FrameworkMethod$1.runReflectiveCall(FrameworkMethod.java:50)
	at org.junit.internal.runners.model.ReflectiveCallable.run(ReflectiveCallable.java:12)
	at org.junit.runners.model.FrameworkMethod.invokeExplosively(FrameworkMethod.java:47)
	at org.junit.internal.runners.statements.InvokeMethod.evaluate(InvokeMethod.java:17)
	at org.junit.internal.runners.statements.RunAfters.evaluate(RunAfters.java:27)
	at org.junit.rules.TestWatcher$1.evaluate(TestWatcher.java:55)
	at org.junit.rules.RunRules.evaluate(RunRules.java:20)
	at org.junit.runners.ParentRunner.runLeaf(ParentRunner.java:325)
	at org.junit.runners.BlockJUnit4ClassRunner.runChild(BlockJUnit4ClassRunner.java:78)
	at org.junit.runners.BlockJUnit4ClassRunner.runChild(BlockJUnit4ClassRunner.java:57)
	at org.junit.runners.ParentRunner$3.run(ParentRunner.java:290)
	at org.junit.runners.ParentRunner$1.schedule(ParentRunner.java:71)
	at org.junit.runners.ParentRunner.runChildren(ParentRunner.java:288)
	at org.junit.runners.ParentRunner.access$000(ParentRunner.java:58)
	at org.junit.runners.ParentRunner$2.evaluate(ParentRunner.java:268)
	at org.junit.runners.ParentRunner.run(ParentRunner.java:363)
	at org.junit.runners.Suite.runChild(Suite.java:128)
	at org.junit.runners.Suite.runChild(Suite.java:27)
	at org.junit.runners.ParentRunner$3.run(ParentRunner.java:290)
	at org.junit.runners.ParentRunner$1.schedule(ParentRunner.java:71)
	at org.junit.runners.ParentRunner.runChildren(ParentRunner.java:288)
	at org.junit.runners.ParentRunner.access$000(ParentRunner.java:58)
	at org.junit.runners.ParentRunner$2.evaluate(ParentRunner.java:268)
	at org.junit.internal.runners.statements.RunBefores.evaluate(RunBefores.java:26)
	at org.junit.internal.runners.statements.RunAfters.evaluate(RunAfters.java:27)
	at org.junit.runners.ParentRunner.run(ParentRunner.java:363)
	at org.apache.maven.surefire.junit4.JUnit4TestSet.execute(JUnit4TestSet.java:53)
	at org.apache.maven.surefire.junit4.JUnit4Provider.executeTestSet(JUnit4Provider.java:123)
	at org.apache.maven.surefire.junit4.JUnit4Provider.invoke(JUnit4Provider.java:104)
	at sun.reflect.NativeMethodAccessorImpl.invoke0(Native Method)
	at sun.reflect.NativeMethodAccessorImpl.invoke(NativeMethodAccessorImpl.java:62)
	at sun.reflect.DelegatingMethodAccessorImpl.invoke(DelegatingMethodAccessorImpl.java:43)
	at java.lang.reflect.Method.invoke(Method.java:497)
	at org.apache.maven.surefire.util.ReflectionUtils.invokeMethodWithArray(ReflectionUtils.java:164)
	at org.apache.maven.surefire.booter.ProviderFactory$ProviderProxy.invoke(ProviderFactory.java:110)
	at org.apache.maven.surefire.booter.SurefireStarter.invokeProvider(SurefireStarter.java:175)
	at org.apache.maven.surefire.booter.SurefireStarter.runSuitesInProcessWhenForked(SurefireStarter.java:107)
	at org.apache.maven.surefire.booter.ForkedBooter.main(ForkedBooter.java:68)
Caused by: org.openqa.selenium.NoSuchElementException: Unable to locate element: {&quot;method&quot;:&quot;name&quot;,&quot;selector&quot;:&quot;nome&quot;}
For documentation on this error, please visit: http://seleniumhq.org/exceptions/no_such_element.html
Build info: version: &apos;2.53.1&apos;, revision: &apos;a36b8b1cd5757287168e54b817830adce9b0158d&apos;, time: &apos;2016-06-30 19:26:09&apos;
System info: host: &apos;debian&apos;, ip: &apos;127.0.1.1&apos;, os.name: &apos;Linux&apos;, os.arch: &apos;amd64&apos;, os.version: &apos;3.16.0-4-amd64&apos;, java.version: &apos;1.8.0_51&apos;
Driver info: driver.version: unknown
	at &lt;anonymous class&gt;.FirefoxDriver.prototype.findElementInternal_(file:///tmp/anonymous2779453413399423835webdriver-profile/extensions/fxdriver@googlecode.com/components/driver-component.js:10770)
	at &lt;anonymous class&gt;.FirefoxDriver.prototype.findElement(file:///tmp/anonymous2779453413399423835webdriver-profile/extensions/fxdriver@googlecode.com/components/driver-component.js:10779)
	at &lt;anonymous class&gt;.DelayedCommand.prototype.executeInternal_/h(file:///tmp/anonymous2779453413399423835webdriver-profile/extensions/fxdriver@googlecode.com/components/command-processor.js:12661)
	at &lt;anonymous class&gt;.DelayedCommand.prototype.executeInternal_(file:///tmp/anonymous2779453413399423835webdriver-profile/extensions/fxdriver@googlecode.com/components/command-processor.js:12666)
	at &lt;anonymous class&gt;.DelayedCommand.prototype.execute/&lt;(file:///tmp/anonymous2779453413399423835webdriver-profile/extensions/fxdriver@googlecode.com/components/command-processor.js:12608)
</error>
  </testcase>
  <testcase classname="br.com.ricardotulio.mikrotikadmin.CadastraClientesTest" name="testaSeCadastraCliente[31]" time="0.118">
    <error message="Unable to locate element: {&quot;method&quot;:&quot;name&quot;,&quot;selector&quot;:&quot;nome&quot;}
Command duration or timeout: 8 milliseconds
For documentation on this error, please visit: http://seleniumhq.org/exceptions/no_such_element.html
Build info: version: &apos;2.53.1&apos;, revision: &apos;a36b8b1cd5757287168e54b817830adce9b0158d&apos;, time: &apos;2016-06-30 19:26:09&apos;
System info: host: &apos;debian&apos;, ip: &apos;127.0.1.1&apos;, os.name: &apos;Linux&apos;, os.arch: &apos;amd64&apos;, os.version: &apos;3.16.0-4-amd64&apos;, java.version: &apos;1.8.0_51&apos;
Driver info: org.openqa.selenium.firefox.FirefoxDriver
Capabilities [{applicationCacheEnabled=true, rotatable=false, handlesAlerts=true, databaseEnabled=true, version=47.0.1, platform=LINUX, nativeEvents=false, acceptSslCerts=true, webStorageEnabled=true, locationContextEnabled=true, browserName=firefox, takesScreenshot=true, javascriptEnabled=true, cssSelectorsEnabled=true}]
Session ID: fd59750a-6cd2-45cd-a523-1e3c2ee77287
*** Element info: {Using=name, value=nome}" type="org.openqa.selenium.NoSuchElementException">org.openqa.selenium.NoSuchElementException: Unable to locate element: {&quot;method&quot;:&quot;name&quot;,&quot;selector&quot;:&quot;nome&quot;}
Command duration or timeout: 8 milliseconds
For documentation on this error, please visit: http://seleniumhq.org/exceptions/no_such_element.html
Build info: version: &apos;2.53.1&apos;, revision: &apos;a36b8b1cd5757287168e54b817830adce9b0158d&apos;, time: &apos;2016-06-30 19:26:09&apos;
System info: host: &apos;debian&apos;, ip: &apos;127.0.1.1&apos;, os.name: &apos;Linux&apos;, os.arch: &apos;amd64&apos;, os.version: &apos;3.16.0-4-amd64&apos;, java.version: &apos;1.8.0_51&apos;
Driver info: org.openqa.selenium.firefox.FirefoxDriver
Capabilities [{applicationCacheEnabled=true, rotatable=false, handlesAlerts=true, databaseEnabled=true, version=47.0.1, platform=LINUX, nativeEvents=false, acceptSslCerts=true, webStorageEnabled=true, locationContextEnabled=true, browserName=firefox, takesScreenshot=true, javascriptEnabled=true, cssSelectorsEnabled=true}]
Session ID: fd59750a-6cd2-45cd-a523-1e3c2ee77287
*** Element info: {Using=name, value=nome}
	at sun.reflect.GeneratedConstructorAccessor11.newInstance(Unknown Source)
	at sun.reflect.DelegatingConstructorAccessorImpl.newInstance(DelegatingConstructorAccessorImpl.java:45)
	at java.lang.reflect.Constructor.newInstance(Constructor.java:422)
	at org.openqa.selenium.remote.ErrorHandler.createThrowable(ErrorHandler.java:206)
	at org.openqa.selenium.remote.ErrorHandler.throwIfResponseFailed(ErrorHandler.java:158)
	at org.openqa.selenium.remote.RemoteWebDriver.execute(RemoteWebDriver.java:678)
	at org.openqa.selenium.remote.RemoteWebDriver.findElement(RemoteWebDriver.java:363)
	at org.openqa.selenium.remote.RemoteWebDriver.findElementByName(RemoteWebDriver.java:461)
	at org.openqa.selenium.By$ByName.findElement(By.java:303)
	at org.openqa.selenium.remote.RemoteWebDriver.findElement(RemoteWebDriver.java:355)
	at br.com.ricardotulio.mikrotikadmin.CadastraClientesTest.testaSeCadastraCliente(CadastraClientesTest.java:129)
	at sun.reflect.GeneratedMethodAccessor10.invoke(Unknown Source)
	at sun.reflect.DelegatingMethodAccessorImpl.invoke(DelegatingMethodAccessorImpl.java:43)
	at java.lang.reflect.Method.invoke(Method.java:497)
	at org.junit.runners.model.FrameworkMethod$1.runReflectiveCall(FrameworkMethod.java:50)
	at org.junit.internal.runners.model.ReflectiveCallable.run(ReflectiveCallable.java:12)
	at org.junit.runners.model.FrameworkMethod.invokeExplosively(FrameworkMethod.java:47)
	at org.junit.internal.runners.statements.InvokeMethod.evaluate(InvokeMethod.java:17)
	at org.junit.internal.runners.statements.RunAfters.evaluate(RunAfters.java:27)
	at org.junit.rules.TestWatcher$1.evaluate(TestWatcher.java:55)
	at org.junit.rules.RunRules.evaluate(RunRules.java:20)
	at org.junit.runners.ParentRunner.runLeaf(ParentRunner.java:325)
	at org.junit.runners.BlockJUnit4ClassRunner.runChild(BlockJUnit4ClassRunner.java:78)
	at org.junit.runners.BlockJUnit4ClassRunner.runChild(BlockJUnit4ClassRunner.java:57)
	at org.junit.runners.ParentRunner$3.run(ParentRunner.java:290)
	at org.junit.runners.ParentRunner$1.schedule(ParentRunner.java:71)
	at org.junit.runners.ParentRunner.runChildren(ParentRunner.java:288)
	at org.junit.runners.ParentRunner.access$000(ParentRunner.java:58)
	at org.junit.runners.ParentRunner$2.evaluate(ParentRunner.java:268)
	at org.junit.runners.ParentRunner.run(ParentRunner.java:363)
	at org.junit.runners.Suite.runChild(Suite.java:128)
	at org.junit.runners.Suite.runChild(Suite.java:27)
	at org.junit.runners.ParentRunner$3.run(ParentRunner.java:290)
	at org.junit.runners.ParentRunner$1.schedule(ParentRunner.java:71)
	at org.junit.runners.ParentRunner.runChildren(ParentRunner.java:288)
	at org.junit.runners.ParentRunner.access$000(ParentRunner.java:58)
	at org.junit.runners.ParentRunner$2.evaluate(ParentRunner.java:268)
	at org.junit.internal.runners.statements.RunBefores.evaluate(RunBefores.java:26)
	at org.junit.internal.runners.statements.RunAfters.evaluate(RunAfters.java:27)
	at org.junit.runners.ParentRunner.run(ParentRunner.java:363)
	at org.apache.maven.surefire.junit4.JUnit4TestSet.execute(JUnit4TestSet.java:53)
	at org.apache.maven.surefire.junit4.JUnit4Provider.executeTestSet(JUnit4Provider.java:123)
	at org.apache.maven.surefire.junit4.JUnit4Provider.invoke(JUnit4Provider.java:104)
	at sun.reflect.NativeMethodAccessorImpl.invoke0(Native Method)
	at sun.reflect.NativeMethodAccessorImpl.invoke(NativeMethodAccessorImpl.java:62)
	at sun.reflect.DelegatingMethodAccessorImpl.invoke(DelegatingMethodAccessorImpl.java:43)
	at java.lang.reflect.Method.invoke(Method.java:497)
	at org.apache.maven.surefire.util.ReflectionUtils.invokeMethodWithArray(ReflectionUtils.java:164)
	at org.apache.maven.surefire.booter.ProviderFactory$ProviderProxy.invoke(ProviderFactory.java:110)
	at org.apache.maven.surefire.booter.SurefireStarter.invokeProvider(SurefireStarter.java:175)
	at org.apache.maven.surefire.booter.SurefireStarter.runSuitesInProcessWhenForked(SurefireStarter.java:107)
	at org.apache.maven.surefire.booter.ForkedBooter.main(ForkedBooter.java:68)
Caused by: org.openqa.selenium.NoSuchElementException: Unable to locate element: {&quot;method&quot;:&quot;name&quot;,&quot;selector&quot;:&quot;nome&quot;}
For documentation on this error, please visit: http://seleniumhq.org/exceptions/no_such_element.html
Build info: version: &apos;2.53.1&apos;, revision: &apos;a36b8b1cd5757287168e54b817830adce9b0158d&apos;, time: &apos;2016-06-30 19:26:09&apos;
System info: host: &apos;debian&apos;, ip: &apos;127.0.1.1&apos;, os.name: &apos;Linux&apos;, os.arch: &apos;amd64&apos;, os.version: &apos;3.16.0-4-amd64&apos;, java.version: &apos;1.8.0_51&apos;
Driver info: driver.version: unknown
	at &lt;anonymous class&gt;.FirefoxDriver.prototype.findElementInternal_(file:///tmp/anonymous2779453413399423835webdriver-profile/extensions/fxdriver@googlecode.com/components/driver-component.js:10770)
	at &lt;anonymous class&gt;.FirefoxDriver.prototype.findElement(file:///tmp/anonymous2779453413399423835webdriver-profile/extensions/fxdriver@googlecode.com/components/driver-component.js:10779)
	at &lt;anonymous class&gt;.DelayedCommand.prototype.executeInternal_/h(file:///tmp/anonymous2779453413399423835webdriver-profile/extensions/fxdriver@googlecode.com/components/command-processor.js:12661)
	at &lt;anonymous class&gt;.DelayedCommand.prototype.executeInternal_(file:///tmp/anonymous2779453413399423835webdriver-profile/extensions/fxdriver@googlecode.com/components/command-processor.js:12666)
	at &lt;anonymous class&gt;.DelayedCommand.prototype.execute/&lt;(file:///tmp/anonymous2779453413399423835webdriver-profile/extensions/fxdriver@googlecode.com/components/command-processor.js:12608)
</error>
  </testcase>
  <testcase classname="br.com.ricardotulio.mikrotikadmin.CadastraClientesTest" name="testaSeCadastraCliente[32]" time="0.11">
    <error message="Unable to locate element: {&quot;method&quot;:&quot;name&quot;,&quot;selector&quot;:&quot;nome&quot;}
Command duration or timeout: 12 milliseconds
For documentation on this error, please visit: http://seleniumhq.org/exceptions/no_such_element.html
Build info: version: &apos;2.53.1&apos;, revision: &apos;a36b8b1cd5757287168e54b817830adce9b0158d&apos;, time: &apos;2016-06-30 19:26:09&apos;
System info: host: &apos;debian&apos;, ip: &apos;127.0.1.1&apos;, os.name: &apos;Linux&apos;, os.arch: &apos;amd64&apos;, os.version: &apos;3.16.0-4-amd64&apos;, java.version: &apos;1.8.0_51&apos;
Driver info: org.openqa.selenium.firefox.FirefoxDriver
Capabilities [{applicationCacheEnabled=true, rotatable=false, handlesAlerts=true, databaseEnabled=true, version=47.0.1, platform=LINUX, nativeEvents=false, acceptSslCerts=true, webStorageEnabled=true, locationContextEnabled=true, browserName=firefox, takesScreenshot=true, javascriptEnabled=true, cssSelectorsEnabled=true}]
Session ID: fd59750a-6cd2-45cd-a523-1e3c2ee77287
*** Element info: {Using=name, value=nome}" type="org.openqa.selenium.NoSuchElementException">org.openqa.selenium.NoSuchElementException: Unable to locate element: {&quot;method&quot;:&quot;name&quot;,&quot;selector&quot;:&quot;nome&quot;}
Command duration or timeout: 12 milliseconds
For documentation on this error, please visit: http://seleniumhq.org/exceptions/no_such_element.html
Build info: version: &apos;2.53.1&apos;, revision: &apos;a36b8b1cd5757287168e54b817830adce9b0158d&apos;, time: &apos;2016-06-30 19:26:09&apos;
System info: host: &apos;debian&apos;, ip: &apos;127.0.1.1&apos;, os.name: &apos;Linux&apos;, os.arch: &apos;amd64&apos;, os.version: &apos;3.16.0-4-amd64&apos;, java.version: &apos;1.8.0_51&apos;
Driver info: org.openqa.selenium.firefox.FirefoxDriver
Capabilities [{applicationCacheEnabled=true, rotatable=false, handlesAlerts=true, databaseEnabled=true, version=47.0.1, platform=LINUX, nativeEvents=false, acceptSslCerts=true, webStorageEnabled=true, locationContextEnabled=true, browserName=firefox, takesScreenshot=true, javascriptEnabled=true, cssSelectorsEnabled=true}]
Session ID: fd59750a-6cd2-45cd-a523-1e3c2ee77287
*** Element info: {Using=name, value=nome}
	at sun.reflect.GeneratedConstructorAccessor11.newInstance(Unknown Source)
	at sun.reflect.DelegatingConstructorAccessorImpl.newInstance(DelegatingConstructorAccessorImpl.java:45)
	at java.lang.reflect.Constructor.newInstance(Constructor.java:422)
	at org.openqa.selenium.remote.ErrorHandler.createThrowable(ErrorHandler.java:206)
	at org.openqa.selenium.remote.ErrorHandler.throwIfResponseFailed(ErrorHandler.java:158)
	at org.openqa.selenium.remote.RemoteWebDriver.execute(RemoteWebDriver.java:678)
	at org.openqa.selenium.remote.RemoteWebDriver.findElement(RemoteWebDriver.java:363)
	at org.openqa.selenium.remote.RemoteWebDriver.findElementByName(RemoteWebDriver.java:461)
	at org.openqa.selenium.By$ByName.findElement(By.java:303)
	at org.openqa.selenium.remote.RemoteWebDriver.findElement(RemoteWebDriver.java:355)
	at br.com.ricardotulio.mikrotikadmin.CadastraClientesTest.testaSeCadastraCliente(CadastraClientesTest.java:129)
	at sun.reflect.GeneratedMethodAccessor10.invoke(Unknown Source)
	at sun.reflect.DelegatingMethodAccessorImpl.invoke(DelegatingMethodAccessorImpl.java:43)
	at java.lang.reflect.Method.invoke(Method.java:497)
	at org.junit.runners.model.FrameworkMethod$1.runReflectiveCall(FrameworkMethod.java:50)
	at org.junit.internal.runners.model.ReflectiveCallable.run(ReflectiveCallable.java:12)
	at org.junit.runners.model.FrameworkMethod.invokeExplosively(FrameworkMethod.java:47)
	at org.junit.internal.runners.statements.InvokeMethod.evaluate(InvokeMethod.java:17)
	at org.junit.internal.runners.statements.RunAfters.evaluate(RunAfters.java:27)
	at org.junit.rules.TestWatcher$1.evaluate(TestWatcher.java:55)
	at org.junit.rules.RunRules.evaluate(RunRules.java:20)
	at org.junit.runners.ParentRunner.runLeaf(ParentRunner.java:325)
	at org.junit.runners.BlockJUnit4ClassRunner.runChild(BlockJUnit4ClassRunner.java:78)
	at org.junit.runners.BlockJUnit4ClassRunner.runChild(BlockJUnit4ClassRunner.java:57)
	at org.junit.runners.ParentRunner$3.run(ParentRunner.java:290)
	at org.junit.runners.ParentRunner$1.schedule(ParentRunner.java:71)
	at org.junit.runners.ParentRunner.runChildren(ParentRunner.java:288)
	at org.junit.runners.ParentRunner.access$000(ParentRunner.java:58)
	at org.junit.runners.ParentRunner$2.evaluate(ParentRunner.java:268)
	at org.junit.runners.ParentRunner.run(ParentRunner.java:363)
	at org.junit.runners.Suite.runChild(Suite.java:128)
	at org.junit.runners.Suite.runChild(Suite.java:27)
	at org.junit.runners.ParentRunner$3.run(ParentRunner.java:290)
	at org.junit.runners.ParentRunner$1.schedule(ParentRunner.java:71)
	at org.junit.runners.ParentRunner.runChildren(ParentRunner.java:288)
	at org.junit.runners.ParentRunner.access$000(ParentRunner.java:58)
	at org.junit.runners.ParentRunner$2.evaluate(ParentRunner.java:268)
	at org.junit.internal.runners.statements.RunBefores.evaluate(RunBefores.java:26)
	at org.junit.internal.runners.statements.RunAfters.evaluate(RunAfters.java:27)
	at org.junit.runners.ParentRunner.run(ParentRunner.java:363)
	at org.apache.maven.surefire.junit4.JUnit4TestSet.execute(JUnit4TestSet.java:53)
	at org.apache.maven.surefire.junit4.JUnit4Provider.executeTestSet(JUnit4Provider.java:123)
	at org.apache.maven.surefire.junit4.JUnit4Provider.invoke(JUnit4Provider.java:104)
	at sun.reflect.NativeMethodAccessorImpl.invoke0(Native Method)
	at sun.reflect.NativeMethodAccessorImpl.invoke(NativeMethodAccessorImpl.java:62)
	at sun.reflect.DelegatingMethodAccessorImpl.invoke(DelegatingMethodAccessorImpl.java:43)
	at java.lang.reflect.Method.invoke(Method.java:497)
	at org.apache.maven.surefire.util.ReflectionUtils.invokeMethodWithArray(ReflectionUtils.java:164)
	at org.apache.maven.surefire.booter.ProviderFactory$ProviderProxy.invoke(ProviderFactory.java:110)
	at org.apache.maven.surefire.booter.SurefireStarter.invokeProvider(SurefireStarter.java:175)
	at org.apache.maven.surefire.booter.SurefireStarter.runSuitesInProcessWhenForked(SurefireStarter.java:107)
	at org.apache.maven.surefire.booter.ForkedBooter.main(ForkedBooter.java:68)
Caused by: org.openqa.selenium.NoSuchElementException: Unable to locate element: {&quot;method&quot;:&quot;name&quot;,&quot;selector&quot;:&quot;nome&quot;}
For documentation on this error, please visit: http://seleniumhq.org/exceptions/no_such_element.html
Build info: version: &apos;2.53.1&apos;, revision: &apos;a36b8b1cd5757287168e54b817830adce9b0158d&apos;, time: &apos;2016-06-30 19:26:09&apos;
System info: host: &apos;debian&apos;, ip: &apos;127.0.1.1&apos;, os.name: &apos;Linux&apos;, os.arch: &apos;amd64&apos;, os.version: &apos;3.16.0-4-amd64&apos;, java.version: &apos;1.8.0_51&apos;
Driver info: driver.version: unknown
	at &lt;anonymous class&gt;.FirefoxDriver.prototype.findElementInternal_(file:///tmp/anonymous2779453413399423835webdriver-profile/extensions/fxdriver@googlecode.com/components/driver-component.js:10770)
	at &lt;anonymous class&gt;.FirefoxDriver.prototype.findElement(file:///tmp/anonymous2779453413399423835webdriver-profile/extensions/fxdriver@googlecode.com/components/driver-component.js:10779)
	at &lt;anonymous class&gt;.DelayedCommand.prototype.executeInternal_/h(file:///tmp/anonymous2779453413399423835webdriver-profile/extensions/fxdriver@googlecode.com/components/command-processor.js:12661)
	at &lt;anonymous class&gt;.DelayedCommand.prototype.executeInternal_(file:///tmp/anonymous2779453413399423835webdriver-profile/extensions/fxdriver@googlecode.com/components/command-processor.js:12666)
	at &lt;anonymous class&gt;.DelayedCommand.prototype.execute/&lt;(file:///tmp/anonymous2779453413399423835webdriver-profile/extensions/fxdriver@googlecode.com/components/command-processor.js:12608)
</error>
  </testcase>
  <testcase classname="br.com.ricardotulio.mikrotikadmin.CadastraClientesTest" name="testaSeCadastraCliente[33]" time="0.104">
    <error message="Unable to locate element: {&quot;method&quot;:&quot;name&quot;,&quot;selector&quot;:&quot;nome&quot;}
Command duration or timeout: 7 milliseconds
For documentation on this error, please visit: http://seleniumhq.org/exceptions/no_such_element.html
Build info: version: &apos;2.53.1&apos;, revision: &apos;a36b8b1cd5757287168e54b817830adce9b0158d&apos;, time: &apos;2016-06-30 19:26:09&apos;
System info: host: &apos;debian&apos;, ip: &apos;127.0.1.1&apos;, os.name: &apos;Linux&apos;, os.arch: &apos;amd64&apos;, os.version: &apos;3.16.0-4-amd64&apos;, java.version: &apos;1.8.0_51&apos;
Driver info: org.openqa.selenium.firefox.FirefoxDriver
Capabilities [{applicationCacheEnabled=true, rotatable=false, handlesAlerts=true, databaseEnabled=true, version=47.0.1, platform=LINUX, nativeEvents=false, acceptSslCerts=true, webStorageEnabled=true, locationContextEnabled=true, browserName=firefox, takesScreenshot=true, javascriptEnabled=true, cssSelectorsEnabled=true}]
Session ID: fd59750a-6cd2-45cd-a523-1e3c2ee77287
*** Element info: {Using=name, value=nome}" type="org.openqa.selenium.NoSuchElementException">org.openqa.selenium.NoSuchElementException: Unable to locate element: {&quot;method&quot;:&quot;name&quot;,&quot;selector&quot;:&quot;nome&quot;}
Command duration or timeout: 7 milliseconds
For documentation on this error, please visit: http://seleniumhq.org/exceptions/no_such_element.html
Build info: version: &apos;2.53.1&apos;, revision: &apos;a36b8b1cd5757287168e54b817830adce9b0158d&apos;, time: &apos;2016-06-30 19:26:09&apos;
System info: host: &apos;debian&apos;, ip: &apos;127.0.1.1&apos;, os.name: &apos;Linux&apos;, os.arch: &apos;amd64&apos;, os.version: &apos;3.16.0-4-amd64&apos;, java.version: &apos;1.8.0_51&apos;
Driver info: org.openqa.selenium.firefox.FirefoxDriver
Capabilities [{applicationCacheEnabled=true, rotatable=false, handlesAlerts=true, databaseEnabled=true, version=47.0.1, platform=LINUX, nativeEvents=false, acceptSslCerts=true, webStorageEnabled=true, locationContextEnabled=true, browserName=firefox, takesScreenshot=true, javascriptEnabled=true, cssSelectorsEnabled=true}]
Session ID: fd59750a-6cd2-45cd-a523-1e3c2ee77287
*** Element info: {Using=name, value=nome}
	at sun.reflect.GeneratedConstructorAccessor11.newInstance(Unknown Source)
	at sun.reflect.DelegatingConstructorAccessorImpl.newInstance(DelegatingConstructorAccessorImpl.java:45)
	at java.lang.reflect.Constructor.newInstance(Constructor.java:422)
	at org.openqa.selenium.remote.ErrorHandler.createThrowable(ErrorHandler.java:206)
	at org.openqa.selenium.remote.ErrorHandler.throwIfResponseFailed(ErrorHandler.java:158)
	at org.openqa.selenium.remote.RemoteWebDriver.execute(RemoteWebDriver.java:678)
	at org.openqa.selenium.remote.RemoteWebDriver.findElement(RemoteWebDriver.java:363)
	at org.openqa.selenium.remote.RemoteWebDriver.findElementByName(RemoteWebDriver.java:461)
	at org.openqa.selenium.By$ByName.findElement(By.java:303)
	at org.openqa.selenium.remote.RemoteWebDriver.findElement(RemoteWebDriver.java:355)
	at br.com.ricardotulio.mikrotikadmin.CadastraClientesTest.testaSeCadastraCliente(CadastraClientesTest.java:129)
	at sun.reflect.GeneratedMethodAccessor10.invoke(Unknown Source)
	at sun.reflect.DelegatingMethodAccessorImpl.invoke(DelegatingMethodAccessorImpl.java:43)
	at java.lang.reflect.Method.invoke(Method.java:497)
	at org.junit.runners.model.FrameworkMethod$1.runReflectiveCall(FrameworkMethod.java:50)
	at org.junit.internal.runners.model.ReflectiveCallable.run(ReflectiveCallable.java:12)
	at org.junit.runners.model.FrameworkMethod.invokeExplosively(FrameworkMethod.java:47)
	at org.junit.internal.runners.statements.InvokeMethod.evaluate(InvokeMethod.java:17)
	at org.junit.internal.runners.statements.RunAfters.evaluate(RunAfters.java:27)
	at org.junit.rules.TestWatcher$1.evaluate(TestWatcher.java:55)
	at org.junit.rules.RunRules.evaluate(RunRules.java:20)
	at org.junit.runners.ParentRunner.runLeaf(ParentRunner.java:325)
	at org.junit.runners.BlockJUnit4ClassRunner.runChild(BlockJUnit4ClassRunner.java:78)
	at org.junit.runners.BlockJUnit4ClassRunner.runChild(BlockJUnit4ClassRunner.java:57)
	at org.junit.runners.ParentRunner$3.run(ParentRunner.java:290)
	at org.junit.runners.ParentRunner$1.schedule(ParentRunner.java:71)
	at org.junit.runners.ParentRunner.runChildren(ParentRunner.java:288)
	at org.junit.runners.ParentRunner.access$000(ParentRunner.java:58)
	at org.junit.runners.ParentRunner$2.evaluate(ParentRunner.java:268)
	at org.junit.runners.ParentRunner.run(ParentRunner.java:363)
	at org.junit.runners.Suite.runChild(Suite.java:128)
	at org.junit.runners.Suite.runChild(Suite.java:27)
	at org.junit.runners.ParentRunner$3.run(ParentRunner.java:290)
	at org.junit.runners.ParentRunner$1.schedule(ParentRunner.java:71)
	at org.junit.runners.ParentRunner.runChildren(ParentRunner.java:288)
	at org.junit.runners.ParentRunner.access$000(ParentRunner.java:58)
	at org.junit.runners.ParentRunner$2.evaluate(ParentRunner.java:268)
	at org.junit.internal.runners.statements.RunBefores.evaluate(RunBefores.java:26)
	at org.junit.internal.runners.statements.RunAfters.evaluate(RunAfters.java:27)
	at org.junit.runners.ParentRunner.run(ParentRunner.java:363)
	at org.apache.maven.surefire.junit4.JUnit4TestSet.execute(JUnit4TestSet.java:53)
	at org.apache.maven.surefire.junit4.JUnit4Provider.executeTestSet(JUnit4Provider.java:123)
	at org.apache.maven.surefire.junit4.JUnit4Provider.invoke(JUnit4Provider.java:104)
	at sun.reflect.NativeMethodAccessorImpl.invoke0(Native Method)
	at sun.reflect.NativeMethodAccessorImpl.invoke(NativeMethodAccessorImpl.java:62)
	at sun.reflect.DelegatingMethodAccessorImpl.invoke(DelegatingMethodAccessorImpl.java:43)
	at java.lang.reflect.Method.invoke(Method.java:497)
	at org.apache.maven.surefire.util.ReflectionUtils.invokeMethodWithArray(ReflectionUtils.java:164)
	at org.apache.maven.surefire.booter.ProviderFactory$ProviderProxy.invoke(ProviderFactory.java:110)
	at org.apache.maven.surefire.booter.SurefireStarter.invokeProvider(SurefireStarter.java:175)
	at org.apache.maven.surefire.booter.SurefireStarter.runSuitesInProcessWhenForked(SurefireStarter.java:107)
	at org.apache.maven.surefire.booter.ForkedBooter.main(ForkedBooter.java:68)
Caused by: org.openqa.selenium.NoSuchElementException: Unable to locate element: {&quot;method&quot;:&quot;name&quot;,&quot;selector&quot;:&quot;nome&quot;}
For documentation on this error, please visit: http://seleniumhq.org/exceptions/no_such_element.html
Build info: version: &apos;2.53.1&apos;, revision: &apos;a36b8b1cd5757287168e54b817830adce9b0158d&apos;, time: &apos;2016-06-30 19:26:09&apos;
System info: host: &apos;debian&apos;, ip: &apos;127.0.1.1&apos;, os.name: &apos;Linux&apos;, os.arch: &apos;amd64&apos;, os.version: &apos;3.16.0-4-amd64&apos;, java.version: &apos;1.8.0_51&apos;
Driver info: driver.version: unknown
	at &lt;anonymous class&gt;.FirefoxDriver.prototype.findElementInternal_(file:///tmp/anonymous2779453413399423835webdriver-profile/extensions/fxdriver@googlecode.com/components/driver-component.js:10770)
	at &lt;anonymous class&gt;.FirefoxDriver.prototype.findElement(file:///tmp/anonymous2779453413399423835webdriver-profile/extensions/fxdriver@googlecode.com/components/driver-component.js:10779)
	at &lt;anonymous class&gt;.DelayedCommand.prototype.executeInternal_/h(file:///tmp/anonymous2779453413399423835webdriver-profile/extensions/fxdriver@googlecode.com/components/command-processor.js:12661)
	at &lt;anonymous class&gt;.DelayedCommand.prototype.executeInternal_(file:///tmp/anonymous2779453413399423835webdriver-profile/extensions/fxdriver@googlecode.com/components/command-processor.js:12666)
	at &lt;anonymous class&gt;.DelayedCommand.prototype.execute/&lt;(file:///tmp/anonymous2779453413399423835webdriver-profile/extensions/fxdriver@googlecode.com/components/command-processor.js:12608)
</error>
  </testcase>
  <testcase classname="br.com.ricardotulio.mikrotikadmin.CadastraClientesTest" name="testaSeCadastraCliente[34]" time="0.132">
    <error message="Unable to locate element: {&quot;method&quot;:&quot;name&quot;,&quot;selector&quot;:&quot;nome&quot;}
Command duration or timeout: 7 milliseconds
For documentation on this error, please visit: http://seleniumhq.org/exceptions/no_such_element.html
Build info: version: &apos;2.53.1&apos;, revision: &apos;a36b8b1cd5757287168e54b817830adce9b0158d&apos;, time: &apos;2016-06-30 19:26:09&apos;
System info: host: &apos;debian&apos;, ip: &apos;127.0.1.1&apos;, os.name: &apos;Linux&apos;, os.arch: &apos;amd64&apos;, os.version: &apos;3.16.0-4-amd64&apos;, java.version: &apos;1.8.0_51&apos;
Driver info: org.openqa.selenium.firefox.FirefoxDriver
Capabilities [{applicationCacheEnabled=true, rotatable=false, handlesAlerts=true, databaseEnabled=true, version=47.0.1, platform=LINUX, nativeEvents=false, acceptSslCerts=true, webStorageEnabled=true, locationContextEnabled=true, browserName=firefox, takesScreenshot=true, javascriptEnabled=true, cssSelectorsEnabled=true}]
Session ID: fd59750a-6cd2-45cd-a523-1e3c2ee77287
*** Element info: {Using=name, value=nome}" type="org.openqa.selenium.NoSuchElementException">org.openqa.selenium.NoSuchElementException: Unable to locate element: {&quot;method&quot;:&quot;name&quot;,&quot;selector&quot;:&quot;nome&quot;}
Command duration or timeout: 7 milliseconds
For documentation on this error, please visit: http://seleniumhq.org/exceptions/no_such_element.html
Build info: version: &apos;2.53.1&apos;, revision: &apos;a36b8b1cd5757287168e54b817830adce9b0158d&apos;, time: &apos;2016-06-30 19:26:09&apos;
System info: host: &apos;debian&apos;, ip: &apos;127.0.1.1&apos;, os.name: &apos;Linux&apos;, os.arch: &apos;amd64&apos;, os.version: &apos;3.16.0-4-amd64&apos;, java.version: &apos;1.8.0_51&apos;
Driver info: org.openqa.selenium.firefox.FirefoxDriver
Capabilities [{applicationCacheEnabled=true, rotatable=false, handlesAlerts=true, databaseEnabled=true, version=47.0.1, platform=LINUX, nativeEvents=false, acceptSslCerts=true, webStorageEnabled=true, locationContextEnabled=true, browserName=firefox, takesScreenshot=true, javascriptEnabled=true, cssSelectorsEnabled=true}]
Session ID: fd59750a-6cd2-45cd-a523-1e3c2ee77287
*** Element info: {Using=name, value=nome}
	at sun.reflect.GeneratedConstructorAccessor11.newInstance(Unknown Source)
	at sun.reflect.DelegatingConstructorAccessorImpl.newInstance(DelegatingConstructorAccessorImpl.java:45)
	at java.lang.reflect.Constructor.newInstance(Constructor.java:422)
	at org.openqa.selenium.remote.ErrorHandler.createThrowable(ErrorHandler.java:206)
	at org.openqa.selenium.remote.ErrorHandler.throwIfResponseFailed(ErrorHandler.java:158)
	at org.openqa.selenium.remote.RemoteWebDriver.execute(RemoteWebDriver.java:678)
	at org.openqa.selenium.remote.RemoteWebDriver.findElement(RemoteWebDriver.java:363)
	at org.openqa.selenium.remote.RemoteWebDriver.findElementByName(RemoteWebDriver.java:461)
	at org.openqa.selenium.By$ByName.findElement(By.java:303)
	at org.openqa.selenium.remote.RemoteWebDriver.findElement(RemoteWebDriver.java:355)
	at br.com.ricardotulio.mikrotikadmin.CadastraClientesTest.testaSeCadastraCliente(CadastraClientesTest.java:129)
	at sun.reflect.GeneratedMethodAccessor10.invoke(Unknown Source)
	at sun.reflect.DelegatingMethodAccessorImpl.invoke(DelegatingMethodAccessorImpl.java:43)
	at java.lang.reflect.Method.invoke(Method.java:497)
	at org.junit.runners.model.FrameworkMethod$1.runReflectiveCall(FrameworkMethod.java:50)
	at org.junit.internal.runners.model.ReflectiveCallable.run(ReflectiveCallable.java:12)
	at org.junit.runners.model.FrameworkMethod.invokeExplosively(FrameworkMethod.java:47)
	at org.junit.internal.runners.statements.InvokeMethod.evaluate(InvokeMethod.java:17)
	at org.junit.internal.runners.statements.RunAfters.evaluate(RunAfters.java:27)
	at org.junit.rules.TestWatcher$1.evaluate(TestWatcher.java:55)
	at org.junit.rules.RunRules.evaluate(RunRules.java:20)
	at org.junit.runners.ParentRunner.runLeaf(ParentRunner.java:325)
	at org.junit.runners.BlockJUnit4ClassRunner.runChild(BlockJUnit4ClassRunner.java:78)
	at org.junit.runners.BlockJUnit4ClassRunner.runChild(BlockJUnit4ClassRunner.java:57)
	at org.junit.runners.ParentRunner$3.run(ParentRunner.java:290)
	at org.junit.runners.ParentRunner$1.schedule(ParentRunner.java:71)
	at org.junit.runners.ParentRunner.runChildren(ParentRunner.java:288)
	at org.junit.runners.ParentRunner.access$000(ParentRunner.java:58)
	at org.junit.runners.ParentRunner$2.evaluate(ParentRunner.java:268)
	at org.junit.runners.ParentRunner.run(ParentRunner.java:363)
	at org.junit.runners.Suite.runChild(Suite.java:128)
	at org.junit.runners.Suite.runChild(Suite.java:27)
	at org.junit.runners.ParentRunner$3.run(ParentRunner.java:290)
	at org.junit.runners.ParentRunner$1.schedule(ParentRunner.java:71)
	at org.junit.runners.ParentRunner.runChildren(ParentRunner.java:288)
	at org.junit.runners.ParentRunner.access$000(ParentRunner.java:58)
	at org.junit.runners.ParentRunner$2.evaluate(ParentRunner.java:268)
	at org.junit.internal.runners.statements.RunBefores.evaluate(RunBefores.java:26)
	at org.junit.internal.runners.statements.RunAfters.evaluate(RunAfters.java:27)
	at org.junit.runners.ParentRunner.run(ParentRunner.java:363)
	at org.apache.maven.surefire.junit4.JUnit4TestSet.execute(JUnit4TestSet.java:53)
	at org.apache.maven.surefire.junit4.JUnit4Provider.executeTestSet(JUnit4Provider.java:123)
	at org.apache.maven.surefire.junit4.JUnit4Provider.invoke(JUnit4Provider.java:104)
	at sun.reflect.NativeMethodAccessorImpl.invoke0(Native Method)
	at sun.reflect.NativeMethodAccessorImpl.invoke(NativeMethodAccessorImpl.java:62)
	at sun.reflect.DelegatingMethodAccessorImpl.invoke(DelegatingMethodAccessorImpl.java:43)
	at java.lang.reflect.Method.invoke(Method.java:497)
	at org.apache.maven.surefire.util.ReflectionUtils.invokeMethodWithArray(ReflectionUtils.java:164)
	at org.apache.maven.surefire.booter.ProviderFactory$ProviderProxy.invoke(ProviderFactory.java:110)
	at org.apache.maven.surefire.booter.SurefireStarter.invokeProvider(SurefireStarter.java:175)
	at org.apache.maven.surefire.booter.SurefireStarter.runSuitesInProcessWhenForked(SurefireStarter.java:107)
	at org.apache.maven.surefire.booter.ForkedBooter.main(ForkedBooter.java:68)
Caused by: org.openqa.selenium.NoSuchElementException: Unable to locate element: {&quot;method&quot;:&quot;name&quot;,&quot;selector&quot;:&quot;nome&quot;}
For documentation on this error, please visit: http://seleniumhq.org/exceptions/no_such_element.html
Build info: version: &apos;2.53.1&apos;, revision: &apos;a36b8b1cd5757287168e54b817830adce9b0158d&apos;, time: &apos;2016-06-30 19:26:09&apos;
System info: host: &apos;debian&apos;, ip: &apos;127.0.1.1&apos;, os.name: &apos;Linux&apos;, os.arch: &apos;amd64&apos;, os.version: &apos;3.16.0-4-amd64&apos;, java.version: &apos;1.8.0_51&apos;
Driver info: driver.version: unknown
	at &lt;anonymous class&gt;.FirefoxDriver.prototype.findElementInternal_(file:///tmp/anonymous2779453413399423835webdriver-profile/extensions/fxdriver@googlecode.com/components/driver-component.js:10770)
	at &lt;anonymous class&gt;.FirefoxDriver.prototype.findElement(file:///tmp/anonymous2779453413399423835webdriver-profile/extensions/fxdriver@googlecode.com/components/driver-component.js:10779)
	at &lt;anonymous class&gt;.DelayedCommand.prototype.executeInternal_/h(file:///tmp/anonymous2779453413399423835webdriver-profile/extensions/fxdriver@googlecode.com/components/command-processor.js:12661)
	at &lt;anonymous class&gt;.DelayedCommand.prototype.executeInternal_(file:///tmp/anonymous2779453413399423835webdriver-profile/extensions/fxdriver@googlecode.com/components/command-processor.js:12666)
	at &lt;anonymous class&gt;.DelayedCommand.prototype.execute/&lt;(file:///tmp/anonymous2779453413399423835webdriver-profile/extensions/fxdriver@googlecode.com/components/command-processor.js:12608)
</error>
  </testcase>
  <testcase classname="br.com.ricardotulio.mikrotikadmin.CadastraClientesTest" name="testaSeCadastraCliente[35]" time="0.147">
    <error message="Unable to locate element: {&quot;method&quot;:&quot;name&quot;,&quot;selector&quot;:&quot;nome&quot;}
Command duration or timeout: 14 milliseconds
For documentation on this error, please visit: http://seleniumhq.org/exceptions/no_such_element.html
Build info: version: &apos;2.53.1&apos;, revision: &apos;a36b8b1cd5757287168e54b817830adce9b0158d&apos;, time: &apos;2016-06-30 19:26:09&apos;
System info: host: &apos;debian&apos;, ip: &apos;127.0.1.1&apos;, os.name: &apos;Linux&apos;, os.arch: &apos;amd64&apos;, os.version: &apos;3.16.0-4-amd64&apos;, java.version: &apos;1.8.0_51&apos;
Driver info: org.openqa.selenium.firefox.FirefoxDriver
Capabilities [{applicationCacheEnabled=true, rotatable=false, handlesAlerts=true, databaseEnabled=true, version=47.0.1, platform=LINUX, nativeEvents=false, acceptSslCerts=true, webStorageEnabled=true, locationContextEnabled=true, browserName=firefox, takesScreenshot=true, javascriptEnabled=true, cssSelectorsEnabled=true}]
Session ID: fd59750a-6cd2-45cd-a523-1e3c2ee77287
*** Element info: {Using=name, value=nome}" type="org.openqa.selenium.NoSuchElementException">org.openqa.selenium.NoSuchElementException: Unable to locate element: {&quot;method&quot;:&quot;name&quot;,&quot;selector&quot;:&quot;nome&quot;}
Command duration or timeout: 14 milliseconds
For documentation on this error, please visit: http://seleniumhq.org/exceptions/no_such_element.html
Build info: version: &apos;2.53.1&apos;, revision: &apos;a36b8b1cd5757287168e54b817830adce9b0158d&apos;, time: &apos;2016-06-30 19:26:09&apos;
System info: host: &apos;debian&apos;, ip: &apos;127.0.1.1&apos;, os.name: &apos;Linux&apos;, os.arch: &apos;amd64&apos;, os.version: &apos;3.16.0-4-amd64&apos;, java.version: &apos;1.8.0_51&apos;
Driver info: org.openqa.selenium.firefox.FirefoxDriver
Capabilities [{applicationCacheEnabled=true, rotatable=false, handlesAlerts=true, databaseEnabled=true, version=47.0.1, platform=LINUX, nativeEvents=false, acceptSslCerts=true, webStorageEnabled=true, locationContextEnabled=true, browserName=firefox, takesScreenshot=true, javascriptEnabled=true, cssSelectorsEnabled=true}]
Session ID: fd59750a-6cd2-45cd-a523-1e3c2ee77287
*** Element info: {Using=name, value=nome}
	at sun.reflect.GeneratedConstructorAccessor11.newInstance(Unknown Source)
	at sun.reflect.DelegatingConstructorAccessorImpl.newInstance(DelegatingConstructorAccessorImpl.java:45)
	at java.lang.reflect.Constructor.newInstance(Constructor.java:422)
	at org.openqa.selenium.remote.ErrorHandler.createThrowable(ErrorHandler.java:206)
	at org.openqa.selenium.remote.ErrorHandler.throwIfResponseFailed(ErrorHandler.java:158)
	at org.openqa.selenium.remote.RemoteWebDriver.execute(RemoteWebDriver.java:678)
	at org.openqa.selenium.remote.RemoteWebDriver.findElement(RemoteWebDriver.java:363)
	at org.openqa.selenium.remote.RemoteWebDriver.findElementByName(RemoteWebDriver.java:461)
	at org.openqa.selenium.By$ByName.findElement(By.java:303)
	at org.openqa.selenium.remote.RemoteWebDriver.findElement(RemoteWebDriver.java:355)
	at br.com.ricardotulio.mikrotikadmin.CadastraClientesTest.testaSeCadastraCliente(CadastraClientesTest.java:129)
	at sun.reflect.GeneratedMethodAccessor10.invoke(Unknown Source)
	at sun.reflect.DelegatingMethodAccessorImpl.invoke(DelegatingMethodAccessorImpl.java:43)
	at java.lang.reflect.Method.invoke(Method.java:497)
	at org.junit.runners.model.FrameworkMethod$1.runReflectiveCall(FrameworkMethod.java:50)
	at org.junit.internal.runners.model.ReflectiveCallable.run(ReflectiveCallable.java:12)
	at org.junit.runners.model.FrameworkMethod.invokeExplosively(FrameworkMethod.java:47)
	at org.junit.internal.runners.statements.InvokeMethod.evaluate(InvokeMethod.java:17)
	at org.junit.internal.runners.statements.RunAfters.evaluate(RunAfters.java:27)
	at org.junit.rules.TestWatcher$1.evaluate(TestWatcher.java:55)
	at org.junit.rules.RunRules.evaluate(RunRules.java:20)
	at org.junit.runners.ParentRunner.runLeaf(ParentRunner.java:325)
	at org.junit.runners.BlockJUnit4ClassRunner.runChild(BlockJUnit4ClassRunner.java:78)
	at org.junit.runners.BlockJUnit4ClassRunner.runChild(BlockJUnit4ClassRunner.java:57)
	at org.junit.runners.ParentRunner$3.run(ParentRunner.java:290)
	at org.junit.runners.ParentRunner$1.schedule(ParentRunner.java:71)
	at org.junit.runners.ParentRunner.runChildren(ParentRunner.java:288)
	at org.junit.runners.ParentRunner.access$000(ParentRunner.java:58)
	at org.junit.runners.ParentRunner$2.evaluate(ParentRunner.java:268)
	at org.junit.runners.ParentRunner.run(ParentRunner.java:363)
	at org.junit.runners.Suite.runChild(Suite.java:128)
	at org.junit.runners.Suite.runChild(Suite.java:27)
	at org.junit.runners.ParentRunner$3.run(ParentRunner.java:290)
	at org.junit.runners.ParentRunner$1.schedule(ParentRunner.java:71)
	at org.junit.runners.ParentRunner.runChildren(ParentRunner.java:288)
	at org.junit.runners.ParentRunner.access$000(ParentRunner.java:58)
	at org.junit.runners.ParentRunner$2.evaluate(ParentRunner.java:268)
	at org.junit.internal.runners.statements.RunBefores.evaluate(RunBefores.java:26)
	at org.junit.internal.runners.statements.RunAfters.evaluate(RunAfters.java:27)
	at org.junit.runners.ParentRunner.run(ParentRunner.java:363)
	at org.apache.maven.surefire.junit4.JUnit4TestSet.execute(JUnit4TestSet.java:53)
	at org.apache.maven.surefire.junit4.JUnit4Provider.executeTestSet(JUnit4Provider.java:123)
	at org.apache.maven.surefire.junit4.JUnit4Provider.invoke(JUnit4Provider.java:104)
	at sun.reflect.NativeMethodAccessorImpl.invoke0(Native Method)
	at sun.reflect.NativeMethodAccessorImpl.invoke(NativeMethodAccessorImpl.java:62)
	at sun.reflect.DelegatingMethodAccessorImpl.invoke(DelegatingMethodAccessorImpl.java:43)
	at java.lang.reflect.Method.invoke(Method.java:497)
	at org.apache.maven.surefire.util.ReflectionUtils.invokeMethodWithArray(ReflectionUtils.java:164)
	at org.apache.maven.surefire.booter.ProviderFactory$ProviderProxy.invoke(ProviderFactory.java:110)
	at org.apache.maven.surefire.booter.SurefireStarter.invokeProvider(SurefireStarter.java:175)
	at org.apache.maven.surefire.booter.SurefireStarter.runSuitesInProcessWhenForked(SurefireStarter.java:107)
	at org.apache.maven.surefire.booter.ForkedBooter.main(ForkedBooter.java:68)
Caused by: org.openqa.selenium.NoSuchElementException: Unable to locate element: {&quot;method&quot;:&quot;name&quot;,&quot;selector&quot;:&quot;nome&quot;}
For documentation on this error, please visit: http://seleniumhq.org/exceptions/no_such_element.html
Build info: version: &apos;2.53.1&apos;, revision: &apos;a36b8b1cd5757287168e54b817830adce9b0158d&apos;, time: &apos;2016-06-30 19:26:09&apos;
System info: host: &apos;debian&apos;, ip: &apos;127.0.1.1&apos;, os.name: &apos;Linux&apos;, os.arch: &apos;amd64&apos;, os.version: &apos;3.16.0-4-amd64&apos;, java.version: &apos;1.8.0_51&apos;
Driver info: driver.version: unknown
	at &lt;anonymous class&gt;.FirefoxDriver.prototype.findElementInternal_(file:///tmp/anonymous2779453413399423835webdriver-profile/extensions/fxdriver@googlecode.com/components/driver-component.js:10770)
	at &lt;anonymous class&gt;.FirefoxDriver.prototype.findElement(file:///tmp/anonymous2779453413399423835webdriver-profile/extensions/fxdriver@googlecode.com/components/driver-component.js:10779)
	at &lt;anonymous class&gt;.DelayedCommand.prototype.executeInternal_/h(file:///tmp/anonymous2779453413399423835webdriver-profile/extensions/fxdriver@googlecode.com/components/command-processor.js:12661)
	at &lt;anonymous class&gt;.DelayedCommand.prototype.executeInternal_(file:///tmp/anonymous2779453413399423835webdriver-profile/extensions/fxdriver@googlecode.com/components/command-processor.js:12666)
	at &lt;anonymous class&gt;.DelayedCommand.prototype.execute/&lt;(file:///tmp/anonymous2779453413399423835webdriver-profile/extensions/fxdriver@googlecode.com/components/command-processor.js:12608)
</error>
  </testcase>
  <testcase classname="br.com.ricardotulio.mikrotikadmin.CadastraClientesTest" name="testaSeCadastraCliente[36]" time="0.15">
    <error message="Unable to locate element: {&quot;method&quot;:&quot;name&quot;,&quot;selector&quot;:&quot;nome&quot;}
Command duration or timeout: 10 milliseconds
For documentation on this error, please visit: http://seleniumhq.org/exceptions/no_such_element.html
Build info: version: &apos;2.53.1&apos;, revision: &apos;a36b8b1cd5757287168e54b817830adce9b0158d&apos;, time: &apos;2016-06-30 19:26:09&apos;
System info: host: &apos;debian&apos;, ip: &apos;127.0.1.1&apos;, os.name: &apos;Linux&apos;, os.arch: &apos;amd64&apos;, os.version: &apos;3.16.0-4-amd64&apos;, java.version: &apos;1.8.0_51&apos;
Driver info: org.openqa.selenium.firefox.FirefoxDriver
Capabilities [{applicationCacheEnabled=true, rotatable=false, handlesAlerts=true, databaseEnabled=true, version=47.0.1, platform=LINUX, nativeEvents=false, acceptSslCerts=true, webStorageEnabled=true, locationContextEnabled=true, browserName=firefox, takesScreenshot=true, javascriptEnabled=true, cssSelectorsEnabled=true}]
Session ID: fd59750a-6cd2-45cd-a523-1e3c2ee77287
*** Element info: {Using=name, value=nome}" type="org.openqa.selenium.NoSuchElementException">org.openqa.selenium.NoSuchElementException: Unable to locate element: {&quot;method&quot;:&quot;name&quot;,&quot;selector&quot;:&quot;nome&quot;}
Command duration or timeout: 10 milliseconds
For documentation on this error, please visit: http://seleniumhq.org/exceptions/no_such_element.html
Build info: version: &apos;2.53.1&apos;, revision: &apos;a36b8b1cd5757287168e54b817830adce9b0158d&apos;, time: &apos;2016-06-30 19:26:09&apos;
System info: host: &apos;debian&apos;, ip: &apos;127.0.1.1&apos;, os.name: &apos;Linux&apos;, os.arch: &apos;amd64&apos;, os.version: &apos;3.16.0-4-amd64&apos;, java.version: &apos;1.8.0_51&apos;
Driver info: org.openqa.selenium.firefox.FirefoxDriver
Capabilities [{applicationCacheEnabled=true, rotatable=false, handlesAlerts=true, databaseEnabled=true, version=47.0.1, platform=LINUX, nativeEvents=false, acceptSslCerts=true, webStorageEnabled=true, locationContextEnabled=true, browserName=firefox, takesScreenshot=true, javascriptEnabled=true, cssSelectorsEnabled=true}]
Session ID: fd59750a-6cd2-45cd-a523-1e3c2ee77287
*** Element info: {Using=name, value=nome}
	at sun.reflect.GeneratedConstructorAccessor11.newInstance(Unknown Source)
	at sun.reflect.DelegatingConstructorAccessorImpl.newInstance(DelegatingConstructorAccessorImpl.java:45)
	at java.lang.reflect.Constructor.newInstance(Constructor.java:422)
	at org.openqa.selenium.remote.ErrorHandler.createThrowable(ErrorHandler.java:206)
	at org.openqa.selenium.remote.ErrorHandler.throwIfResponseFailed(ErrorHandler.java:158)
	at org.openqa.selenium.remote.RemoteWebDriver.execute(RemoteWebDriver.java:678)
	at org.openqa.selenium.remote.RemoteWebDriver.findElement(RemoteWebDriver.java:363)
	at org.openqa.selenium.remote.RemoteWebDriver.findElementByName(RemoteWebDriver.java:461)
	at org.openqa.selenium.By$ByName.findElement(By.java:303)
	at org.openqa.selenium.remote.RemoteWebDriver.findElement(RemoteWebDriver.java:355)
	at br.com.ricardotulio.mikrotikadmin.CadastraClientesTest.testaSeCadastraCliente(CadastraClientesTest.java:129)
	at sun.reflect.GeneratedMethodAccessor10.invoke(Unknown Source)
	at sun.reflect.DelegatingMethodAccessorImpl.invoke(DelegatingMethodAccessorImpl.java:43)
	at java.lang.reflect.Method.invoke(Method.java:497)
	at org.junit.runners.model.FrameworkMethod$1.runReflectiveCall(FrameworkMethod.java:50)
	at org.junit.internal.runners.model.ReflectiveCallable.run(ReflectiveCallable.java:12)
	at org.junit.runners.model.FrameworkMethod.invokeExplosively(FrameworkMethod.java:47)
	at org.junit.internal.runners.statements.InvokeMethod.evaluate(InvokeMethod.java:17)
	at org.junit.internal.runners.statements.RunAfters.evaluate(RunAfters.java:27)
	at org.junit.rules.TestWatcher$1.evaluate(TestWatcher.java:55)
	at org.junit.rules.RunRules.evaluate(RunRules.java:20)
	at org.junit.runners.ParentRunner.runLeaf(ParentRunner.java:325)
	at org.junit.runners.BlockJUnit4ClassRunner.runChild(BlockJUnit4ClassRunner.java:78)
	at org.junit.runners.BlockJUnit4ClassRunner.runChild(BlockJUnit4ClassRunner.java:57)
	at org.junit.runners.ParentRunner$3.run(ParentRunner.java:290)
	at org.junit.runners.ParentRunner$1.schedule(ParentRunner.java:71)
	at org.junit.runners.ParentRunner.runChildren(ParentRunner.java:288)
	at org.junit.runners.ParentRunner.access$000(ParentRunner.java:58)
	at org.junit.runners.ParentRunner$2.evaluate(ParentRunner.java:268)
	at org.junit.runners.ParentRunner.run(ParentRunner.java:363)
	at org.junit.runners.Suite.runChild(Suite.java:128)
	at org.junit.runners.Suite.runChild(Suite.java:27)
	at org.junit.runners.ParentRunner$3.run(ParentRunner.java:290)
	at org.junit.runners.ParentRunner$1.schedule(ParentRunner.java:71)
	at org.junit.runners.ParentRunner.runChildren(ParentRunner.java:288)
	at org.junit.runners.ParentRunner.access$000(ParentRunner.java:58)
	at org.junit.runners.ParentRunner$2.evaluate(ParentRunner.java:268)
	at org.junit.internal.runners.statements.RunBefores.evaluate(RunBefores.java:26)
	at org.junit.internal.runners.statements.RunAfters.evaluate(RunAfters.java:27)
	at org.junit.runners.ParentRunner.run(ParentRunner.java:363)
	at org.apache.maven.surefire.junit4.JUnit4TestSet.execute(JUnit4TestSet.java:53)
	at org.apache.maven.surefire.junit4.JUnit4Provider.executeTestSet(JUnit4Provider.java:123)
	at org.apache.maven.surefire.junit4.JUnit4Provider.invoke(JUnit4Provider.java:104)
	at sun.reflect.NativeMethodAccessorImpl.invoke0(Native Method)
	at sun.reflect.NativeMethodAccessorImpl.invoke(NativeMethodAccessorImpl.java:62)
	at sun.reflect.DelegatingMethodAccessorImpl.invoke(DelegatingMethodAccessorImpl.java:43)
	at java.lang.reflect.Method.invoke(Method.java:497)
	at org.apache.maven.surefire.util.ReflectionUtils.invokeMethodWithArray(ReflectionUtils.java:164)
	at org.apache.maven.surefire.booter.ProviderFactory$ProviderProxy.invoke(ProviderFactory.java:110)
	at org.apache.maven.surefire.booter.SurefireStarter.invokeProvider(SurefireStarter.java:175)
	at org.apache.maven.surefire.booter.SurefireStarter.runSuitesInProcessWhenForked(SurefireStarter.java:107)
	at org.apache.maven.surefire.booter.ForkedBooter.main(ForkedBooter.java:68)
Caused by: org.openqa.selenium.NoSuchElementException: Unable to locate element: {&quot;method&quot;:&quot;name&quot;,&quot;selector&quot;:&quot;nome&quot;}
For documentation on this error, please visit: http://seleniumhq.org/exceptions/no_such_element.html
Build info: version: &apos;2.53.1&apos;, revision: &apos;a36b8b1cd5757287168e54b817830adce9b0158d&apos;, time: &apos;2016-06-30 19:26:09&apos;
System info: host: &apos;debian&apos;, ip: &apos;127.0.1.1&apos;, os.name: &apos;Linux&apos;, os.arch: &apos;amd64&apos;, os.version: &apos;3.16.0-4-amd64&apos;, java.version: &apos;1.8.0_51&apos;
Driver info: driver.version: unknown
	at &lt;anonymous class&gt;.FirefoxDriver.prototype.findElementInternal_(file:///tmp/anonymous2779453413399423835webdriver-profile/extensions/fxdriver@googlecode.com/components/driver-component.js:10770)
	at &lt;anonymous class&gt;.FirefoxDriver.prototype.findElement(file:///tmp/anonymous2779453413399423835webdriver-profile/extensions/fxdriver@googlecode.com/components/driver-component.js:10779)
	at &lt;anonymous class&gt;.DelayedCommand.prototype.executeInternal_/h(file:///tmp/anonymous2779453413399423835webdriver-profile/extensions/fxdriver@googlecode.com/components/command-processor.js:12661)
	at &lt;anonymous class&gt;.DelayedCommand.prototype.executeInternal_(file:///tmp/anonymous2779453413399423835webdriver-profile/extensions/fxdriver@googlecode.com/components/command-processor.js:12666)
	at &lt;anonymous class&gt;.DelayedCommand.prototype.execute/&lt;(file:///tmp/anonymous2779453413399423835webdriver-profile/extensions/fxdriver@googlecode.com/components/command-processor.js:12608)
</error>
  </testcase>
  <testcase classname="br.com.ricardotulio.mikrotikadmin.CadastraClientesTest" name="testaSeCadastraCliente[37]" time="0.16">
    <error message="Unable to locate element: {&quot;method&quot;:&quot;name&quot;,&quot;selector&quot;:&quot;nome&quot;}
Command duration or timeout: 11 milliseconds
For documentation on this error, please visit: http://seleniumhq.org/exceptions/no_such_element.html
Build info: version: &apos;2.53.1&apos;, revision: &apos;a36b8b1cd5757287168e54b817830adce9b0158d&apos;, time: &apos;2016-06-30 19:26:09&apos;
System info: host: &apos;debian&apos;, ip: &apos;127.0.1.1&apos;, os.name: &apos;Linux&apos;, os.arch: &apos;amd64&apos;, os.version: &apos;3.16.0-4-amd64&apos;, java.version: &apos;1.8.0_51&apos;
Driver info: org.openqa.selenium.firefox.FirefoxDriver
Capabilities [{applicationCacheEnabled=true, rotatable=false, handlesAlerts=true, databaseEnabled=true, version=47.0.1, platform=LINUX, nativeEvents=false, acceptSslCerts=true, webStorageEnabled=true, locationContextEnabled=true, browserName=firefox, takesScreenshot=true, javascriptEnabled=true, cssSelectorsEnabled=true}]
Session ID: fd59750a-6cd2-45cd-a523-1e3c2ee77287
*** Element info: {Using=name, value=nome}" type="org.openqa.selenium.NoSuchElementException">org.openqa.selenium.NoSuchElementException: Unable to locate element: {&quot;method&quot;:&quot;name&quot;,&quot;selector&quot;:&quot;nome&quot;}
Command duration or timeout: 11 milliseconds
For documentation on this error, please visit: http://seleniumhq.org/exceptions/no_such_element.html
Build info: version: &apos;2.53.1&apos;, revision: &apos;a36b8b1cd5757287168e54b817830adce9b0158d&apos;, time: &apos;2016-06-30 19:26:09&apos;
System info: host: &apos;debian&apos;, ip: &apos;127.0.1.1&apos;, os.name: &apos;Linux&apos;, os.arch: &apos;amd64&apos;, os.version: &apos;3.16.0-4-amd64&apos;, java.version: &apos;1.8.0_51&apos;
Driver info: org.openqa.selenium.firefox.FirefoxDriver
Capabilities [{applicationCacheEnabled=true, rotatable=false, handlesAlerts=true, databaseEnabled=true, version=47.0.1, platform=LINUX, nativeEvents=false, acceptSslCerts=true, webStorageEnabled=true, locationContextEnabled=true, browserName=firefox, takesScreenshot=true, javascriptEnabled=true, cssSelectorsEnabled=true}]
Session ID: fd59750a-6cd2-45cd-a523-1e3c2ee77287
*** Element info: {Using=name, value=nome}
	at sun.reflect.GeneratedConstructorAccessor11.newInstance(Unknown Source)
	at sun.reflect.DelegatingConstructorAccessorImpl.newInstance(DelegatingConstructorAccessorImpl.java:45)
	at java.lang.reflect.Constructor.newInstance(Constructor.java:422)
	at org.openqa.selenium.remote.ErrorHandler.createThrowable(ErrorHandler.java:206)
	at org.openqa.selenium.remote.ErrorHandler.throwIfResponseFailed(ErrorHandler.java:158)
	at org.openqa.selenium.remote.RemoteWebDriver.execute(RemoteWebDriver.java:678)
	at org.openqa.selenium.remote.RemoteWebDriver.findElement(RemoteWebDriver.java:363)
	at org.openqa.selenium.remote.RemoteWebDriver.findElementByName(RemoteWebDriver.java:461)
	at org.openqa.selenium.By$ByName.findElement(By.java:303)
	at org.openqa.selenium.remote.RemoteWebDriver.findElement(RemoteWebDriver.java:355)
	at br.com.ricardotulio.mikrotikadmin.CadastraClientesTest.testaSeCadastraCliente(CadastraClientesTest.java:129)
	at sun.reflect.GeneratedMethodAccessor10.invoke(Unknown Source)
	at sun.reflect.DelegatingMethodAccessorImpl.invoke(DelegatingMethodAccessorImpl.java:43)
	at java.lang.reflect.Method.invoke(Method.java:497)
	at org.junit.runners.model.FrameworkMethod$1.runReflectiveCall(FrameworkMethod.java:50)
	at org.junit.internal.runners.model.ReflectiveCallable.run(ReflectiveCallable.java:12)
	at org.junit.runners.model.FrameworkMethod.invokeExplosively(FrameworkMethod.java:47)
	at org.junit.internal.runners.statements.InvokeMethod.evaluate(InvokeMethod.java:17)
	at org.junit.internal.runners.statements.RunAfters.evaluate(RunAfters.java:27)
	at org.junit.rules.TestWatcher$1.evaluate(TestWatcher.java:55)
	at org.junit.rules.RunRules.evaluate(RunRules.java:20)
	at org.junit.runners.ParentRunner.runLeaf(ParentRunner.java:325)
	at org.junit.runners.BlockJUnit4ClassRunner.runChild(BlockJUnit4ClassRunner.java:78)
	at org.junit.runners.BlockJUnit4ClassRunner.runChild(BlockJUnit4ClassRunner.java:57)
	at org.junit.runners.ParentRunner$3.run(ParentRunner.java:290)
	at org.junit.runners.ParentRunner$1.schedule(ParentRunner.java:71)
	at org.junit.runners.ParentRunner.runChildren(ParentRunner.java:288)
	at org.junit.runners.ParentRunner.access$000(ParentRunner.java:58)
	at org.junit.runners.ParentRunner$2.evaluate(ParentRunner.java:268)
	at org.junit.runners.ParentRunner.run(ParentRunner.java:363)
	at org.junit.runners.Suite.runChild(Suite.java:128)
	at org.junit.runners.Suite.runChild(Suite.java:27)
	at org.junit.runners.ParentRunner$3.run(ParentRunner.java:290)
	at org.junit.runners.ParentRunner$1.schedule(ParentRunner.java:71)
	at org.junit.runners.ParentRunner.runChildren(ParentRunner.java:288)
	at org.junit.runners.ParentRunner.access$000(ParentRunner.java:58)
	at org.junit.runners.ParentRunner$2.evaluate(ParentRunner.java:268)
	at org.junit.internal.runners.statements.RunBefores.evaluate(RunBefores.java:26)
	at org.junit.internal.runners.statements.RunAfters.evaluate(RunAfters.java:27)
	at org.junit.runners.ParentRunner.run(ParentRunner.java:363)
	at org.apache.maven.surefire.junit4.JUnit4TestSet.execute(JUnit4TestSet.java:53)
	at org.apache.maven.surefire.junit4.JUnit4Provider.executeTestSet(JUnit4Provider.java:123)
	at org.apache.maven.surefire.junit4.JUnit4Provider.invoke(JUnit4Provider.java:104)
	at sun.reflect.NativeMethodAccessorImpl.invoke0(Native Method)
	at sun.reflect.NativeMethodAccessorImpl.invoke(NativeMethodAccessorImpl.java:62)
	at sun.reflect.DelegatingMethodAccessorImpl.invoke(DelegatingMethodAccessorImpl.java:43)
	at java.lang.reflect.Method.invoke(Method.java:497)
	at org.apache.maven.surefire.util.ReflectionUtils.invokeMethodWithArray(ReflectionUtils.java:164)
	at org.apache.maven.surefire.booter.ProviderFactory$ProviderProxy.invoke(ProviderFactory.java:110)
	at org.apache.maven.surefire.booter.SurefireStarter.invokeProvider(SurefireStarter.java:175)
	at org.apache.maven.surefire.booter.SurefireStarter.runSuitesInProcessWhenForked(SurefireStarter.java:107)
	at org.apache.maven.surefire.booter.ForkedBooter.main(ForkedBooter.java:68)
Caused by: org.openqa.selenium.NoSuchElementException: Unable to locate element: {&quot;method&quot;:&quot;name&quot;,&quot;selector&quot;:&quot;nome&quot;}
For documentation on this error, please visit: http://seleniumhq.org/exceptions/no_such_element.html
Build info: version: &apos;2.53.1&apos;, revision: &apos;a36b8b1cd5757287168e54b817830adce9b0158d&apos;, time: &apos;2016-06-30 19:26:09&apos;
System info: host: &apos;debian&apos;, ip: &apos;127.0.1.1&apos;, os.name: &apos;Linux&apos;, os.arch: &apos;amd64&apos;, os.version: &apos;3.16.0-4-amd64&apos;, java.version: &apos;1.8.0_51&apos;
Driver info: driver.version: unknown
	at &lt;anonymous class&gt;.FirefoxDriver.prototype.findElementInternal_(file:///tmp/anonymous2779453413399423835webdriver-profile/extensions/fxdriver@googlecode.com/components/driver-component.js:10770)
	at &lt;anonymous class&gt;.FirefoxDriver.prototype.findElement(file:///tmp/anonymous2779453413399423835webdriver-profile/extensions/fxdriver@googlecode.com/components/driver-component.js:10779)
	at &lt;anonymous class&gt;.DelayedCommand.prototype.executeInternal_/h(file:///tmp/anonymous2779453413399423835webdriver-profile/extensions/fxdriver@googlecode.com/components/command-processor.js:12661)
	at &lt;anonymous class&gt;.DelayedCommand.prototype.executeInternal_(file:///tmp/anonymous2779453413399423835webdriver-profile/extensions/fxdriver@googlecode.com/components/command-processor.js:12666)
	at &lt;anonymous class&gt;.DelayedCommand.prototype.execute/&lt;(file:///tmp/anonymous2779453413399423835webdriver-profile/extensions/fxdriver@googlecode.com/components/command-processor.js:12608)
</error>
  </testcase>
  <testcase classname="br.com.ricardotulio.mikrotikadmin.CadastraClientesTest" name="testaSeCadastraCliente[38]" time="0.145">
    <error message="Unable to locate element: {&quot;method&quot;:&quot;name&quot;,&quot;selector&quot;:&quot;nome&quot;}
Command duration or timeout: 9 milliseconds
For documentation on this error, please visit: http://seleniumhq.org/exceptions/no_such_element.html
Build info: version: &apos;2.53.1&apos;, revision: &apos;a36b8b1cd5757287168e54b817830adce9b0158d&apos;, time: &apos;2016-06-30 19:26:09&apos;
System info: host: &apos;debian&apos;, ip: &apos;127.0.1.1&apos;, os.name: &apos;Linux&apos;, os.arch: &apos;amd64&apos;, os.version: &apos;3.16.0-4-amd64&apos;, java.version: &apos;1.8.0_51&apos;
Driver info: org.openqa.selenium.firefox.FirefoxDriver
Capabilities [{applicationCacheEnabled=true, rotatable=false, handlesAlerts=true, databaseEnabled=true, version=47.0.1, platform=LINUX, nativeEvents=false, acceptSslCerts=true, webStorageEnabled=true, locationContextEnabled=true, browserName=firefox, takesScreenshot=true, javascriptEnabled=true, cssSelectorsEnabled=true}]
Session ID: fd59750a-6cd2-45cd-a523-1e3c2ee77287
*** Element info: {Using=name, value=nome}" type="org.openqa.selenium.NoSuchElementException">org.openqa.selenium.NoSuchElementException: Unable to locate element: {&quot;method&quot;:&quot;name&quot;,&quot;selector&quot;:&quot;nome&quot;}
Command duration or timeout: 9 milliseconds
For documentation on this error, please visit: http://seleniumhq.org/exceptions/no_such_element.html
Build info: version: &apos;2.53.1&apos;, revision: &apos;a36b8b1cd5757287168e54b817830adce9b0158d&apos;, time: &apos;2016-06-30 19:26:09&apos;
System info: host: &apos;debian&apos;, ip: &apos;127.0.1.1&apos;, os.name: &apos;Linux&apos;, os.arch: &apos;amd64&apos;, os.version: &apos;3.16.0-4-amd64&apos;, java.version: &apos;1.8.0_51&apos;
Driver info: org.openqa.selenium.firefox.FirefoxDriver
Capabilities [{applicationCacheEnabled=true, rotatable=false, handlesAlerts=true, databaseEnabled=true, version=47.0.1, platform=LINUX, nativeEvents=false, acceptSslCerts=true, webStorageEnabled=true, locationContextEnabled=true, browserName=firefox, takesScreenshot=true, javascriptEnabled=true, cssSelectorsEnabled=true}]
Session ID: fd59750a-6cd2-45cd-a523-1e3c2ee77287
*** Element info: {Using=name, value=nome}
	at sun.reflect.GeneratedConstructorAccessor11.newInstance(Unknown Source)
	at sun.reflect.DelegatingConstructorAccessorImpl.newInstance(DelegatingConstructorAccessorImpl.java:45)
	at java.lang.reflect.Constructor.newInstance(Constructor.java:422)
	at org.openqa.selenium.remote.ErrorHandler.createThrowable(ErrorHandler.java:206)
	at org.openqa.selenium.remote.ErrorHandler.throwIfResponseFailed(ErrorHandler.java:158)
	at org.openqa.selenium.remote.RemoteWebDriver.execute(RemoteWebDriver.java:678)
	at org.openqa.selenium.remote.RemoteWebDriver.findElement(RemoteWebDriver.java:363)
	at org.openqa.selenium.remote.RemoteWebDriver.findElementByName(RemoteWebDriver.java:461)
	at org.openqa.selenium.By$ByName.findElement(By.java:303)
	at org.openqa.selenium.remote.RemoteWebDriver.findElement(RemoteWebDriver.java:355)
	at br.com.ricardotulio.mikrotikadmin.CadastraClientesTest.testaSeCadastraCliente(CadastraClientesTest.java:129)
	at sun.reflect.GeneratedMethodAccessor10.invoke(Unknown Source)
	at sun.reflect.DelegatingMethodAccessorImpl.invoke(DelegatingMethodAccessorImpl.java:43)
	at java.lang.reflect.Method.invoke(Method.java:497)
	at org.junit.runners.model.FrameworkMethod$1.runReflectiveCall(FrameworkMethod.java:50)
	at org.junit.internal.runners.model.ReflectiveCallable.run(ReflectiveCallable.java:12)
	at org.junit.runners.model.FrameworkMethod.invokeExplosively(FrameworkMethod.java:47)
	at org.junit.internal.runners.statements.InvokeMethod.evaluate(InvokeMethod.java:17)
	at org.junit.internal.runners.statements.RunAfters.evaluate(RunAfters.java:27)
	at org.junit.rules.TestWatcher$1.evaluate(TestWatcher.java:55)
	at org.junit.rules.RunRules.evaluate(RunRules.java:20)
	at org.junit.runners.ParentRunner.runLeaf(ParentRunner.java:325)
	at org.junit.runners.BlockJUnit4ClassRunner.runChild(BlockJUnit4ClassRunner.java:78)
	at org.junit.runners.BlockJUnit4ClassRunner.runChild(BlockJUnit4ClassRunner.java:57)
	at org.junit.runners.ParentRunner$3.run(ParentRunner.java:290)
	at org.junit.runners.ParentRunner$1.schedule(ParentRunner.java:71)
	at org.junit.runners.ParentRunner.runChildren(ParentRunner.java:288)
	at org.junit.runners.ParentRunner.access$000(ParentRunner.java:58)
	at org.junit.runners.ParentRunner$2.evaluate(ParentRunner.java:268)
	at org.junit.runners.ParentRunner.run(ParentRunner.java:363)
	at org.junit.runners.Suite.runChild(Suite.java:128)
	at org.junit.runners.Suite.runChild(Suite.java:27)
	at org.junit.runners.ParentRunner$3.run(ParentRunner.java:290)
	at org.junit.runners.ParentRunner$1.schedule(ParentRunner.java:71)
	at org.junit.runners.ParentRunner.runChildren(ParentRunner.java:288)
	at org.junit.runners.ParentRunner.access$000(ParentRunner.java:58)
	at org.junit.runners.ParentRunner$2.evaluate(ParentRunner.java:268)
	at org.junit.internal.runners.statements.RunBefores.evaluate(RunBefores.java:26)
	at org.junit.internal.runners.statements.RunAfters.evaluate(RunAfters.java:27)
	at org.junit.runners.ParentRunner.run(ParentRunner.java:363)
	at org.apache.maven.surefire.junit4.JUnit4TestSet.execute(JUnit4TestSet.java:53)
	at org.apache.maven.surefire.junit4.JUnit4Provider.executeTestSet(JUnit4Provider.java:123)
	at org.apache.maven.surefire.junit4.JUnit4Provider.invoke(JUnit4Provider.java:104)
	at sun.reflect.NativeMethodAccessorImpl.invoke0(Native Method)
	at sun.reflect.NativeMethodAccessorImpl.invoke(NativeMethodAccessorImpl.java:62)
	at sun.reflect.DelegatingMethodAccessorImpl.invoke(DelegatingMethodAccessorImpl.java:43)
	at java.lang.reflect.Method.invoke(Method.java:497)
	at org.apache.maven.surefire.util.ReflectionUtils.invokeMethodWithArray(ReflectionUtils.java:164)
	at org.apache.maven.surefire.booter.ProviderFactory$ProviderProxy.invoke(ProviderFactory.java:110)
	at org.apache.maven.surefire.booter.SurefireStarter.invokeProvider(SurefireStarter.java:175)
	at org.apache.maven.surefire.booter.SurefireStarter.runSuitesInProcessWhenForked(SurefireStarter.java:107)
	at org.apache.maven.surefire.booter.ForkedBooter.main(ForkedBooter.java:68)
Caused by: org.openqa.selenium.NoSuchElementException: Unable to locate element: {&quot;method&quot;:&quot;name&quot;,&quot;selector&quot;:&quot;nome&quot;}
For documentation on this error, please visit: http://seleniumhq.org/exceptions/no_such_element.html
Build info: version: &apos;2.53.1&apos;, revision: &apos;a36b8b1cd5757287168e54b817830adce9b0158d&apos;, time: &apos;2016-06-30 19:26:09&apos;
System info: host: &apos;debian&apos;, ip: &apos;127.0.1.1&apos;, os.name: &apos;Linux&apos;, os.arch: &apos;amd64&apos;, os.version: &apos;3.16.0-4-amd64&apos;, java.version: &apos;1.8.0_51&apos;
Driver info: driver.version: unknown
	at &lt;anonymous class&gt;.FirefoxDriver.prototype.findElementInternal_(file:///tmp/anonymous2779453413399423835webdriver-profile/extensions/fxdriver@googlecode.com/components/driver-component.js:10770)
	at &lt;anonymous class&gt;.FirefoxDriver.prototype.findElement(file:///tmp/anonymous2779453413399423835webdriver-profile/extensions/fxdriver@googlecode.com/components/driver-component.js:10779)
	at &lt;anonymous class&gt;.DelayedCommand.prototype.executeInternal_/h(file:///tmp/anonymous2779453413399423835webdriver-profile/extensions/fxdriver@googlecode.com/components/command-processor.js:12661)
	at &lt;anonymous class&gt;.DelayedCommand.prototype.executeInternal_(file:///tmp/anonymous2779453413399423835webdriver-profile/extensions/fxdriver@googlecode.com/components/command-processor.js:12666)
	at &lt;anonymous class&gt;.DelayedCommand.prototype.execute/&lt;(file:///tmp/anonymous2779453413399423835webdriver-profile/extensions/fxdriver@googlecode.com/components/command-processor.js:12608)
</error>
  </testcase>
  <testcase classname="br.com.ricardotulio.mikrotikadmin.CadastraClientesTest" name="testaSeCadastraCliente[39]" time="0.113">
    <error message="Unable to locate element: {&quot;method&quot;:&quot;name&quot;,&quot;selector&quot;:&quot;nome&quot;}
Command duration or timeout: 6 milliseconds
For documentation on this error, please visit: http://seleniumhq.org/exceptions/no_such_element.html
Build info: version: &apos;2.53.1&apos;, revision: &apos;a36b8b1cd5757287168e54b817830adce9b0158d&apos;, time: &apos;2016-06-30 19:26:09&apos;
System info: host: &apos;debian&apos;, ip: &apos;127.0.1.1&apos;, os.name: &apos;Linux&apos;, os.arch: &apos;amd64&apos;, os.version: &apos;3.16.0-4-amd64&apos;, java.version: &apos;1.8.0_51&apos;
Driver info: org.openqa.selenium.firefox.FirefoxDriver
Capabilities [{applicationCacheEnabled=true, rotatable=false, handlesAlerts=true, databaseEnabled=true, version=47.0.1, platform=LINUX, nativeEvents=false, acceptSslCerts=true, webStorageEnabled=true, locationContextEnabled=true, browserName=firefox, takesScreenshot=true, javascriptEnabled=true, cssSelectorsEnabled=true}]
Session ID: fd59750a-6cd2-45cd-a523-1e3c2ee77287
*** Element info: {Using=name, value=nome}" type="org.openqa.selenium.NoSuchElementException">org.openqa.selenium.NoSuchElementException: Unable to locate element: {&quot;method&quot;:&quot;name&quot;,&quot;selector&quot;:&quot;nome&quot;}
Command duration or timeout: 6 milliseconds
For documentation on this error, please visit: http://seleniumhq.org/exceptions/no_such_element.html
Build info: version: &apos;2.53.1&apos;, revision: &apos;a36b8b1cd5757287168e54b817830adce9b0158d&apos;, time: &apos;2016-06-30 19:26:09&apos;
System info: host: &apos;debian&apos;, ip: &apos;127.0.1.1&apos;, os.name: &apos;Linux&apos;, os.arch: &apos;amd64&apos;, os.version: &apos;3.16.0-4-amd64&apos;, java.version: &apos;1.8.0_51&apos;
Driver info: org.openqa.selenium.firefox.FirefoxDriver
Capabilities [{applicationCacheEnabled=true, rotatable=false, handlesAlerts=true, databaseEnabled=true, version=47.0.1, platform=LINUX, nativeEvents=false, acceptSslCerts=true, webStorageEnabled=true, locationContextEnabled=true, browserName=firefox, takesScreenshot=true, javascriptEnabled=true, cssSelectorsEnabled=true}]
Session ID: fd59750a-6cd2-45cd-a523-1e3c2ee77287
*** Element info: {Using=name, value=nome}
	at sun.reflect.GeneratedConstructorAccessor11.newInstance(Unknown Source)
	at sun.reflect.DelegatingConstructorAccessorImpl.newInstance(DelegatingConstructorAccessorImpl.java:45)
	at java.lang.reflect.Constructor.newInstance(Constructor.java:422)
	at org.openqa.selenium.remote.ErrorHandler.createThrowable(ErrorHandler.java:206)
	at org.openqa.selenium.remote.ErrorHandler.throwIfResponseFailed(ErrorHandler.java:158)
	at org.openqa.selenium.remote.RemoteWebDriver.execute(RemoteWebDriver.java:678)
	at org.openqa.selenium.remote.RemoteWebDriver.findElement(RemoteWebDriver.java:363)
	at org.openqa.selenium.remote.RemoteWebDriver.findElementByName(RemoteWebDriver.java:461)
	at org.openqa.selenium.By$ByName.findElement(By.java:303)
	at org.openqa.selenium.remote.RemoteWebDriver.findElement(RemoteWebDriver.java:355)
	at br.com.ricardotulio.mikrotikadmin.CadastraClientesTest.testaSeCadastraCliente(CadastraClientesTest.java:129)
	at sun.reflect.GeneratedMethodAccessor10.invoke(Unknown Source)
	at sun.reflect.DelegatingMethodAccessorImpl.invoke(DelegatingMethodAccessorImpl.java:43)
	at java.lang.reflect.Method.invoke(Method.java:497)
	at org.junit.runners.model.FrameworkMethod$1.runReflectiveCall(FrameworkMethod.java:50)
	at org.junit.internal.runners.model.ReflectiveCallable.run(ReflectiveCallable.java:12)
	at org.junit.runners.model.FrameworkMethod.invokeExplosively(FrameworkMethod.java:47)
	at org.junit.internal.runners.statements.InvokeMethod.evaluate(InvokeMethod.java:17)
	at org.junit.internal.runners.statements.RunAfters.evaluate(RunAfters.java:27)
	at org.junit.rules.TestWatcher$1.evaluate(TestWatcher.java:55)
	at org.junit.rules.RunRules.evaluate(RunRules.java:20)
	at org.junit.runners.ParentRunner.runLeaf(ParentRunner.java:325)
	at org.junit.runners.BlockJUnit4ClassRunner.runChild(BlockJUnit4ClassRunner.java:78)
	at org.junit.runners.BlockJUnit4ClassRunner.runChild(BlockJUnit4ClassRunner.java:57)
	at org.junit.runners.ParentRunner$3.run(ParentRunner.java:290)
	at org.junit.runners.ParentRunner$1.schedule(ParentRunner.java:71)
	at org.junit.runners.ParentRunner.runChildren(ParentRunner.java:288)
	at org.junit.runners.ParentRunner.access$000(ParentRunner.java:58)
	at org.junit.runners.ParentRunner$2.evaluate(ParentRunner.java:268)
	at org.junit.runners.ParentRunner.run(ParentRunner.java:363)
	at org.junit.runners.Suite.runChild(Suite.java:128)
	at org.junit.runners.Suite.runChild(Suite.java:27)
	at org.junit.runners.ParentRunner$3.run(ParentRunner.java:290)
	at org.junit.runners.ParentRunner$1.schedule(ParentRunner.java:71)
	at org.junit.runners.ParentRunner.runChildren(ParentRunner.java:288)
	at org.junit.runners.ParentRunner.access$000(ParentRunner.java:58)
	at org.junit.runners.ParentRunner$2.evaluate(ParentRunner.java:268)
	at org.junit.internal.runners.statements.RunBefores.evaluate(RunBefores.java:26)
	at org.junit.internal.runners.statements.RunAfters.evaluate(RunAfters.java:27)
	at org.junit.runners.ParentRunner.run(ParentRunner.java:363)
	at org.apache.maven.surefire.junit4.JUnit4TestSet.execute(JUnit4TestSet.java:53)
	at org.apache.maven.surefire.junit4.JUnit4Provider.executeTestSet(JUnit4Provider.java:123)
	at org.apache.maven.surefire.junit4.JUnit4Provider.invoke(JUnit4Provider.java:104)
	at sun.reflect.NativeMethodAccessorImpl.invoke0(Native Method)
	at sun.reflect.NativeMethodAccessorImpl.invoke(NativeMethodAccessorImpl.java:62)
	at sun.reflect.DelegatingMethodAccessorImpl.invoke(DelegatingMethodAccessorImpl.java:43)
	at java.lang.reflect.Method.invoke(Method.java:497)
	at org.apache.maven.surefire.util.ReflectionUtils.invokeMethodWithArray(ReflectionUtils.java:164)
	at org.apache.maven.surefire.booter.ProviderFactory$ProviderProxy.invoke(ProviderFactory.java:110)
	at org.apache.maven.surefire.booter.SurefireStarter.invokeProvider(SurefireStarter.java:175)
	at org.apache.maven.surefire.booter.SurefireStarter.runSuitesInProcessWhenForked(SurefireStarter.java:107)
	at org.apache.maven.surefire.booter.ForkedBooter.main(ForkedBooter.java:68)
Caused by: org.openqa.selenium.NoSuchElementException: Unable to locate element: {&quot;method&quot;:&quot;name&quot;,&quot;selector&quot;:&quot;nome&quot;}
For documentation on this error, please visit: http://seleniumhq.org/exceptions/no_such_element.html
Build info: version: &apos;2.53.1&apos;, revision: &apos;a36b8b1cd5757287168e54b817830adce9b0158d&apos;, time: &apos;2016-06-30 19:26:09&apos;
System info: host: &apos;debian&apos;, ip: &apos;127.0.1.1&apos;, os.name: &apos;Linux&apos;, os.arch: &apos;amd64&apos;, os.version: &apos;3.16.0-4-amd64&apos;, java.version: &apos;1.8.0_51&apos;
Driver info: driver.version: unknown
	at &lt;anonymous class&gt;.FirefoxDriver.prototype.findElementInternal_(file:///tmp/anonymous2779453413399423835webdriver-profile/extensions/fxdriver@googlecode.com/components/driver-component.js:10770)
	at &lt;anonymous class&gt;.FirefoxDriver.prototype.findElement(file:///tmp/anonymous2779453413399423835webdriver-profile/extensions/fxdriver@googlecode.com/components/driver-component.js:10779)
	at &lt;anonymous class&gt;.DelayedCommand.prototype.executeInternal_/h(file:///tmp/anonymous2779453413399423835webdriver-profile/extensions/fxdriver@googlecode.com/components/command-processor.js:12661)
	at &lt;anonymous class&gt;.DelayedCommand.prototype.executeInternal_(file:///tmp/anonymous2779453413399423835webdriver-profile/extensions/fxdriver@googlecode.com/components/command-processor.js:12666)
	at &lt;anonymous class&gt;.DelayedCommand.prototype.execute/&lt;(file:///tmp/anonymous2779453413399423835webdriver-profile/extensions/fxdriver@googlecode.com/components/command-processor.js:12608)
</error>
  </testcase>
  <testcase classname="br.com.ricardotulio.mikrotikadmin.CadastraClientesTest" name="testaSeCadastraCliente[40]" time="0.098">
    <error message="Unable to locate element: {&quot;method&quot;:&quot;name&quot;,&quot;selector&quot;:&quot;nome&quot;}
Command duration or timeout: 7 milliseconds
For documentation on this error, please visit: http://seleniumhq.org/exceptions/no_such_element.html
Build info: version: &apos;2.53.1&apos;, revision: &apos;a36b8b1cd5757287168e54b817830adce9b0158d&apos;, time: &apos;2016-06-30 19:26:09&apos;
System info: host: &apos;debian&apos;, ip: &apos;127.0.1.1&apos;, os.name: &apos;Linux&apos;, os.arch: &apos;amd64&apos;, os.version: &apos;3.16.0-4-amd64&apos;, java.version: &apos;1.8.0_51&apos;
Driver info: org.openqa.selenium.firefox.FirefoxDriver
Capabilities [{applicationCacheEnabled=true, rotatable=false, handlesAlerts=true, databaseEnabled=true, version=47.0.1, platform=LINUX, nativeEvents=false, acceptSslCerts=true, webStorageEnabled=true, locationContextEnabled=true, browserName=firefox, takesScreenshot=true, javascriptEnabled=true, cssSelectorsEnabled=true}]
Session ID: fd59750a-6cd2-45cd-a523-1e3c2ee77287
*** Element info: {Using=name, value=nome}" type="org.openqa.selenium.NoSuchElementException">org.openqa.selenium.NoSuchElementException: Unable to locate element: {&quot;method&quot;:&quot;name&quot;,&quot;selector&quot;:&quot;nome&quot;}
Command duration or timeout: 7 milliseconds
For documentation on this error, please visit: http://seleniumhq.org/exceptions/no_such_element.html
Build info: version: &apos;2.53.1&apos;, revision: &apos;a36b8b1cd5757287168e54b817830adce9b0158d&apos;, time: &apos;2016-06-30 19:26:09&apos;
System info: host: &apos;debian&apos;, ip: &apos;127.0.1.1&apos;, os.name: &apos;Linux&apos;, os.arch: &apos;amd64&apos;, os.version: &apos;3.16.0-4-amd64&apos;, java.version: &apos;1.8.0_51&apos;
Driver info: org.openqa.selenium.firefox.FirefoxDriver
Capabilities [{applicationCacheEnabled=true, rotatable=false, handlesAlerts=true, databaseEnabled=true, version=47.0.1, platform=LINUX, nativeEvents=false, acceptSslCerts=true, webStorageEnabled=true, locationContextEnabled=true, browserName=firefox, takesScreenshot=true, javascriptEnabled=true, cssSelectorsEnabled=true}]
Session ID: fd59750a-6cd2-45cd-a523-1e3c2ee77287
*** Element info: {Using=name, value=nome}
	at sun.reflect.GeneratedConstructorAccessor11.newInstance(Unknown Source)
	at sun.reflect.DelegatingConstructorAccessorImpl.newInstance(DelegatingConstructorAccessorImpl.java:45)
	at java.lang.reflect.Constructor.newInstance(Constructor.java:422)
	at org.openqa.selenium.remote.ErrorHandler.createThrowable(ErrorHandler.java:206)
	at org.openqa.selenium.remote.ErrorHandler.throwIfResponseFailed(ErrorHandler.java:158)
	at org.openqa.selenium.remote.RemoteWebDriver.execute(RemoteWebDriver.java:678)
	at org.openqa.selenium.remote.RemoteWebDriver.findElement(RemoteWebDriver.java:363)
	at org.openqa.selenium.remote.RemoteWebDriver.findElementByName(RemoteWebDriver.java:461)
	at org.openqa.selenium.By$ByName.findElement(By.java:303)
	at org.openqa.selenium.remote.RemoteWebDriver.findElement(RemoteWebDriver.java:355)
	at br.com.ricardotulio.mikrotikadmin.CadastraClientesTest.testaSeCadastraCliente(CadastraClientesTest.java:129)
	at sun.reflect.GeneratedMethodAccessor10.invoke(Unknown Source)
	at sun.reflect.DelegatingMethodAccessorImpl.invoke(DelegatingMethodAccessorImpl.java:43)
	at java.lang.reflect.Method.invoke(Method.java:497)
	at org.junit.runners.model.FrameworkMethod$1.runReflectiveCall(FrameworkMethod.java:50)
	at org.junit.internal.runners.model.ReflectiveCallable.run(ReflectiveCallable.java:12)
	at org.junit.runners.model.FrameworkMethod.invokeExplosively(FrameworkMethod.java:47)
	at org.junit.internal.runners.statements.InvokeMethod.evaluate(InvokeMethod.java:17)
	at org.junit.internal.runners.statements.RunAfters.evaluate(RunAfters.java:27)
	at org.junit.rules.TestWatcher$1.evaluate(TestWatcher.java:55)
	at org.junit.rules.RunRules.evaluate(RunRules.java:20)
	at org.junit.runners.ParentRunner.runLeaf(ParentRunner.java:325)
	at org.junit.runners.BlockJUnit4ClassRunner.runChild(BlockJUnit4ClassRunner.java:78)
	at org.junit.runners.BlockJUnit4ClassRunner.runChild(BlockJUnit4ClassRunner.java:57)
	at org.junit.runners.ParentRunner$3.run(ParentRunner.java:290)
	at org.junit.runners.ParentRunner$1.schedule(ParentRunner.java:71)
	at org.junit.runners.ParentRunner.runChildren(ParentRunner.java:288)
	at org.junit.runners.ParentRunner.access$000(ParentRunner.java:58)
	at org.junit.runners.ParentRunner$2.evaluate(ParentRunner.java:268)
	at org.junit.runners.ParentRunner.run(ParentRunner.java:363)
	at org.junit.runners.Suite.runChild(Suite.java:128)
	at org.junit.runners.Suite.runChild(Suite.java:27)
	at org.junit.runners.ParentRunner$3.run(ParentRunner.java:290)
	at org.junit.runners.ParentRunner$1.schedule(ParentRunner.java:71)
	at org.junit.runners.ParentRunner.runChildren(ParentRunner.java:288)
	at org.junit.runners.ParentRunner.access$000(ParentRunner.java:58)
	at org.junit.runners.ParentRunner$2.evaluate(ParentRunner.java:268)
	at org.junit.internal.runners.statements.RunBefores.evaluate(RunBefores.java:26)
	at org.junit.internal.runners.statements.RunAfters.evaluate(RunAfters.java:27)
	at org.junit.runners.ParentRunner.run(ParentRunner.java:363)
	at org.apache.maven.surefire.junit4.JUnit4TestSet.execute(JUnit4TestSet.java:53)
	at org.apache.maven.surefire.junit4.JUnit4Provider.executeTestSet(JUnit4Provider.java:123)
	at org.apache.maven.surefire.junit4.JUnit4Provider.invoke(JUnit4Provider.java:104)
	at sun.reflect.NativeMethodAccessorImpl.invoke0(Native Method)
	at sun.reflect.NativeMethodAccessorImpl.invoke(NativeMethodAccessorImpl.java:62)
	at sun.reflect.DelegatingMethodAccessorImpl.invoke(DelegatingMethodAccessorImpl.java:43)
	at java.lang.reflect.Method.invoke(Method.java:497)
	at org.apache.maven.surefire.util.ReflectionUtils.invokeMethodWithArray(ReflectionUtils.java:164)
	at org.apache.maven.surefire.booter.ProviderFactory$ProviderProxy.invoke(ProviderFactory.java:110)
	at org.apache.maven.surefire.booter.SurefireStarter.invokeProvider(SurefireStarter.java:175)
	at org.apache.maven.surefire.booter.SurefireStarter.runSuitesInProcessWhenForked(SurefireStarter.java:107)
	at org.apache.maven.surefire.booter.ForkedBooter.main(ForkedBooter.java:68)
Caused by: org.openqa.selenium.NoSuchElementException: Unable to locate element: {&quot;method&quot;:&quot;name&quot;,&quot;selector&quot;:&quot;nome&quot;}
For documentation on this error, please visit: http://seleniumhq.org/exceptions/no_such_element.html
Build info: version: &apos;2.53.1&apos;, revision: &apos;a36b8b1cd5757287168e54b817830adce9b0158d&apos;, time: &apos;2016-06-30 19:26:09&apos;
System info: host: &apos;debian&apos;, ip: &apos;127.0.1.1&apos;, os.name: &apos;Linux&apos;, os.arch: &apos;amd64&apos;, os.version: &apos;3.16.0-4-amd64&apos;, java.version: &apos;1.8.0_51&apos;
Driver info: driver.version: unknown
	at &lt;anonymous class&gt;.FirefoxDriver.prototype.findElementInternal_(file:///tmp/anonymous2779453413399423835webdriver-profile/extensions/fxdriver@googlecode.com/components/driver-component.js:10770)
	at &lt;anonymous class&gt;.FirefoxDriver.prototype.findElement(file:///tmp/anonymous2779453413399423835webdriver-profile/extensions/fxdriver@googlecode.com/components/driver-component.js:10779)
	at &lt;anonymous class&gt;.DelayedCommand.prototype.executeInternal_/h(file:///tmp/anonymous2779453413399423835webdriver-profile/extensions/fxdriver@googlecode.com/components/command-processor.js:12661)
	at &lt;anonymous class&gt;.DelayedCommand.prototype.executeInternal_(file:///tmp/anonymous2779453413399423835webdriver-profile/extensions/fxdriver@googlecode.com/components/command-processor.js:12666)
	at &lt;anonymous class&gt;.DelayedCommand.prototype.execute/&lt;(file:///tmp/anonymous2779453413399423835webdriver-profile/extensions/fxdriver@googlecode.com/components/command-processor.js:12608)
</error>
  </testcase>
  <testcase classname="br.com.ricardotulio.mikrotikadmin.CadastraClientesTest" name="testaSeCadastraCliente[41]" time="0.1">
    <error message="Unable to locate element: {&quot;method&quot;:&quot;name&quot;,&quot;selector&quot;:&quot;nome&quot;}
Command duration or timeout: 10 milliseconds
For documentation on this error, please visit: http://seleniumhq.org/exceptions/no_such_element.html
Build info: version: &apos;2.53.1&apos;, revision: &apos;a36b8b1cd5757287168e54b817830adce9b0158d&apos;, time: &apos;2016-06-30 19:26:09&apos;
System info: host: &apos;debian&apos;, ip: &apos;127.0.1.1&apos;, os.name: &apos;Linux&apos;, os.arch: &apos;amd64&apos;, os.version: &apos;3.16.0-4-amd64&apos;, java.version: &apos;1.8.0_51&apos;
Driver info: org.openqa.selenium.firefox.FirefoxDriver
Capabilities [{applicationCacheEnabled=true, rotatable=false, handlesAlerts=true, databaseEnabled=true, version=47.0.1, platform=LINUX, nativeEvents=false, acceptSslCerts=true, webStorageEnabled=true, locationContextEnabled=true, browserName=firefox, takesScreenshot=true, javascriptEnabled=true, cssSelectorsEnabled=true}]
Session ID: fd59750a-6cd2-45cd-a523-1e3c2ee77287
*** Element info: {Using=name, value=nome}" type="org.openqa.selenium.NoSuchElementException">org.openqa.selenium.NoSuchElementException: Unable to locate element: {&quot;method&quot;:&quot;name&quot;,&quot;selector&quot;:&quot;nome&quot;}
Command duration or timeout: 10 milliseconds
For documentation on this error, please visit: http://seleniumhq.org/exceptions/no_such_element.html
Build info: version: &apos;2.53.1&apos;, revision: &apos;a36b8b1cd5757287168e54b817830adce9b0158d&apos;, time: &apos;2016-06-30 19:26:09&apos;
System info: host: &apos;debian&apos;, ip: &apos;127.0.1.1&apos;, os.name: &apos;Linux&apos;, os.arch: &apos;amd64&apos;, os.version: &apos;3.16.0-4-amd64&apos;, java.version: &apos;1.8.0_51&apos;
Driver info: org.openqa.selenium.firefox.FirefoxDriver
Capabilities [{applicationCacheEnabled=true, rotatable=false, handlesAlerts=true, databaseEnabled=true, version=47.0.1, platform=LINUX, nativeEvents=false, acceptSslCerts=true, webStorageEnabled=true, locationContextEnabled=true, browserName=firefox, takesScreenshot=true, javascriptEnabled=true, cssSelectorsEnabled=true}]
Session ID: fd59750a-6cd2-45cd-a523-1e3c2ee77287
*** Element info: {Using=name, value=nome}
	at sun.reflect.GeneratedConstructorAccessor11.newInstance(Unknown Source)
	at sun.reflect.DelegatingConstructorAccessorImpl.newInstance(DelegatingConstructorAccessorImpl.java:45)
	at java.lang.reflect.Constructor.newInstance(Constructor.java:422)
	at org.openqa.selenium.remote.ErrorHandler.createThrowable(ErrorHandler.java:206)
	at org.openqa.selenium.remote.ErrorHandler.throwIfResponseFailed(ErrorHandler.java:158)
	at org.openqa.selenium.remote.RemoteWebDriver.execute(RemoteWebDriver.java:678)
	at org.openqa.selenium.remote.RemoteWebDriver.findElement(RemoteWebDriver.java:363)
	at org.openqa.selenium.remote.RemoteWebDriver.findElementByName(RemoteWebDriver.java:461)
	at org.openqa.selenium.By$ByName.findElement(By.java:303)
	at org.openqa.selenium.remote.RemoteWebDriver.findElement(RemoteWebDriver.java:355)
	at br.com.ricardotulio.mikrotikadmin.CadastraClientesTest.testaSeCadastraCliente(CadastraClientesTest.java:129)
	at sun.reflect.GeneratedMethodAccessor10.invoke(Unknown Source)
	at sun.reflect.DelegatingMethodAccessorImpl.invoke(DelegatingMethodAccessorImpl.java:43)
	at java.lang.reflect.Method.invoke(Method.java:497)
	at org.junit.runners.model.FrameworkMethod$1.runReflectiveCall(FrameworkMethod.java:50)
	at org.junit.internal.runners.model.ReflectiveCallable.run(ReflectiveCallable.java:12)
	at org.junit.runners.model.FrameworkMethod.invokeExplosively(FrameworkMethod.java:47)
	at org.junit.internal.runners.statements.InvokeMethod.evaluate(InvokeMethod.java:17)
	at org.junit.internal.runners.statements.RunAfters.evaluate(RunAfters.java:27)
	at org.junit.rules.TestWatcher$1.evaluate(TestWatcher.java:55)
	at org.junit.rules.RunRules.evaluate(RunRules.java:20)
	at org.junit.runners.ParentRunner.runLeaf(ParentRunner.java:325)
	at org.junit.runners.BlockJUnit4ClassRunner.runChild(BlockJUnit4ClassRunner.java:78)
	at org.junit.runners.BlockJUnit4ClassRunner.runChild(BlockJUnit4ClassRunner.java:57)
	at org.junit.runners.ParentRunner$3.run(ParentRunner.java:290)
	at org.junit.runners.ParentRunner$1.schedule(ParentRunner.java:71)
	at org.junit.runners.ParentRunner.runChildren(ParentRunner.java:288)
	at org.junit.runners.ParentRunner.access$000(ParentRunner.java:58)
	at org.junit.runners.ParentRunner$2.evaluate(ParentRunner.java:268)
	at org.junit.runners.ParentRunner.run(ParentRunner.java:363)
	at org.junit.runners.Suite.runChild(Suite.java:128)
	at org.junit.runners.Suite.runChild(Suite.java:27)
	at org.junit.runners.ParentRunner$3.run(ParentRunner.java:290)
	at org.junit.runners.ParentRunner$1.schedule(ParentRunner.java:71)
	at org.junit.runners.ParentRunner.runChildren(ParentRunner.java:288)
	at org.junit.runners.ParentRunner.access$000(ParentRunner.java:58)
	at org.junit.runners.ParentRunner$2.evaluate(ParentRunner.java:268)
	at org.junit.internal.runners.statements.RunBefores.evaluate(RunBefores.java:26)
	at org.junit.internal.runners.statements.RunAfters.evaluate(RunAfters.java:27)
	at org.junit.runners.ParentRunner.run(ParentRunner.java:363)
	at org.apache.maven.surefire.junit4.JUnit4TestSet.execute(JUnit4TestSet.java:53)
	at org.apache.maven.surefire.junit4.JUnit4Provider.executeTestSet(JUnit4Provider.java:123)
	at org.apache.maven.surefire.junit4.JUnit4Provider.invoke(JUnit4Provider.java:104)
	at sun.reflect.NativeMethodAccessorImpl.invoke0(Native Method)
	at sun.reflect.NativeMethodAccessorImpl.invoke(NativeMethodAccessorImpl.java:62)
	at sun.reflect.DelegatingMethodAccessorImpl.invoke(DelegatingMethodAccessorImpl.java:43)
	at java.lang.reflect.Method.invoke(Method.java:497)
	at org.apache.maven.surefire.util.ReflectionUtils.invokeMethodWithArray(ReflectionUtils.java:164)
	at org.apache.maven.surefire.booter.ProviderFactory$ProviderProxy.invoke(ProviderFactory.java:110)
	at org.apache.maven.surefire.booter.SurefireStarter.invokeProvider(SurefireStarter.java:175)
	at org.apache.maven.surefire.booter.SurefireStarter.runSuitesInProcessWhenForked(SurefireStarter.java:107)
	at org.apache.maven.surefire.booter.ForkedBooter.main(ForkedBooter.java:68)
Caused by: org.openqa.selenium.NoSuchElementException: Unable to locate element: {&quot;method&quot;:&quot;name&quot;,&quot;selector&quot;:&quot;nome&quot;}
For documentation on this error, please visit: http://seleniumhq.org/exceptions/no_such_element.html
Build info: version: &apos;2.53.1&apos;, revision: &apos;a36b8b1cd5757287168e54b817830adce9b0158d&apos;, time: &apos;2016-06-30 19:26:09&apos;
System info: host: &apos;debian&apos;, ip: &apos;127.0.1.1&apos;, os.name: &apos;Linux&apos;, os.arch: &apos;amd64&apos;, os.version: &apos;3.16.0-4-amd64&apos;, java.version: &apos;1.8.0_51&apos;
Driver info: driver.version: unknown
	at &lt;anonymous class&gt;.FirefoxDriver.prototype.findElementInternal_(file:///tmp/anonymous2779453413399423835webdriver-profile/extensions/fxdriver@googlecode.com/components/driver-component.js:10770)
	at &lt;anonymous class&gt;.FirefoxDriver.prototype.findElement(file:///tmp/anonymous2779453413399423835webdriver-profile/extensions/fxdriver@googlecode.com/components/driver-component.js:10779)
	at &lt;anonymous class&gt;.DelayedCommand.prototype.executeInternal_/h(file:///tmp/anonymous2779453413399423835webdriver-profile/extensions/fxdriver@googlecode.com/components/command-processor.js:12661)
	at &lt;anonymous class&gt;.DelayedCommand.prototype.executeInternal_(file:///tmp/anonymous2779453413399423835webdriver-profile/extensions/fxdriver@googlecode.com/components/command-processor.js:12666)
	at &lt;anonymous class&gt;.DelayedCommand.prototype.execute/&lt;(file:///tmp/anonymous2779453413399423835webdriver-profile/extensions/fxdriver@googlecode.com/components/command-processor.js:12608)
</error>
  </testcase>
  <testcase classname="br.com.ricardotulio.mikrotikadmin.CadastraClientesTest" name="testaSeCadastraCliente[42]" time="0.105">
    <error message="Unable to locate element: {&quot;method&quot;:&quot;name&quot;,&quot;selector&quot;:&quot;nome&quot;}
Command duration or timeout: 6 milliseconds
For documentation on this error, please visit: http://seleniumhq.org/exceptions/no_such_element.html
Build info: version: &apos;2.53.1&apos;, revision: &apos;a36b8b1cd5757287168e54b817830adce9b0158d&apos;, time: &apos;2016-06-30 19:26:09&apos;
System info: host: &apos;debian&apos;, ip: &apos;127.0.1.1&apos;, os.name: &apos;Linux&apos;, os.arch: &apos;amd64&apos;, os.version: &apos;3.16.0-4-amd64&apos;, java.version: &apos;1.8.0_51&apos;
Driver info: org.openqa.selenium.firefox.FirefoxDriver
Capabilities [{applicationCacheEnabled=true, rotatable=false, handlesAlerts=true, databaseEnabled=true, version=47.0.1, platform=LINUX, nativeEvents=false, acceptSslCerts=true, webStorageEnabled=true, locationContextEnabled=true, browserName=firefox, takesScreenshot=true, javascriptEnabled=true, cssSelectorsEnabled=true}]
Session ID: fd59750a-6cd2-45cd-a523-1e3c2ee77287
*** Element info: {Using=name, value=nome}" type="org.openqa.selenium.NoSuchElementException">org.openqa.selenium.NoSuchElementException: Unable to locate element: {&quot;method&quot;:&quot;name&quot;,&quot;selector&quot;:&quot;nome&quot;}
Command duration or timeout: 6 milliseconds
For documentation on this error, please visit: http://seleniumhq.org/exceptions/no_such_element.html
Build info: version: &apos;2.53.1&apos;, revision: &apos;a36b8b1cd5757287168e54b817830adce9b0158d&apos;, time: &apos;2016-06-30 19:26:09&apos;
System info: host: &apos;debian&apos;, ip: &apos;127.0.1.1&apos;, os.name: &apos;Linux&apos;, os.arch: &apos;amd64&apos;, os.version: &apos;3.16.0-4-amd64&apos;, java.version: &apos;1.8.0_51&apos;
Driver info: org.openqa.selenium.firefox.FirefoxDriver
Capabilities [{applicationCacheEnabled=true, rotatable=false, handlesAlerts=true, databaseEnabled=true, version=47.0.1, platform=LINUX, nativeEvents=false, acceptSslCerts=true, webStorageEnabled=true, locationContextEnabled=true, browserName=firefox, takesScreenshot=true, javascriptEnabled=true, cssSelectorsEnabled=true}]
Session ID: fd59750a-6cd2-45cd-a523-1e3c2ee77287
*** Element info: {Using=name, value=nome}
	at sun.reflect.GeneratedConstructorAccessor11.newInstance(Unknown Source)
	at sun.reflect.DelegatingConstructorAccessorImpl.newInstance(DelegatingConstructorAccessorImpl.java:45)
	at java.lang.reflect.Constructor.newInstance(Constructor.java:422)
	at org.openqa.selenium.remote.ErrorHandler.createThrowable(ErrorHandler.java:206)
	at org.openqa.selenium.remote.ErrorHandler.throwIfResponseFailed(ErrorHandler.java:158)
	at org.openqa.selenium.remote.RemoteWebDriver.execute(RemoteWebDriver.java:678)
	at org.openqa.selenium.remote.RemoteWebDriver.findElement(RemoteWebDriver.java:363)
	at org.openqa.selenium.remote.RemoteWebDriver.findElementByName(RemoteWebDriver.java:461)
	at org.openqa.selenium.By$ByName.findElement(By.java:303)
	at org.openqa.selenium.remote.RemoteWebDriver.findElement(RemoteWebDriver.java:355)
	at br.com.ricardotulio.mikrotikadmin.CadastraClientesTest.testaSeCadastraCliente(CadastraClientesTest.java:129)
	at sun.reflect.GeneratedMethodAccessor10.invoke(Unknown Source)
	at sun.reflect.DelegatingMethodAccessorImpl.invoke(DelegatingMethodAccessorImpl.java:43)
	at java.lang.reflect.Method.invoke(Method.java:497)
	at org.junit.runners.model.FrameworkMethod$1.runReflectiveCall(FrameworkMethod.java:50)
	at org.junit.internal.runners.model.ReflectiveCallable.run(ReflectiveCallable.java:12)
	at org.junit.runners.model.FrameworkMethod.invokeExplosively(FrameworkMethod.java:47)
	at org.junit.internal.runners.statements.InvokeMethod.evaluate(InvokeMethod.java:17)
	at org.junit.internal.runners.statements.RunAfters.evaluate(RunAfters.java:27)
	at org.junit.rules.TestWatcher$1.evaluate(TestWatcher.java:55)
	at org.junit.rules.RunRules.evaluate(RunRules.java:20)
	at org.junit.runners.ParentRunner.runLeaf(ParentRunner.java:325)
	at org.junit.runners.BlockJUnit4ClassRunner.runChild(BlockJUnit4ClassRunner.java:78)
	at org.junit.runners.BlockJUnit4ClassRunner.runChild(BlockJUnit4ClassRunner.java:57)
	at org.junit.runners.ParentRunner$3.run(ParentRunner.java:290)
	at org.junit.runners.ParentRunner$1.schedule(ParentRunner.java:71)
	at org.junit.runners.ParentRunner.runChildren(ParentRunner.java:288)
	at org.junit.runners.ParentRunner.access$000(ParentRunner.java:58)
	at org.junit.runners.ParentRunner$2.evaluate(ParentRunner.java:268)
	at org.junit.runners.ParentRunner.run(ParentRunner.java:363)
	at org.junit.runners.Suite.runChild(Suite.java:128)
	at org.junit.runners.Suite.runChild(Suite.java:27)
	at org.junit.runners.ParentRunner$3.run(ParentRunner.java:290)
	at org.junit.runners.ParentRunner$1.schedule(ParentRunner.java:71)
	at org.junit.runners.ParentRunner.runChildren(ParentRunner.java:288)
	at org.junit.runners.ParentRunner.access$000(ParentRunner.java:58)
	at org.junit.runners.ParentRunner$2.evaluate(ParentRunner.java:268)
	at org.junit.internal.runners.statements.RunBefores.evaluate(RunBefores.java:26)
	at org.junit.internal.runners.statements.RunAfters.evaluate(RunAfters.java:27)
	at org.junit.runners.ParentRunner.run(ParentRunner.java:363)
	at org.apache.maven.surefire.junit4.JUnit4TestSet.execute(JUnit4TestSet.java:53)
	at org.apache.maven.surefire.junit4.JUnit4Provider.executeTestSet(JUnit4Provider.java:123)
	at org.apache.maven.surefire.junit4.JUnit4Provider.invoke(JUnit4Provider.java:104)
	at sun.reflect.NativeMethodAccessorImpl.invoke0(Native Method)
	at sun.reflect.NativeMethodAccessorImpl.invoke(NativeMethodAccessorImpl.java:62)
	at sun.reflect.DelegatingMethodAccessorImpl.invoke(DelegatingMethodAccessorImpl.java:43)
	at java.lang.reflect.Method.invoke(Method.java:497)
	at org.apache.maven.surefire.util.ReflectionUtils.invokeMethodWithArray(ReflectionUtils.java:164)
	at org.apache.maven.surefire.booter.ProviderFactory$ProviderProxy.invoke(ProviderFactory.java:110)
	at org.apache.maven.surefire.booter.SurefireStarter.invokeProvider(SurefireStarter.java:175)
	at org.apache.maven.surefire.booter.SurefireStarter.runSuitesInProcessWhenForked(SurefireStarter.java:107)
	at org.apache.maven.surefire.booter.ForkedBooter.main(ForkedBooter.java:68)
Caused by: org.openqa.selenium.NoSuchElementException: Unable to locate element: {&quot;method&quot;:&quot;name&quot;,&quot;selector&quot;:&quot;nome&quot;}
For documentation on this error, please visit: http://seleniumhq.org/exceptions/no_such_element.html
Build info: version: &apos;2.53.1&apos;, revision: &apos;a36b8b1cd5757287168e54b817830adce9b0158d&apos;, time: &apos;2016-06-30 19:26:09&apos;
System info: host: &apos;debian&apos;, ip: &apos;127.0.1.1&apos;, os.name: &apos;Linux&apos;, os.arch: &apos;amd64&apos;, os.version: &apos;3.16.0-4-amd64&apos;, java.version: &apos;1.8.0_51&apos;
Driver info: driver.version: unknown
	at &lt;anonymous class&gt;.FirefoxDriver.prototype.findElementInternal_(file:///tmp/anonymous2779453413399423835webdriver-profile/extensions/fxdriver@googlecode.com/components/driver-component.js:10770)
	at &lt;anonymous class&gt;.FirefoxDriver.prototype.findElement(file:///tmp/anonymous2779453413399423835webdriver-profile/extensions/fxdriver@googlecode.com/components/driver-component.js:10779)
	at &lt;anonymous class&gt;.DelayedCommand.prototype.executeInternal_/h(file:///tmp/anonymous2779453413399423835webdriver-profile/extensions/fxdriver@googlecode.com/components/command-processor.js:12661)
	at &lt;anonymous class&gt;.DelayedCommand.prototype.executeInternal_(file:///tmp/anonymous2779453413399423835webdriver-profile/extensions/fxdriver@googlecode.com/components/command-processor.js:12666)
	at &lt;anonymous class&gt;.DelayedCommand.prototype.execute/&lt;(file:///tmp/anonymous2779453413399423835webdriver-profile/extensions/fxdriver@googlecode.com/components/command-processor.js:12608)
</error>
  </testcase>
  <testcase classname="br.com.ricardotulio.mikrotikadmin.CadastraClientesTest" name="testaSeCadastraCliente[43]" time="0.095">
    <error message="Unable to locate element: {&quot;method&quot;:&quot;name&quot;,&quot;selector&quot;:&quot;nome&quot;}
Command duration or timeout: 12 milliseconds
For documentation on this error, please visit: http://seleniumhq.org/exceptions/no_such_element.html
Build info: version: &apos;2.53.1&apos;, revision: &apos;a36b8b1cd5757287168e54b817830adce9b0158d&apos;, time: &apos;2016-06-30 19:26:09&apos;
System info: host: &apos;debian&apos;, ip: &apos;127.0.1.1&apos;, os.name: &apos;Linux&apos;, os.arch: &apos;amd64&apos;, os.version: &apos;3.16.0-4-amd64&apos;, java.version: &apos;1.8.0_51&apos;
Driver info: org.openqa.selenium.firefox.FirefoxDriver
Capabilities [{applicationCacheEnabled=true, rotatable=false, handlesAlerts=true, databaseEnabled=true, version=47.0.1, platform=LINUX, nativeEvents=false, acceptSslCerts=true, webStorageEnabled=true, locationContextEnabled=true, browserName=firefox, takesScreenshot=true, javascriptEnabled=true, cssSelectorsEnabled=true}]
Session ID: fd59750a-6cd2-45cd-a523-1e3c2ee77287
*** Element info: {Using=name, value=nome}" type="org.openqa.selenium.NoSuchElementException">org.openqa.selenium.NoSuchElementException: Unable to locate element: {&quot;method&quot;:&quot;name&quot;,&quot;selector&quot;:&quot;nome&quot;}
Command duration or timeout: 12 milliseconds
For documentation on this error, please visit: http://seleniumhq.org/exceptions/no_such_element.html
Build info: version: &apos;2.53.1&apos;, revision: &apos;a36b8b1cd5757287168e54b817830adce9b0158d&apos;, time: &apos;2016-06-30 19:26:09&apos;
System info: host: &apos;debian&apos;, ip: &apos;127.0.1.1&apos;, os.name: &apos;Linux&apos;, os.arch: &apos;amd64&apos;, os.version: &apos;3.16.0-4-amd64&apos;, java.version: &apos;1.8.0_51&apos;
Driver info: org.openqa.selenium.firefox.FirefoxDriver
Capabilities [{applicationCacheEnabled=true, rotatable=false, handlesAlerts=true, databaseEnabled=true, version=47.0.1, platform=LINUX, nativeEvents=false, acceptSslCerts=true, webStorageEnabled=true, locationContextEnabled=true, browserName=firefox, takesScreenshot=true, javascriptEnabled=true, cssSelectorsEnabled=true}]
Session ID: fd59750a-6cd2-45cd-a523-1e3c2ee77287
*** Element info: {Using=name, value=nome}
	at sun.reflect.GeneratedConstructorAccessor11.newInstance(Unknown Source)
	at sun.reflect.DelegatingConstructorAccessorImpl.newInstance(DelegatingConstructorAccessorImpl.java:45)
	at java.lang.reflect.Constructor.newInstance(Constructor.java:422)
	at org.openqa.selenium.remote.ErrorHandler.createThrowable(ErrorHandler.java:206)
	at org.openqa.selenium.remote.ErrorHandler.throwIfResponseFailed(ErrorHandler.java:158)
	at org.openqa.selenium.remote.RemoteWebDriver.execute(RemoteWebDriver.java:678)
	at org.openqa.selenium.remote.RemoteWebDriver.findElement(RemoteWebDriver.java:363)
	at org.openqa.selenium.remote.RemoteWebDriver.findElementByName(RemoteWebDriver.java:461)
	at org.openqa.selenium.By$ByName.findElement(By.java:303)
	at org.openqa.selenium.remote.RemoteWebDriver.findElement(RemoteWebDriver.java:355)
	at br.com.ricardotulio.mikrotikadmin.CadastraClientesTest.testaSeCadastraCliente(CadastraClientesTest.java:129)
	at sun.reflect.GeneratedMethodAccessor10.invoke(Unknown Source)
	at sun.reflect.DelegatingMethodAccessorImpl.invoke(DelegatingMethodAccessorImpl.java:43)
	at java.lang.reflect.Method.invoke(Method.java:497)
	at org.junit.runners.model.FrameworkMethod$1.runReflectiveCall(FrameworkMethod.java:50)
	at org.junit.internal.runners.model.ReflectiveCallable.run(ReflectiveCallable.java:12)
	at org.junit.runners.model.FrameworkMethod.invokeExplosively(FrameworkMethod.java:47)
	at org.junit.internal.runners.statements.InvokeMethod.evaluate(InvokeMethod.java:17)
	at org.junit.internal.runners.statements.RunAfters.evaluate(RunAfters.java:27)
	at org.junit.rules.TestWatcher$1.evaluate(TestWatcher.java:55)
	at org.junit.rules.RunRules.evaluate(RunRules.java:20)
	at org.junit.runners.ParentRunner.runLeaf(ParentRunner.java:325)
	at org.junit.runners.BlockJUnit4ClassRunner.runChild(BlockJUnit4ClassRunner.java:78)
	at org.junit.runners.BlockJUnit4ClassRunner.runChild(BlockJUnit4ClassRunner.java:57)
	at org.junit.runners.ParentRunner$3.run(ParentRunner.java:290)
	at org.junit.runners.ParentRunner$1.schedule(ParentRunner.java:71)
	at org.junit.runners.ParentRunner.runChildren(ParentRunner.java:288)
	at org.junit.runners.ParentRunner.access$000(ParentRunner.java:58)
	at org.junit.runners.ParentRunner$2.evaluate(ParentRunner.java:268)
	at org.junit.runners.ParentRunner.run(ParentRunner.java:363)
	at org.junit.runners.Suite.runChild(Suite.java:128)
	at org.junit.runners.Suite.runChild(Suite.java:27)
	at org.junit.runners.ParentRunner$3.run(ParentRunner.java:290)
	at org.junit.runners.ParentRunner$1.schedule(ParentRunner.java:71)
	at org.junit.runners.ParentRunner.runChildren(ParentRunner.java:288)
	at org.junit.runners.ParentRunner.access$000(ParentRunner.java:58)
	at org.junit.runners.ParentRunner$2.evaluate(ParentRunner.java:268)
	at org.junit.internal.runners.statements.RunBefores.evaluate(RunBefores.java:26)
	at org.junit.internal.runners.statements.RunAfters.evaluate(RunAfters.java:27)
	at org.junit.runners.ParentRunner.run(ParentRunner.java:363)
	at org.apache.maven.surefire.junit4.JUnit4TestSet.execute(JUnit4TestSet.java:53)
	at org.apache.maven.surefire.junit4.JUnit4Provider.executeTestSet(JUnit4Provider.java:123)
	at org.apache.maven.surefire.junit4.JUnit4Provider.invoke(JUnit4Provider.java:104)
	at sun.reflect.NativeMethodAccessorImpl.invoke0(Native Method)
	at sun.reflect.NativeMethodAccessorImpl.invoke(NativeMethodAccessorImpl.java:62)
	at sun.reflect.DelegatingMethodAccessorImpl.invoke(DelegatingMethodAccessorImpl.java:43)
	at java.lang.reflect.Method.invoke(Method.java:497)
	at org.apache.maven.surefire.util.ReflectionUtils.invokeMethodWithArray(ReflectionUtils.java:164)
	at org.apache.maven.surefire.booter.ProviderFactory$ProviderProxy.invoke(ProviderFactory.java:110)
	at org.apache.maven.surefire.booter.SurefireStarter.invokeProvider(SurefireStarter.java:175)
	at org.apache.maven.surefire.booter.SurefireStarter.runSuitesInProcessWhenForked(SurefireStarter.java:107)
	at org.apache.maven.surefire.booter.ForkedBooter.main(ForkedBooter.java:68)
Caused by: org.openqa.selenium.NoSuchElementException: Unable to locate element: {&quot;method&quot;:&quot;name&quot;,&quot;selector&quot;:&quot;nome&quot;}
For documentation on this error, please visit: http://seleniumhq.org/exceptions/no_such_element.html
Build info: version: &apos;2.53.1&apos;, revision: &apos;a36b8b1cd5757287168e54b817830adce9b0158d&apos;, time: &apos;2016-06-30 19:26:09&apos;
System info: host: &apos;debian&apos;, ip: &apos;127.0.1.1&apos;, os.name: &apos;Linux&apos;, os.arch: &apos;amd64&apos;, os.version: &apos;3.16.0-4-amd64&apos;, java.version: &apos;1.8.0_51&apos;
Driver info: driver.version: unknown
	at &lt;anonymous class&gt;.FirefoxDriver.prototype.findElementInternal_(file:///tmp/anonymous2779453413399423835webdriver-profile/extensions/fxdriver@googlecode.com/components/driver-component.js:10770)
	at &lt;anonymous class&gt;.FirefoxDriver.prototype.findElement(file:///tmp/anonymous2779453413399423835webdriver-profile/extensions/fxdriver@googlecode.com/components/driver-component.js:10779)
	at &lt;anonymous class&gt;.DelayedCommand.prototype.executeInternal_/h(file:///tmp/anonymous2779453413399423835webdriver-profile/extensions/fxdriver@googlecode.com/components/command-processor.js:12661)
	at &lt;anonymous class&gt;.DelayedCommand.prototype.executeInternal_(file:///tmp/anonymous2779453413399423835webdriver-profile/extensions/fxdriver@googlecode.com/components/command-processor.js:12666)
	at &lt;anonymous class&gt;.DelayedCommand.prototype.execute/&lt;(file:///tmp/anonymous2779453413399423835webdriver-profile/extensions/fxdriver@googlecode.com/components/command-processor.js:12608)
</error>
  </testcase>
  <testcase classname="br.com.ricardotulio.mikrotikadmin.CadastraClientesTest" name="testaSeCadastraCliente[44]" time="0.184">
    <error message="Unable to locate element: {&quot;method&quot;:&quot;name&quot;,&quot;selector&quot;:&quot;nome&quot;}
Command duration or timeout: 29 milliseconds
For documentation on this error, please visit: http://seleniumhq.org/exceptions/no_such_element.html
Build info: version: &apos;2.53.1&apos;, revision: &apos;a36b8b1cd5757287168e54b817830adce9b0158d&apos;, time: &apos;2016-06-30 19:26:09&apos;
System info: host: &apos;debian&apos;, ip: &apos;127.0.1.1&apos;, os.name: &apos;Linux&apos;, os.arch: &apos;amd64&apos;, os.version: &apos;3.16.0-4-amd64&apos;, java.version: &apos;1.8.0_51&apos;
Driver info: org.openqa.selenium.firefox.FirefoxDriver
Capabilities [{applicationCacheEnabled=true, rotatable=false, handlesAlerts=true, databaseEnabled=true, version=47.0.1, platform=LINUX, nativeEvents=false, acceptSslCerts=true, webStorageEnabled=true, locationContextEnabled=true, browserName=firefox, takesScreenshot=true, javascriptEnabled=true, cssSelectorsEnabled=true}]
Session ID: fd59750a-6cd2-45cd-a523-1e3c2ee77287
*** Element info: {Using=name, value=nome}" type="org.openqa.selenium.NoSuchElementException">org.openqa.selenium.NoSuchElementException: Unable to locate element: {&quot;method&quot;:&quot;name&quot;,&quot;selector&quot;:&quot;nome&quot;}
Command duration or timeout: 29 milliseconds
For documentation on this error, please visit: http://seleniumhq.org/exceptions/no_such_element.html
Build info: version: &apos;2.53.1&apos;, revision: &apos;a36b8b1cd5757287168e54b817830adce9b0158d&apos;, time: &apos;2016-06-30 19:26:09&apos;
System info: host: &apos;debian&apos;, ip: &apos;127.0.1.1&apos;, os.name: &apos;Linux&apos;, os.arch: &apos;amd64&apos;, os.version: &apos;3.16.0-4-amd64&apos;, java.version: &apos;1.8.0_51&apos;
Driver info: org.openqa.selenium.firefox.FirefoxDriver
Capabilities [{applicationCacheEnabled=true, rotatable=false, handlesAlerts=true, databaseEnabled=true, version=47.0.1, platform=LINUX, nativeEvents=false, acceptSslCerts=true, webStorageEnabled=true, locationContextEnabled=true, browserName=firefox, takesScreenshot=true, javascriptEnabled=true, cssSelectorsEnabled=true}]
Session ID: fd59750a-6cd2-45cd-a523-1e3c2ee77287
*** Element info: {Using=name, value=nome}
	at sun.reflect.GeneratedConstructorAccessor11.newInstance(Unknown Source)
	at sun.reflect.DelegatingConstructorAccessorImpl.newInstance(DelegatingConstructorAccessorImpl.java:45)
	at java.lang.reflect.Constructor.newInstance(Constructor.java:422)
	at org.openqa.selenium.remote.ErrorHandler.createThrowable(ErrorHandler.java:206)
	at org.openqa.selenium.remote.ErrorHandler.throwIfResponseFailed(ErrorHandler.java:158)
	at org.openqa.selenium.remote.RemoteWebDriver.execute(RemoteWebDriver.java:678)
	at org.openqa.selenium.remote.RemoteWebDriver.findElement(RemoteWebDriver.java:363)
	at org.openqa.selenium.remote.RemoteWebDriver.findElementByName(RemoteWebDriver.java:461)
	at org.openqa.selenium.By$ByName.findElement(By.java:303)
	at org.openqa.selenium.remote.RemoteWebDriver.findElement(RemoteWebDriver.java:355)
	at br.com.ricardotulio.mikrotikadmin.CadastraClientesTest.testaSeCadastraCliente(CadastraClientesTest.java:129)
	at sun.reflect.GeneratedMethodAccessor10.invoke(Unknown Source)
	at sun.reflect.DelegatingMethodAccessorImpl.invoke(DelegatingMethodAccessorImpl.java:43)
	at java.lang.reflect.Method.invoke(Method.java:497)
	at org.junit.runners.model.FrameworkMethod$1.runReflectiveCall(FrameworkMethod.java:50)
	at org.junit.internal.runners.model.ReflectiveCallable.run(ReflectiveCallable.java:12)
	at org.junit.runners.model.FrameworkMethod.invokeExplosively(FrameworkMethod.java:47)
	at org.junit.internal.runners.statements.InvokeMethod.evaluate(InvokeMethod.java:17)
	at org.junit.internal.runners.statements.RunAfters.evaluate(RunAfters.java:27)
	at org.junit.rules.TestWatcher$1.evaluate(TestWatcher.java:55)
	at org.junit.rules.RunRules.evaluate(RunRules.java:20)
	at org.junit.runners.ParentRunner.runLeaf(ParentRunner.java:325)
	at org.junit.runners.BlockJUnit4ClassRunner.runChild(BlockJUnit4ClassRunner.java:78)
	at org.junit.runners.BlockJUnit4ClassRunner.runChild(BlockJUnit4ClassRunner.java:57)
	at org.junit.runners.ParentRunner$3.run(ParentRunner.java:290)
	at org.junit.runners.ParentRunner$1.schedule(ParentRunner.java:71)
	at org.junit.runners.ParentRunner.runChildren(ParentRunner.java:288)
	at org.junit.runners.ParentRunner.access$000(ParentRunner.java:58)
	at org.junit.runners.ParentRunner$2.evaluate(ParentRunner.java:268)
	at org.junit.runners.ParentRunner.run(ParentRunner.java:363)
	at org.junit.runners.Suite.runChild(Suite.java:128)
	at org.junit.runners.Suite.runChild(Suite.java:27)
	at org.junit.runners.ParentRunner$3.run(ParentRunner.java:290)
	at org.junit.runners.ParentRunner$1.schedule(ParentRunner.java:71)
	at org.junit.runners.ParentRunner.runChildren(ParentRunner.java:288)
	at org.junit.runners.ParentRunner.access$000(ParentRunner.java:58)
	at org.junit.runners.ParentRunner$2.evaluate(ParentRunner.java:268)
	at org.junit.internal.runners.statements.RunBefores.evaluate(RunBefores.java:26)
	at org.junit.internal.runners.statements.RunAfters.evaluate(RunAfters.java:27)
	at org.junit.runners.ParentRunner.run(ParentRunner.java:363)
	at org.apache.maven.surefire.junit4.JUnit4TestSet.execute(JUnit4TestSet.java:53)
	at org.apache.maven.surefire.junit4.JUnit4Provider.executeTestSet(JUnit4Provider.java:123)
	at org.apache.maven.surefire.junit4.JUnit4Provider.invoke(JUnit4Provider.java:104)
	at sun.reflect.NativeMethodAccessorImpl.invoke0(Native Method)
	at sun.reflect.NativeMethodAccessorImpl.invoke(NativeMethodAccessorImpl.java:62)
	at sun.reflect.DelegatingMethodAccessorImpl.invoke(DelegatingMethodAccessorImpl.java:43)
	at java.lang.reflect.Method.invoke(Method.java:497)
	at org.apache.maven.surefire.util.ReflectionUtils.invokeMethodWithArray(ReflectionUtils.java:164)
	at org.apache.maven.surefire.booter.ProviderFactory$ProviderProxy.invoke(ProviderFactory.java:110)
	at org.apache.maven.surefire.booter.SurefireStarter.invokeProvider(SurefireStarter.java:175)
	at org.apache.maven.surefire.booter.SurefireStarter.runSuitesInProcessWhenForked(SurefireStarter.java:107)
	at org.apache.maven.surefire.booter.ForkedBooter.main(ForkedBooter.java:68)
Caused by: org.openqa.selenium.NoSuchElementException: Unable to locate element: {&quot;method&quot;:&quot;name&quot;,&quot;selector&quot;:&quot;nome&quot;}
For documentation on this error, please visit: http://seleniumhq.org/exceptions/no_such_element.html
Build info: version: &apos;2.53.1&apos;, revision: &apos;a36b8b1cd5757287168e54b817830adce9b0158d&apos;, time: &apos;2016-06-30 19:26:09&apos;
System info: host: &apos;debian&apos;, ip: &apos;127.0.1.1&apos;, os.name: &apos;Linux&apos;, os.arch: &apos;amd64&apos;, os.version: &apos;3.16.0-4-amd64&apos;, java.version: &apos;1.8.0_51&apos;
Driver info: driver.version: unknown
	at &lt;anonymous class&gt;.FirefoxDriver.prototype.findElementInternal_(file:///tmp/anonymous2779453413399423835webdriver-profile/extensions/fxdriver@googlecode.com/components/driver-component.js:10770)
	at &lt;anonymous class&gt;.FirefoxDriver.prototype.findElement(file:///tmp/anonymous2779453413399423835webdriver-profile/extensions/fxdriver@googlecode.com/components/driver-component.js:10779)
	at &lt;anonymous class&gt;.DelayedCommand.prototype.executeInternal_/h(file:///tmp/anonymous2779453413399423835webdriver-profile/extensions/fxdriver@googlecode.com/components/command-processor.js:12661)
	at &lt;anonymous class&gt;.DelayedCommand.prototype.executeInternal_(file:///tmp/anonymous2779453413399423835webdriver-profile/extensions/fxdriver@googlecode.com/components/command-processor.js:12666)
	at &lt;anonymous class&gt;.DelayedCommand.prototype.execute/&lt;(file:///tmp/anonymous2779453413399423835webdriver-profile/extensions/fxdriver@googlecode.com/components/command-processor.js:12608)
</error>
  </testcase>
  <testcase classname="br.com.ricardotulio.mikrotikadmin.CadastraClientesTest" name="testaSeCadastraCliente[45]" time="0.155">
    <error message="Unable to locate element: {&quot;method&quot;:&quot;name&quot;,&quot;selector&quot;:&quot;nome&quot;}
Command duration or timeout: 8 milliseconds
For documentation on this error, please visit: http://seleniumhq.org/exceptions/no_such_element.html
Build info: version: &apos;2.53.1&apos;, revision: &apos;a36b8b1cd5757287168e54b817830adce9b0158d&apos;, time: &apos;2016-06-30 19:26:09&apos;
System info: host: &apos;debian&apos;, ip: &apos;127.0.1.1&apos;, os.name: &apos;Linux&apos;, os.arch: &apos;amd64&apos;, os.version: &apos;3.16.0-4-amd64&apos;, java.version: &apos;1.8.0_51&apos;
Driver info: org.openqa.selenium.firefox.FirefoxDriver
Capabilities [{applicationCacheEnabled=true, rotatable=false, handlesAlerts=true, databaseEnabled=true, version=47.0.1, platform=LINUX, nativeEvents=false, acceptSslCerts=true, webStorageEnabled=true, locationContextEnabled=true, browserName=firefox, takesScreenshot=true, javascriptEnabled=true, cssSelectorsEnabled=true}]
Session ID: fd59750a-6cd2-45cd-a523-1e3c2ee77287
*** Element info: {Using=name, value=nome}" type="org.openqa.selenium.NoSuchElementException">org.openqa.selenium.NoSuchElementException: Unable to locate element: {&quot;method&quot;:&quot;name&quot;,&quot;selector&quot;:&quot;nome&quot;}
Command duration or timeout: 8 milliseconds
For documentation on this error, please visit: http://seleniumhq.org/exceptions/no_such_element.html
Build info: version: &apos;2.53.1&apos;, revision: &apos;a36b8b1cd5757287168e54b817830adce9b0158d&apos;, time: &apos;2016-06-30 19:26:09&apos;
System info: host: &apos;debian&apos;, ip: &apos;127.0.1.1&apos;, os.name: &apos;Linux&apos;, os.arch: &apos;amd64&apos;, os.version: &apos;3.16.0-4-amd64&apos;, java.version: &apos;1.8.0_51&apos;
Driver info: org.openqa.selenium.firefox.FirefoxDriver
Capabilities [{applicationCacheEnabled=true, rotatable=false, handlesAlerts=true, databaseEnabled=true, version=47.0.1, platform=LINUX, nativeEvents=false, acceptSslCerts=true, webStorageEnabled=true, locationContextEnabled=true, browserName=firefox, takesScreenshot=true, javascriptEnabled=true, cssSelectorsEnabled=true}]
Session ID: fd59750a-6cd2-45cd-a523-1e3c2ee77287
*** Element info: {Using=name, value=nome}
	at sun.reflect.GeneratedConstructorAccessor11.newInstance(Unknown Source)
	at sun.reflect.DelegatingConstructorAccessorImpl.newInstance(DelegatingConstructorAccessorImpl.java:45)
	at java.lang.reflect.Constructor.newInstance(Constructor.java:422)
	at org.openqa.selenium.remote.ErrorHandler.createThrowable(ErrorHandler.java:206)
	at org.openqa.selenium.remote.ErrorHandler.throwIfResponseFailed(ErrorHandler.java:158)
	at org.openqa.selenium.remote.RemoteWebDriver.execute(RemoteWebDriver.java:678)
	at org.openqa.selenium.remote.RemoteWebDriver.findElement(RemoteWebDriver.java:363)
	at org.openqa.selenium.remote.RemoteWebDriver.findElementByName(RemoteWebDriver.java:461)
	at org.openqa.selenium.By$ByName.findElement(By.java:303)
	at org.openqa.selenium.remote.RemoteWebDriver.findElement(RemoteWebDriver.java:355)
	at br.com.ricardotulio.mikrotikadmin.CadastraClientesTest.testaSeCadastraCliente(CadastraClientesTest.java:129)
	at sun.reflect.GeneratedMethodAccessor10.invoke(Unknown Source)
	at sun.reflect.DelegatingMethodAccessorImpl.invoke(DelegatingMethodAccessorImpl.java:43)
	at java.lang.reflect.Method.invoke(Method.java:497)
	at org.junit.runners.model.FrameworkMethod$1.runReflectiveCall(FrameworkMethod.java:50)
	at org.junit.internal.runners.model.ReflectiveCallable.run(ReflectiveCallable.java:12)
	at org.junit.runners.model.FrameworkMethod.invokeExplosively(FrameworkMethod.java:47)
	at org.junit.internal.runners.statements.InvokeMethod.evaluate(InvokeMethod.java:17)
	at org.junit.internal.runners.statements.RunAfters.evaluate(RunAfters.java:27)
	at org.junit.rules.TestWatcher$1.evaluate(TestWatcher.java:55)
	at org.junit.rules.RunRules.evaluate(RunRules.java:20)
	at org.junit.runners.ParentRunner.runLeaf(ParentRunner.java:325)
	at org.junit.runners.BlockJUnit4ClassRunner.runChild(BlockJUnit4ClassRunner.java:78)
	at org.junit.runners.BlockJUnit4ClassRunner.runChild(BlockJUnit4ClassRunner.java:57)
	at org.junit.runners.ParentRunner$3.run(ParentRunner.java:290)
	at org.junit.runners.ParentRunner$1.schedule(ParentRunner.java:71)
	at org.junit.runners.ParentRunner.runChildren(ParentRunner.java:288)
	at org.junit.runners.ParentRunner.access$000(ParentRunner.java:58)
	at org.junit.runners.ParentRunner$2.evaluate(ParentRunner.java:268)
	at org.junit.runners.ParentRunner.run(ParentRunner.java:363)
	at org.junit.runners.Suite.runChild(Suite.java:128)
	at org.junit.runners.Suite.runChild(Suite.java:27)
	at org.junit.runners.ParentRunner$3.run(ParentRunner.java:290)
	at org.junit.runners.ParentRunner$1.schedule(ParentRunner.java:71)
	at org.junit.runners.ParentRunner.runChildren(ParentRunner.java:288)
	at org.junit.runners.ParentRunner.access$000(ParentRunner.java:58)
	at org.junit.runners.ParentRunner$2.evaluate(ParentRunner.java:268)
	at org.junit.internal.runners.statements.RunBefores.evaluate(RunBefores.java:26)
	at org.junit.internal.runners.statements.RunAfters.evaluate(RunAfters.java:27)
	at org.junit.runners.ParentRunner.run(ParentRunner.java:363)
	at org.apache.maven.surefire.junit4.JUnit4TestSet.execute(JUnit4TestSet.java:53)
	at org.apache.maven.surefire.junit4.JUnit4Provider.executeTestSet(JUnit4Provider.java:123)
	at org.apache.maven.surefire.junit4.JUnit4Provider.invoke(JUnit4Provider.java:104)
	at sun.reflect.NativeMethodAccessorImpl.invoke0(Native Method)
	at sun.reflect.NativeMethodAccessorImpl.invoke(NativeMethodAccessorImpl.java:62)
	at sun.reflect.DelegatingMethodAccessorImpl.invoke(DelegatingMethodAccessorImpl.java:43)
	at java.lang.reflect.Method.invoke(Method.java:497)
	at org.apache.maven.surefire.util.ReflectionUtils.invokeMethodWithArray(ReflectionUtils.java:164)
	at org.apache.maven.surefire.booter.ProviderFactory$ProviderProxy.invoke(ProviderFactory.java:110)
	at org.apache.maven.surefire.booter.SurefireStarter.invokeProvider(SurefireStarter.java:175)
	at org.apache.maven.surefire.booter.SurefireStarter.runSuitesInProcessWhenForked(SurefireStarter.java:107)
	at org.apache.maven.surefire.booter.ForkedBooter.main(ForkedBooter.java:68)
Caused by: org.openqa.selenium.NoSuchElementException: Unable to locate element: {&quot;method&quot;:&quot;name&quot;,&quot;selector&quot;:&quot;nome&quot;}
For documentation on this error, please visit: http://seleniumhq.org/exceptions/no_such_element.html
Build info: version: &apos;2.53.1&apos;, revision: &apos;a36b8b1cd5757287168e54b817830adce9b0158d&apos;, time: &apos;2016-06-30 19:26:09&apos;
System info: host: &apos;debian&apos;, ip: &apos;127.0.1.1&apos;, os.name: &apos;Linux&apos;, os.arch: &apos;amd64&apos;, os.version: &apos;3.16.0-4-amd64&apos;, java.version: &apos;1.8.0_51&apos;
Driver info: driver.version: unknown
	at &lt;anonymous class&gt;.FirefoxDriver.prototype.findElementInternal_(file:///tmp/anonymous2779453413399423835webdriver-profile/extensions/fxdriver@googlecode.com/components/driver-component.js:10770)
	at &lt;anonymous class&gt;.FirefoxDriver.prototype.findElement(file:///tmp/anonymous2779453413399423835webdriver-profile/extensions/fxdriver@googlecode.com/components/driver-component.js:10779)
	at &lt;anonymous class&gt;.DelayedCommand.prototype.executeInternal_/h(file:///tmp/anonymous2779453413399423835webdriver-profile/extensions/fxdriver@googlecode.com/components/command-processor.js:12661)
	at &lt;anonymous class&gt;.DelayedCommand.prototype.executeInternal_(file:///tmp/anonymous2779453413399423835webdriver-profile/extensions/fxdriver@googlecode.com/components/command-processor.js:12666)
	at &lt;anonymous class&gt;.DelayedCommand.prototype.execute/&lt;(file:///tmp/anonymous2779453413399423835webdriver-profile/extensions/fxdriver@googlecode.com/components/command-processor.js:12608)
</error>
  </testcase>
</testsuite>